<?xml version='1.0' encoding='UTF-8'?>
<testsuite hostname="pal-nat186-106-241.itap.purdue.edu" name="miniscala.test.CMScalaToCPS_Blackbox" tests="59" errors="0" failures="0" skipped="0" time="1.043" timestamp="2020-02-17T19:49:25">
                     <properties>
      <property name="java.specification.version" value="13"/><property name="sun.jnu.encoding" value="UTF-8"/><property name="sun.arch.data.model" value="64"/><property name="java.vendor.url" value="https://java.oracle.com/"/><property name="sun.boot.library.path" value="/Library/Java/JavaVirtualMachines/openjdk-13.0.1.jdk/Contents/Home/lib"/><property name="sun.java.command" value="/usr/local/Cellar/sbt/1.3.6/libexec/bin/sbt-launch.jar"/><property name="jdk.debug" value="release"/><property name="java.specification.vendor" value="Oracle Corporation"/><property name="java.version.date" value="2019-10-15"/><property name="java.home" value="/Library/Java/JavaVirtualMachines/openjdk-13.0.1.jdk/Contents/Home"/><property name="file.separator" value="/"/><property name="java.vm.compressedOopsMode" value="Zero based"/><property name="line.separator" value="
"/><property name="java.vm.specification.vendor" value="Oracle Corporation"/><property name="java.specification.name" value="Java Platform API Specification"/><property name="sun.management.compiler" value="HotSpot 64-Bit Tiered Compilers"/><property name="java.runtime.version" value="13.0.1+9"/><property name="user.name" value="stevendellamore"/><property name="file.encoding" value="UTF-8"/><property name="jnidispatch.path" value="/var/folders/8m/l39q357n53b8cz3pk63_gr5r0000gn/T/jna-116758906/jna11456012807920777428.tmp"/><property name="jna.loaded" value="true"/><property name="java.io.tmpdir" value="/var/folders/8m/l39q357n53b8cz3pk63_gr5r0000gn/T/"/><property name="java.version" value="13.0.1"/><property name="java.vm.specification.name" value="Java Virtual Machine Specification"/><property name="java.library.path" value="/Users/stevendellamore/Library/Java/Extensions:/Library/Java/Extensions:/Network/Library/Java/Extensions:/System/Library/Java/Extensions:/usr/lib/java:."/><property name="java.vendor" value="Oracle Corporation"/><property name="scala.ext.dirs" value="/Users/stevendellamore/.sbt/0.13/java9-rt-ext-oracle_corporation_13_0_1"/><property name="sun.io.unicode.encoding" value="UnicodeBig"/><property name="socksNonProxyHosts" value="local|*.local|169.254/16|*.169.254/16"/><property name="java.class.path" value="/usr/local/Cellar/sbt/1.3.6/libexec/bin/sbt-launch.jar"/><property name="java.vm.vendor" value="Oracle Corporation"/><property name="jline.shutdownhook" value="false"/><property name="user.timezone" value="America/Indiana/Indianapolis"/><property name="java.vm.specification.version" value="13"/><property name="os.name" value="Mac OS X"/><property name="sun.java.launcher" value="SUN_STANDARD"/><property name="user.country" value="US"/><property name="http.nonProxyHosts" value="local|*.local|169.254/16|*.169.254/16"/><property name="sun.cpu.endian" value="little"/><property name="user.home" value="/Users/stevendellamore"/><property name="user.language" value="en"/><property name="jline.esc.timeout" value="0"/><property name="ftp.nonProxyHosts" value="local|*.local|169.254/16|*.169.254/16"/><property name="path.separator" value=":"/><property name="os.version" value="10.14"/><property name="jna.nosys" value="true"/><property name="java.runtime.name" value="OpenJDK Runtime Environment"/><property name="java.vm.name" value="OpenJDK 64-Bit Server VM"/><property name="jna.platform.library.path" value="/usr/lib:/usr/lib"/><property name="java.vendor.url.bug" value="https://bugreport.java.com/bugreport/"/><property name="user.dir" value="/Users/stevendellamore/Desktop/CS352/proj4/compiler"/><property name="os.arch" value="x86_64"/><property name="java.vm.info" value="mixed mode, sharing"/><property name="java.vm.version" value="13.0.1+9"/><property name="java.class.version" value="57.0"/>
    </properties>
                     <testcase classname="miniscala.test.CMScalaToCPS_Blackbox" name="testLibFunctions3" time="0.271">
                                                 
                                               </testcase><testcase classname="miniscala.test.CMScalaToCPS_Blackbox" name="testSideEffectingCondition" time="0.005">
                                                 
                                               </testcase><testcase classname="miniscala.test.CMScalaToCPS_Blackbox" name="testPrimitiveLogic3" time="0.003">
                                                 
                                               </testcase><testcase classname="miniscala.test.CMScalaToCPS_Blackbox" name="testPrimitiveLogic4" time="0.004">
                                                 
                                               </testcase><testcase classname="miniscala.test.CMScalaToCPS_Blackbox" name="testPrimitiveLogic5" time="0.007">
                                                 
                                               </testcase><testcase classname="miniscala.test.CMScalaToCPS_Blackbox" name="testPrimitiveLogic6" time="0.004">
                                                 
                                               </testcase><testcase classname="miniscala.test.CMScalaToCPS_Blackbox" name="testPrimitiveLogic7" time="0.004">
                                                 
                                               </testcase><testcase classname="miniscala.test.CMScalaToCPS_Blackbox" name="testPrimitiveLogic8" time="0.002">
                                                 
                                               </testcase><testcase classname="miniscala.test.CMScalaToCPS_Blackbox" name="testPrimitiveLogic9" time="0.002">
                                                 
                                               </testcase><testcase classname="miniscala.test.CMScalaToCPS_Blackbox" name="testLibLists10" time="0.083">
                                                 
                                               </testcase><testcase classname="miniscala.test.CMScalaToCPS_Blackbox" name="testLibLists11" time="0.061">
                                                 
                                               </testcase><testcase classname="miniscala.test.CMScalaToCPS_Blackbox" name="testLibLists12" time="0.042">
                                                 
                                               </testcase><testcase classname="miniscala.test.CMScalaToCPS_Blackbox" name="testLibLists13" time="0.047">
                                                 
                                               </testcase><testcase classname="miniscala.test.CMScalaToCPS_Blackbox" name="testConditional1" time="0.004">
                                                 
                                               </testcase><testcase classname="miniscala.test.CMScalaToCPS_Blackbox" name="testConditional2" time="0.002">
                                                 
                                               </testcase><testcase classname="miniscala.test.CMScalaToCPS_Blackbox" name="testConditional4" time="0.001">
                                                 
                                               </testcase><testcase classname="miniscala.test.CMScalaToCPS_Blackbox" name="testLibStrings1" time="0.037">
                                                 
                                               </testcase><testcase classname="miniscala.test.CMScalaToCPS_Blackbox" name="testLibStrings2" time="0.035">
                                                 
                                               </testcase><testcase classname="miniscala.test.CMScalaToCPS_Blackbox" name="testLibStrings3" time="0.047">
                                                 
                                               </testcase><testcase classname="miniscala.test.CMScalaToCPS_Blackbox" name="testLibLists1" time="0.028">
                                                 
                                               </testcase><testcase classname="miniscala.test.CMScalaToCPS_Blackbox" name="testLibLists2" time="0.037">
                                                 
                                               </testcase><testcase classname="miniscala.test.CMScalaToCPS_Blackbox" name="testLibLists3" time="0.033">
                                                 
                                               </testcase><testcase classname="miniscala.test.CMScalaToCPS_Blackbox" name="testLibLists4" time="0.035">
                                                 
                                               </testcase><testcase classname="miniscala.test.CMScalaToCPS_Blackbox" name="testLibLists5" time="0.024">
                                                 
                                               </testcase><testcase classname="miniscala.test.CMScalaToCPS_Blackbox" name="testLibLists6" time="0.037">
                                                 
                                               </testcase><testcase classname="miniscala.test.CMScalaToCPS_Blackbox" name="testLibLists7" time="0.054">
                                                 
                                               </testcase><testcase classname="miniscala.test.CMScalaToCPS_Blackbox" name="testLibLists8" time="0.031">
                                                 
                                               </testcase><testcase classname="miniscala.test.CMScalaToCPS_Blackbox" name="testLibLists9" time="0.024">
                                                 
                                               </testcase><testcase classname="miniscala.test.CMScalaToCPS_Blackbox" name="testPrimitiveArithmetic1" time="0.001">
                                                 
                                               </testcase><testcase classname="miniscala.test.CMScalaToCPS_Blackbox" name="testPrimitiveArithmetic2" time="0.001">
                                                 
                                               </testcase><testcase classname="miniscala.test.CMScalaToCPS_Blackbox" name="testPrimitiveArithmetic3" time="0.0">
                                                 
                                               </testcase><testcase classname="miniscala.test.CMScalaToCPS_Blackbox" name="testPrimitiveArithmetic4" time="0.001">
                                                 
                                               </testcase><testcase classname="miniscala.test.CMScalaToCPS_Blackbox" name="testPrimitiveArithmetic5" time="0.002">
                                                 
                                               </testcase><testcase classname="miniscala.test.CMScalaToCPS_Blackbox" name="testPrimitiveArithmetic6" time="0.001">
                                                 
                                               </testcase><testcase classname="miniscala.test.CMScalaToCPS_Blackbox" name="testPrimitiveArithmetic7" time="0.001">
                                                 
                                               </testcase><testcase classname="miniscala.test.CMScalaToCPS_Blackbox" name="testPrimitiveArithmetic8" time="0.001">
                                                 
                                               </testcase><testcase classname="miniscala.test.CMScalaToCPS_Blackbox" name="testPrimitiveArithmetic9" time="0.002">
                                                 
                                               </testcase><testcase classname="miniscala.test.CMScalaToCPS_Blackbox" name="testPrimitiveArithmetic10" time="0.004">
                                                 
                                               </testcase><testcase classname="miniscala.test.CMScalaToCPS_Blackbox" name="testPrimitiveBlocks1" time="0.001">
                                                 
                                               </testcase><testcase classname="miniscala.test.CMScalaToCPS_Blackbox" name="testPrimitiveBlocks2" time="0.001">
                                                 
                                               </testcase><testcase classname="miniscala.test.CMScalaToCPS_Blackbox" name="testPrimitiveBlocks3" time="0.001">
                                                 
                                               </testcase><testcase classname="miniscala.test.CMScalaToCPS_Blackbox" name="testPrimitiveBlocks4" time="0.002">
                                                 
                                               </testcase><testcase classname="miniscala.test.CMScalaToCPS_Blackbox" name="testPrimitiveBlocks5" time="0.001">
                                                 
                                               </testcase><testcase classname="miniscala.test.CMScalaToCPS_Blackbox" name="testPrimitiveBlocks7" time="0.001">
                                                 
                                               </testcase><testcase classname="miniscala.test.CMScalaToCPS_Blackbox" name="testPrimitiveLogic10" time="0.001">
                                                 
                                               </testcase><testcase classname="miniscala.test.CMScalaToCPS_Blackbox" name="testPrimitiveLogic11" time="0.001">
                                                 
                                               </testcase><testcase classname="miniscala.test.CMScalaToCPS_Blackbox" name="testPrimitiveLogic12" time="0.001">
                                                 
                                               </testcase><testcase classname="miniscala.test.CMScalaToCPS_Blackbox" name="testPrimitiveLogic13" time="0.001">
                                                 
                                               </testcase><testcase classname="miniscala.test.CMScalaToCPS_Blackbox" name="testPrimitiveLogic14" time="0.001">
                                                 
                                               </testcase><testcase classname="miniscala.test.CMScalaToCPS_Blackbox" name="testPrimitiveLogic15" time="0.002">
                                                 
                                               </testcase><testcase classname="miniscala.test.CMScalaToCPS_Blackbox" name="testPrimitiveLogic16" time="0.002">
                                                 
                                               </testcase><testcase classname="miniscala.test.CMScalaToCPS_Blackbox" name="testPrimitiveLogic17" time="0.001">
                                                 
                                               </testcase><testcase classname="miniscala.test.CMScalaToCPS_Blackbox" name="testPrimitiveLogic18" time="0.002">
                                                 
                                               </testcase><testcase classname="miniscala.test.CMScalaToCPS_Blackbox" name="testPrimitiveLogic19" time="0.002">
                                                 
                                               </testcase><testcase classname="miniscala.test.CMScalaToCPS_Blackbox" name="testPrimitiveLogic22" time="0.002">
                                                 
                                               </testcase><testcase classname="miniscala.test.CMScalaToCPS_Blackbox" name="testPrimitiveLog20" time="0.003">
                                                 
                                               </testcase><testcase classname="miniscala.test.CMScalaToCPS_Blackbox" name="testPrimitiveLog21" time="0.002">
                                                 
                                               </testcase><testcase classname="miniscala.test.CMScalaToCPS_Blackbox" name="testLetrec" time="0.017">
                                                 
                                               </testcase><testcase classname="miniscala.test.CMScalaToCPS_Blackbox" name="testAppOrder" time="0.02">
                                                 
                                               </testcase>
                     <system-out><![CDATA[]]></system-out>
                     <system-err><![CDATA[]]></system-err>
                   </testsuite>