<?xml version='1.0' encoding='UTF-8'?>
<testsuite hostname="Stevens-MacBook-Pro.local" name="miniscala.test.CPSOptimizer_Blackbox" tests="62" errors="0" failures="62" skipped="0" time="1.545" timestamp="2020-03-28T14:07:13">
                     <properties>
      <property name="jline.esc.timeout" value="0"/><property name="jna.platform.library.path" value="/usr/lib:/usr/lib"/><property name="java.runtime.name" value="OpenJDK Runtime Environment"/><property name="sun.boot.library.path" value="/Library/Java/JavaVirtualMachines/adoptopenjdk-8.jdk/Contents/Home/jre/lib"/><property name="java.vm.version" value="25.232-b09"/><property name="gopherProxySet" value="false"/><property name="java.vm.vendor" value="AdoptOpenJDK"/><property name="java.vendor.url" value="http://java.oracle.com/"/><property name="path.separator" value=":"/><property name="jna.loaded" value="true"/><property name="java.vm.name" value="OpenJDK 64-Bit Server VM"/><property name="file.encoding.pkg" value="sun.io"/><property name="user.country" value="US"/><property name="sun.java.launcher" value="SUN_STANDARD"/><property name="sun.os.patch.level" value="unknown"/><property name="jna.nosys" value="true"/><property name="java.vm.specification.name" value="Java Virtual Machine Specification"/><property name="user.dir" value="/Users/stevendellamore/Desktop/CS352/proj6/compiler"/><property name="java.runtime.version" value="1.8.0_232-b09"/><property name="java.awt.graphicsenv" value="sun.awt.CGraphicsEnvironment"/><property name="java.endorsed.dirs" value="/Library/Java/JavaVirtualMachines/adoptopenjdk-8.jdk/Contents/Home/jre/lib/endorsed"/><property name="os.arch" value="x86_64"/><property name="java.io.tmpdir" value="/var/folders/8m/l39q357n53b8cz3pk63_gr5r0000gn/T/"/><property name="line.separator" value="
"/><property name="java.vm.specification.vendor" value="Oracle Corporation"/><property name="os.name" value="Mac OS X"/><property name="sun.jnu.encoding" value="UTF-8"/><property name="jnidispatch.path" value="/var/folders/8m/l39q357n53b8cz3pk63_gr5r0000gn/T/jna-116758906/jna1846545869795644936.tmp"/><property name="java.library.path" value="/Users/stevendellamore/Library/Java/Extensions:/Library/Java/Extensions:/Network/Library/Java/Extensions:/System/Library/Java/Extensions:/usr/lib/java:."/><property name="java.specification.name" value="Java Platform API Specification"/><property name="java.class.version" value="52.0"/><property name="sun.management.compiler" value="HotSpot 64-Bit Tiered Compilers"/><property name="os.version" value="10.14"/><property name="http.nonProxyHosts" value="local|*.local|169.254/16|*.169.254/16"/><property name="user.home" value="/Users/stevendellamore"/><property name="user.timezone" value="America/Indiana/Indianapolis"/><property name="java.awt.printerjob" value="sun.lwawt.macosx.CPrinterJob"/><property name="file.encoding" value="UTF-8"/><property name="java.specification.version" value="1.8"/><property name="java.class.path" value="/usr/local/Cellar/sbt/1.3.6/libexec/bin/sbt-launch.jar"/><property name="user.name" value="stevendellamore"/><property name="jline.shutdownhook" value="false"/><property name="java.vm.specification.version" value="1.8"/><property name="sun.java.command" value="/usr/local/Cellar/sbt/1.3.6/libexec/bin/sbt-launch.jar"/><property name="java.home" value="/Library/Java/JavaVirtualMachines/adoptopenjdk-8.jdk/Contents/Home/jre"/><property name="sun.arch.data.model" value="64"/><property name="user.language" value="en"/><property name="java.specification.vendor" value="Oracle Corporation"/><property name="awt.toolkit" value="sun.lwawt.macosx.LWCToolkit"/><property name="java.vm.info" value="mixed mode"/><property name="java.version" value="1.8.0_232"/><property name="java.ext.dirs" value="/Users/stevendellamore/Library/Java/Extensions:/Library/Java/JavaVirtualMachines/adoptopenjdk-8.jdk/Contents/Home/jre/lib/ext:/Library/Java/Extensions:/Network/Library/Java/Extensions:/System/Library/Java/Extensions:/usr/lib/java"/><property name="sun.boot.class.path" value="/Library/Java/JavaVirtualMachines/adoptopenjdk-8.jdk/Contents/Home/jre/lib/resources.jar:/Library/Java/JavaVirtualMachines/adoptopenjdk-8.jdk/Contents/Home/jre/lib/rt.jar:/Library/Java/JavaVirtualMachines/adoptopenjdk-8.jdk/Contents/Home/jre/lib/sunrsasign.jar:/Library/Java/JavaVirtualMachines/adoptopenjdk-8.jdk/Contents/Home/jre/lib/jsse.jar:/Library/Java/JavaVirtualMachines/adoptopenjdk-8.jdk/Contents/Home/jre/lib/jce.jar:/Library/Java/JavaVirtualMachines/adoptopenjdk-8.jdk/Contents/Home/jre/lib/charsets.jar:/Library/Java/JavaVirtualMachines/adoptopenjdk-8.jdk/Contents/Home/jre/lib/jfr.jar:/Library/Java/JavaVirtualMachines/adoptopenjdk-8.jdk/Contents/Home/jre/classes"/><property name="java.vendor" value="AdoptOpenJDK"/><property name="file.separator" value="/"/><property name="java.vendor.url.bug" value="http://bugreport.sun.com/bugreport/"/><property name="sun.io.unicode.encoding" value="UnicodeBig"/><property name="sun.cpu.endian" value="little"/><property name="socksNonProxyHosts" value="local|*.local|169.254/16|*.169.254/16"/><property name="ftp.nonProxyHosts" value="local|*.local|169.254/16|*.169.254/16"/><property name="sun.cpu.isalist" value=""/>
    </properties>
                     <testcase classname="miniscala.test.CPSOptimizer_Blackbox" name="testLibFunctions3" time="0.87">
                                                 <failure message="java.util.NoSuchElementException: key not found: c" type="sbt.ForkMain$ForkError">sbt.ForkMain$ForkError: java.util.NoSuchElementException: key not found: c
	at scala.collection.immutable.Map$EmptyMap$.apply(Map.scala:101)
	at scala.collection.immutable.Map$EmptyMap$.apply(Map.scala:99)
	at miniscala.CPSOptimizer.$anonfun$shrink$1(CPSOptimizer.scala:114)
	at scala.collection.TraversableLike.$anonfun$map$1(TraversableLike.scala:238)
	at scala.collection.immutable.List.foreach(List.scala:392)
	at scala.collection.TraversableLike.map(TraversableLike.scala:238)
	at scala.collection.TraversableLike.map$(TraversableLike.scala:231)
	at scala.collection.immutable.List.map(List.scala:298)
	at miniscala.CPSOptimizer.shrinkT$1(CPSOptimizer.scala:114)
	at miniscala.CPSOptimizer.$anonfun$shrink$4(CPSOptimizer.scala:143)
	at scala.collection.TraversableLike.$anonfun$map$1(TraversableLike.scala:238)
	at scala.collection.immutable.List.foreach(List.scala:392)
	at scala.collection.TraversableLike.map(TraversableLike.scala:238)
	at scala.collection.TraversableLike.map$(TraversableLike.scala:231)
	at scala.collection.immutable.List.map(List.scala:298)
	at miniscala.CPSOptimizer.shrinkT$1(CPSOptimizer.scala:143)
	at miniscala.CPSOptimizer.shrink(CPSOptimizer.scala:168)
	at miniscala.CPSOptimizer.$anonfun$apply$1(CPSOptimizer.scala:10)
	at scala.collection.immutable.Stream$.$anonfun$iterate$1(Stream.scala:1207)
	at scala.collection.immutable.Stream$Cons.tail(Stream.scala:1171)
	at scala.collection.immutable.Stream$Cons.tail(Stream.scala:1161)
	at scala.collection.immutable.Stream.$anonfun$take$2(Stream.scala:792)
	at scala.collection.immutable.Stream$Cons.tail(Stream.scala:1171)
	at scala.collection.immutable.Stream$Cons.tail(Stream.scala:1161)
	at miniscala.package$.fixedPoint(package.scala:4)
	at miniscala.package$.fixedPoint(package.scala:9)
	at miniscala.CPSOptimizer.apply(CPSOptimizer.scala:10)
	at miniscala.CPSOptimizerHigh$.apply(CPSOptimizer.scala:279)
	at scala.Function1.$anonfun$andThen$1(Function1.scala:57)
	at scala.Function1.$anonfun$andThen$1(Function1.scala:57)
	at scala.Function1.$anonfun$andThen$1(Function1.scala:57)
	at scala.Function1.$anonfun$andThen$1(Function1.scala:57)
	at scala.Function1.$anonfun$andThen$1(Function1.scala:57)
	at scala.Function1.$anonfun$andThen$1(Function1.scala:57)
	at miniscala.test.infrastructure.CompilerTest.compileInner(CompilerTest.scala:37)
	at miniscala.test.infrastructure.CompilerTest.$anonfun$compileUsingPipelineAndRedirect$1(CompilerTest.scala:44)
	at miniscala.test.infrastructure.SandboxedTest$$anon$1.run(SandboxedTest.scala:24)
	at java.security.AccessController.doPrivileged(Native Method)
	at miniscala.test.infrastructure.SandboxedTest.sandboxedTest(SandboxedTest.scala:34)
	at miniscala.test.infrastructure.SandboxedTest.sandboxedTestWithRedirectedIO(SandboxedTest.scala:45)
	at miniscala.test.infrastructure.CompilerTest.compileUsingPipelineAndRedirect(CompilerTest.scala:44)
	at miniscala.test.infrastructure.CompilerTest.compileUsingPipelineAndRedirect$(CompilerTest.scala:43)
	at miniscala.test.infrastructure.CPSTest.compileUsingPipelineAndRedirect(CPSTest.scala:11)
	at miniscala.test.infrastructure.CPSOptTest.testCPSLowProgramOutput(CPSOptTest.scala:91)
	at miniscala.test.CPSOptimizer_Blackbox.$anonfun$compileAndInterpret$1(CPSOptimizer_Blackbox.scala:9)
	at miniscala.test.CPSOptimizer_Blackbox.$anonfun$compileAndInterpret$1$adapted(CPSOptimizer_Blackbox.scala:9)
	at miniscala.test.ok.LibraryOKTests.$anonfun$compileAndInterpretWithLib$1(LibraryOKTests.scala:19)
	at miniscala.test.ok.LibraryOKTests.$anonfun$compileAndInterpretWithLib$1$adapted(LibraryOKTests.scala:19)
	at miniscala.test.ok.LibraryOKTests.testLibFunctions3(LibraryOKTests.scala:22)
	at miniscala.test.ok.LibraryOKTests.testLibFunctions3$(LibraryOKTests.scala:21)
	at miniscala.test.CPSOptimizer_Blackbox.testLibFunctions3(CPSOptimizer_Blackbox.scala:7)
	at sun.reflect.NativeMethodAccessorImpl.invoke0(Native Method)
	at sun.reflect.NativeMethodAccessorImpl.invoke(NativeMethodAccessorImpl.java:62)
	at sun.reflect.DelegatingMethodAccessorImpl.invoke(DelegatingMethodAccessorImpl.java:43)
	at java.lang.reflect.Method.invoke(Method.java:498)
	at org.junit.runners.model.FrameworkMethod$1.runReflectiveCall(FrameworkMethod.java:47)
	at org.junit.internal.runners.model.ReflectiveCallable.run(ReflectiveCallable.java:12)
	at org.junit.runners.model.FrameworkMethod.invokeExplosively(FrameworkMethod.java:44)
	at org.junit.internal.runners.statements.InvokeMethod.evaluate(InvokeMethod.java:17)
	at org.junit.runners.ParentRunner.runLeaf(ParentRunner.java:271)
	at org.junit.runners.BlockJUnit4ClassRunner.runChild(BlockJUnit4ClassRunner.java:70)
	at org.junit.runners.BlockJUnit4ClassRunner.runChild(BlockJUnit4ClassRunner.java:50)
	at org.junit.runners.ParentRunner$3.run(ParentRunner.java:238)
	at org.junit.runners.ParentRunner$1.schedule(ParentRunner.java:63)
	at org.junit.runners.ParentRunner.runChildren(ParentRunner.java:236)
	at org.junit.runners.ParentRunner.access$000(ParentRunner.java:53)
	at org.junit.runners.ParentRunner$2.evaluate(ParentRunner.java:229)
	at org.junit.runners.ParentRunner.run(ParentRunner.java:309)
	at org.junit.runners.Suite.runChild(Suite.java:127)
	at org.junit.runners.Suite.runChild(Suite.java:26)
	at org.junit.runners.ParentRunner$3.run(ParentRunner.java:238)
	at org.junit.runners.ParentRunner$1.schedule(ParentRunner.java:63)
	at org.junit.runners.ParentRunner.runChildren(ParentRunner.java:236)
	at org.junit.runners.ParentRunner.access$000(ParentRunner.java:53)
	at org.junit.runners.ParentRunner$2.evaluate(ParentRunner.java:229)
	at org.junit.runners.ParentRunner.run(ParentRunner.java:309)
	at org.junit.runner.JUnitCore.run(JUnitCore.java:160)
	at org.junit.runner.JUnitCore.run(JUnitCore.java:138)
	at com.novocode.junit.JUnitRunner$1.execute(JUnitRunner.java:132)
	at sbt.ForkMain$Run.lambda$runTest$1(ForkMain.java:304)
	at java.util.concurrent.FutureTask.run(FutureTask.java:266)
	at java.util.concurrent.ThreadPoolExecutor.runWorker(ThreadPoolExecutor.java:1149)
	at java.util.concurrent.ThreadPoolExecutor$Worker.run(ThreadPoolExecutor.java:624)
	at java.lang.Thread.run(Thread.java:748)
</failure>
                                               </testcase><testcase classname="miniscala.test.CPSOptimizer_Blackbox" name="testSideEffectingCondition" time="0.005">
                                                 <failure message="scala.MatchError: Halt(c0_2) (of class miniscala.CPSTreeModule$Halt)" type="sbt.ForkMain$ForkError">sbt.ForkMain$ForkError: scala.MatchError: Halt(c0_2) (of class miniscala.CPSTreeModule$Halt)
	at miniscala.CPSOptimizer.shrinkT$1(CPSOptimizer.scala:93)
	at miniscala.CPSOptimizer.shrinkT$1(CPSOptimizer.scala:102)
	at miniscala.CPSOptimizer.$anonfun$shrink$6(CPSOptimizer.scala:148)
	at scala.collection.TraversableLike.$anonfun$map$1(TraversableLike.scala:238)
	at scala.collection.immutable.List.foreach(List.scala:392)
	at scala.collection.TraversableLike.map(TraversableLike.scala:238)
	at scala.collection.TraversableLike.map$(TraversableLike.scala:231)
	at scala.collection.immutable.List.map(List.scala:298)
	at miniscala.CPSOptimizer.shrinkT$1(CPSOptimizer.scala:148)
	at miniscala.CPSOptimizer.shrink(CPSOptimizer.scala:168)
	at miniscala.CPSOptimizer.$anonfun$apply$1(CPSOptimizer.scala:10)
	at scala.collection.immutable.Stream$.$anonfun$iterate$1(Stream.scala:1207)
	at scala.collection.immutable.Stream$Cons.tail(Stream.scala:1171)
	at scala.collection.immutable.Stream$Cons.tail(Stream.scala:1161)
	at scala.collection.immutable.Stream.$anonfun$take$2(Stream.scala:792)
	at scala.collection.immutable.Stream$Cons.tail(Stream.scala:1171)
	at scala.collection.immutable.Stream$Cons.tail(Stream.scala:1161)
	at miniscala.package$.fixedPoint(package.scala:4)
	at miniscala.package$.fixedPoint(package.scala:9)
	at miniscala.CPSOptimizer.apply(CPSOptimizer.scala:10)
	at miniscala.CPSOptimizerHigh$.apply(CPSOptimizer.scala:279)
	at scala.Function1.$anonfun$andThen$1(Function1.scala:57)
	at scala.Function1.$anonfun$andThen$1(Function1.scala:57)
	at scala.Function1.$anonfun$andThen$1(Function1.scala:57)
	at scala.Function1.$anonfun$andThen$1(Function1.scala:57)
	at scala.Function1.$anonfun$andThen$1(Function1.scala:57)
	at scala.Function1.$anonfun$andThen$1(Function1.scala:57)
	at miniscala.test.infrastructure.CompilerTest.compileInner(CompilerTest.scala:37)
	at miniscala.test.infrastructure.CompilerTest.$anonfun$compileUsingPipelineAndRedirect$1(CompilerTest.scala:44)
	at miniscala.test.infrastructure.SandboxedTest$$anon$1.run(SandboxedTest.scala:24)
	at java.security.AccessController.doPrivileged(Native Method)
	at miniscala.test.infrastructure.SandboxedTest.sandboxedTest(SandboxedTest.scala:34)
	at miniscala.test.infrastructure.SandboxedTest.sandboxedTestWithRedirectedIO(SandboxedTest.scala:45)
	at miniscala.test.infrastructure.CompilerTest.compileUsingPipelineAndRedirect(CompilerTest.scala:44)
	at miniscala.test.infrastructure.CompilerTest.compileUsingPipelineAndRedirect$(CompilerTest.scala:43)
	at miniscala.test.infrastructure.CPSTest.compileUsingPipelineAndRedirect(CPSTest.scala:11)
	at miniscala.test.infrastructure.CPSOptTest.testCPSLowProgramOutput(CPSOptTest.scala:91)
	at miniscala.test.CPSOptimizer_Blackbox.$anonfun$compileAndInterpret$1(CPSOptimizer_Blackbox.scala:9)
	at miniscala.test.CPSOptimizer_Blackbox.$anonfun$compileAndInterpret$1$adapted(CPSOptimizer_Blackbox.scala:9)
	at miniscala.test.ok.ConditionalOKTests.testSideEffectingCondition(ConditionalOKTests.scala:23)
	at miniscala.test.ok.ConditionalOKTests.testSideEffectingCondition$(ConditionalOKTests.scala:22)
	at miniscala.test.CPSOptimizer_Blackbox.testSideEffectingCondition(CPSOptimizer_Blackbox.scala:7)
	at sun.reflect.NativeMethodAccessorImpl.invoke0(Native Method)
	at sun.reflect.NativeMethodAccessorImpl.invoke(NativeMethodAccessorImpl.java:62)
	at sun.reflect.DelegatingMethodAccessorImpl.invoke(DelegatingMethodAccessorImpl.java:43)
	at java.lang.reflect.Method.invoke(Method.java:498)
	at org.junit.runners.model.FrameworkMethod$1.runReflectiveCall(FrameworkMethod.java:47)
	at org.junit.internal.runners.model.ReflectiveCallable.run(ReflectiveCallable.java:12)
	at org.junit.runners.model.FrameworkMethod.invokeExplosively(FrameworkMethod.java:44)
	at org.junit.internal.runners.statements.InvokeMethod.evaluate(InvokeMethod.java:17)
	at org.junit.runners.ParentRunner.runLeaf(ParentRunner.java:271)
	at org.junit.runners.BlockJUnit4ClassRunner.runChild(BlockJUnit4ClassRunner.java:70)
	at org.junit.runners.BlockJUnit4ClassRunner.runChild(BlockJUnit4ClassRunner.java:50)
	at org.junit.runners.ParentRunner$3.run(ParentRunner.java:238)
	at org.junit.runners.ParentRunner$1.schedule(ParentRunner.java:63)
	at org.junit.runners.ParentRunner.runChildren(ParentRunner.java:236)
	at org.junit.runners.ParentRunner.access$000(ParentRunner.java:53)
	at org.junit.runners.ParentRunner$2.evaluate(ParentRunner.java:229)
	at org.junit.runners.ParentRunner.run(ParentRunner.java:309)
	at org.junit.runners.Suite.runChild(Suite.java:127)
	at org.junit.runners.Suite.runChild(Suite.java:26)
	at org.junit.runners.ParentRunner$3.run(ParentRunner.java:238)
	at org.junit.runners.ParentRunner$1.schedule(ParentRunner.java:63)
	at org.junit.runners.ParentRunner.runChildren(ParentRunner.java:236)
	at org.junit.runners.ParentRunner.access$000(ParentRunner.java:53)
	at org.junit.runners.ParentRunner$2.evaluate(ParentRunner.java:229)
	at org.junit.runners.ParentRunner.run(ParentRunner.java:309)
	at org.junit.runner.JUnitCore.run(JUnitCore.java:160)
	at org.junit.runner.JUnitCore.run(JUnitCore.java:138)
	at com.novocode.junit.JUnitRunner$1.execute(JUnitRunner.java:132)
	at sbt.ForkMain$Run.lambda$runTest$1(ForkMain.java:304)
	at java.util.concurrent.FutureTask.run(FutureTask.java:266)
	at java.util.concurrent.ThreadPoolExecutor.runWorker(ThreadPoolExecutor.java:1149)
	at java.util.concurrent.ThreadPoolExecutor$Worker.run(ThreadPoolExecutor.java:624)
	at java.lang.Thread.run(Thread.java:748)
</failure>
                                               </testcase><testcase classname="miniscala.test.CPSOptimizer_Blackbox" name="testPrimitiveLogic3" time="0.005">
                                                 <failure message="java.util.NoSuchElementException: key not found: v_299" type="sbt.ForkMain$ForkError">sbt.ForkMain$ForkError: java.util.NoSuchElementException: key not found: v_299
	at scala.collection.immutable.Map$EmptyMap$.apply(Map.scala:101)
	at scala.collection.immutable.Map$EmptyMap$.apply(Map.scala:99)
	at miniscala.CPSOptimizer.$anonfun$shrink$1(CPSOptimizer.scala:114)
	at scala.collection.TraversableLike.$anonfun$map$1(TraversableLike.scala:238)
	at scala.collection.immutable.List.foreach(List.scala:392)
	at scala.collection.TraversableLike.map(TraversableLike.scala:238)
	at scala.collection.TraversableLike.map$(TraversableLike.scala:231)
	at scala.collection.immutable.List.map(List.scala:298)
	at miniscala.CPSOptimizer.shrinkT$1(CPSOptimizer.scala:114)
	at miniscala.CPSOptimizer.$anonfun$shrink$6(CPSOptimizer.scala:148)
	at scala.collection.TraversableLike.$anonfun$map$1(TraversableLike.scala:238)
	at scala.collection.immutable.List.foreach(List.scala:392)
	at scala.collection.TraversableLike.map(TraversableLike.scala:238)
	at scala.collection.TraversableLike.map$(TraversableLike.scala:231)
	at scala.collection.immutable.List.map(List.scala:298)
	at miniscala.CPSOptimizer.shrinkT$1(CPSOptimizer.scala:148)
	at miniscala.CPSOptimizer.shrinkT$1(CPSOptimizer.scala:144)
	at miniscala.CPSOptimizer.shrink(CPSOptimizer.scala:168)
	at miniscala.CPSOptimizer.$anonfun$apply$1(CPSOptimizer.scala:10)
	at scala.collection.immutable.Stream$.$anonfun$iterate$1(Stream.scala:1207)
	at scala.collection.immutable.Stream$Cons.tail(Stream.scala:1171)
	at scala.collection.immutable.Stream$Cons.tail(Stream.scala:1161)
	at scala.collection.immutable.Stream.$anonfun$take$2(Stream.scala:792)
	at scala.collection.immutable.Stream$Cons.tail(Stream.scala:1171)
	at scala.collection.immutable.Stream$Cons.tail(Stream.scala:1161)
	at miniscala.package$.fixedPoint(package.scala:4)
	at miniscala.package$.fixedPoint(package.scala:9)
	at miniscala.CPSOptimizer.apply(CPSOptimizer.scala:10)
	at miniscala.CPSOptimizerHigh$.apply(CPSOptimizer.scala:279)
	at scala.Function1.$anonfun$andThen$1(Function1.scala:57)
	at scala.Function1.$anonfun$andThen$1(Function1.scala:57)
	at scala.Function1.$anonfun$andThen$1(Function1.scala:57)
	at scala.Function1.$anonfun$andThen$1(Function1.scala:57)
	at scala.Function1.$anonfun$andThen$1(Function1.scala:57)
	at scala.Function1.$anonfun$andThen$1(Function1.scala:57)
	at miniscala.test.infrastructure.CompilerTest.compileInner(CompilerTest.scala:37)
	at miniscala.test.infrastructure.CompilerTest.$anonfun$compileUsingPipelineAndRedirect$1(CompilerTest.scala:44)
	at miniscala.test.infrastructure.SandboxedTest$$anon$1.run(SandboxedTest.scala:24)
	at java.security.AccessController.doPrivileged(Native Method)
	at miniscala.test.infrastructure.SandboxedTest.sandboxedTest(SandboxedTest.scala:34)
	at miniscala.test.infrastructure.SandboxedTest.sandboxedTestWithRedirectedIO(SandboxedTest.scala:45)
	at miniscala.test.infrastructure.CompilerTest.compileUsingPipelineAndRedirect(CompilerTest.scala:44)
	at miniscala.test.infrastructure.CompilerTest.compileUsingPipelineAndRedirect$(CompilerTest.scala:43)
	at miniscala.test.infrastructure.CPSTest.compileUsingPipelineAndRedirect(CPSTest.scala:11)
	at miniscala.test.infrastructure.CPSOptTest.testCPSLowProgramOutput(CPSOptTest.scala:91)
	at miniscala.test.CPSOptimizer_Blackbox.$anonfun$compileAndInterpret$1(CPSOptimizer_Blackbox.scala:9)
	at miniscala.test.CPSOptimizer_Blackbox.$anonfun$compileAndInterpret$1$adapted(CPSOptimizer_Blackbox.scala:9)
	at miniscala.test.ok.PrimitivesOKTests.testPrimitiveLogic3(PrimitivesOKTests.scala:162)
	at miniscala.test.ok.PrimitivesOKTests.testPrimitiveLogic3$(PrimitivesOKTests.scala:161)
	at miniscala.test.CPSOptimizer_Blackbox.testPrimitiveLogic3(CPSOptimizer_Blackbox.scala:7)
	at sun.reflect.NativeMethodAccessorImpl.invoke0(Native Method)
	at sun.reflect.NativeMethodAccessorImpl.invoke(NativeMethodAccessorImpl.java:62)
	at sun.reflect.DelegatingMethodAccessorImpl.invoke(DelegatingMethodAccessorImpl.java:43)
	at java.lang.reflect.Method.invoke(Method.java:498)
	at org.junit.runners.model.FrameworkMethod$1.runReflectiveCall(FrameworkMethod.java:47)
	at org.junit.internal.runners.model.ReflectiveCallable.run(ReflectiveCallable.java:12)
	at org.junit.runners.model.FrameworkMethod.invokeExplosively(FrameworkMethod.java:44)
	at org.junit.internal.runners.statements.InvokeMethod.evaluate(InvokeMethod.java:17)
	at org.junit.runners.ParentRunner.runLeaf(ParentRunner.java:271)
	at org.junit.runners.BlockJUnit4ClassRunner.runChild(BlockJUnit4ClassRunner.java:70)
	at org.junit.runners.BlockJUnit4ClassRunner.runChild(BlockJUnit4ClassRunner.java:50)
	at org.junit.runners.ParentRunner$3.run(ParentRunner.java:238)
	at org.junit.runners.ParentRunner$1.schedule(ParentRunner.java:63)
	at org.junit.runners.ParentRunner.runChildren(ParentRunner.java:236)
	at org.junit.runners.ParentRunner.access$000(ParentRunner.java:53)
	at org.junit.runners.ParentRunner$2.evaluate(ParentRunner.java:229)
	at org.junit.runners.ParentRunner.run(ParentRunner.java:309)
	at org.junit.runners.Suite.runChild(Suite.java:127)
	at org.junit.runners.Suite.runChild(Suite.java:26)
	at org.junit.runners.ParentRunner$3.run(ParentRunner.java:238)
	at org.junit.runners.ParentRunner$1.schedule(ParentRunner.java:63)
	at org.junit.runners.ParentRunner.runChildren(ParentRunner.java:236)
	at org.junit.runners.ParentRunner.access$000(ParentRunner.java:53)
	at org.junit.runners.ParentRunner$2.evaluate(ParentRunner.java:229)
	at org.junit.runners.ParentRunner.run(ParentRunner.java:309)
	at org.junit.runner.JUnitCore.run(JUnitCore.java:160)
	at org.junit.runner.JUnitCore.run(JUnitCore.java:138)
	at com.novocode.junit.JUnitRunner$1.execute(JUnitRunner.java:132)
	at sbt.ForkMain$Run.lambda$runTest$1(ForkMain.java:304)
	at java.util.concurrent.FutureTask.run(FutureTask.java:266)
	at java.util.concurrent.ThreadPoolExecutor.runWorker(ThreadPoolExecutor.java:1149)
	at java.util.concurrent.ThreadPoolExecutor$Worker.run(ThreadPoolExecutor.java:624)
	at java.lang.Thread.run(Thread.java:748)
</failure>
                                               </testcase><testcase classname="miniscala.test.CPSOptimizer_Blackbox" name="testPrimitiveLogic4" time="0.005">
                                                 <failure message="java.util.NoSuchElementException: key not found: v_307" type="sbt.ForkMain$ForkError">sbt.ForkMain$ForkError: java.util.NoSuchElementException: key not found: v_307
	at scala.collection.immutable.Map$EmptyMap$.apply(Map.scala:101)
	at scala.collection.immutable.Map$EmptyMap$.apply(Map.scala:99)
	at miniscala.CPSOptimizer.$anonfun$shrink$1(CPSOptimizer.scala:114)
	at scala.collection.TraversableLike.$anonfun$map$1(TraversableLike.scala:238)
	at scala.collection.immutable.List.foreach(List.scala:392)
	at scala.collection.TraversableLike.map(TraversableLike.scala:238)
	at scala.collection.TraversableLike.map$(TraversableLike.scala:231)
	at scala.collection.immutable.List.map(List.scala:298)
	at miniscala.CPSOptimizer.shrinkT$1(CPSOptimizer.scala:114)
	at miniscala.CPSOptimizer.$anonfun$shrink$6(CPSOptimizer.scala:148)
	at scala.collection.TraversableLike.$anonfun$map$1(TraversableLike.scala:238)
	at scala.collection.immutable.List.foreach(List.scala:392)
	at scala.collection.TraversableLike.map(TraversableLike.scala:238)
	at scala.collection.TraversableLike.map$(TraversableLike.scala:231)
	at scala.collection.immutable.List.map(List.scala:298)
	at miniscala.CPSOptimizer.shrinkT$1(CPSOptimizer.scala:148)
	at miniscala.CPSOptimizer.$anonfun$shrink$6(CPSOptimizer.scala:148)
	at scala.collection.TraversableLike.$anonfun$map$1(TraversableLike.scala:238)
	at scala.collection.immutable.List.foreach(List.scala:392)
	at scala.collection.TraversableLike.map(TraversableLike.scala:238)
	at scala.collection.TraversableLike.map$(TraversableLike.scala:231)
	at scala.collection.immutable.List.map(List.scala:298)
	at miniscala.CPSOptimizer.shrinkT$1(CPSOptimizer.scala:148)
	at miniscala.CPSOptimizer.shrinkT$1(CPSOptimizer.scala:144)
	at miniscala.CPSOptimizer.shrink(CPSOptimizer.scala:168)
	at miniscala.CPSOptimizer.$anonfun$apply$1(CPSOptimizer.scala:10)
	at scala.collection.immutable.Stream$.$anonfun$iterate$1(Stream.scala:1207)
	at scala.collection.immutable.Stream$Cons.tail(Stream.scala:1171)
	at scala.collection.immutable.Stream$Cons.tail(Stream.scala:1161)
	at scala.collection.immutable.Stream.$anonfun$take$2(Stream.scala:792)
	at scala.collection.immutable.Stream$Cons.tail(Stream.scala:1171)
	at scala.collection.immutable.Stream$Cons.tail(Stream.scala:1161)
	at miniscala.package$.fixedPoint(package.scala:4)
	at miniscala.package$.fixedPoint(package.scala:9)
	at miniscala.CPSOptimizer.apply(CPSOptimizer.scala:10)
	at miniscala.CPSOptimizerHigh$.apply(CPSOptimizer.scala:279)
	at scala.Function1.$anonfun$andThen$1(Function1.scala:57)
	at scala.Function1.$anonfun$andThen$1(Function1.scala:57)
	at scala.Function1.$anonfun$andThen$1(Function1.scala:57)
	at scala.Function1.$anonfun$andThen$1(Function1.scala:57)
	at scala.Function1.$anonfun$andThen$1(Function1.scala:57)
	at scala.Function1.$anonfun$andThen$1(Function1.scala:57)
	at miniscala.test.infrastructure.CompilerTest.compileInner(CompilerTest.scala:37)
	at miniscala.test.infrastructure.CompilerTest.$anonfun$compileUsingPipelineAndRedirect$1(CompilerTest.scala:44)
	at miniscala.test.infrastructure.SandboxedTest$$anon$1.run(SandboxedTest.scala:24)
	at java.security.AccessController.doPrivileged(Native Method)
	at miniscala.test.infrastructure.SandboxedTest.sandboxedTest(SandboxedTest.scala:34)
	at miniscala.test.infrastructure.SandboxedTest.sandboxedTestWithRedirectedIO(SandboxedTest.scala:45)
	at miniscala.test.infrastructure.CompilerTest.compileUsingPipelineAndRedirect(CompilerTest.scala:44)
	at miniscala.test.infrastructure.CompilerTest.compileUsingPipelineAndRedirect$(CompilerTest.scala:43)
	at miniscala.test.infrastructure.CPSTest.compileUsingPipelineAndRedirect(CPSTest.scala:11)
	at miniscala.test.infrastructure.CPSOptTest.testCPSLowProgramOutput(CPSOptTest.scala:91)
	at miniscala.test.CPSOptimizer_Blackbox.$anonfun$compileAndInterpret$1(CPSOptimizer_Blackbox.scala:9)
	at miniscala.test.CPSOptimizer_Blackbox.$anonfun$compileAndInterpret$1$adapted(CPSOptimizer_Blackbox.scala:9)
	at miniscala.test.ok.PrimitivesOKTests.testPrimitiveLogic4(PrimitivesOKTests.scala:170)
	at miniscala.test.ok.PrimitivesOKTests.testPrimitiveLogic4$(PrimitivesOKTests.scala:169)
	at miniscala.test.CPSOptimizer_Blackbox.testPrimitiveLogic4(CPSOptimizer_Blackbox.scala:7)
	at sun.reflect.NativeMethodAccessorImpl.invoke0(Native Method)
	at sun.reflect.NativeMethodAccessorImpl.invoke(NativeMethodAccessorImpl.java:62)
	at sun.reflect.DelegatingMethodAccessorImpl.invoke(DelegatingMethodAccessorImpl.java:43)
	at java.lang.reflect.Method.invoke(Method.java:498)
	at org.junit.runners.model.FrameworkMethod$1.runReflectiveCall(FrameworkMethod.java:47)
	at org.junit.internal.runners.model.ReflectiveCallable.run(ReflectiveCallable.java:12)
	at org.junit.runners.model.FrameworkMethod.invokeExplosively(FrameworkMethod.java:44)
	at org.junit.internal.runners.statements.InvokeMethod.evaluate(InvokeMethod.java:17)
	at org.junit.runners.ParentRunner.runLeaf(ParentRunner.java:271)
	at org.junit.runners.BlockJUnit4ClassRunner.runChild(BlockJUnit4ClassRunner.java:70)
	at org.junit.runners.BlockJUnit4ClassRunner.runChild(BlockJUnit4ClassRunner.java:50)
	at org.junit.runners.ParentRunner$3.run(ParentRunner.java:238)
	at org.junit.runners.ParentRunner$1.schedule(ParentRunner.java:63)
	at org.junit.runners.ParentRunner.runChildren(ParentRunner.java:236)
	at org.junit.runners.ParentRunner.access$000(ParentRunner.java:53)
	at org.junit.runners.ParentRunner$2.evaluate(ParentRunner.java:229)
	at org.junit.runners.ParentRunner.run(ParentRunner.java:309)
	at org.junit.runners.Suite.runChild(Suite.java:127)
	at org.junit.runners.Suite.runChild(Suite.java:26)
	at org.junit.runners.ParentRunner$3.run(ParentRunner.java:238)
	at org.junit.runners.ParentRunner$1.schedule(ParentRunner.java:63)
	at org.junit.runners.ParentRunner.runChildren(ParentRunner.java:236)
	at org.junit.runners.ParentRunner.access$000(ParentRunner.java:53)
	at org.junit.runners.ParentRunner$2.evaluate(ParentRunner.java:229)
	at org.junit.runners.ParentRunner.run(ParentRunner.java:309)
	at org.junit.runner.JUnitCore.run(JUnitCore.java:160)
	at org.junit.runner.JUnitCore.run(JUnitCore.java:138)
	at com.novocode.junit.JUnitRunner$1.execute(JUnitRunner.java:132)
	at sbt.ForkMain$Run.lambda$runTest$1(ForkMain.java:304)
	at java.util.concurrent.FutureTask.run(FutureTask.java:266)
	at java.util.concurrent.ThreadPoolExecutor.runWorker(ThreadPoolExecutor.java:1149)
	at java.util.concurrent.ThreadPoolExecutor$Worker.run(ThreadPoolExecutor.java:624)
	at java.lang.Thread.run(Thread.java:748)
</failure>
                                               </testcase><testcase classname="miniscala.test.CPSOptimizer_Blackbox" name="testPrimitiveLogic5" time="0.006">
                                                 <failure message="java.util.NoSuchElementException: key not found: v_315" type="sbt.ForkMain$ForkError">sbt.ForkMain$ForkError: java.util.NoSuchElementException: key not found: v_315
	at scala.collection.immutable.Map$EmptyMap$.apply(Map.scala:101)
	at scala.collection.immutable.Map$EmptyMap$.apply(Map.scala:99)
	at miniscala.CPSOptimizer.$anonfun$shrink$1(CPSOptimizer.scala:114)
	at scala.collection.TraversableLike.$anonfun$map$1(TraversableLike.scala:238)
	at scala.collection.immutable.List.foreach(List.scala:392)
	at scala.collection.TraversableLike.map(TraversableLike.scala:238)
	at scala.collection.TraversableLike.map$(TraversableLike.scala:231)
	at scala.collection.immutable.List.map(List.scala:298)
	at miniscala.CPSOptimizer.shrinkT$1(CPSOptimizer.scala:114)
	at miniscala.CPSOptimizer.$anonfun$shrink$6(CPSOptimizer.scala:148)
	at scala.collection.TraversableLike.$anonfun$map$1(TraversableLike.scala:238)
	at scala.collection.immutable.List.foreach(List.scala:392)
	at scala.collection.TraversableLike.map(TraversableLike.scala:238)
	at scala.collection.TraversableLike.map$(TraversableLike.scala:231)
	at scala.collection.immutable.List.map(List.scala:298)
	at miniscala.CPSOptimizer.shrinkT$1(CPSOptimizer.scala:148)
	at miniscala.CPSOptimizer.shrinkT$1(CPSOptimizer.scala:144)
	at miniscala.CPSOptimizer.shrink(CPSOptimizer.scala:168)
	at miniscala.CPSOptimizer.$anonfun$apply$1(CPSOptimizer.scala:10)
	at scala.collection.immutable.Stream$.$anonfun$iterate$1(Stream.scala:1207)
	at scala.collection.immutable.Stream$Cons.tail(Stream.scala:1171)
	at scala.collection.immutable.Stream$Cons.tail(Stream.scala:1161)
	at scala.collection.immutable.Stream.$anonfun$take$2(Stream.scala:792)
	at scala.collection.immutable.Stream$Cons.tail(Stream.scala:1171)
	at scala.collection.immutable.Stream$Cons.tail(Stream.scala:1161)
	at miniscala.package$.fixedPoint(package.scala:4)
	at miniscala.package$.fixedPoint(package.scala:9)
	at miniscala.CPSOptimizer.apply(CPSOptimizer.scala:10)
	at miniscala.CPSOptimizerHigh$.apply(CPSOptimizer.scala:279)
	at scala.Function1.$anonfun$andThen$1(Function1.scala:57)
	at scala.Function1.$anonfun$andThen$1(Function1.scala:57)
	at scala.Function1.$anonfun$andThen$1(Function1.scala:57)
	at scala.Function1.$anonfun$andThen$1(Function1.scala:57)
	at scala.Function1.$anonfun$andThen$1(Function1.scala:57)
	at scala.Function1.$anonfun$andThen$1(Function1.scala:57)
	at miniscala.test.infrastructure.CompilerTest.compileInner(CompilerTest.scala:37)
	at miniscala.test.infrastructure.CompilerTest.$anonfun$compileUsingPipelineAndRedirect$1(CompilerTest.scala:44)
	at miniscala.test.infrastructure.SandboxedTest$$anon$1.run(SandboxedTest.scala:24)
	at java.security.AccessController.doPrivileged(Native Method)
	at miniscala.test.infrastructure.SandboxedTest.sandboxedTest(SandboxedTest.scala:34)
	at miniscala.test.infrastructure.SandboxedTest.sandboxedTestWithRedirectedIO(SandboxedTest.scala:45)
	at miniscala.test.infrastructure.CompilerTest.compileUsingPipelineAndRedirect(CompilerTest.scala:44)
	at miniscala.test.infrastructure.CompilerTest.compileUsingPipelineAndRedirect$(CompilerTest.scala:43)
	at miniscala.test.infrastructure.CPSTest.compileUsingPipelineAndRedirect(CPSTest.scala:11)
	at miniscala.test.infrastructure.CPSOptTest.testCPSLowProgramOutput(CPSOptTest.scala:91)
	at miniscala.test.CPSOptimizer_Blackbox.$anonfun$compileAndInterpret$1(CPSOptimizer_Blackbox.scala:9)
	at miniscala.test.CPSOptimizer_Blackbox.$anonfun$compileAndInterpret$1$adapted(CPSOptimizer_Blackbox.scala:9)
	at miniscala.test.ok.PrimitivesOKTests.testPrimitiveLogic5(PrimitivesOKTests.scala:178)
	at miniscala.test.ok.PrimitivesOKTests.testPrimitiveLogic5$(PrimitivesOKTests.scala:177)
	at miniscala.test.CPSOptimizer_Blackbox.testPrimitiveLogic5(CPSOptimizer_Blackbox.scala:7)
	at sun.reflect.NativeMethodAccessorImpl.invoke0(Native Method)
	at sun.reflect.NativeMethodAccessorImpl.invoke(NativeMethodAccessorImpl.java:62)
	at sun.reflect.DelegatingMethodAccessorImpl.invoke(DelegatingMethodAccessorImpl.java:43)
	at java.lang.reflect.Method.invoke(Method.java:498)
	at org.junit.runners.model.FrameworkMethod$1.runReflectiveCall(FrameworkMethod.java:47)
	at org.junit.internal.runners.model.ReflectiveCallable.run(ReflectiveCallable.java:12)
	at org.junit.runners.model.FrameworkMethod.invokeExplosively(FrameworkMethod.java:44)
	at org.junit.internal.runners.statements.InvokeMethod.evaluate(InvokeMethod.java:17)
	at org.junit.runners.ParentRunner.runLeaf(ParentRunner.java:271)
	at org.junit.runners.BlockJUnit4ClassRunner.runChild(BlockJUnit4ClassRunner.java:70)
	at org.junit.runners.BlockJUnit4ClassRunner.runChild(BlockJUnit4ClassRunner.java:50)
	at org.junit.runners.ParentRunner$3.run(ParentRunner.java:238)
	at org.junit.runners.ParentRunner$1.schedule(ParentRunner.java:63)
	at org.junit.runners.ParentRunner.runChildren(ParentRunner.java:236)
	at org.junit.runners.ParentRunner.access$000(ParentRunner.java:53)
	at org.junit.runners.ParentRunner$2.evaluate(ParentRunner.java:229)
	at org.junit.runners.ParentRunner.run(ParentRunner.java:309)
	at org.junit.runners.Suite.runChild(Suite.java:127)
	at org.junit.runners.Suite.runChild(Suite.java:26)
	at org.junit.runners.ParentRunner$3.run(ParentRunner.java:238)
	at org.junit.runners.ParentRunner$1.schedule(ParentRunner.java:63)
	at org.junit.runners.ParentRunner.runChildren(ParentRunner.java:236)
	at org.junit.runners.ParentRunner.access$000(ParentRunner.java:53)
	at org.junit.runners.ParentRunner$2.evaluate(ParentRunner.java:229)
	at org.junit.runners.ParentRunner.run(ParentRunner.java:309)
	at org.junit.runner.JUnitCore.run(JUnitCore.java:160)
	at org.junit.runner.JUnitCore.run(JUnitCore.java:138)
	at com.novocode.junit.JUnitRunner$1.execute(JUnitRunner.java:132)
	at sbt.ForkMain$Run.lambda$runTest$1(ForkMain.java:304)
	at java.util.concurrent.FutureTask.run(FutureTask.java:266)
	at java.util.concurrent.ThreadPoolExecutor.runWorker(ThreadPoolExecutor.java:1149)
	at java.util.concurrent.ThreadPoolExecutor$Worker.run(ThreadPoolExecutor.java:624)
	at java.lang.Thread.run(Thread.java:748)
</failure>
                                               </testcase><testcase classname="miniscala.test.CPSOptimizer_Blackbox" name="testPrimitiveLogic6" time="0.002">
                                                 <failure message="java.util.NoSuchElementException: key not found: v_322" type="sbt.ForkMain$ForkError">sbt.ForkMain$ForkError: java.util.NoSuchElementException: key not found: v_322
	at scala.collection.immutable.Map$EmptyMap$.apply(Map.scala:101)
	at scala.collection.immutable.Map$EmptyMap$.apply(Map.scala:99)
	at miniscala.CPSOptimizer.$anonfun$shrink$1(CPSOptimizer.scala:114)
	at scala.collection.TraversableLike.$anonfun$map$1(TraversableLike.scala:238)
	at scala.collection.immutable.List.foreach(List.scala:392)
	at scala.collection.TraversableLike.map(TraversableLike.scala:238)
	at scala.collection.TraversableLike.map$(TraversableLike.scala:231)
	at scala.collection.immutable.List.map(List.scala:298)
	at miniscala.CPSOptimizer.shrinkT$1(CPSOptimizer.scala:114)
	at miniscala.CPSOptimizer.$anonfun$shrink$6(CPSOptimizer.scala:148)
	at scala.collection.TraversableLike.$anonfun$map$1(TraversableLike.scala:238)
	at scala.collection.immutable.List.foreach(List.scala:392)
	at scala.collection.TraversableLike.map(TraversableLike.scala:238)
	at scala.collection.TraversableLike.map$(TraversableLike.scala:231)
	at scala.collection.immutable.List.map(List.scala:298)
	at miniscala.CPSOptimizer.shrinkT$1(CPSOptimizer.scala:148)
	at miniscala.CPSOptimizer.shrinkT$1(CPSOptimizer.scala:144)
	at miniscala.CPSOptimizer.shrink(CPSOptimizer.scala:168)
	at miniscala.CPSOptimizer.$anonfun$apply$1(CPSOptimizer.scala:10)
	at scala.collection.immutable.Stream$.$anonfun$iterate$1(Stream.scala:1207)
	at scala.collection.immutable.Stream$Cons.tail(Stream.scala:1171)
	at scala.collection.immutable.Stream$Cons.tail(Stream.scala:1161)
	at scala.collection.immutable.Stream.$anonfun$take$2(Stream.scala:792)
	at scala.collection.immutable.Stream$Cons.tail(Stream.scala:1171)
	at scala.collection.immutable.Stream$Cons.tail(Stream.scala:1161)
	at miniscala.package$.fixedPoint(package.scala:4)
	at miniscala.package$.fixedPoint(package.scala:9)
	at miniscala.CPSOptimizer.apply(CPSOptimizer.scala:10)
	at miniscala.CPSOptimizerHigh$.apply(CPSOptimizer.scala:279)
	at scala.Function1.$anonfun$andThen$1(Function1.scala:57)
	at scala.Function1.$anonfun$andThen$1(Function1.scala:57)
	at scala.Function1.$anonfun$andThen$1(Function1.scala:57)
	at scala.Function1.$anonfun$andThen$1(Function1.scala:57)
	at scala.Function1.$anonfun$andThen$1(Function1.scala:57)
	at scala.Function1.$anonfun$andThen$1(Function1.scala:57)
	at miniscala.test.infrastructure.CompilerTest.compileInner(CompilerTest.scala:37)
	at miniscala.test.infrastructure.CompilerTest.$anonfun$compileUsingPipelineAndRedirect$1(CompilerTest.scala:44)
	at miniscala.test.infrastructure.SandboxedTest$$anon$1.run(SandboxedTest.scala:24)
	at java.security.AccessController.doPrivileged(Native Method)
	at miniscala.test.infrastructure.SandboxedTest.sandboxedTest(SandboxedTest.scala:34)
	at miniscala.test.infrastructure.SandboxedTest.sandboxedTestWithRedirectedIO(SandboxedTest.scala:45)
	at miniscala.test.infrastructure.CompilerTest.compileUsingPipelineAndRedirect(CompilerTest.scala:44)
	at miniscala.test.infrastructure.CompilerTest.compileUsingPipelineAndRedirect$(CompilerTest.scala:43)
	at miniscala.test.infrastructure.CPSTest.compileUsingPipelineAndRedirect(CPSTest.scala:11)
	at miniscala.test.infrastructure.CPSOptTest.testCPSLowProgramOutput(CPSOptTest.scala:91)
	at miniscala.test.CPSOptimizer_Blackbox.$anonfun$compileAndInterpret$1(CPSOptimizer_Blackbox.scala:9)
	at miniscala.test.CPSOptimizer_Blackbox.$anonfun$compileAndInterpret$1$adapted(CPSOptimizer_Blackbox.scala:9)
	at miniscala.test.ok.PrimitivesOKTests.testPrimitiveLogic6(PrimitivesOKTests.scala:186)
	at miniscala.test.ok.PrimitivesOKTests.testPrimitiveLogic6$(PrimitivesOKTests.scala:185)
	at miniscala.test.CPSOptimizer_Blackbox.testPrimitiveLogic6(CPSOptimizer_Blackbox.scala:7)
	at sun.reflect.NativeMethodAccessorImpl.invoke0(Native Method)
	at sun.reflect.NativeMethodAccessorImpl.invoke(NativeMethodAccessorImpl.java:62)
	at sun.reflect.DelegatingMethodAccessorImpl.invoke(DelegatingMethodAccessorImpl.java:43)
	at java.lang.reflect.Method.invoke(Method.java:498)
	at org.junit.runners.model.FrameworkMethod$1.runReflectiveCall(FrameworkMethod.java:47)
	at org.junit.internal.runners.model.ReflectiveCallable.run(ReflectiveCallable.java:12)
	at org.junit.runners.model.FrameworkMethod.invokeExplosively(FrameworkMethod.java:44)
	at org.junit.internal.runners.statements.InvokeMethod.evaluate(InvokeMethod.java:17)
	at org.junit.runners.ParentRunner.runLeaf(ParentRunner.java:271)
	at org.junit.runners.BlockJUnit4ClassRunner.runChild(BlockJUnit4ClassRunner.java:70)
	at org.junit.runners.BlockJUnit4ClassRunner.runChild(BlockJUnit4ClassRunner.java:50)
	at org.junit.runners.ParentRunner$3.run(ParentRunner.java:238)
	at org.junit.runners.ParentRunner$1.schedule(ParentRunner.java:63)
	at org.junit.runners.ParentRunner.runChildren(ParentRunner.java:236)
	at org.junit.runners.ParentRunner.access$000(ParentRunner.java:53)
	at org.junit.runners.ParentRunner$2.evaluate(ParentRunner.java:229)
	at org.junit.runners.ParentRunner.run(ParentRunner.java:309)
	at org.junit.runners.Suite.runChild(Suite.java:127)
	at org.junit.runners.Suite.runChild(Suite.java:26)
	at org.junit.runners.ParentRunner$3.run(ParentRunner.java:238)
	at org.junit.runners.ParentRunner$1.schedule(ParentRunner.java:63)
	at org.junit.runners.ParentRunner.runChildren(ParentRunner.java:236)
	at org.junit.runners.ParentRunner.access$000(ParentRunner.java:53)
	at org.junit.runners.ParentRunner$2.evaluate(ParentRunner.java:229)
	at org.junit.runners.ParentRunner.run(ParentRunner.java:309)
	at org.junit.runner.JUnitCore.run(JUnitCore.java:160)
	at org.junit.runner.JUnitCore.run(JUnitCore.java:138)
	at com.novocode.junit.JUnitRunner$1.execute(JUnitRunner.java:132)
	at sbt.ForkMain$Run.lambda$runTest$1(ForkMain.java:304)
	at java.util.concurrent.FutureTask.run(FutureTask.java:266)
	at java.util.concurrent.ThreadPoolExecutor.runWorker(ThreadPoolExecutor.java:1149)
	at java.util.concurrent.ThreadPoolExecutor$Worker.run(ThreadPoolExecutor.java:624)
	at java.lang.Thread.run(Thread.java:748)
</failure>
                                               </testcase><testcase classname="miniscala.test.CPSOptimizer_Blackbox" name="testPrimitiveLogic7" time="0.003">
                                                 <failure message="java.util.NoSuchElementException: key not found: v_330" type="sbt.ForkMain$ForkError">sbt.ForkMain$ForkError: java.util.NoSuchElementException: key not found: v_330
	at scala.collection.immutable.Map$EmptyMap$.apply(Map.scala:101)
	at scala.collection.immutable.Map$EmptyMap$.apply(Map.scala:99)
	at miniscala.CPSOptimizer.$anonfun$shrink$1(CPSOptimizer.scala:114)
	at scala.collection.TraversableLike.$anonfun$map$1(TraversableLike.scala:238)
	at scala.collection.immutable.List.foreach(List.scala:392)
	at scala.collection.TraversableLike.map(TraversableLike.scala:238)
	at scala.collection.TraversableLike.map$(TraversableLike.scala:231)
	at scala.collection.immutable.List.map(List.scala:298)
	at miniscala.CPSOptimizer.shrinkT$1(CPSOptimizer.scala:114)
	at miniscala.CPSOptimizer.$anonfun$shrink$6(CPSOptimizer.scala:148)
	at scala.collection.TraversableLike.$anonfun$map$1(TraversableLike.scala:238)
	at scala.collection.immutable.List.foreach(List.scala:392)
	at scala.collection.TraversableLike.map(TraversableLike.scala:238)
	at scala.collection.TraversableLike.map$(TraversableLike.scala:231)
	at scala.collection.immutable.List.map(List.scala:298)
	at miniscala.CPSOptimizer.shrinkT$1(CPSOptimizer.scala:148)
	at miniscala.CPSOptimizer.$anonfun$shrink$6(CPSOptimizer.scala:148)
	at scala.collection.TraversableLike.$anonfun$map$1(TraversableLike.scala:238)
	at scala.collection.immutable.List.foreach(List.scala:392)
	at scala.collection.TraversableLike.map(TraversableLike.scala:238)
	at scala.collection.TraversableLike.map$(TraversableLike.scala:231)
	at scala.collection.immutable.List.map(List.scala:298)
	at miniscala.CPSOptimizer.shrinkT$1(CPSOptimizer.scala:148)
	at miniscala.CPSOptimizer.shrinkT$1(CPSOptimizer.scala:144)
	at miniscala.CPSOptimizer.shrink(CPSOptimizer.scala:168)
	at miniscala.CPSOptimizer.$anonfun$apply$1(CPSOptimizer.scala:10)
	at scala.collection.immutable.Stream$.$anonfun$iterate$1(Stream.scala:1207)
	at scala.collection.immutable.Stream$Cons.tail(Stream.scala:1171)
	at scala.collection.immutable.Stream$Cons.tail(Stream.scala:1161)
	at scala.collection.immutable.Stream.$anonfun$take$2(Stream.scala:792)
	at scala.collection.immutable.Stream$Cons.tail(Stream.scala:1171)
	at scala.collection.immutable.Stream$Cons.tail(Stream.scala:1161)
	at miniscala.package$.fixedPoint(package.scala:4)
	at miniscala.package$.fixedPoint(package.scala:9)
	at miniscala.CPSOptimizer.apply(CPSOptimizer.scala:10)
	at miniscala.CPSOptimizerHigh$.apply(CPSOptimizer.scala:279)
	at scala.Function1.$anonfun$andThen$1(Function1.scala:57)
	at scala.Function1.$anonfun$andThen$1(Function1.scala:57)
	at scala.Function1.$anonfun$andThen$1(Function1.scala:57)
	at scala.Function1.$anonfun$andThen$1(Function1.scala:57)
	at scala.Function1.$anonfun$andThen$1(Function1.scala:57)
	at scala.Function1.$anonfun$andThen$1(Function1.scala:57)
	at miniscala.test.infrastructure.CompilerTest.compileInner(CompilerTest.scala:37)
	at miniscala.test.infrastructure.CompilerTest.$anonfun$compileUsingPipelineAndRedirect$1(CompilerTest.scala:44)
	at miniscala.test.infrastructure.SandboxedTest$$anon$1.run(SandboxedTest.scala:24)
	at java.security.AccessController.doPrivileged(Native Method)
	at miniscala.test.infrastructure.SandboxedTest.sandboxedTest(SandboxedTest.scala:34)
	at miniscala.test.infrastructure.SandboxedTest.sandboxedTestWithRedirectedIO(SandboxedTest.scala:45)
	at miniscala.test.infrastructure.CompilerTest.compileUsingPipelineAndRedirect(CompilerTest.scala:44)
	at miniscala.test.infrastructure.CompilerTest.compileUsingPipelineAndRedirect$(CompilerTest.scala:43)
	at miniscala.test.infrastructure.CPSTest.compileUsingPipelineAndRedirect(CPSTest.scala:11)
	at miniscala.test.infrastructure.CPSOptTest.testCPSLowProgramOutput(CPSOptTest.scala:91)
	at miniscala.test.CPSOptimizer_Blackbox.$anonfun$compileAndInterpret$1(CPSOptimizer_Blackbox.scala:9)
	at miniscala.test.CPSOptimizer_Blackbox.$anonfun$compileAndInterpret$1$adapted(CPSOptimizer_Blackbox.scala:9)
	at miniscala.test.ok.PrimitivesOKTests.testPrimitiveLogic7(PrimitivesOKTests.scala:194)
	at miniscala.test.ok.PrimitivesOKTests.testPrimitiveLogic7$(PrimitivesOKTests.scala:193)
	at miniscala.test.CPSOptimizer_Blackbox.testPrimitiveLogic7(CPSOptimizer_Blackbox.scala:7)
	at sun.reflect.NativeMethodAccessorImpl.invoke0(Native Method)
	at sun.reflect.NativeMethodAccessorImpl.invoke(NativeMethodAccessorImpl.java:62)
	at sun.reflect.DelegatingMethodAccessorImpl.invoke(DelegatingMethodAccessorImpl.java:43)
	at java.lang.reflect.Method.invoke(Method.java:498)
	at org.junit.runners.model.FrameworkMethod$1.runReflectiveCall(FrameworkMethod.java:47)
	at org.junit.internal.runners.model.ReflectiveCallable.run(ReflectiveCallable.java:12)
	at org.junit.runners.model.FrameworkMethod.invokeExplosively(FrameworkMethod.java:44)
	at org.junit.internal.runners.statements.InvokeMethod.evaluate(InvokeMethod.java:17)
	at org.junit.runners.ParentRunner.runLeaf(ParentRunner.java:271)
	at org.junit.runners.BlockJUnit4ClassRunner.runChild(BlockJUnit4ClassRunner.java:70)
	at org.junit.runners.BlockJUnit4ClassRunner.runChild(BlockJUnit4ClassRunner.java:50)
	at org.junit.runners.ParentRunner$3.run(ParentRunner.java:238)
	at org.junit.runners.ParentRunner$1.schedule(ParentRunner.java:63)
	at org.junit.runners.ParentRunner.runChildren(ParentRunner.java:236)
	at org.junit.runners.ParentRunner.access$000(ParentRunner.java:53)
	at org.junit.runners.ParentRunner$2.evaluate(ParentRunner.java:229)
	at org.junit.runners.ParentRunner.run(ParentRunner.java:309)
	at org.junit.runners.Suite.runChild(Suite.java:127)
	at org.junit.runners.Suite.runChild(Suite.java:26)
	at org.junit.runners.ParentRunner$3.run(ParentRunner.java:238)
	at org.junit.runners.ParentRunner$1.schedule(ParentRunner.java:63)
	at org.junit.runners.ParentRunner.runChildren(ParentRunner.java:236)
	at org.junit.runners.ParentRunner.access$000(ParentRunner.java:53)
	at org.junit.runners.ParentRunner$2.evaluate(ParentRunner.java:229)
	at org.junit.runners.ParentRunner.run(ParentRunner.java:309)
	at org.junit.runner.JUnitCore.run(JUnitCore.java:160)
	at org.junit.runner.JUnitCore.run(JUnitCore.java:138)
	at com.novocode.junit.JUnitRunner$1.execute(JUnitRunner.java:132)
	at sbt.ForkMain$Run.lambda$runTest$1(ForkMain.java:304)
	at java.util.concurrent.FutureTask.run(FutureTask.java:266)
	at java.util.concurrent.ThreadPoolExecutor.runWorker(ThreadPoolExecutor.java:1149)
	at java.util.concurrent.ThreadPoolExecutor$Worker.run(ThreadPoolExecutor.java:624)
	at java.lang.Thread.run(Thread.java:748)
</failure>
                                               </testcase><testcase classname="miniscala.test.CPSOptimizer_Blackbox" name="testPrimitiveLogic8" time="0.003">
                                                 <failure message="java.util.NoSuchElementException: key not found: v_338" type="sbt.ForkMain$ForkError">sbt.ForkMain$ForkError: java.util.NoSuchElementException: key not found: v_338
	at scala.collection.immutable.Map$EmptyMap$.apply(Map.scala:101)
	at scala.collection.immutable.Map$EmptyMap$.apply(Map.scala:99)
	at miniscala.CPSOptimizer.$anonfun$shrink$1(CPSOptimizer.scala:114)
	at scala.collection.TraversableLike.$anonfun$map$1(TraversableLike.scala:238)
	at scala.collection.immutable.List.foreach(List.scala:392)
	at scala.collection.TraversableLike.map(TraversableLike.scala:238)
	at scala.collection.TraversableLike.map$(TraversableLike.scala:231)
	at scala.collection.immutable.List.map(List.scala:298)
	at miniscala.CPSOptimizer.shrinkT$1(CPSOptimizer.scala:114)
	at miniscala.CPSOptimizer.$anonfun$shrink$6(CPSOptimizer.scala:148)
	at scala.collection.TraversableLike.$anonfun$map$1(TraversableLike.scala:238)
	at scala.collection.immutable.List.foreach(List.scala:392)
	at scala.collection.TraversableLike.map(TraversableLike.scala:238)
	at scala.collection.TraversableLike.map$(TraversableLike.scala:231)
	at scala.collection.immutable.List.map(List.scala:298)
	at miniscala.CPSOptimizer.shrinkT$1(CPSOptimizer.scala:148)
	at miniscala.CPSOptimizer.shrinkT$1(CPSOptimizer.scala:144)
	at miniscala.CPSOptimizer.shrink(CPSOptimizer.scala:168)
	at miniscala.CPSOptimizer.$anonfun$apply$1(CPSOptimizer.scala:10)
	at scala.collection.immutable.Stream$.$anonfun$iterate$1(Stream.scala:1207)
	at scala.collection.immutable.Stream$Cons.tail(Stream.scala:1171)
	at scala.collection.immutable.Stream$Cons.tail(Stream.scala:1161)
	at scala.collection.immutable.Stream.$anonfun$take$2(Stream.scala:792)
	at scala.collection.immutable.Stream$Cons.tail(Stream.scala:1171)
	at scala.collection.immutable.Stream$Cons.tail(Stream.scala:1161)
	at miniscala.package$.fixedPoint(package.scala:4)
	at miniscala.package$.fixedPoint(package.scala:9)
	at miniscala.CPSOptimizer.apply(CPSOptimizer.scala:10)
	at miniscala.CPSOptimizerHigh$.apply(CPSOptimizer.scala:279)
	at scala.Function1.$anonfun$andThen$1(Function1.scala:57)
	at scala.Function1.$anonfun$andThen$1(Function1.scala:57)
	at scala.Function1.$anonfun$andThen$1(Function1.scala:57)
	at scala.Function1.$anonfun$andThen$1(Function1.scala:57)
	at scala.Function1.$anonfun$andThen$1(Function1.scala:57)
	at scala.Function1.$anonfun$andThen$1(Function1.scala:57)
	at miniscala.test.infrastructure.CompilerTest.compileInner(CompilerTest.scala:37)
	at miniscala.test.infrastructure.CompilerTest.$anonfun$compileUsingPipelineAndRedirect$1(CompilerTest.scala:44)
	at miniscala.test.infrastructure.SandboxedTest$$anon$1.run(SandboxedTest.scala:24)
	at java.security.AccessController.doPrivileged(Native Method)
	at miniscala.test.infrastructure.SandboxedTest.sandboxedTest(SandboxedTest.scala:34)
	at miniscala.test.infrastructure.SandboxedTest.sandboxedTestWithRedirectedIO(SandboxedTest.scala:45)
	at miniscala.test.infrastructure.CompilerTest.compileUsingPipelineAndRedirect(CompilerTest.scala:44)
	at miniscala.test.infrastructure.CompilerTest.compileUsingPipelineAndRedirect$(CompilerTest.scala:43)
	at miniscala.test.infrastructure.CPSTest.compileUsingPipelineAndRedirect(CPSTest.scala:11)
	at miniscala.test.infrastructure.CPSOptTest.testCPSLowProgramOutput(CPSOptTest.scala:91)
	at miniscala.test.CPSOptimizer_Blackbox.$anonfun$compileAndInterpret$1(CPSOptimizer_Blackbox.scala:9)
	at miniscala.test.CPSOptimizer_Blackbox.$anonfun$compileAndInterpret$1$adapted(CPSOptimizer_Blackbox.scala:9)
	at miniscala.test.ok.PrimitivesOKTests.testPrimitiveLogic8(PrimitivesOKTests.scala:202)
	at miniscala.test.ok.PrimitivesOKTests.testPrimitiveLogic8$(PrimitivesOKTests.scala:201)
	at miniscala.test.CPSOptimizer_Blackbox.testPrimitiveLogic8(CPSOptimizer_Blackbox.scala:7)
	at sun.reflect.NativeMethodAccessorImpl.invoke0(Native Method)
	at sun.reflect.NativeMethodAccessorImpl.invoke(NativeMethodAccessorImpl.java:62)
	at sun.reflect.DelegatingMethodAccessorImpl.invoke(DelegatingMethodAccessorImpl.java:43)
	at java.lang.reflect.Method.invoke(Method.java:498)
	at org.junit.runners.model.FrameworkMethod$1.runReflectiveCall(FrameworkMethod.java:47)
	at org.junit.internal.runners.model.ReflectiveCallable.run(ReflectiveCallable.java:12)
	at org.junit.runners.model.FrameworkMethod.invokeExplosively(FrameworkMethod.java:44)
	at org.junit.internal.runners.statements.InvokeMethod.evaluate(InvokeMethod.java:17)
	at org.junit.runners.ParentRunner.runLeaf(ParentRunner.java:271)
	at org.junit.runners.BlockJUnit4ClassRunner.runChild(BlockJUnit4ClassRunner.java:70)
	at org.junit.runners.BlockJUnit4ClassRunner.runChild(BlockJUnit4ClassRunner.java:50)
	at org.junit.runners.ParentRunner$3.run(ParentRunner.java:238)
	at org.junit.runners.ParentRunner$1.schedule(ParentRunner.java:63)
	at org.junit.runners.ParentRunner.runChildren(ParentRunner.java:236)
	at org.junit.runners.ParentRunner.access$000(ParentRunner.java:53)
	at org.junit.runners.ParentRunner$2.evaluate(ParentRunner.java:229)
	at org.junit.runners.ParentRunner.run(ParentRunner.java:309)
	at org.junit.runners.Suite.runChild(Suite.java:127)
	at org.junit.runners.Suite.runChild(Suite.java:26)
	at org.junit.runners.ParentRunner$3.run(ParentRunner.java:238)
	at org.junit.runners.ParentRunner$1.schedule(ParentRunner.java:63)
	at org.junit.runners.ParentRunner.runChildren(ParentRunner.java:236)
	at org.junit.runners.ParentRunner.access$000(ParentRunner.java:53)
	at org.junit.runners.ParentRunner$2.evaluate(ParentRunner.java:229)
	at org.junit.runners.ParentRunner.run(ParentRunner.java:309)
	at org.junit.runner.JUnitCore.run(JUnitCore.java:160)
	at org.junit.runner.JUnitCore.run(JUnitCore.java:138)
	at com.novocode.junit.JUnitRunner$1.execute(JUnitRunner.java:132)
	at sbt.ForkMain$Run.lambda$runTest$1(ForkMain.java:304)
	at java.util.concurrent.FutureTask.run(FutureTask.java:266)
	at java.util.concurrent.ThreadPoolExecutor.runWorker(ThreadPoolExecutor.java:1149)
	at java.util.concurrent.ThreadPoolExecutor$Worker.run(ThreadPoolExecutor.java:624)
	at java.lang.Thread.run(Thread.java:748)
</failure>
                                               </testcase><testcase classname="miniscala.test.CPSOptimizer_Blackbox" name="testPrimitiveLogic9" time="0.004">
                                                 <failure message="java.util.NoSuchElementException: key not found: v_346" type="sbt.ForkMain$ForkError">sbt.ForkMain$ForkError: java.util.NoSuchElementException: key not found: v_346
	at scala.collection.immutable.Map$EmptyMap$.apply(Map.scala:101)
	at scala.collection.immutable.Map$EmptyMap$.apply(Map.scala:99)
	at miniscala.CPSOptimizer.$anonfun$shrink$1(CPSOptimizer.scala:114)
	at scala.collection.TraversableLike.$anonfun$map$1(TraversableLike.scala:238)
	at scala.collection.immutable.List.foreach(List.scala:392)
	at scala.collection.TraversableLike.map(TraversableLike.scala:238)
	at scala.collection.TraversableLike.map$(TraversableLike.scala:231)
	at scala.collection.immutable.List.map(List.scala:298)
	at miniscala.CPSOptimizer.shrinkT$1(CPSOptimizer.scala:114)
	at miniscala.CPSOptimizer.$anonfun$shrink$6(CPSOptimizer.scala:148)
	at scala.collection.TraversableLike.$anonfun$map$1(TraversableLike.scala:238)
	at scala.collection.immutable.List.foreach(List.scala:392)
	at scala.collection.TraversableLike.map(TraversableLike.scala:238)
	at scala.collection.TraversableLike.map$(TraversableLike.scala:231)
	at scala.collection.immutable.List.map(List.scala:298)
	at miniscala.CPSOptimizer.shrinkT$1(CPSOptimizer.scala:148)
	at miniscala.CPSOptimizer.$anonfun$shrink$6(CPSOptimizer.scala:148)
	at scala.collection.TraversableLike.$anonfun$map$1(TraversableLike.scala:238)
	at scala.collection.immutable.List.foreach(List.scala:392)
	at scala.collection.TraversableLike.map(TraversableLike.scala:238)
	at scala.collection.TraversableLike.map$(TraversableLike.scala:231)
	at scala.collection.immutable.List.map(List.scala:298)
	at miniscala.CPSOptimizer.shrinkT$1(CPSOptimizer.scala:148)
	at miniscala.CPSOptimizer.shrinkT$1(CPSOptimizer.scala:144)
	at miniscala.CPSOptimizer.shrink(CPSOptimizer.scala:168)
	at miniscala.CPSOptimizer.$anonfun$apply$1(CPSOptimizer.scala:10)
	at scala.collection.immutable.Stream$.$anonfun$iterate$1(Stream.scala:1207)
	at scala.collection.immutable.Stream$Cons.tail(Stream.scala:1171)
	at scala.collection.immutable.Stream$Cons.tail(Stream.scala:1161)
	at scala.collection.immutable.Stream.$anonfun$take$2(Stream.scala:792)
	at scala.collection.immutable.Stream$Cons.tail(Stream.scala:1171)
	at scala.collection.immutable.Stream$Cons.tail(Stream.scala:1161)
	at miniscala.package$.fixedPoint(package.scala:4)
	at miniscala.package$.fixedPoint(package.scala:9)
	at miniscala.CPSOptimizer.apply(CPSOptimizer.scala:10)
	at miniscala.CPSOptimizerHigh$.apply(CPSOptimizer.scala:279)
	at scala.Function1.$anonfun$andThen$1(Function1.scala:57)
	at scala.Function1.$anonfun$andThen$1(Function1.scala:57)
	at scala.Function1.$anonfun$andThen$1(Function1.scala:57)
	at scala.Function1.$anonfun$andThen$1(Function1.scala:57)
	at scala.Function1.$anonfun$andThen$1(Function1.scala:57)
	at scala.Function1.$anonfun$andThen$1(Function1.scala:57)
	at miniscala.test.infrastructure.CompilerTest.compileInner(CompilerTest.scala:37)
	at miniscala.test.infrastructure.CompilerTest.$anonfun$compileUsingPipelineAndRedirect$1(CompilerTest.scala:44)
	at miniscala.test.infrastructure.SandboxedTest$$anon$1.run(SandboxedTest.scala:24)
	at java.security.AccessController.doPrivileged(Native Method)
	at miniscala.test.infrastructure.SandboxedTest.sandboxedTest(SandboxedTest.scala:34)
	at miniscala.test.infrastructure.SandboxedTest.sandboxedTestWithRedirectedIO(SandboxedTest.scala:45)
	at miniscala.test.infrastructure.CompilerTest.compileUsingPipelineAndRedirect(CompilerTest.scala:44)
	at miniscala.test.infrastructure.CompilerTest.compileUsingPipelineAndRedirect$(CompilerTest.scala:43)
	at miniscala.test.infrastructure.CPSTest.compileUsingPipelineAndRedirect(CPSTest.scala:11)
	at miniscala.test.infrastructure.CPSOptTest.testCPSLowProgramOutput(CPSOptTest.scala:91)
	at miniscala.test.CPSOptimizer_Blackbox.$anonfun$compileAndInterpret$1(CPSOptimizer_Blackbox.scala:9)
	at miniscala.test.CPSOptimizer_Blackbox.$anonfun$compileAndInterpret$1$adapted(CPSOptimizer_Blackbox.scala:9)
	at miniscala.test.ok.PrimitivesOKTests.testPrimitiveLogic9(PrimitivesOKTests.scala:210)
	at miniscala.test.ok.PrimitivesOKTests.testPrimitiveLogic9$(PrimitivesOKTests.scala:209)
	at miniscala.test.CPSOptimizer_Blackbox.testPrimitiveLogic9(CPSOptimizer_Blackbox.scala:7)
	at sun.reflect.NativeMethodAccessorImpl.invoke0(Native Method)
	at sun.reflect.NativeMethodAccessorImpl.invoke(NativeMethodAccessorImpl.java:62)
	at sun.reflect.DelegatingMethodAccessorImpl.invoke(DelegatingMethodAccessorImpl.java:43)
	at java.lang.reflect.Method.invoke(Method.java:498)
	at org.junit.runners.model.FrameworkMethod$1.runReflectiveCall(FrameworkMethod.java:47)
	at org.junit.internal.runners.model.ReflectiveCallable.run(ReflectiveCallable.java:12)
	at org.junit.runners.model.FrameworkMethod.invokeExplosively(FrameworkMethod.java:44)
	at org.junit.internal.runners.statements.InvokeMethod.evaluate(InvokeMethod.java:17)
	at org.junit.runners.ParentRunner.runLeaf(ParentRunner.java:271)
	at org.junit.runners.BlockJUnit4ClassRunner.runChild(BlockJUnit4ClassRunner.java:70)
	at org.junit.runners.BlockJUnit4ClassRunner.runChild(BlockJUnit4ClassRunner.java:50)
	at org.junit.runners.ParentRunner$3.run(ParentRunner.java:238)
	at org.junit.runners.ParentRunner$1.schedule(ParentRunner.java:63)
	at org.junit.runners.ParentRunner.runChildren(ParentRunner.java:236)
	at org.junit.runners.ParentRunner.access$000(ParentRunner.java:53)
	at org.junit.runners.ParentRunner$2.evaluate(ParentRunner.java:229)
	at org.junit.runners.ParentRunner.run(ParentRunner.java:309)
	at org.junit.runners.Suite.runChild(Suite.java:127)
	at org.junit.runners.Suite.runChild(Suite.java:26)
	at org.junit.runners.ParentRunner$3.run(ParentRunner.java:238)
	at org.junit.runners.ParentRunner$1.schedule(ParentRunner.java:63)
	at org.junit.runners.ParentRunner.runChildren(ParentRunner.java:236)
	at org.junit.runners.ParentRunner.access$000(ParentRunner.java:53)
	at org.junit.runners.ParentRunner$2.evaluate(ParentRunner.java:229)
	at org.junit.runners.ParentRunner.run(ParentRunner.java:309)
	at org.junit.runner.JUnitCore.run(JUnitCore.java:160)
	at org.junit.runner.JUnitCore.run(JUnitCore.java:138)
	at com.novocode.junit.JUnitRunner$1.execute(JUnitRunner.java:132)
	at sbt.ForkMain$Run.lambda$runTest$1(ForkMain.java:304)
	at java.util.concurrent.FutureTask.run(FutureTask.java:266)
	at java.util.concurrent.ThreadPoolExecutor.runWorker(ThreadPoolExecutor.java:1149)
	at java.util.concurrent.ThreadPoolExecutor$Worker.run(ThreadPoolExecutor.java:624)
	at java.lang.Thread.run(Thread.java:748)
</failure>
                                               </testcase><testcase classname="miniscala.test.CPSOptimizer_Blackbox" name="testLibLists10" time="0.09">
                                                 <failure message="java.util.NoSuchElementException: key not found: c" type="sbt.ForkMain$ForkError">sbt.ForkMain$ForkError: java.util.NoSuchElementException: key not found: c
	at scala.collection.immutable.Map$EmptyMap$.apply(Map.scala:101)
	at scala.collection.immutable.Map$EmptyMap$.apply(Map.scala:99)
	at miniscala.CPSOptimizer.$anonfun$shrink$1(CPSOptimizer.scala:114)
	at scala.collection.TraversableLike.$anonfun$map$1(TraversableLike.scala:238)
	at scala.collection.immutable.List.foreach(List.scala:392)
	at scala.collection.TraversableLike.map(TraversableLike.scala:238)
	at scala.collection.TraversableLike.map$(TraversableLike.scala:231)
	at scala.collection.immutable.List.map(List.scala:298)
	at miniscala.CPSOptimizer.shrinkT$1(CPSOptimizer.scala:114)
	at miniscala.CPSOptimizer.$anonfun$shrink$4(CPSOptimizer.scala:143)
	at scala.collection.TraversableLike.$anonfun$map$1(TraversableLike.scala:238)
	at scala.collection.immutable.List.foreach(List.scala:392)
	at scala.collection.TraversableLike.map(TraversableLike.scala:238)
	at scala.collection.TraversableLike.map$(TraversableLike.scala:231)
	at scala.collection.immutable.List.map(List.scala:298)
	at miniscala.CPSOptimizer.shrinkT$1(CPSOptimizer.scala:143)
	at miniscala.CPSOptimizer.shrink(CPSOptimizer.scala:168)
	at miniscala.CPSOptimizer.$anonfun$apply$1(CPSOptimizer.scala:10)
	at scala.collection.immutable.Stream$.$anonfun$iterate$1(Stream.scala:1207)
	at scala.collection.immutable.Stream$Cons.tail(Stream.scala:1171)
	at scala.collection.immutable.Stream$Cons.tail(Stream.scala:1161)
	at scala.collection.immutable.Stream.$anonfun$take$2(Stream.scala:792)
	at scala.collection.immutable.Stream$Cons.tail(Stream.scala:1171)
	at scala.collection.immutable.Stream$Cons.tail(Stream.scala:1161)
	at miniscala.package$.fixedPoint(package.scala:4)
	at miniscala.package$.fixedPoint(package.scala:9)
	at miniscala.CPSOptimizer.apply(CPSOptimizer.scala:10)
	at miniscala.CPSOptimizerHigh$.apply(CPSOptimizer.scala:279)
	at scala.Function1.$anonfun$andThen$1(Function1.scala:57)
	at scala.Function1.$anonfun$andThen$1(Function1.scala:57)
	at scala.Function1.$anonfun$andThen$1(Function1.scala:57)
	at scala.Function1.$anonfun$andThen$1(Function1.scala:57)
	at scala.Function1.$anonfun$andThen$1(Function1.scala:57)
	at scala.Function1.$anonfun$andThen$1(Function1.scala:57)
	at miniscala.test.infrastructure.CompilerTest.compileInner(CompilerTest.scala:37)
	at miniscala.test.infrastructure.CompilerTest.$anonfun$compileUsingPipelineAndRedirect$1(CompilerTest.scala:44)
	at miniscala.test.infrastructure.SandboxedTest$$anon$1.run(SandboxedTest.scala:24)
	at java.security.AccessController.doPrivileged(Native Method)
	at miniscala.test.infrastructure.SandboxedTest.sandboxedTest(SandboxedTest.scala:34)
	at miniscala.test.infrastructure.SandboxedTest.sandboxedTestWithRedirectedIO(SandboxedTest.scala:45)
	at miniscala.test.infrastructure.CompilerTest.compileUsingPipelineAndRedirect(CompilerTest.scala:44)
	at miniscala.test.infrastructure.CompilerTest.compileUsingPipelineAndRedirect$(CompilerTest.scala:43)
	at miniscala.test.infrastructure.CPSTest.compileUsingPipelineAndRedirect(CPSTest.scala:11)
	at miniscala.test.infrastructure.CPSOptTest.testCPSLowProgramOutput(CPSOptTest.scala:91)
	at miniscala.test.CPSOptimizer_Blackbox.$anonfun$compileAndInterpret$1(CPSOptimizer_Blackbox.scala:9)
	at miniscala.test.CPSOptimizer_Blackbox.$anonfun$compileAndInterpret$1$adapted(CPSOptimizer_Blackbox.scala:9)
	at miniscala.test.ok.LibraryOKTests.$anonfun$compileAndInterpretWithLib$1(LibraryOKTests.scala:19)
	at miniscala.test.ok.LibraryOKTests.$anonfun$compileAndInterpretWithLib$1$adapted(LibraryOKTests.scala:19)
	at miniscala.test.ok.LibraryOKTests.testLibLists10(LibraryOKTests.scala:105)
	at miniscala.test.ok.LibraryOKTests.testLibLists10$(LibraryOKTests.scala:104)
	at miniscala.test.CPSOptimizer_Blackbox.testLibLists10(CPSOptimizer_Blackbox.scala:7)
	at sun.reflect.NativeMethodAccessorImpl.invoke0(Native Method)
	at sun.reflect.NativeMethodAccessorImpl.invoke(NativeMethodAccessorImpl.java:62)
	at sun.reflect.DelegatingMethodAccessorImpl.invoke(DelegatingMethodAccessorImpl.java:43)
	at java.lang.reflect.Method.invoke(Method.java:498)
	at org.junit.runners.model.FrameworkMethod$1.runReflectiveCall(FrameworkMethod.java:47)
	at org.junit.internal.runners.model.ReflectiveCallable.run(ReflectiveCallable.java:12)
	at org.junit.runners.model.FrameworkMethod.invokeExplosively(FrameworkMethod.java:44)
	at org.junit.internal.runners.statements.InvokeMethod.evaluate(InvokeMethod.java:17)
	at org.junit.runners.ParentRunner.runLeaf(ParentRunner.java:271)
	at org.junit.runners.BlockJUnit4ClassRunner.runChild(BlockJUnit4ClassRunner.java:70)
	at org.junit.runners.BlockJUnit4ClassRunner.runChild(BlockJUnit4ClassRunner.java:50)
	at org.junit.runners.ParentRunner$3.run(ParentRunner.java:238)
	at org.junit.runners.ParentRunner$1.schedule(ParentRunner.java:63)
	at org.junit.runners.ParentRunner.runChildren(ParentRunner.java:236)
	at org.junit.runners.ParentRunner.access$000(ParentRunner.java:53)
	at org.junit.runners.ParentRunner$2.evaluate(ParentRunner.java:229)
	at org.junit.runners.ParentRunner.run(ParentRunner.java:309)
	at org.junit.runners.Suite.runChild(Suite.java:127)
	at org.junit.runners.Suite.runChild(Suite.java:26)
	at org.junit.runners.ParentRunner$3.run(ParentRunner.java:238)
	at org.junit.runners.ParentRunner$1.schedule(ParentRunner.java:63)
	at org.junit.runners.ParentRunner.runChildren(ParentRunner.java:236)
	at org.junit.runners.ParentRunner.access$000(ParentRunner.java:53)
	at org.junit.runners.ParentRunner$2.evaluate(ParentRunner.java:229)
	at org.junit.runners.ParentRunner.run(ParentRunner.java:309)
	at org.junit.runner.JUnitCore.run(JUnitCore.java:160)
	at org.junit.runner.JUnitCore.run(JUnitCore.java:138)
	at com.novocode.junit.JUnitRunner$1.execute(JUnitRunner.java:132)
	at sbt.ForkMain$Run.lambda$runTest$1(ForkMain.java:304)
	at java.util.concurrent.FutureTask.run(FutureTask.java:266)
	at java.util.concurrent.ThreadPoolExecutor.runWorker(ThreadPoolExecutor.java:1149)
	at java.util.concurrent.ThreadPoolExecutor$Worker.run(ThreadPoolExecutor.java:624)
	at java.lang.Thread.run(Thread.java:748)
</failure>
                                               </testcase><testcase classname="miniscala.test.CPSOptimizer_Blackbox" name="testLibLists11" time="0.045">
                                                 <failure message="java.util.NoSuchElementException: key not found: c" type="sbt.ForkMain$ForkError">sbt.ForkMain$ForkError: java.util.NoSuchElementException: key not found: c
	at scala.collection.immutable.Map$EmptyMap$.apply(Map.scala:101)
	at scala.collection.immutable.Map$EmptyMap$.apply(Map.scala:99)
	at miniscala.CPSOptimizer.$anonfun$shrink$1(CPSOptimizer.scala:114)
	at scala.collection.TraversableLike.$anonfun$map$1(TraversableLike.scala:238)
	at scala.collection.immutable.List.foreach(List.scala:392)
	at scala.collection.TraversableLike.map(TraversableLike.scala:238)
	at scala.collection.TraversableLike.map$(TraversableLike.scala:231)
	at scala.collection.immutable.List.map(List.scala:298)
	at miniscala.CPSOptimizer.shrinkT$1(CPSOptimizer.scala:114)
	at miniscala.CPSOptimizer.$anonfun$shrink$4(CPSOptimizer.scala:143)
	at scala.collection.TraversableLike.$anonfun$map$1(TraversableLike.scala:238)
	at scala.collection.immutable.List.foreach(List.scala:392)
	at scala.collection.TraversableLike.map(TraversableLike.scala:238)
	at scala.collection.TraversableLike.map$(TraversableLike.scala:231)
	at scala.collection.immutable.List.map(List.scala:298)
	at miniscala.CPSOptimizer.shrinkT$1(CPSOptimizer.scala:143)
	at miniscala.CPSOptimizer.shrink(CPSOptimizer.scala:168)
	at miniscala.CPSOptimizer.$anonfun$apply$1(CPSOptimizer.scala:10)
	at scala.collection.immutable.Stream$.$anonfun$iterate$1(Stream.scala:1207)
	at scala.collection.immutable.Stream$Cons.tail(Stream.scala:1171)
	at scala.collection.immutable.Stream$Cons.tail(Stream.scala:1161)
	at scala.collection.immutable.Stream.$anonfun$take$2(Stream.scala:792)
	at scala.collection.immutable.Stream$Cons.tail(Stream.scala:1171)
	at scala.collection.immutable.Stream$Cons.tail(Stream.scala:1161)
	at miniscala.package$.fixedPoint(package.scala:4)
	at miniscala.package$.fixedPoint(package.scala:9)
	at miniscala.CPSOptimizer.apply(CPSOptimizer.scala:10)
	at miniscala.CPSOptimizerHigh$.apply(CPSOptimizer.scala:279)
	at scala.Function1.$anonfun$andThen$1(Function1.scala:57)
	at scala.Function1.$anonfun$andThen$1(Function1.scala:57)
	at scala.Function1.$anonfun$andThen$1(Function1.scala:57)
	at scala.Function1.$anonfun$andThen$1(Function1.scala:57)
	at scala.Function1.$anonfun$andThen$1(Function1.scala:57)
	at scala.Function1.$anonfun$andThen$1(Function1.scala:57)
	at miniscala.test.infrastructure.CompilerTest.compileInner(CompilerTest.scala:37)
	at miniscala.test.infrastructure.CompilerTest.$anonfun$compileUsingPipelineAndRedirect$1(CompilerTest.scala:44)
	at miniscala.test.infrastructure.SandboxedTest$$anon$1.run(SandboxedTest.scala:24)
	at java.security.AccessController.doPrivileged(Native Method)
	at miniscala.test.infrastructure.SandboxedTest.sandboxedTest(SandboxedTest.scala:34)
	at miniscala.test.infrastructure.SandboxedTest.sandboxedTestWithRedirectedIO(SandboxedTest.scala:45)
	at miniscala.test.infrastructure.CompilerTest.compileUsingPipelineAndRedirect(CompilerTest.scala:44)
	at miniscala.test.infrastructure.CompilerTest.compileUsingPipelineAndRedirect$(CompilerTest.scala:43)
	at miniscala.test.infrastructure.CPSTest.compileUsingPipelineAndRedirect(CPSTest.scala:11)
	at miniscala.test.infrastructure.CPSOptTest.testCPSLowProgramOutput(CPSOptTest.scala:91)
	at miniscala.test.CPSOptimizer_Blackbox.$anonfun$compileAndInterpret$1(CPSOptimizer_Blackbox.scala:9)
	at miniscala.test.CPSOptimizer_Blackbox.$anonfun$compileAndInterpret$1$adapted(CPSOptimizer_Blackbox.scala:9)
	at miniscala.test.ok.LibraryOKTests.$anonfun$compileAndInterpretWithLib$1(LibraryOKTests.scala:19)
	at miniscala.test.ok.LibraryOKTests.$anonfun$compileAndInterpretWithLib$1$adapted(LibraryOKTests.scala:19)
	at miniscala.test.ok.LibraryOKTests.testLibLists11(LibraryOKTests.scala:111)
	at miniscala.test.ok.LibraryOKTests.testLibLists11$(LibraryOKTests.scala:110)
	at miniscala.test.CPSOptimizer_Blackbox.testLibLists11(CPSOptimizer_Blackbox.scala:7)
	at sun.reflect.NativeMethodAccessorImpl.invoke0(Native Method)
	at sun.reflect.NativeMethodAccessorImpl.invoke(NativeMethodAccessorImpl.java:62)
	at sun.reflect.DelegatingMethodAccessorImpl.invoke(DelegatingMethodAccessorImpl.java:43)
	at java.lang.reflect.Method.invoke(Method.java:498)
	at org.junit.runners.model.FrameworkMethod$1.runReflectiveCall(FrameworkMethod.java:47)
	at org.junit.internal.runners.model.ReflectiveCallable.run(ReflectiveCallable.java:12)
	at org.junit.runners.model.FrameworkMethod.invokeExplosively(FrameworkMethod.java:44)
	at org.junit.internal.runners.statements.InvokeMethod.evaluate(InvokeMethod.java:17)
	at org.junit.runners.ParentRunner.runLeaf(ParentRunner.java:271)
	at org.junit.runners.BlockJUnit4ClassRunner.runChild(BlockJUnit4ClassRunner.java:70)
	at org.junit.runners.BlockJUnit4ClassRunner.runChild(BlockJUnit4ClassRunner.java:50)
	at org.junit.runners.ParentRunner$3.run(ParentRunner.java:238)
	at org.junit.runners.ParentRunner$1.schedule(ParentRunner.java:63)
	at org.junit.runners.ParentRunner.runChildren(ParentRunner.java:236)
	at org.junit.runners.ParentRunner.access$000(ParentRunner.java:53)
	at org.junit.runners.ParentRunner$2.evaluate(ParentRunner.java:229)
	at org.junit.runners.ParentRunner.run(ParentRunner.java:309)
	at org.junit.runners.Suite.runChild(Suite.java:127)
	at org.junit.runners.Suite.runChild(Suite.java:26)
	at org.junit.runners.ParentRunner$3.run(ParentRunner.java:238)
	at org.junit.runners.ParentRunner$1.schedule(ParentRunner.java:63)
	at org.junit.runners.ParentRunner.runChildren(ParentRunner.java:236)
	at org.junit.runners.ParentRunner.access$000(ParentRunner.java:53)
	at org.junit.runners.ParentRunner$2.evaluate(ParentRunner.java:229)
	at org.junit.runners.ParentRunner.run(ParentRunner.java:309)
	at org.junit.runner.JUnitCore.run(JUnitCore.java:160)
	at org.junit.runner.JUnitCore.run(JUnitCore.java:138)
	at com.novocode.junit.JUnitRunner$1.execute(JUnitRunner.java:132)
	at sbt.ForkMain$Run.lambda$runTest$1(ForkMain.java:304)
	at java.util.concurrent.FutureTask.run(FutureTask.java:266)
	at java.util.concurrent.ThreadPoolExecutor.runWorker(ThreadPoolExecutor.java:1149)
	at java.util.concurrent.ThreadPoolExecutor$Worker.run(ThreadPoolExecutor.java:624)
	at java.lang.Thread.run(Thread.java:748)
</failure>
                                               </testcase><testcase classname="miniscala.test.CPSOptimizer_Blackbox" name="testLibLists12" time="0.034">
                                                 <failure message="java.util.NoSuchElementException: key not found: c" type="sbt.ForkMain$ForkError">sbt.ForkMain$ForkError: java.util.NoSuchElementException: key not found: c
	at scala.collection.immutable.Map$EmptyMap$.apply(Map.scala:101)
	at scala.collection.immutable.Map$EmptyMap$.apply(Map.scala:99)
	at miniscala.CPSOptimizer.$anonfun$shrink$1(CPSOptimizer.scala:114)
	at scala.collection.TraversableLike.$anonfun$map$1(TraversableLike.scala:238)
	at scala.collection.immutable.List.foreach(List.scala:392)
	at scala.collection.TraversableLike.map(TraversableLike.scala:238)
	at scala.collection.TraversableLike.map$(TraversableLike.scala:231)
	at scala.collection.immutable.List.map(List.scala:298)
	at miniscala.CPSOptimizer.shrinkT$1(CPSOptimizer.scala:114)
	at miniscala.CPSOptimizer.$anonfun$shrink$4(CPSOptimizer.scala:143)
	at scala.collection.TraversableLike.$anonfun$map$1(TraversableLike.scala:238)
	at scala.collection.immutable.List.foreach(List.scala:392)
	at scala.collection.TraversableLike.map(TraversableLike.scala:238)
	at scala.collection.TraversableLike.map$(TraversableLike.scala:231)
	at scala.collection.immutable.List.map(List.scala:298)
	at miniscala.CPSOptimizer.shrinkT$1(CPSOptimizer.scala:143)
	at miniscala.CPSOptimizer.shrink(CPSOptimizer.scala:168)
	at miniscala.CPSOptimizer.$anonfun$apply$1(CPSOptimizer.scala:10)
	at scala.collection.immutable.Stream$.$anonfun$iterate$1(Stream.scala:1207)
	at scala.collection.immutable.Stream$Cons.tail(Stream.scala:1171)
	at scala.collection.immutable.Stream$Cons.tail(Stream.scala:1161)
	at scala.collection.immutable.Stream.$anonfun$take$2(Stream.scala:792)
	at scala.collection.immutable.Stream$Cons.tail(Stream.scala:1171)
	at scala.collection.immutable.Stream$Cons.tail(Stream.scala:1161)
	at miniscala.package$.fixedPoint(package.scala:4)
	at miniscala.package$.fixedPoint(package.scala:9)
	at miniscala.CPSOptimizer.apply(CPSOptimizer.scala:10)
	at miniscala.CPSOptimizerHigh$.apply(CPSOptimizer.scala:279)
	at scala.Function1.$anonfun$andThen$1(Function1.scala:57)
	at scala.Function1.$anonfun$andThen$1(Function1.scala:57)
	at scala.Function1.$anonfun$andThen$1(Function1.scala:57)
	at scala.Function1.$anonfun$andThen$1(Function1.scala:57)
	at scala.Function1.$anonfun$andThen$1(Function1.scala:57)
	at scala.Function1.$anonfun$andThen$1(Function1.scala:57)
	at miniscala.test.infrastructure.CompilerTest.compileInner(CompilerTest.scala:37)
	at miniscala.test.infrastructure.CompilerTest.$anonfun$compileUsingPipelineAndRedirect$1(CompilerTest.scala:44)
	at miniscala.test.infrastructure.SandboxedTest$$anon$1.run(SandboxedTest.scala:24)
	at java.security.AccessController.doPrivileged(Native Method)
	at miniscala.test.infrastructure.SandboxedTest.sandboxedTest(SandboxedTest.scala:34)
	at miniscala.test.infrastructure.SandboxedTest.sandboxedTestWithRedirectedIO(SandboxedTest.scala:45)
	at miniscala.test.infrastructure.CompilerTest.compileUsingPipelineAndRedirect(CompilerTest.scala:44)
	at miniscala.test.infrastructure.CompilerTest.compileUsingPipelineAndRedirect$(CompilerTest.scala:43)
	at miniscala.test.infrastructure.CPSTest.compileUsingPipelineAndRedirect(CPSTest.scala:11)
	at miniscala.test.infrastructure.CPSOptTest.testCPSLowProgramOutput(CPSOptTest.scala:91)
	at miniscala.test.CPSOptimizer_Blackbox.$anonfun$compileAndInterpret$1(CPSOptimizer_Blackbox.scala:9)
	at miniscala.test.CPSOptimizer_Blackbox.$anonfun$compileAndInterpret$1$adapted(CPSOptimizer_Blackbox.scala:9)
	at miniscala.test.ok.LibraryOKTests.$anonfun$compileAndInterpretWithLib$1(LibraryOKTests.scala:19)
	at miniscala.test.ok.LibraryOKTests.$anonfun$compileAndInterpretWithLib$1$adapted(LibraryOKTests.scala:19)
	at miniscala.test.ok.LibraryOKTests.testLibLists12(LibraryOKTests.scala:121)
	at miniscala.test.ok.LibraryOKTests.testLibLists12$(LibraryOKTests.scala:120)
	at miniscala.test.CPSOptimizer_Blackbox.testLibLists12(CPSOptimizer_Blackbox.scala:7)
	at sun.reflect.NativeMethodAccessorImpl.invoke0(Native Method)
	at sun.reflect.NativeMethodAccessorImpl.invoke(NativeMethodAccessorImpl.java:62)
	at sun.reflect.DelegatingMethodAccessorImpl.invoke(DelegatingMethodAccessorImpl.java:43)
	at java.lang.reflect.Method.invoke(Method.java:498)
	at org.junit.runners.model.FrameworkMethod$1.runReflectiveCall(FrameworkMethod.java:47)
	at org.junit.internal.runners.model.ReflectiveCallable.run(ReflectiveCallable.java:12)
	at org.junit.runners.model.FrameworkMethod.invokeExplosively(FrameworkMethod.java:44)
	at org.junit.internal.runners.statements.InvokeMethod.evaluate(InvokeMethod.java:17)
	at org.junit.runners.ParentRunner.runLeaf(ParentRunner.java:271)
	at org.junit.runners.BlockJUnit4ClassRunner.runChild(BlockJUnit4ClassRunner.java:70)
	at org.junit.runners.BlockJUnit4ClassRunner.runChild(BlockJUnit4ClassRunner.java:50)
	at org.junit.runners.ParentRunner$3.run(ParentRunner.java:238)
	at org.junit.runners.ParentRunner$1.schedule(ParentRunner.java:63)
	at org.junit.runners.ParentRunner.runChildren(ParentRunner.java:236)
	at org.junit.runners.ParentRunner.access$000(ParentRunner.java:53)
	at org.junit.runners.ParentRunner$2.evaluate(ParentRunner.java:229)
	at org.junit.runners.ParentRunner.run(ParentRunner.java:309)
	at org.junit.runners.Suite.runChild(Suite.java:127)
	at org.junit.runners.Suite.runChild(Suite.java:26)
	at org.junit.runners.ParentRunner$3.run(ParentRunner.java:238)
	at org.junit.runners.ParentRunner$1.schedule(ParentRunner.java:63)
	at org.junit.runners.ParentRunner.runChildren(ParentRunner.java:236)
	at org.junit.runners.ParentRunner.access$000(ParentRunner.java:53)
	at org.junit.runners.ParentRunner$2.evaluate(ParentRunner.java:229)
	at org.junit.runners.ParentRunner.run(ParentRunner.java:309)
	at org.junit.runner.JUnitCore.run(JUnitCore.java:160)
	at org.junit.runner.JUnitCore.run(JUnitCore.java:138)
	at com.novocode.junit.JUnitRunner$1.execute(JUnitRunner.java:132)
	at sbt.ForkMain$Run.lambda$runTest$1(ForkMain.java:304)
	at java.util.concurrent.FutureTask.run(FutureTask.java:266)
	at java.util.concurrent.ThreadPoolExecutor.runWorker(ThreadPoolExecutor.java:1149)
	at java.util.concurrent.ThreadPoolExecutor$Worker.run(ThreadPoolExecutor.java:624)
	at java.lang.Thread.run(Thread.java:748)
</failure>
                                               </testcase><testcase classname="miniscala.test.CPSOptimizer_Blackbox" name="testLibLists13" time="0.04">
                                                 <failure message="java.util.NoSuchElementException: key not found: c" type="sbt.ForkMain$ForkError">sbt.ForkMain$ForkError: java.util.NoSuchElementException: key not found: c
	at scala.collection.immutable.Map$EmptyMap$.apply(Map.scala:101)
	at scala.collection.immutable.Map$EmptyMap$.apply(Map.scala:99)
	at miniscala.CPSOptimizer.$anonfun$shrink$1(CPSOptimizer.scala:114)
	at scala.collection.TraversableLike.$anonfun$map$1(TraversableLike.scala:238)
	at scala.collection.immutable.List.foreach(List.scala:392)
	at scala.collection.TraversableLike.map(TraversableLike.scala:238)
	at scala.collection.TraversableLike.map$(TraversableLike.scala:231)
	at scala.collection.immutable.List.map(List.scala:298)
	at miniscala.CPSOptimizer.shrinkT$1(CPSOptimizer.scala:114)
	at miniscala.CPSOptimizer.$anonfun$shrink$4(CPSOptimizer.scala:143)
	at scala.collection.TraversableLike.$anonfun$map$1(TraversableLike.scala:238)
	at scala.collection.immutable.List.foreach(List.scala:392)
	at scala.collection.TraversableLike.map(TraversableLike.scala:238)
	at scala.collection.TraversableLike.map$(TraversableLike.scala:231)
	at scala.collection.immutable.List.map(List.scala:298)
	at miniscala.CPSOptimizer.shrinkT$1(CPSOptimizer.scala:143)
	at miniscala.CPSOptimizer.shrink(CPSOptimizer.scala:168)
	at miniscala.CPSOptimizer.$anonfun$apply$1(CPSOptimizer.scala:10)
	at scala.collection.immutable.Stream$.$anonfun$iterate$1(Stream.scala:1207)
	at scala.collection.immutable.Stream$Cons.tail(Stream.scala:1171)
	at scala.collection.immutable.Stream$Cons.tail(Stream.scala:1161)
	at scala.collection.immutable.Stream.$anonfun$take$2(Stream.scala:792)
	at scala.collection.immutable.Stream$Cons.tail(Stream.scala:1171)
	at scala.collection.immutable.Stream$Cons.tail(Stream.scala:1161)
	at miniscala.package$.fixedPoint(package.scala:4)
	at miniscala.package$.fixedPoint(package.scala:9)
	at miniscala.CPSOptimizer.apply(CPSOptimizer.scala:10)
	at miniscala.CPSOptimizerHigh$.apply(CPSOptimizer.scala:279)
	at scala.Function1.$anonfun$andThen$1(Function1.scala:57)
	at scala.Function1.$anonfun$andThen$1(Function1.scala:57)
	at scala.Function1.$anonfun$andThen$1(Function1.scala:57)
	at scala.Function1.$anonfun$andThen$1(Function1.scala:57)
	at scala.Function1.$anonfun$andThen$1(Function1.scala:57)
	at scala.Function1.$anonfun$andThen$1(Function1.scala:57)
	at miniscala.test.infrastructure.CompilerTest.compileInner(CompilerTest.scala:37)
	at miniscala.test.infrastructure.CompilerTest.$anonfun$compileUsingPipelineAndRedirect$1(CompilerTest.scala:44)
	at miniscala.test.infrastructure.SandboxedTest$$anon$1.run(SandboxedTest.scala:24)
	at java.security.AccessController.doPrivileged(Native Method)
	at miniscala.test.infrastructure.SandboxedTest.sandboxedTest(SandboxedTest.scala:34)
	at miniscala.test.infrastructure.SandboxedTest.sandboxedTestWithRedirectedIO(SandboxedTest.scala:45)
	at miniscala.test.infrastructure.CompilerTest.compileUsingPipelineAndRedirect(CompilerTest.scala:44)
	at miniscala.test.infrastructure.CompilerTest.compileUsingPipelineAndRedirect$(CompilerTest.scala:43)
	at miniscala.test.infrastructure.CPSTest.compileUsingPipelineAndRedirect(CPSTest.scala:11)
	at miniscala.test.infrastructure.CPSOptTest.testCPSLowProgramOutput(CPSOptTest.scala:91)
	at miniscala.test.CPSOptimizer_Blackbox.$anonfun$compileAndInterpret$1(CPSOptimizer_Blackbox.scala:9)
	at miniscala.test.CPSOptimizer_Blackbox.$anonfun$compileAndInterpret$1$adapted(CPSOptimizer_Blackbox.scala:9)
	at miniscala.test.ok.LibraryOKTests.$anonfun$compileAndInterpretWithLib$1(LibraryOKTests.scala:19)
	at miniscala.test.ok.LibraryOKTests.$anonfun$compileAndInterpretWithLib$1$adapted(LibraryOKTests.scala:19)
	at miniscala.test.ok.LibraryOKTests.testLibLists13(LibraryOKTests.scala:127)
	at miniscala.test.ok.LibraryOKTests.testLibLists13$(LibraryOKTests.scala:126)
	at miniscala.test.CPSOptimizer_Blackbox.testLibLists13(CPSOptimizer_Blackbox.scala:7)
	at sun.reflect.NativeMethodAccessorImpl.invoke0(Native Method)
	at sun.reflect.NativeMethodAccessorImpl.invoke(NativeMethodAccessorImpl.java:62)
	at sun.reflect.DelegatingMethodAccessorImpl.invoke(DelegatingMethodAccessorImpl.java:43)
	at java.lang.reflect.Method.invoke(Method.java:498)
	at org.junit.runners.model.FrameworkMethod$1.runReflectiveCall(FrameworkMethod.java:47)
	at org.junit.internal.runners.model.ReflectiveCallable.run(ReflectiveCallable.java:12)
	at org.junit.runners.model.FrameworkMethod.invokeExplosively(FrameworkMethod.java:44)
	at org.junit.internal.runners.statements.InvokeMethod.evaluate(InvokeMethod.java:17)
	at org.junit.runners.ParentRunner.runLeaf(ParentRunner.java:271)
	at org.junit.runners.BlockJUnit4ClassRunner.runChild(BlockJUnit4ClassRunner.java:70)
	at org.junit.runners.BlockJUnit4ClassRunner.runChild(BlockJUnit4ClassRunner.java:50)
	at org.junit.runners.ParentRunner$3.run(ParentRunner.java:238)
	at org.junit.runners.ParentRunner$1.schedule(ParentRunner.java:63)
	at org.junit.runners.ParentRunner.runChildren(ParentRunner.java:236)
	at org.junit.runners.ParentRunner.access$000(ParentRunner.java:53)
	at org.junit.runners.ParentRunner$2.evaluate(ParentRunner.java:229)
	at org.junit.runners.ParentRunner.run(ParentRunner.java:309)
	at org.junit.runners.Suite.runChild(Suite.java:127)
	at org.junit.runners.Suite.runChild(Suite.java:26)
	at org.junit.runners.ParentRunner$3.run(ParentRunner.java:238)
	at org.junit.runners.ParentRunner$1.schedule(ParentRunner.java:63)
	at org.junit.runners.ParentRunner.runChildren(ParentRunner.java:236)
	at org.junit.runners.ParentRunner.access$000(ParentRunner.java:53)
	at org.junit.runners.ParentRunner$2.evaluate(ParentRunner.java:229)
	at org.junit.runners.ParentRunner.run(ParentRunner.java:309)
	at org.junit.runner.JUnitCore.run(JUnitCore.java:160)
	at org.junit.runner.JUnitCore.run(JUnitCore.java:138)
	at com.novocode.junit.JUnitRunner$1.execute(JUnitRunner.java:132)
	at sbt.ForkMain$Run.lambda$runTest$1(ForkMain.java:304)
	at java.util.concurrent.FutureTask.run(FutureTask.java:266)
	at java.util.concurrent.ThreadPoolExecutor.runWorker(ThreadPoolExecutor.java:1149)
	at java.util.concurrent.ThreadPoolExecutor$Worker.run(ThreadPoolExecutor.java:624)
	at java.lang.Thread.run(Thread.java:748)
</failure>
                                               </testcase><testcase classname="miniscala.test.CPSOptimizer_Blackbox" name="testConditional1" time="0.008">
                                                 <failure message="scala.MatchError: Halt(c0_14) (of class miniscala.CPSTreeModule$Halt)" type="sbt.ForkMain$ForkError">sbt.ForkMain$ForkError: scala.MatchError: Halt(c0_14) (of class miniscala.CPSTreeModule$Halt)
	at miniscala.CPSOptimizer.shrinkT$1(CPSOptimizer.scala:93)
	at miniscala.CPSOptimizer.shrinkT$1(CPSOptimizer.scala:102)
	at miniscala.CPSOptimizer.shrinkT$1(CPSOptimizer.scala:127)
	at miniscala.CPSOptimizer.shrinkT$1(CPSOptimizer.scala:115)
	at miniscala.CPSOptimizer.shrinkT$1(CPSOptimizer.scala:102)
	at miniscala.CPSOptimizer.$anonfun$shrink$6(CPSOptimizer.scala:148)
	at scala.collection.TraversableLike.$anonfun$map$1(TraversableLike.scala:238)
	at scala.collection.immutable.List.foreach(List.scala:392)
	at scala.collection.TraversableLike.map(TraversableLike.scala:238)
	at scala.collection.TraversableLike.map$(TraversableLike.scala:231)
	at scala.collection.immutable.List.map(List.scala:298)
	at miniscala.CPSOptimizer.shrinkT$1(CPSOptimizer.scala:148)
	at miniscala.CPSOptimizer.$anonfun$shrink$6(CPSOptimizer.scala:148)
	at scala.collection.TraversableLike.$anonfun$map$1(TraversableLike.scala:238)
	at scala.collection.immutable.List.foreach(List.scala:392)
	at scala.collection.TraversableLike.map(TraversableLike.scala:238)
	at scala.collection.TraversableLike.map$(TraversableLike.scala:231)
	at scala.collection.immutable.List.map(List.scala:298)
	at miniscala.CPSOptimizer.shrinkT$1(CPSOptimizer.scala:148)
	at miniscala.CPSOptimizer.shrink(CPSOptimizer.scala:168)
	at miniscala.CPSOptimizer.$anonfun$apply$1(CPSOptimizer.scala:10)
	at scala.collection.immutable.Stream$.$anonfun$iterate$1(Stream.scala:1207)
	at scala.collection.immutable.Stream$Cons.tail(Stream.scala:1171)
	at scala.collection.immutable.Stream$Cons.tail(Stream.scala:1161)
	at scala.collection.immutable.Stream.$anonfun$take$2(Stream.scala:792)
	at scala.collection.immutable.Stream$Cons.tail(Stream.scala:1171)
	at scala.collection.immutable.Stream$Cons.tail(Stream.scala:1161)
	at miniscala.package$.fixedPoint(package.scala:4)
	at miniscala.package$.fixedPoint(package.scala:9)
	at miniscala.CPSOptimizer.apply(CPSOptimizer.scala:10)
	at miniscala.CPSOptimizerHigh$.apply(CPSOptimizer.scala:279)
	at scala.Function1.$anonfun$andThen$1(Function1.scala:57)
	at scala.Function1.$anonfun$andThen$1(Function1.scala:57)
	at scala.Function1.$anonfun$andThen$1(Function1.scala:57)
	at scala.Function1.$anonfun$andThen$1(Function1.scala:57)
	at scala.Function1.$anonfun$andThen$1(Function1.scala:57)
	at scala.Function1.$anonfun$andThen$1(Function1.scala:57)
	at miniscala.test.infrastructure.CompilerTest.compileInner(CompilerTest.scala:37)
	at miniscala.test.infrastructure.CompilerTest.$anonfun$compileUsingPipelineAndRedirect$1(CompilerTest.scala:44)
	at miniscala.test.infrastructure.SandboxedTest$$anon$1.run(SandboxedTest.scala:24)
	at java.security.AccessController.doPrivileged(Native Method)
	at miniscala.test.infrastructure.SandboxedTest.sandboxedTest(SandboxedTest.scala:34)
	at miniscala.test.infrastructure.SandboxedTest.sandboxedTestWithRedirectedIO(SandboxedTest.scala:45)
	at miniscala.test.infrastructure.CompilerTest.compileUsingPipelineAndRedirect(CompilerTest.scala:44)
	at miniscala.test.infrastructure.CompilerTest.compileUsingPipelineAndRedirect$(CompilerTest.scala:43)
	at miniscala.test.infrastructure.CPSTest.compileUsingPipelineAndRedirect(CPSTest.scala:11)
	at miniscala.test.infrastructure.CPSOptTest.testCPSLowProgramOutput(CPSOptTest.scala:91)
	at miniscala.test.CPSOptimizer_Blackbox.$anonfun$compileAndInterpret$1(CPSOptimizer_Blackbox.scala:9)
	at miniscala.test.CPSOptimizer_Blackbox.$anonfun$compileAndInterpret$1$adapted(CPSOptimizer_Blackbox.scala:9)
	at miniscala.test.ok.ConditionalOKTests.testConditional1(ConditionalOKTests.scala:8)
	at miniscala.test.ok.ConditionalOKTests.testConditional1$(ConditionalOKTests.scala:7)
	at miniscala.test.CPSOptimizer_Blackbox.testConditional1(CPSOptimizer_Blackbox.scala:7)
	at sun.reflect.NativeMethodAccessorImpl.invoke0(Native Method)
	at sun.reflect.NativeMethodAccessorImpl.invoke(NativeMethodAccessorImpl.java:62)
	at sun.reflect.DelegatingMethodAccessorImpl.invoke(DelegatingMethodAccessorImpl.java:43)
	at java.lang.reflect.Method.invoke(Method.java:498)
	at org.junit.runners.model.FrameworkMethod$1.runReflectiveCall(FrameworkMethod.java:47)
	at org.junit.internal.runners.model.ReflectiveCallable.run(ReflectiveCallable.java:12)
	at org.junit.runners.model.FrameworkMethod.invokeExplosively(FrameworkMethod.java:44)
	at org.junit.internal.runners.statements.InvokeMethod.evaluate(InvokeMethod.java:17)
	at org.junit.runners.ParentRunner.runLeaf(ParentRunner.java:271)
	at org.junit.runners.BlockJUnit4ClassRunner.runChild(BlockJUnit4ClassRunner.java:70)
	at org.junit.runners.BlockJUnit4ClassRunner.runChild(BlockJUnit4ClassRunner.java:50)
	at org.junit.runners.ParentRunner$3.run(ParentRunner.java:238)
	at org.junit.runners.ParentRunner$1.schedule(ParentRunner.java:63)
	at org.junit.runners.ParentRunner.runChildren(ParentRunner.java:236)
	at org.junit.runners.ParentRunner.access$000(ParentRunner.java:53)
	at org.junit.runners.ParentRunner$2.evaluate(ParentRunner.java:229)
	at org.junit.runners.ParentRunner.run(ParentRunner.java:309)
	at org.junit.runners.Suite.runChild(Suite.java:127)
	at org.junit.runners.Suite.runChild(Suite.java:26)
	at org.junit.runners.ParentRunner$3.run(ParentRunner.java:238)
	at org.junit.runners.ParentRunner$1.schedule(ParentRunner.java:63)
	at org.junit.runners.ParentRunner.runChildren(ParentRunner.java:236)
	at org.junit.runners.ParentRunner.access$000(ParentRunner.java:53)
	at org.junit.runners.ParentRunner$2.evaluate(ParentRunner.java:229)
	at org.junit.runners.ParentRunner.run(ParentRunner.java:309)
	at org.junit.runner.JUnitCore.run(JUnitCore.java:160)
	at org.junit.runner.JUnitCore.run(JUnitCore.java:138)
	at com.novocode.junit.JUnitRunner$1.execute(JUnitRunner.java:132)
	at sbt.ForkMain$Run.lambda$runTest$1(ForkMain.java:304)
	at java.util.concurrent.FutureTask.run(FutureTask.java:266)
	at java.util.concurrent.ThreadPoolExecutor.runWorker(ThreadPoolExecutor.java:1149)
	at java.util.concurrent.ThreadPoolExecutor$Worker.run(ThreadPoolExecutor.java:624)
	at java.lang.Thread.run(Thread.java:748)
</failure>
                                               </testcase><testcase classname="miniscala.test.CPSOptimizer_Blackbox" name="testConditional2" time="0.002">
                                                 <failure message="scala.MatchError: Halt(c0_15) (of class miniscala.CPSTreeModule$Halt)" type="sbt.ForkMain$ForkError">sbt.ForkMain$ForkError: scala.MatchError: Halt(c0_15) (of class miniscala.CPSTreeModule$Halt)
	at miniscala.CPSOptimizer.shrinkT$1(CPSOptimizer.scala:93)
	at miniscala.CPSOptimizer.shrinkT$1(CPSOptimizer.scala:102)
	at miniscala.CPSOptimizer.shrinkT$1(CPSOptimizer.scala:127)
	at miniscala.CPSOptimizer.shrinkT$1(CPSOptimizer.scala:115)
	at miniscala.CPSOptimizer.shrinkT$1(CPSOptimizer.scala:102)
	at miniscala.CPSOptimizer.$anonfun$shrink$6(CPSOptimizer.scala:148)
	at scala.collection.TraversableLike.$anonfun$map$1(TraversableLike.scala:238)
	at scala.collection.immutable.List.foreach(List.scala:392)
	at scala.collection.TraversableLike.map(TraversableLike.scala:238)
	at scala.collection.TraversableLike.map$(TraversableLike.scala:231)
	at scala.collection.immutable.List.map(List.scala:298)
	at miniscala.CPSOptimizer.shrinkT$1(CPSOptimizer.scala:148)
	at miniscala.CPSOptimizer.$anonfun$shrink$6(CPSOptimizer.scala:148)
	at scala.collection.TraversableLike.$anonfun$map$1(TraversableLike.scala:238)
	at scala.collection.immutable.List.foreach(List.scala:392)
	at scala.collection.TraversableLike.map(TraversableLike.scala:238)
	at scala.collection.TraversableLike.map$(TraversableLike.scala:231)
	at scala.collection.immutable.List.map(List.scala:298)
	at miniscala.CPSOptimizer.shrinkT$1(CPSOptimizer.scala:148)
	at miniscala.CPSOptimizer.shrink(CPSOptimizer.scala:168)
	at miniscala.CPSOptimizer.$anonfun$apply$1(CPSOptimizer.scala:10)
	at scala.collection.immutable.Stream$.$anonfun$iterate$1(Stream.scala:1207)
	at scala.collection.immutable.Stream$Cons.tail(Stream.scala:1171)
	at scala.collection.immutable.Stream$Cons.tail(Stream.scala:1161)
	at scala.collection.immutable.Stream.$anonfun$take$2(Stream.scala:792)
	at scala.collection.immutable.Stream$Cons.tail(Stream.scala:1171)
	at scala.collection.immutable.Stream$Cons.tail(Stream.scala:1161)
	at miniscala.package$.fixedPoint(package.scala:4)
	at miniscala.package$.fixedPoint(package.scala:9)
	at miniscala.CPSOptimizer.apply(CPSOptimizer.scala:10)
	at miniscala.CPSOptimizerHigh$.apply(CPSOptimizer.scala:279)
	at scala.Function1.$anonfun$andThen$1(Function1.scala:57)
	at scala.Function1.$anonfun$andThen$1(Function1.scala:57)
	at scala.Function1.$anonfun$andThen$1(Function1.scala:57)
	at scala.Function1.$anonfun$andThen$1(Function1.scala:57)
	at scala.Function1.$anonfun$andThen$1(Function1.scala:57)
	at scala.Function1.$anonfun$andThen$1(Function1.scala:57)
	at miniscala.test.infrastructure.CompilerTest.compileInner(CompilerTest.scala:37)
	at miniscala.test.infrastructure.CompilerTest.$anonfun$compileUsingPipelineAndRedirect$1(CompilerTest.scala:44)
	at miniscala.test.infrastructure.SandboxedTest$$anon$1.run(SandboxedTest.scala:24)
	at java.security.AccessController.doPrivileged(Native Method)
	at miniscala.test.infrastructure.SandboxedTest.sandboxedTest(SandboxedTest.scala:34)
	at miniscala.test.infrastructure.SandboxedTest.sandboxedTestWithRedirectedIO(SandboxedTest.scala:45)
	at miniscala.test.infrastructure.CompilerTest.compileUsingPipelineAndRedirect(CompilerTest.scala:44)
	at miniscala.test.infrastructure.CompilerTest.compileUsingPipelineAndRedirect$(CompilerTest.scala:43)
	at miniscala.test.infrastructure.CPSTest.compileUsingPipelineAndRedirect(CPSTest.scala:11)
	at miniscala.test.infrastructure.CPSOptTest.testCPSLowProgramOutput(CPSOptTest.scala:91)
	at miniscala.test.CPSOptimizer_Blackbox.$anonfun$compileAndInterpret$1(CPSOptimizer_Blackbox.scala:9)
	at miniscala.test.CPSOptimizer_Blackbox.$anonfun$compileAndInterpret$1$adapted(CPSOptimizer_Blackbox.scala:9)
	at miniscala.test.ok.ConditionalOKTests.testConditional2(ConditionalOKTests.scala:15)
	at miniscala.test.ok.ConditionalOKTests.testConditional2$(ConditionalOKTests.scala:14)
	at miniscala.test.CPSOptimizer_Blackbox.testConditional2(CPSOptimizer_Blackbox.scala:7)
	at sun.reflect.NativeMethodAccessorImpl.invoke0(Native Method)
	at sun.reflect.NativeMethodAccessorImpl.invoke(NativeMethodAccessorImpl.java:62)
	at sun.reflect.DelegatingMethodAccessorImpl.invoke(DelegatingMethodAccessorImpl.java:43)
	at java.lang.reflect.Method.invoke(Method.java:498)
	at org.junit.runners.model.FrameworkMethod$1.runReflectiveCall(FrameworkMethod.java:47)
	at org.junit.internal.runners.model.ReflectiveCallable.run(ReflectiveCallable.java:12)
	at org.junit.runners.model.FrameworkMethod.invokeExplosively(FrameworkMethod.java:44)
	at org.junit.internal.runners.statements.InvokeMethod.evaluate(InvokeMethod.java:17)
	at org.junit.runners.ParentRunner.runLeaf(ParentRunner.java:271)
	at org.junit.runners.BlockJUnit4ClassRunner.runChild(BlockJUnit4ClassRunner.java:70)
	at org.junit.runners.BlockJUnit4ClassRunner.runChild(BlockJUnit4ClassRunner.java:50)
	at org.junit.runners.ParentRunner$3.run(ParentRunner.java:238)
	at org.junit.runners.ParentRunner$1.schedule(ParentRunner.java:63)
	at org.junit.runners.ParentRunner.runChildren(ParentRunner.java:236)
	at org.junit.runners.ParentRunner.access$000(ParentRunner.java:53)
	at org.junit.runners.ParentRunner$2.evaluate(ParentRunner.java:229)
	at org.junit.runners.ParentRunner.run(ParentRunner.java:309)
	at org.junit.runners.Suite.runChild(Suite.java:127)
	at org.junit.runners.Suite.runChild(Suite.java:26)
	at org.junit.runners.ParentRunner$3.run(ParentRunner.java:238)
	at org.junit.runners.ParentRunner$1.schedule(ParentRunner.java:63)
	at org.junit.runners.ParentRunner.runChildren(ParentRunner.java:236)
	at org.junit.runners.ParentRunner.access$000(ParentRunner.java:53)
	at org.junit.runners.ParentRunner$2.evaluate(ParentRunner.java:229)
	at org.junit.runners.ParentRunner.run(ParentRunner.java:309)
	at org.junit.runner.JUnitCore.run(JUnitCore.java:160)
	at org.junit.runner.JUnitCore.run(JUnitCore.java:138)
	at com.novocode.junit.JUnitRunner$1.execute(JUnitRunner.java:132)
	at sbt.ForkMain$Run.lambda$runTest$1(ForkMain.java:304)
	at java.util.concurrent.FutureTask.run(FutureTask.java:266)
	at java.util.concurrent.ThreadPoolExecutor.runWorker(ThreadPoolExecutor.java:1149)
	at java.util.concurrent.ThreadPoolExecutor$Worker.run(ThreadPoolExecutor.java:624)
	at java.lang.Thread.run(Thread.java:748)
</failure>
                                               </testcase><testcase classname="miniscala.test.CPSOptimizer_Blackbox" name="testConditional4" time="0.001">
                                                 <failure message="scala.MatchError: Halt(c0_16) (of class miniscala.CPSTreeModule$Halt)" type="sbt.ForkMain$ForkError">sbt.ForkMain$ForkError: scala.MatchError: Halt(c0_16) (of class miniscala.CPSTreeModule$Halt)
	at miniscala.CPSOptimizer.shrinkT$1(CPSOptimizer.scala:93)
	at miniscala.CPSOptimizer.shrinkT$1(CPSOptimizer.scala:102)
	at miniscala.CPSOptimizer.$anonfun$shrink$6(CPSOptimizer.scala:148)
	at scala.collection.TraversableLike.$anonfun$map$1(TraversableLike.scala:238)
	at scala.collection.immutable.List.foreach(List.scala:392)
	at scala.collection.TraversableLike.map(TraversableLike.scala:238)
	at scala.collection.TraversableLike.map$(TraversableLike.scala:231)
	at scala.collection.immutable.List.map(List.scala:298)
	at miniscala.CPSOptimizer.shrinkT$1(CPSOptimizer.scala:148)
	at miniscala.CPSOptimizer.shrink(CPSOptimizer.scala:168)
	at miniscala.CPSOptimizer.$anonfun$apply$1(CPSOptimizer.scala:10)
	at scala.collection.immutable.Stream$.$anonfun$iterate$1(Stream.scala:1207)
	at scala.collection.immutable.Stream$Cons.tail(Stream.scala:1171)
	at scala.collection.immutable.Stream$Cons.tail(Stream.scala:1161)
	at scala.collection.immutable.Stream.$anonfun$take$2(Stream.scala:792)
	at scala.collection.immutable.Stream$Cons.tail(Stream.scala:1171)
	at scala.collection.immutable.Stream$Cons.tail(Stream.scala:1161)
	at miniscala.package$.fixedPoint(package.scala:4)
	at miniscala.package$.fixedPoint(package.scala:9)
	at miniscala.CPSOptimizer.apply(CPSOptimizer.scala:10)
	at miniscala.CPSOptimizerHigh$.apply(CPSOptimizer.scala:279)
	at scala.Function1.$anonfun$andThen$1(Function1.scala:57)
	at scala.Function1.$anonfun$andThen$1(Function1.scala:57)
	at scala.Function1.$anonfun$andThen$1(Function1.scala:57)
	at scala.Function1.$anonfun$andThen$1(Function1.scala:57)
	at scala.Function1.$anonfun$andThen$1(Function1.scala:57)
	at scala.Function1.$anonfun$andThen$1(Function1.scala:57)
	at miniscala.test.infrastructure.CompilerTest.compileInner(CompilerTest.scala:37)
	at miniscala.test.infrastructure.CompilerTest.$anonfun$compileUsingPipelineAndRedirect$1(CompilerTest.scala:44)
	at miniscala.test.infrastructure.SandboxedTest$$anon$1.run(SandboxedTest.scala:24)
	at java.security.AccessController.doPrivileged(Native Method)
	at miniscala.test.infrastructure.SandboxedTest.sandboxedTest(SandboxedTest.scala:34)
	at miniscala.test.infrastructure.SandboxedTest.sandboxedTestWithRedirectedIO(SandboxedTest.scala:45)
	at miniscala.test.infrastructure.CompilerTest.compileUsingPipelineAndRedirect(CompilerTest.scala:44)
	at miniscala.test.infrastructure.CompilerTest.compileUsingPipelineAndRedirect$(CompilerTest.scala:43)
	at miniscala.test.infrastructure.CPSTest.compileUsingPipelineAndRedirect(CPSTest.scala:11)
	at miniscala.test.infrastructure.CPSOptTest.testCPSLowProgramOutput(CPSOptTest.scala:91)
	at miniscala.test.CPSOptimizer_Blackbox.$anonfun$compileAndInterpret$1(CPSOptimizer_Blackbox.scala:9)
	at miniscala.test.CPSOptimizer_Blackbox.$anonfun$compileAndInterpret$1$adapted(CPSOptimizer_Blackbox.scala:9)
	at miniscala.test.ok.ConditionalOKTests.testConditional4(ConditionalOKTests.scala:39)
	at miniscala.test.ok.ConditionalOKTests.testConditional4$(ConditionalOKTests.scala:38)
	at miniscala.test.CPSOptimizer_Blackbox.testConditional4(CPSOptimizer_Blackbox.scala:7)
	at sun.reflect.NativeMethodAccessorImpl.invoke0(Native Method)
	at sun.reflect.NativeMethodAccessorImpl.invoke(NativeMethodAccessorImpl.java:62)
	at sun.reflect.DelegatingMethodAccessorImpl.invoke(DelegatingMethodAccessorImpl.java:43)
	at java.lang.reflect.Method.invoke(Method.java:498)
	at org.junit.runners.model.FrameworkMethod$1.runReflectiveCall(FrameworkMethod.java:47)
	at org.junit.internal.runners.model.ReflectiveCallable.run(ReflectiveCallable.java:12)
	at org.junit.runners.model.FrameworkMethod.invokeExplosively(FrameworkMethod.java:44)
	at org.junit.internal.runners.statements.InvokeMethod.evaluate(InvokeMethod.java:17)
	at org.junit.runners.ParentRunner.runLeaf(ParentRunner.java:271)
	at org.junit.runners.BlockJUnit4ClassRunner.runChild(BlockJUnit4ClassRunner.java:70)
	at org.junit.runners.BlockJUnit4ClassRunner.runChild(BlockJUnit4ClassRunner.java:50)
	at org.junit.runners.ParentRunner$3.run(ParentRunner.java:238)
	at org.junit.runners.ParentRunner$1.schedule(ParentRunner.java:63)
	at org.junit.runners.ParentRunner.runChildren(ParentRunner.java:236)
	at org.junit.runners.ParentRunner.access$000(ParentRunner.java:53)
	at org.junit.runners.ParentRunner$2.evaluate(ParentRunner.java:229)
	at org.junit.runners.ParentRunner.run(ParentRunner.java:309)
	at org.junit.runners.Suite.runChild(Suite.java:127)
	at org.junit.runners.Suite.runChild(Suite.java:26)
	at org.junit.runners.ParentRunner$3.run(ParentRunner.java:238)
	at org.junit.runners.ParentRunner$1.schedule(ParentRunner.java:63)
	at org.junit.runners.ParentRunner.runChildren(ParentRunner.java:236)
	at org.junit.runners.ParentRunner.access$000(ParentRunner.java:53)
	at org.junit.runners.ParentRunner$2.evaluate(ParentRunner.java:229)
	at org.junit.runners.ParentRunner.run(ParentRunner.java:309)
	at org.junit.runner.JUnitCore.run(JUnitCore.java:160)
	at org.junit.runner.JUnitCore.run(JUnitCore.java:138)
	at com.novocode.junit.JUnitRunner$1.execute(JUnitRunner.java:132)
	at sbt.ForkMain$Run.lambda$runTest$1(ForkMain.java:304)
	at java.util.concurrent.FutureTask.run(FutureTask.java:266)
	at java.util.concurrent.ThreadPoolExecutor.runWorker(ThreadPoolExecutor.java:1149)
	at java.util.concurrent.ThreadPoolExecutor$Worker.run(ThreadPoolExecutor.java:624)
	at java.lang.Thread.run(Thread.java:748)
</failure>
                                               </testcase><testcase classname="miniscala.test.CPSOptimizer_Blackbox" name="testLibStrings1" time="0.034">
                                                 <failure message="java.util.NoSuchElementException: key not found: c" type="sbt.ForkMain$ForkError">sbt.ForkMain$ForkError: java.util.NoSuchElementException: key not found: c
	at scala.collection.immutable.Map$EmptyMap$.apply(Map.scala:101)
	at scala.collection.immutable.Map$EmptyMap$.apply(Map.scala:99)
	at miniscala.CPSOptimizer.$anonfun$shrink$1(CPSOptimizer.scala:114)
	at scala.collection.TraversableLike.$anonfun$map$1(TraversableLike.scala:238)
	at scala.collection.immutable.List.foreach(List.scala:392)
	at scala.collection.TraversableLike.map(TraversableLike.scala:238)
	at scala.collection.TraversableLike.map$(TraversableLike.scala:231)
	at scala.collection.immutable.List.map(List.scala:298)
	at miniscala.CPSOptimizer.shrinkT$1(CPSOptimizer.scala:114)
	at miniscala.CPSOptimizer.$anonfun$shrink$4(CPSOptimizer.scala:143)
	at scala.collection.TraversableLike.$anonfun$map$1(TraversableLike.scala:238)
	at scala.collection.immutable.List.foreach(List.scala:392)
	at scala.collection.TraversableLike.map(TraversableLike.scala:238)
	at scala.collection.TraversableLike.map$(TraversableLike.scala:231)
	at scala.collection.immutable.List.map(List.scala:298)
	at miniscala.CPSOptimizer.shrinkT$1(CPSOptimizer.scala:143)
	at miniscala.CPSOptimizer.shrink(CPSOptimizer.scala:168)
	at miniscala.CPSOptimizer.$anonfun$apply$1(CPSOptimizer.scala:10)
	at scala.collection.immutable.Stream$.$anonfun$iterate$1(Stream.scala:1207)
	at scala.collection.immutable.Stream$Cons.tail(Stream.scala:1171)
	at scala.collection.immutable.Stream$Cons.tail(Stream.scala:1161)
	at scala.collection.immutable.Stream.$anonfun$take$2(Stream.scala:792)
	at scala.collection.immutable.Stream$Cons.tail(Stream.scala:1171)
	at scala.collection.immutable.Stream$Cons.tail(Stream.scala:1161)
	at miniscala.package$.fixedPoint(package.scala:4)
	at miniscala.package$.fixedPoint(package.scala:9)
	at miniscala.CPSOptimizer.apply(CPSOptimizer.scala:10)
	at miniscala.CPSOptimizerHigh$.apply(CPSOptimizer.scala:279)
	at scala.Function1.$anonfun$andThen$1(Function1.scala:57)
	at scala.Function1.$anonfun$andThen$1(Function1.scala:57)
	at scala.Function1.$anonfun$andThen$1(Function1.scala:57)
	at scala.Function1.$anonfun$andThen$1(Function1.scala:57)
	at scala.Function1.$anonfun$andThen$1(Function1.scala:57)
	at scala.Function1.$anonfun$andThen$1(Function1.scala:57)
	at miniscala.test.infrastructure.CompilerTest.compileInner(CompilerTest.scala:37)
	at miniscala.test.infrastructure.CompilerTest.$anonfun$compileUsingPipelineAndRedirect$1(CompilerTest.scala:44)
	at miniscala.test.infrastructure.SandboxedTest$$anon$1.run(SandboxedTest.scala:24)
	at java.security.AccessController.doPrivileged(Native Method)
	at miniscala.test.infrastructure.SandboxedTest.sandboxedTest(SandboxedTest.scala:34)
	at miniscala.test.infrastructure.SandboxedTest.sandboxedTestWithRedirectedIO(SandboxedTest.scala:45)
	at miniscala.test.infrastructure.CompilerTest.compileUsingPipelineAndRedirect(CompilerTest.scala:44)
	at miniscala.test.infrastructure.CompilerTest.compileUsingPipelineAndRedirect$(CompilerTest.scala:43)
	at miniscala.test.infrastructure.CPSTest.compileUsingPipelineAndRedirect(CPSTest.scala:11)
	at miniscala.test.infrastructure.CPSOptTest.testCPSLowProgramOutput(CPSOptTest.scala:91)
	at miniscala.test.CPSOptimizer_Blackbox.$anonfun$compileAndInterpret$1(CPSOptimizer_Blackbox.scala:9)
	at miniscala.test.CPSOptimizer_Blackbox.$anonfun$compileAndInterpret$1$adapted(CPSOptimizer_Blackbox.scala:9)
	at miniscala.test.ok.LibraryOKTests.$anonfun$compileAndInterpretWithLib$1(LibraryOKTests.scala:19)
	at miniscala.test.ok.LibraryOKTests.$anonfun$compileAndInterpretWithLib$1$adapted(LibraryOKTests.scala:19)
	at miniscala.test.ok.LibraryOKTests.testLibStrings1(LibraryOKTests.scala:134)
	at miniscala.test.ok.LibraryOKTests.testLibStrings1$(LibraryOKTests.scala:133)
	at miniscala.test.CPSOptimizer_Blackbox.testLibStrings1(CPSOptimizer_Blackbox.scala:7)
	at sun.reflect.NativeMethodAccessorImpl.invoke0(Native Method)
	at sun.reflect.NativeMethodAccessorImpl.invoke(NativeMethodAccessorImpl.java:62)
	at sun.reflect.DelegatingMethodAccessorImpl.invoke(DelegatingMethodAccessorImpl.java:43)
	at java.lang.reflect.Method.invoke(Method.java:498)
	at org.junit.runners.model.FrameworkMethod$1.runReflectiveCall(FrameworkMethod.java:47)
	at org.junit.internal.runners.model.ReflectiveCallable.run(ReflectiveCallable.java:12)
	at org.junit.runners.model.FrameworkMethod.invokeExplosively(FrameworkMethod.java:44)
	at org.junit.internal.runners.statements.InvokeMethod.evaluate(InvokeMethod.java:17)
	at org.junit.runners.ParentRunner.runLeaf(ParentRunner.java:271)
	at org.junit.runners.BlockJUnit4ClassRunner.runChild(BlockJUnit4ClassRunner.java:70)
	at org.junit.runners.BlockJUnit4ClassRunner.runChild(BlockJUnit4ClassRunner.java:50)
	at org.junit.runners.ParentRunner$3.run(ParentRunner.java:238)
	at org.junit.runners.ParentRunner$1.schedule(ParentRunner.java:63)
	at org.junit.runners.ParentRunner.runChildren(ParentRunner.java:236)
	at org.junit.runners.ParentRunner.access$000(ParentRunner.java:53)
	at org.junit.runners.ParentRunner$2.evaluate(ParentRunner.java:229)
	at org.junit.runners.ParentRunner.run(ParentRunner.java:309)
	at org.junit.runners.Suite.runChild(Suite.java:127)
	at org.junit.runners.Suite.runChild(Suite.java:26)
	at org.junit.runners.ParentRunner$3.run(ParentRunner.java:238)
	at org.junit.runners.ParentRunner$1.schedule(ParentRunner.java:63)
	at org.junit.runners.ParentRunner.runChildren(ParentRunner.java:236)
	at org.junit.runners.ParentRunner.access$000(ParentRunner.java:53)
	at org.junit.runners.ParentRunner$2.evaluate(ParentRunner.java:229)
	at org.junit.runners.ParentRunner.run(ParentRunner.java:309)
	at org.junit.runner.JUnitCore.run(JUnitCore.java:160)
	at org.junit.runner.JUnitCore.run(JUnitCore.java:138)
	at com.novocode.junit.JUnitRunner$1.execute(JUnitRunner.java:132)
	at sbt.ForkMain$Run.lambda$runTest$1(ForkMain.java:304)
	at java.util.concurrent.FutureTask.run(FutureTask.java:266)
	at java.util.concurrent.ThreadPoolExecutor.runWorker(ThreadPoolExecutor.java:1149)
	at java.util.concurrent.ThreadPoolExecutor$Worker.run(ThreadPoolExecutor.java:624)
	at java.lang.Thread.run(Thread.java:748)
</failure>
                                               </testcase><testcase classname="miniscala.test.CPSOptimizer_Blackbox" name="testLibStrings2" time="0.026">
                                                 <failure message="java.util.NoSuchElementException: key not found: c" type="sbt.ForkMain$ForkError">sbt.ForkMain$ForkError: java.util.NoSuchElementException: key not found: c
	at scala.collection.immutable.Map$EmptyMap$.apply(Map.scala:101)
	at scala.collection.immutable.Map$EmptyMap$.apply(Map.scala:99)
	at miniscala.CPSOptimizer.$anonfun$shrink$1(CPSOptimizer.scala:114)
	at scala.collection.TraversableLike.$anonfun$map$1(TraversableLike.scala:238)
	at scala.collection.immutable.List.foreach(List.scala:392)
	at scala.collection.TraversableLike.map(TraversableLike.scala:238)
	at scala.collection.TraversableLike.map$(TraversableLike.scala:231)
	at scala.collection.immutable.List.map(List.scala:298)
	at miniscala.CPSOptimizer.shrinkT$1(CPSOptimizer.scala:114)
	at miniscala.CPSOptimizer.$anonfun$shrink$4(CPSOptimizer.scala:143)
	at scala.collection.TraversableLike.$anonfun$map$1(TraversableLike.scala:238)
	at scala.collection.immutable.List.foreach(List.scala:392)
	at scala.collection.TraversableLike.map(TraversableLike.scala:238)
	at scala.collection.TraversableLike.map$(TraversableLike.scala:231)
	at scala.collection.immutable.List.map(List.scala:298)
	at miniscala.CPSOptimizer.shrinkT$1(CPSOptimizer.scala:143)
	at miniscala.CPSOptimizer.shrink(CPSOptimizer.scala:168)
	at miniscala.CPSOptimizer.$anonfun$apply$1(CPSOptimizer.scala:10)
	at scala.collection.immutable.Stream$.$anonfun$iterate$1(Stream.scala:1207)
	at scala.collection.immutable.Stream$Cons.tail(Stream.scala:1171)
	at scala.collection.immutable.Stream$Cons.tail(Stream.scala:1161)
	at scala.collection.immutable.Stream.$anonfun$take$2(Stream.scala:792)
	at scala.collection.immutable.Stream$Cons.tail(Stream.scala:1171)
	at scala.collection.immutable.Stream$Cons.tail(Stream.scala:1161)
	at miniscala.package$.fixedPoint(package.scala:4)
	at miniscala.package$.fixedPoint(package.scala:9)
	at miniscala.CPSOptimizer.apply(CPSOptimizer.scala:10)
	at miniscala.CPSOptimizerHigh$.apply(CPSOptimizer.scala:279)
	at scala.Function1.$anonfun$andThen$1(Function1.scala:57)
	at scala.Function1.$anonfun$andThen$1(Function1.scala:57)
	at scala.Function1.$anonfun$andThen$1(Function1.scala:57)
	at scala.Function1.$anonfun$andThen$1(Function1.scala:57)
	at scala.Function1.$anonfun$andThen$1(Function1.scala:57)
	at scala.Function1.$anonfun$andThen$1(Function1.scala:57)
	at miniscala.test.infrastructure.CompilerTest.compileInner(CompilerTest.scala:37)
	at miniscala.test.infrastructure.CompilerTest.$anonfun$compileUsingPipelineAndRedirect$1(CompilerTest.scala:44)
	at miniscala.test.infrastructure.SandboxedTest$$anon$1.run(SandboxedTest.scala:24)
	at java.security.AccessController.doPrivileged(Native Method)
	at miniscala.test.infrastructure.SandboxedTest.sandboxedTest(SandboxedTest.scala:34)
	at miniscala.test.infrastructure.SandboxedTest.sandboxedTestWithRedirectedIO(SandboxedTest.scala:45)
	at miniscala.test.infrastructure.CompilerTest.compileUsingPipelineAndRedirect(CompilerTest.scala:44)
	at miniscala.test.infrastructure.CompilerTest.compileUsingPipelineAndRedirect$(CompilerTest.scala:43)
	at miniscala.test.infrastructure.CPSTest.compileUsingPipelineAndRedirect(CPSTest.scala:11)
	at miniscala.test.infrastructure.CPSOptTest.testCPSLowProgramOutput(CPSOptTest.scala:91)
	at miniscala.test.CPSOptimizer_Blackbox.$anonfun$compileAndInterpret$1(CPSOptimizer_Blackbox.scala:9)
	at miniscala.test.CPSOptimizer_Blackbox.$anonfun$compileAndInterpret$1$adapted(CPSOptimizer_Blackbox.scala:9)
	at miniscala.test.ok.LibraryOKTests.$anonfun$compileAndInterpretWithLib$1(LibraryOKTests.scala:19)
	at miniscala.test.ok.LibraryOKTests.$anonfun$compileAndInterpretWithLib$1$adapted(LibraryOKTests.scala:19)
	at miniscala.test.ok.LibraryOKTests.testLibStrings2(LibraryOKTests.scala:140)
	at miniscala.test.ok.LibraryOKTests.testLibStrings2$(LibraryOKTests.scala:139)
	at miniscala.test.CPSOptimizer_Blackbox.testLibStrings2(CPSOptimizer_Blackbox.scala:7)
	at sun.reflect.NativeMethodAccessorImpl.invoke0(Native Method)
	at sun.reflect.NativeMethodAccessorImpl.invoke(NativeMethodAccessorImpl.java:62)
	at sun.reflect.DelegatingMethodAccessorImpl.invoke(DelegatingMethodAccessorImpl.java:43)
	at java.lang.reflect.Method.invoke(Method.java:498)
	at org.junit.runners.model.FrameworkMethod$1.runReflectiveCall(FrameworkMethod.java:47)
	at org.junit.internal.runners.model.ReflectiveCallable.run(ReflectiveCallable.java:12)
	at org.junit.runners.model.FrameworkMethod.invokeExplosively(FrameworkMethod.java:44)
	at org.junit.internal.runners.statements.InvokeMethod.evaluate(InvokeMethod.java:17)
	at org.junit.runners.ParentRunner.runLeaf(ParentRunner.java:271)
	at org.junit.runners.BlockJUnit4ClassRunner.runChild(BlockJUnit4ClassRunner.java:70)
	at org.junit.runners.BlockJUnit4ClassRunner.runChild(BlockJUnit4ClassRunner.java:50)
	at org.junit.runners.ParentRunner$3.run(ParentRunner.java:238)
	at org.junit.runners.ParentRunner$1.schedule(ParentRunner.java:63)
	at org.junit.runners.ParentRunner.runChildren(ParentRunner.java:236)
	at org.junit.runners.ParentRunner.access$000(ParentRunner.java:53)
	at org.junit.runners.ParentRunner$2.evaluate(ParentRunner.java:229)
	at org.junit.runners.ParentRunner.run(ParentRunner.java:309)
	at org.junit.runners.Suite.runChild(Suite.java:127)
	at org.junit.runners.Suite.runChild(Suite.java:26)
	at org.junit.runners.ParentRunner$3.run(ParentRunner.java:238)
	at org.junit.runners.ParentRunner$1.schedule(ParentRunner.java:63)
	at org.junit.runners.ParentRunner.runChildren(ParentRunner.java:236)
	at org.junit.runners.ParentRunner.access$000(ParentRunner.java:53)
	at org.junit.runners.ParentRunner$2.evaluate(ParentRunner.java:229)
	at org.junit.runners.ParentRunner.run(ParentRunner.java:309)
	at org.junit.runner.JUnitCore.run(JUnitCore.java:160)
	at org.junit.runner.JUnitCore.run(JUnitCore.java:138)
	at com.novocode.junit.JUnitRunner$1.execute(JUnitRunner.java:132)
	at sbt.ForkMain$Run.lambda$runTest$1(ForkMain.java:304)
	at java.util.concurrent.FutureTask.run(FutureTask.java:266)
	at java.util.concurrent.ThreadPoolExecutor.runWorker(ThreadPoolExecutor.java:1149)
	at java.util.concurrent.ThreadPoolExecutor$Worker.run(ThreadPoolExecutor.java:624)
	at java.lang.Thread.run(Thread.java:748)
</failure>
                                               </testcase><testcase classname="miniscala.test.CPSOptimizer_Blackbox" name="testLibStrings3" time="0.033">
                                                 <failure message="java.util.NoSuchElementException: key not found: c" type="sbt.ForkMain$ForkError">sbt.ForkMain$ForkError: java.util.NoSuchElementException: key not found: c
	at scala.collection.immutable.Map$EmptyMap$.apply(Map.scala:101)
	at scala.collection.immutable.Map$EmptyMap$.apply(Map.scala:99)
	at miniscala.CPSOptimizer.$anonfun$shrink$1(CPSOptimizer.scala:114)
	at scala.collection.TraversableLike.$anonfun$map$1(TraversableLike.scala:238)
	at scala.collection.immutable.List.foreach(List.scala:392)
	at scala.collection.TraversableLike.map(TraversableLike.scala:238)
	at scala.collection.TraversableLike.map$(TraversableLike.scala:231)
	at scala.collection.immutable.List.map(List.scala:298)
	at miniscala.CPSOptimizer.shrinkT$1(CPSOptimizer.scala:114)
	at miniscala.CPSOptimizer.$anonfun$shrink$4(CPSOptimizer.scala:143)
	at scala.collection.TraversableLike.$anonfun$map$1(TraversableLike.scala:238)
	at scala.collection.immutable.List.foreach(List.scala:392)
	at scala.collection.TraversableLike.map(TraversableLike.scala:238)
	at scala.collection.TraversableLike.map$(TraversableLike.scala:231)
	at scala.collection.immutable.List.map(List.scala:298)
	at miniscala.CPSOptimizer.shrinkT$1(CPSOptimizer.scala:143)
	at miniscala.CPSOptimizer.shrink(CPSOptimizer.scala:168)
	at miniscala.CPSOptimizer.$anonfun$apply$1(CPSOptimizer.scala:10)
	at scala.collection.immutable.Stream$.$anonfun$iterate$1(Stream.scala:1207)
	at scala.collection.immutable.Stream$Cons.tail(Stream.scala:1171)
	at scala.collection.immutable.Stream$Cons.tail(Stream.scala:1161)
	at scala.collection.immutable.Stream.$anonfun$take$2(Stream.scala:792)
	at scala.collection.immutable.Stream$Cons.tail(Stream.scala:1171)
	at scala.collection.immutable.Stream$Cons.tail(Stream.scala:1161)
	at miniscala.package$.fixedPoint(package.scala:4)
	at miniscala.package$.fixedPoint(package.scala:9)
	at miniscala.CPSOptimizer.apply(CPSOptimizer.scala:10)
	at miniscala.CPSOptimizerHigh$.apply(CPSOptimizer.scala:279)
	at scala.Function1.$anonfun$andThen$1(Function1.scala:57)
	at scala.Function1.$anonfun$andThen$1(Function1.scala:57)
	at scala.Function1.$anonfun$andThen$1(Function1.scala:57)
	at scala.Function1.$anonfun$andThen$1(Function1.scala:57)
	at scala.Function1.$anonfun$andThen$1(Function1.scala:57)
	at scala.Function1.$anonfun$andThen$1(Function1.scala:57)
	at miniscala.test.infrastructure.CompilerTest.compileInner(CompilerTest.scala:37)
	at miniscala.test.infrastructure.CompilerTest.$anonfun$compileUsingPipelineAndRedirect$1(CompilerTest.scala:44)
	at miniscala.test.infrastructure.SandboxedTest$$anon$1.run(SandboxedTest.scala:24)
	at java.security.AccessController.doPrivileged(Native Method)
	at miniscala.test.infrastructure.SandboxedTest.sandboxedTest(SandboxedTest.scala:34)
	at miniscala.test.infrastructure.SandboxedTest.sandboxedTestWithRedirectedIO(SandboxedTest.scala:45)
	at miniscala.test.infrastructure.CompilerTest.compileUsingPipelineAndRedirect(CompilerTest.scala:44)
	at miniscala.test.infrastructure.CompilerTest.compileUsingPipelineAndRedirect$(CompilerTest.scala:43)
	at miniscala.test.infrastructure.CPSTest.compileUsingPipelineAndRedirect(CPSTest.scala:11)
	at miniscala.test.infrastructure.CPSOptTest.testCPSLowProgramOutput(CPSOptTest.scala:91)
	at miniscala.test.CPSOptimizer_Blackbox.$anonfun$compileAndInterpret$1(CPSOptimizer_Blackbox.scala:9)
	at miniscala.test.CPSOptimizer_Blackbox.$anonfun$compileAndInterpret$1$adapted(CPSOptimizer_Blackbox.scala:9)
	at miniscala.test.ok.LibraryOKTests.$anonfun$compileAndInterpretWithLib$1(LibraryOKTests.scala:19)
	at miniscala.test.ok.LibraryOKTests.$anonfun$compileAndInterpretWithLib$1$adapted(LibraryOKTests.scala:19)
	at miniscala.test.ok.LibraryOKTests.testLibStrings3(LibraryOKTests.scala:148)
	at miniscala.test.ok.LibraryOKTests.testLibStrings3$(LibraryOKTests.scala:147)
	at miniscala.test.CPSOptimizer_Blackbox.testLibStrings3(CPSOptimizer_Blackbox.scala:7)
	at sun.reflect.NativeMethodAccessorImpl.invoke0(Native Method)
	at sun.reflect.NativeMethodAccessorImpl.invoke(NativeMethodAccessorImpl.java:62)
	at sun.reflect.DelegatingMethodAccessorImpl.invoke(DelegatingMethodAccessorImpl.java:43)
	at java.lang.reflect.Method.invoke(Method.java:498)
	at org.junit.runners.model.FrameworkMethod$1.runReflectiveCall(FrameworkMethod.java:47)
	at org.junit.internal.runners.model.ReflectiveCallable.run(ReflectiveCallable.java:12)
	at org.junit.runners.model.FrameworkMethod.invokeExplosively(FrameworkMethod.java:44)
	at org.junit.internal.runners.statements.InvokeMethod.evaluate(InvokeMethod.java:17)
	at org.junit.runners.ParentRunner.runLeaf(ParentRunner.java:271)
	at org.junit.runners.BlockJUnit4ClassRunner.runChild(BlockJUnit4ClassRunner.java:70)
	at org.junit.runners.BlockJUnit4ClassRunner.runChild(BlockJUnit4ClassRunner.java:50)
	at org.junit.runners.ParentRunner$3.run(ParentRunner.java:238)
	at org.junit.runners.ParentRunner$1.schedule(ParentRunner.java:63)
	at org.junit.runners.ParentRunner.runChildren(ParentRunner.java:236)
	at org.junit.runners.ParentRunner.access$000(ParentRunner.java:53)
	at org.junit.runners.ParentRunner$2.evaluate(ParentRunner.java:229)
	at org.junit.runners.ParentRunner.run(ParentRunner.java:309)
	at org.junit.runners.Suite.runChild(Suite.java:127)
	at org.junit.runners.Suite.runChild(Suite.java:26)
	at org.junit.runners.ParentRunner$3.run(ParentRunner.java:238)
	at org.junit.runners.ParentRunner$1.schedule(ParentRunner.java:63)
	at org.junit.runners.ParentRunner.runChildren(ParentRunner.java:236)
	at org.junit.runners.ParentRunner.access$000(ParentRunner.java:53)
	at org.junit.runners.ParentRunner$2.evaluate(ParentRunner.java:229)
	at org.junit.runners.ParentRunner.run(ParentRunner.java:309)
	at org.junit.runner.JUnitCore.run(JUnitCore.java:160)
	at org.junit.runner.JUnitCore.run(JUnitCore.java:138)
	at com.novocode.junit.JUnitRunner$1.execute(JUnitRunner.java:132)
	at sbt.ForkMain$Run.lambda$runTest$1(ForkMain.java:304)
	at java.util.concurrent.FutureTask.run(FutureTask.java:266)
	at java.util.concurrent.ThreadPoolExecutor.runWorker(ThreadPoolExecutor.java:1149)
	at java.util.concurrent.ThreadPoolExecutor$Worker.run(ThreadPoolExecutor.java:624)
	at java.lang.Thread.run(Thread.java:748)
</failure>
                                               </testcase><testcase classname="miniscala.test.CPSOptimizer_Blackbox" name="testLibLists1" time="0.024">
                                                 <failure message="java.util.NoSuchElementException: key not found: c" type="sbt.ForkMain$ForkError">sbt.ForkMain$ForkError: java.util.NoSuchElementException: key not found: c
	at scala.collection.immutable.Map$EmptyMap$.apply(Map.scala:101)
	at scala.collection.immutable.Map$EmptyMap$.apply(Map.scala:99)
	at miniscala.CPSOptimizer.$anonfun$shrink$1(CPSOptimizer.scala:114)
	at scala.collection.TraversableLike.$anonfun$map$1(TraversableLike.scala:238)
	at scala.collection.immutable.List.foreach(List.scala:392)
	at scala.collection.TraversableLike.map(TraversableLike.scala:238)
	at scala.collection.TraversableLike.map$(TraversableLike.scala:231)
	at scala.collection.immutable.List.map(List.scala:298)
	at miniscala.CPSOptimizer.shrinkT$1(CPSOptimizer.scala:114)
	at miniscala.CPSOptimizer.$anonfun$shrink$4(CPSOptimizer.scala:143)
	at scala.collection.TraversableLike.$anonfun$map$1(TraversableLike.scala:238)
	at scala.collection.immutable.List.foreach(List.scala:392)
	at scala.collection.TraversableLike.map(TraversableLike.scala:238)
	at scala.collection.TraversableLike.map$(TraversableLike.scala:231)
	at scala.collection.immutable.List.map(List.scala:298)
	at miniscala.CPSOptimizer.shrinkT$1(CPSOptimizer.scala:143)
	at miniscala.CPSOptimizer.shrink(CPSOptimizer.scala:168)
	at miniscala.CPSOptimizer.$anonfun$apply$1(CPSOptimizer.scala:10)
	at scala.collection.immutable.Stream$.$anonfun$iterate$1(Stream.scala:1207)
	at scala.collection.immutable.Stream$Cons.tail(Stream.scala:1171)
	at scala.collection.immutable.Stream$Cons.tail(Stream.scala:1161)
	at scala.collection.immutable.Stream.$anonfun$take$2(Stream.scala:792)
	at scala.collection.immutable.Stream$Cons.tail(Stream.scala:1171)
	at scala.collection.immutable.Stream$Cons.tail(Stream.scala:1161)
	at miniscala.package$.fixedPoint(package.scala:4)
	at miniscala.package$.fixedPoint(package.scala:9)
	at miniscala.CPSOptimizer.apply(CPSOptimizer.scala:10)
	at miniscala.CPSOptimizerHigh$.apply(CPSOptimizer.scala:279)
	at scala.Function1.$anonfun$andThen$1(Function1.scala:57)
	at scala.Function1.$anonfun$andThen$1(Function1.scala:57)
	at scala.Function1.$anonfun$andThen$1(Function1.scala:57)
	at scala.Function1.$anonfun$andThen$1(Function1.scala:57)
	at scala.Function1.$anonfun$andThen$1(Function1.scala:57)
	at scala.Function1.$anonfun$andThen$1(Function1.scala:57)
	at miniscala.test.infrastructure.CompilerTest.compileInner(CompilerTest.scala:37)
	at miniscala.test.infrastructure.CompilerTest.$anonfun$compileUsingPipelineAndRedirect$1(CompilerTest.scala:44)
	at miniscala.test.infrastructure.SandboxedTest$$anon$1.run(SandboxedTest.scala:24)
	at java.security.AccessController.doPrivileged(Native Method)
	at miniscala.test.infrastructure.SandboxedTest.sandboxedTest(SandboxedTest.scala:34)
	at miniscala.test.infrastructure.SandboxedTest.sandboxedTestWithRedirectedIO(SandboxedTest.scala:45)
	at miniscala.test.infrastructure.CompilerTest.compileUsingPipelineAndRedirect(CompilerTest.scala:44)
	at miniscala.test.infrastructure.CompilerTest.compileUsingPipelineAndRedirect$(CompilerTest.scala:43)
	at miniscala.test.infrastructure.CPSTest.compileUsingPipelineAndRedirect(CPSTest.scala:11)
	at miniscala.test.infrastructure.CPSOptTest.testCPSLowProgramOutput(CPSOptTest.scala:91)
	at miniscala.test.CPSOptimizer_Blackbox.$anonfun$compileAndInterpret$1(CPSOptimizer_Blackbox.scala:9)
	at miniscala.test.CPSOptimizer_Blackbox.$anonfun$compileAndInterpret$1$adapted(CPSOptimizer_Blackbox.scala:9)
	at miniscala.test.ok.LibraryOKTests.$anonfun$compileAndInterpretWithLib$1(LibraryOKTests.scala:19)
	at miniscala.test.ok.LibraryOKTests.$anonfun$compileAndInterpretWithLib$1$adapted(LibraryOKTests.scala:19)
	at miniscala.test.ok.LibraryOKTests.testLibLists1(LibraryOKTests.scala:31)
	at miniscala.test.ok.LibraryOKTests.testLibLists1$(LibraryOKTests.scala:30)
	at miniscala.test.CPSOptimizer_Blackbox.testLibLists1(CPSOptimizer_Blackbox.scala:7)
	at sun.reflect.NativeMethodAccessorImpl.invoke0(Native Method)
	at sun.reflect.NativeMethodAccessorImpl.invoke(NativeMethodAccessorImpl.java:62)
	at sun.reflect.DelegatingMethodAccessorImpl.invoke(DelegatingMethodAccessorImpl.java:43)
	at java.lang.reflect.Method.invoke(Method.java:498)
	at org.junit.runners.model.FrameworkMethod$1.runReflectiveCall(FrameworkMethod.java:47)
	at org.junit.internal.runners.model.ReflectiveCallable.run(ReflectiveCallable.java:12)
	at org.junit.runners.model.FrameworkMethod.invokeExplosively(FrameworkMethod.java:44)
	at org.junit.internal.runners.statements.InvokeMethod.evaluate(InvokeMethod.java:17)
	at org.junit.runners.ParentRunner.runLeaf(ParentRunner.java:271)
	at org.junit.runners.BlockJUnit4ClassRunner.runChild(BlockJUnit4ClassRunner.java:70)
	at org.junit.runners.BlockJUnit4ClassRunner.runChild(BlockJUnit4ClassRunner.java:50)
	at org.junit.runners.ParentRunner$3.run(ParentRunner.java:238)
	at org.junit.runners.ParentRunner$1.schedule(ParentRunner.java:63)
	at org.junit.runners.ParentRunner.runChildren(ParentRunner.java:236)
	at org.junit.runners.ParentRunner.access$000(ParentRunner.java:53)
	at org.junit.runners.ParentRunner$2.evaluate(ParentRunner.java:229)
	at org.junit.runners.ParentRunner.run(ParentRunner.java:309)
	at org.junit.runners.Suite.runChild(Suite.java:127)
	at org.junit.runners.Suite.runChild(Suite.java:26)
	at org.junit.runners.ParentRunner$3.run(ParentRunner.java:238)
	at org.junit.runners.ParentRunner$1.schedule(ParentRunner.java:63)
	at org.junit.runners.ParentRunner.runChildren(ParentRunner.java:236)
	at org.junit.runners.ParentRunner.access$000(ParentRunner.java:53)
	at org.junit.runners.ParentRunner$2.evaluate(ParentRunner.java:229)
	at org.junit.runners.ParentRunner.run(ParentRunner.java:309)
	at org.junit.runner.JUnitCore.run(JUnitCore.java:160)
	at org.junit.runner.JUnitCore.run(JUnitCore.java:138)
	at com.novocode.junit.JUnitRunner$1.execute(JUnitRunner.java:132)
	at sbt.ForkMain$Run.lambda$runTest$1(ForkMain.java:304)
	at java.util.concurrent.FutureTask.run(FutureTask.java:266)
	at java.util.concurrent.ThreadPoolExecutor.runWorker(ThreadPoolExecutor.java:1149)
	at java.util.concurrent.ThreadPoolExecutor$Worker.run(ThreadPoolExecutor.java:624)
	at java.lang.Thread.run(Thread.java:748)
</failure>
                                               </testcase><testcase classname="miniscala.test.CPSOptimizer_Blackbox" name="testLibLists2" time="0.029">
                                                 <failure message="java.util.NoSuchElementException: key not found: c" type="sbt.ForkMain$ForkError">sbt.ForkMain$ForkError: java.util.NoSuchElementException: key not found: c
	at scala.collection.immutable.Map$EmptyMap$.apply(Map.scala:101)
	at scala.collection.immutable.Map$EmptyMap$.apply(Map.scala:99)
	at miniscala.CPSOptimizer.$anonfun$shrink$1(CPSOptimizer.scala:114)
	at scala.collection.TraversableLike.$anonfun$map$1(TraversableLike.scala:238)
	at scala.collection.immutable.List.foreach(List.scala:392)
	at scala.collection.TraversableLike.map(TraversableLike.scala:238)
	at scala.collection.TraversableLike.map$(TraversableLike.scala:231)
	at scala.collection.immutable.List.map(List.scala:298)
	at miniscala.CPSOptimizer.shrinkT$1(CPSOptimizer.scala:114)
	at miniscala.CPSOptimizer.$anonfun$shrink$4(CPSOptimizer.scala:143)
	at scala.collection.TraversableLike.$anonfun$map$1(TraversableLike.scala:238)
	at scala.collection.immutable.List.foreach(List.scala:392)
	at scala.collection.TraversableLike.map(TraversableLike.scala:238)
	at scala.collection.TraversableLike.map$(TraversableLike.scala:231)
	at scala.collection.immutable.List.map(List.scala:298)
	at miniscala.CPSOptimizer.shrinkT$1(CPSOptimizer.scala:143)
	at miniscala.CPSOptimizer.shrink(CPSOptimizer.scala:168)
	at miniscala.CPSOptimizer.$anonfun$apply$1(CPSOptimizer.scala:10)
	at scala.collection.immutable.Stream$.$anonfun$iterate$1(Stream.scala:1207)
	at scala.collection.immutable.Stream$Cons.tail(Stream.scala:1171)
	at scala.collection.immutable.Stream$Cons.tail(Stream.scala:1161)
	at scala.collection.immutable.Stream.$anonfun$take$2(Stream.scala:792)
	at scala.collection.immutable.Stream$Cons.tail(Stream.scala:1171)
	at scala.collection.immutable.Stream$Cons.tail(Stream.scala:1161)
	at miniscala.package$.fixedPoint(package.scala:4)
	at miniscala.package$.fixedPoint(package.scala:9)
	at miniscala.CPSOptimizer.apply(CPSOptimizer.scala:10)
	at miniscala.CPSOptimizerHigh$.apply(CPSOptimizer.scala:279)
	at scala.Function1.$anonfun$andThen$1(Function1.scala:57)
	at scala.Function1.$anonfun$andThen$1(Function1.scala:57)
	at scala.Function1.$anonfun$andThen$1(Function1.scala:57)
	at scala.Function1.$anonfun$andThen$1(Function1.scala:57)
	at scala.Function1.$anonfun$andThen$1(Function1.scala:57)
	at scala.Function1.$anonfun$andThen$1(Function1.scala:57)
	at miniscala.test.infrastructure.CompilerTest.compileInner(CompilerTest.scala:37)
	at miniscala.test.infrastructure.CompilerTest.$anonfun$compileUsingPipelineAndRedirect$1(CompilerTest.scala:44)
	at miniscala.test.infrastructure.SandboxedTest$$anon$1.run(SandboxedTest.scala:24)
	at java.security.AccessController.doPrivileged(Native Method)
	at miniscala.test.infrastructure.SandboxedTest.sandboxedTest(SandboxedTest.scala:34)
	at miniscala.test.infrastructure.SandboxedTest.sandboxedTestWithRedirectedIO(SandboxedTest.scala:45)
	at miniscala.test.infrastructure.CompilerTest.compileUsingPipelineAndRedirect(CompilerTest.scala:44)
	at miniscala.test.infrastructure.CompilerTest.compileUsingPipelineAndRedirect$(CompilerTest.scala:43)
	at miniscala.test.infrastructure.CPSTest.compileUsingPipelineAndRedirect(CPSTest.scala:11)
	at miniscala.test.infrastructure.CPSOptTest.testCPSLowProgramOutput(CPSOptTest.scala:91)
	at miniscala.test.CPSOptimizer_Blackbox.$anonfun$compileAndInterpret$1(CPSOptimizer_Blackbox.scala:9)
	at miniscala.test.CPSOptimizer_Blackbox.$anonfun$compileAndInterpret$1$adapted(CPSOptimizer_Blackbox.scala:9)
	at miniscala.test.ok.LibraryOKTests.$anonfun$compileAndInterpretWithLib$1(LibraryOKTests.scala:19)
	at miniscala.test.ok.LibraryOKTests.$anonfun$compileAndInterpretWithLib$1$adapted(LibraryOKTests.scala:19)
	at miniscala.test.ok.LibraryOKTests.testLibLists2(LibraryOKTests.scala:38)
	at miniscala.test.ok.LibraryOKTests.testLibLists2$(LibraryOKTests.scala:37)
	at miniscala.test.CPSOptimizer_Blackbox.testLibLists2(CPSOptimizer_Blackbox.scala:7)
	at sun.reflect.NativeMethodAccessorImpl.invoke0(Native Method)
	at sun.reflect.NativeMethodAccessorImpl.invoke(NativeMethodAccessorImpl.java:62)
	at sun.reflect.DelegatingMethodAccessorImpl.invoke(DelegatingMethodAccessorImpl.java:43)
	at java.lang.reflect.Method.invoke(Method.java:498)
	at org.junit.runners.model.FrameworkMethod$1.runReflectiveCall(FrameworkMethod.java:47)
	at org.junit.internal.runners.model.ReflectiveCallable.run(ReflectiveCallable.java:12)
	at org.junit.runners.model.FrameworkMethod.invokeExplosively(FrameworkMethod.java:44)
	at org.junit.internal.runners.statements.InvokeMethod.evaluate(InvokeMethod.java:17)
	at org.junit.runners.ParentRunner.runLeaf(ParentRunner.java:271)
	at org.junit.runners.BlockJUnit4ClassRunner.runChild(BlockJUnit4ClassRunner.java:70)
	at org.junit.runners.BlockJUnit4ClassRunner.runChild(BlockJUnit4ClassRunner.java:50)
	at org.junit.runners.ParentRunner$3.run(ParentRunner.java:238)
	at org.junit.runners.ParentRunner$1.schedule(ParentRunner.java:63)
	at org.junit.runners.ParentRunner.runChildren(ParentRunner.java:236)
	at org.junit.runners.ParentRunner.access$000(ParentRunner.java:53)
	at org.junit.runners.ParentRunner$2.evaluate(ParentRunner.java:229)
	at org.junit.runners.ParentRunner.run(ParentRunner.java:309)
	at org.junit.runners.Suite.runChild(Suite.java:127)
	at org.junit.runners.Suite.runChild(Suite.java:26)
	at org.junit.runners.ParentRunner$3.run(ParentRunner.java:238)
	at org.junit.runners.ParentRunner$1.schedule(ParentRunner.java:63)
	at org.junit.runners.ParentRunner.runChildren(ParentRunner.java:236)
	at org.junit.runners.ParentRunner.access$000(ParentRunner.java:53)
	at org.junit.runners.ParentRunner$2.evaluate(ParentRunner.java:229)
	at org.junit.runners.ParentRunner.run(ParentRunner.java:309)
	at org.junit.runner.JUnitCore.run(JUnitCore.java:160)
	at org.junit.runner.JUnitCore.run(JUnitCore.java:138)
	at com.novocode.junit.JUnitRunner$1.execute(JUnitRunner.java:132)
	at sbt.ForkMain$Run.lambda$runTest$1(ForkMain.java:304)
	at java.util.concurrent.FutureTask.run(FutureTask.java:266)
	at java.util.concurrent.ThreadPoolExecutor.runWorker(ThreadPoolExecutor.java:1149)
	at java.util.concurrent.ThreadPoolExecutor$Worker.run(ThreadPoolExecutor.java:624)
	at java.lang.Thread.run(Thread.java:748)
</failure>
                                               </testcase><testcase classname="miniscala.test.CPSOptimizer_Blackbox" name="testLibLists3" time="0.027">
                                                 <failure message="java.util.NoSuchElementException: key not found: c" type="sbt.ForkMain$ForkError">sbt.ForkMain$ForkError: java.util.NoSuchElementException: key not found: c
	at scala.collection.immutable.Map$EmptyMap$.apply(Map.scala:101)
	at scala.collection.immutable.Map$EmptyMap$.apply(Map.scala:99)
	at miniscala.CPSOptimizer.$anonfun$shrink$1(CPSOptimizer.scala:114)
	at scala.collection.TraversableLike.$anonfun$map$1(TraversableLike.scala:238)
	at scala.collection.immutable.List.foreach(List.scala:392)
	at scala.collection.TraversableLike.map(TraversableLike.scala:238)
	at scala.collection.TraversableLike.map$(TraversableLike.scala:231)
	at scala.collection.immutable.List.map(List.scala:298)
	at miniscala.CPSOptimizer.shrinkT$1(CPSOptimizer.scala:114)
	at miniscala.CPSOptimizer.$anonfun$shrink$4(CPSOptimizer.scala:143)
	at scala.collection.TraversableLike.$anonfun$map$1(TraversableLike.scala:238)
	at scala.collection.immutable.List.foreach(List.scala:392)
	at scala.collection.TraversableLike.map(TraversableLike.scala:238)
	at scala.collection.TraversableLike.map$(TraversableLike.scala:231)
	at scala.collection.immutable.List.map(List.scala:298)
	at miniscala.CPSOptimizer.shrinkT$1(CPSOptimizer.scala:143)
	at miniscala.CPSOptimizer.shrink(CPSOptimizer.scala:168)
	at miniscala.CPSOptimizer.$anonfun$apply$1(CPSOptimizer.scala:10)
	at scala.collection.immutable.Stream$.$anonfun$iterate$1(Stream.scala:1207)
	at scala.collection.immutable.Stream$Cons.tail(Stream.scala:1171)
	at scala.collection.immutable.Stream$Cons.tail(Stream.scala:1161)
	at scala.collection.immutable.Stream.$anonfun$take$2(Stream.scala:792)
	at scala.collection.immutable.Stream$Cons.tail(Stream.scala:1171)
	at scala.collection.immutable.Stream$Cons.tail(Stream.scala:1161)
	at miniscala.package$.fixedPoint(package.scala:4)
	at miniscala.package$.fixedPoint(package.scala:9)
	at miniscala.CPSOptimizer.apply(CPSOptimizer.scala:10)
	at miniscala.CPSOptimizerHigh$.apply(CPSOptimizer.scala:279)
	at scala.Function1.$anonfun$andThen$1(Function1.scala:57)
	at scala.Function1.$anonfun$andThen$1(Function1.scala:57)
	at scala.Function1.$anonfun$andThen$1(Function1.scala:57)
	at scala.Function1.$anonfun$andThen$1(Function1.scala:57)
	at scala.Function1.$anonfun$andThen$1(Function1.scala:57)
	at scala.Function1.$anonfun$andThen$1(Function1.scala:57)
	at miniscala.test.infrastructure.CompilerTest.compileInner(CompilerTest.scala:37)
	at miniscala.test.infrastructure.CompilerTest.$anonfun$compileUsingPipelineAndRedirect$1(CompilerTest.scala:44)
	at miniscala.test.infrastructure.SandboxedTest$$anon$1.run(SandboxedTest.scala:24)
	at java.security.AccessController.doPrivileged(Native Method)
	at miniscala.test.infrastructure.SandboxedTest.sandboxedTest(SandboxedTest.scala:34)
	at miniscala.test.infrastructure.SandboxedTest.sandboxedTestWithRedirectedIO(SandboxedTest.scala:45)
	at miniscala.test.infrastructure.CompilerTest.compileUsingPipelineAndRedirect(CompilerTest.scala:44)
	at miniscala.test.infrastructure.CompilerTest.compileUsingPipelineAndRedirect$(CompilerTest.scala:43)
	at miniscala.test.infrastructure.CPSTest.compileUsingPipelineAndRedirect(CPSTest.scala:11)
	at miniscala.test.infrastructure.CPSOptTest.testCPSLowProgramOutput(CPSOptTest.scala:91)
	at miniscala.test.CPSOptimizer_Blackbox.$anonfun$compileAndInterpret$1(CPSOptimizer_Blackbox.scala:9)
	at miniscala.test.CPSOptimizer_Blackbox.$anonfun$compileAndInterpret$1$adapted(CPSOptimizer_Blackbox.scala:9)
	at miniscala.test.ok.LibraryOKTests.$anonfun$compileAndInterpretWithLib$1(LibraryOKTests.scala:19)
	at miniscala.test.ok.LibraryOKTests.$anonfun$compileAndInterpretWithLib$1$adapted(LibraryOKTests.scala:19)
	at miniscala.test.ok.LibraryOKTests.testLibLists3(LibraryOKTests.scala:46)
	at miniscala.test.ok.LibraryOKTests.testLibLists3$(LibraryOKTests.scala:45)
	at miniscala.test.CPSOptimizer_Blackbox.testLibLists3(CPSOptimizer_Blackbox.scala:7)
	at sun.reflect.NativeMethodAccessorImpl.invoke0(Native Method)
	at sun.reflect.NativeMethodAccessorImpl.invoke(NativeMethodAccessorImpl.java:62)
	at sun.reflect.DelegatingMethodAccessorImpl.invoke(DelegatingMethodAccessorImpl.java:43)
	at java.lang.reflect.Method.invoke(Method.java:498)
	at org.junit.runners.model.FrameworkMethod$1.runReflectiveCall(FrameworkMethod.java:47)
	at org.junit.internal.runners.model.ReflectiveCallable.run(ReflectiveCallable.java:12)
	at org.junit.runners.model.FrameworkMethod.invokeExplosively(FrameworkMethod.java:44)
	at org.junit.internal.runners.statements.InvokeMethod.evaluate(InvokeMethod.java:17)
	at org.junit.runners.ParentRunner.runLeaf(ParentRunner.java:271)
	at org.junit.runners.BlockJUnit4ClassRunner.runChild(BlockJUnit4ClassRunner.java:70)
	at org.junit.runners.BlockJUnit4ClassRunner.runChild(BlockJUnit4ClassRunner.java:50)
	at org.junit.runners.ParentRunner$3.run(ParentRunner.java:238)
	at org.junit.runners.ParentRunner$1.schedule(ParentRunner.java:63)
	at org.junit.runners.ParentRunner.runChildren(ParentRunner.java:236)
	at org.junit.runners.ParentRunner.access$000(ParentRunner.java:53)
	at org.junit.runners.ParentRunner$2.evaluate(ParentRunner.java:229)
	at org.junit.runners.ParentRunner.run(ParentRunner.java:309)
	at org.junit.runners.Suite.runChild(Suite.java:127)
	at org.junit.runners.Suite.runChild(Suite.java:26)
	at org.junit.runners.ParentRunner$3.run(ParentRunner.java:238)
	at org.junit.runners.ParentRunner$1.schedule(ParentRunner.java:63)
	at org.junit.runners.ParentRunner.runChildren(ParentRunner.java:236)
	at org.junit.runners.ParentRunner.access$000(ParentRunner.java:53)
	at org.junit.runners.ParentRunner$2.evaluate(ParentRunner.java:229)
	at org.junit.runners.ParentRunner.run(ParentRunner.java:309)
	at org.junit.runner.JUnitCore.run(JUnitCore.java:160)
	at org.junit.runner.JUnitCore.run(JUnitCore.java:138)
	at com.novocode.junit.JUnitRunner$1.execute(JUnitRunner.java:132)
	at sbt.ForkMain$Run.lambda$runTest$1(ForkMain.java:304)
	at java.util.concurrent.FutureTask.run(FutureTask.java:266)
	at java.util.concurrent.ThreadPoolExecutor.runWorker(ThreadPoolExecutor.java:1149)
	at java.util.concurrent.ThreadPoolExecutor$Worker.run(ThreadPoolExecutor.java:624)
	at java.lang.Thread.run(Thread.java:748)
</failure>
                                               </testcase><testcase classname="miniscala.test.CPSOptimizer_Blackbox" name="testLibLists4" time="0.032">
                                                 <failure message="java.util.NoSuchElementException: key not found: c" type="sbt.ForkMain$ForkError">sbt.ForkMain$ForkError: java.util.NoSuchElementException: key not found: c
	at scala.collection.immutable.Map$EmptyMap$.apply(Map.scala:101)
	at scala.collection.immutable.Map$EmptyMap$.apply(Map.scala:99)
	at miniscala.CPSOptimizer.$anonfun$shrink$1(CPSOptimizer.scala:114)
	at scala.collection.TraversableLike.$anonfun$map$1(TraversableLike.scala:238)
	at scala.collection.immutable.List.foreach(List.scala:392)
	at scala.collection.TraversableLike.map(TraversableLike.scala:238)
	at scala.collection.TraversableLike.map$(TraversableLike.scala:231)
	at scala.collection.immutable.List.map(List.scala:298)
	at miniscala.CPSOptimizer.shrinkT$1(CPSOptimizer.scala:114)
	at miniscala.CPSOptimizer.$anonfun$shrink$4(CPSOptimizer.scala:143)
	at scala.collection.TraversableLike.$anonfun$map$1(TraversableLike.scala:238)
	at scala.collection.immutable.List.foreach(List.scala:392)
	at scala.collection.TraversableLike.map(TraversableLike.scala:238)
	at scala.collection.TraversableLike.map$(TraversableLike.scala:231)
	at scala.collection.immutable.List.map(List.scala:298)
	at miniscala.CPSOptimizer.shrinkT$1(CPSOptimizer.scala:143)
	at miniscala.CPSOptimizer.shrink(CPSOptimizer.scala:168)
	at miniscala.CPSOptimizer.$anonfun$apply$1(CPSOptimizer.scala:10)
	at scala.collection.immutable.Stream$.$anonfun$iterate$1(Stream.scala:1207)
	at scala.collection.immutable.Stream$Cons.tail(Stream.scala:1171)
	at scala.collection.immutable.Stream$Cons.tail(Stream.scala:1161)
	at scala.collection.immutable.Stream.$anonfun$take$2(Stream.scala:792)
	at scala.collection.immutable.Stream$Cons.tail(Stream.scala:1171)
	at scala.collection.immutable.Stream$Cons.tail(Stream.scala:1161)
	at miniscala.package$.fixedPoint(package.scala:4)
	at miniscala.package$.fixedPoint(package.scala:9)
	at miniscala.CPSOptimizer.apply(CPSOptimizer.scala:10)
	at miniscala.CPSOptimizerHigh$.apply(CPSOptimizer.scala:279)
	at scala.Function1.$anonfun$andThen$1(Function1.scala:57)
	at scala.Function1.$anonfun$andThen$1(Function1.scala:57)
	at scala.Function1.$anonfun$andThen$1(Function1.scala:57)
	at scala.Function1.$anonfun$andThen$1(Function1.scala:57)
	at scala.Function1.$anonfun$andThen$1(Function1.scala:57)
	at scala.Function1.$anonfun$andThen$1(Function1.scala:57)
	at miniscala.test.infrastructure.CompilerTest.compileInner(CompilerTest.scala:37)
	at miniscala.test.infrastructure.CompilerTest.$anonfun$compileUsingPipelineAndRedirect$1(CompilerTest.scala:44)
	at miniscala.test.infrastructure.SandboxedTest$$anon$1.run(SandboxedTest.scala:24)
	at java.security.AccessController.doPrivileged(Native Method)
	at miniscala.test.infrastructure.SandboxedTest.sandboxedTest(SandboxedTest.scala:34)
	at miniscala.test.infrastructure.SandboxedTest.sandboxedTestWithRedirectedIO(SandboxedTest.scala:45)
	at miniscala.test.infrastructure.CompilerTest.compileUsingPipelineAndRedirect(CompilerTest.scala:44)
	at miniscala.test.infrastructure.CompilerTest.compileUsingPipelineAndRedirect$(CompilerTest.scala:43)
	at miniscala.test.infrastructure.CPSTest.compileUsingPipelineAndRedirect(CPSTest.scala:11)
	at miniscala.test.infrastructure.CPSOptTest.testCPSLowProgramOutput(CPSOptTest.scala:91)
	at miniscala.test.CPSOptimizer_Blackbox.$anonfun$compileAndInterpret$1(CPSOptimizer_Blackbox.scala:9)
	at miniscala.test.CPSOptimizer_Blackbox.$anonfun$compileAndInterpret$1$adapted(CPSOptimizer_Blackbox.scala:9)
	at miniscala.test.ok.LibraryOKTests.$anonfun$compileAndInterpretWithLib$1(LibraryOKTests.scala:19)
	at miniscala.test.ok.LibraryOKTests.$anonfun$compileAndInterpretWithLib$1$adapted(LibraryOKTests.scala:19)
	at miniscala.test.ok.LibraryOKTests.testLibLists4(LibraryOKTests.scala:52)
	at miniscala.test.ok.LibraryOKTests.testLibLists4$(LibraryOKTests.scala:51)
	at miniscala.test.CPSOptimizer_Blackbox.testLibLists4(CPSOptimizer_Blackbox.scala:7)
	at sun.reflect.NativeMethodAccessorImpl.invoke0(Native Method)
	at sun.reflect.NativeMethodAccessorImpl.invoke(NativeMethodAccessorImpl.java:62)
	at sun.reflect.DelegatingMethodAccessorImpl.invoke(DelegatingMethodAccessorImpl.java:43)
	at java.lang.reflect.Method.invoke(Method.java:498)
	at org.junit.runners.model.FrameworkMethod$1.runReflectiveCall(FrameworkMethod.java:47)
	at org.junit.internal.runners.model.ReflectiveCallable.run(ReflectiveCallable.java:12)
	at org.junit.runners.model.FrameworkMethod.invokeExplosively(FrameworkMethod.java:44)
	at org.junit.internal.runners.statements.InvokeMethod.evaluate(InvokeMethod.java:17)
	at org.junit.runners.ParentRunner.runLeaf(ParentRunner.java:271)
	at org.junit.runners.BlockJUnit4ClassRunner.runChild(BlockJUnit4ClassRunner.java:70)
	at org.junit.runners.BlockJUnit4ClassRunner.runChild(BlockJUnit4ClassRunner.java:50)
	at org.junit.runners.ParentRunner$3.run(ParentRunner.java:238)
	at org.junit.runners.ParentRunner$1.schedule(ParentRunner.java:63)
	at org.junit.runners.ParentRunner.runChildren(ParentRunner.java:236)
	at org.junit.runners.ParentRunner.access$000(ParentRunner.java:53)
	at org.junit.runners.ParentRunner$2.evaluate(ParentRunner.java:229)
	at org.junit.runners.ParentRunner.run(ParentRunner.java:309)
	at org.junit.runners.Suite.runChild(Suite.java:127)
	at org.junit.runners.Suite.runChild(Suite.java:26)
	at org.junit.runners.ParentRunner$3.run(ParentRunner.java:238)
	at org.junit.runners.ParentRunner$1.schedule(ParentRunner.java:63)
	at org.junit.runners.ParentRunner.runChildren(ParentRunner.java:236)
	at org.junit.runners.ParentRunner.access$000(ParentRunner.java:53)
	at org.junit.runners.ParentRunner$2.evaluate(ParentRunner.java:229)
	at org.junit.runners.ParentRunner.run(ParentRunner.java:309)
	at org.junit.runner.JUnitCore.run(JUnitCore.java:160)
	at org.junit.runner.JUnitCore.run(JUnitCore.java:138)
	at com.novocode.junit.JUnitRunner$1.execute(JUnitRunner.java:132)
	at sbt.ForkMain$Run.lambda$runTest$1(ForkMain.java:304)
	at java.util.concurrent.FutureTask.run(FutureTask.java:266)
	at java.util.concurrent.ThreadPoolExecutor.runWorker(ThreadPoolExecutor.java:1149)
	at java.util.concurrent.ThreadPoolExecutor$Worker.run(ThreadPoolExecutor.java:624)
	at java.lang.Thread.run(Thread.java:748)
</failure>
                                               </testcase><testcase classname="miniscala.test.CPSOptimizer_Blackbox" name="testLibLists5" time="0.019">
                                                 <failure message="java.util.NoSuchElementException: key not found: c" type="sbt.ForkMain$ForkError">sbt.ForkMain$ForkError: java.util.NoSuchElementException: key not found: c
	at scala.collection.immutable.Map$EmptyMap$.apply(Map.scala:101)
	at scala.collection.immutable.Map$EmptyMap$.apply(Map.scala:99)
	at miniscala.CPSOptimizer.$anonfun$shrink$1(CPSOptimizer.scala:114)
	at scala.collection.TraversableLike.$anonfun$map$1(TraversableLike.scala:238)
	at scala.collection.immutable.List.foreach(List.scala:392)
	at scala.collection.TraversableLike.map(TraversableLike.scala:238)
	at scala.collection.TraversableLike.map$(TraversableLike.scala:231)
	at scala.collection.immutable.List.map(List.scala:298)
	at miniscala.CPSOptimizer.shrinkT$1(CPSOptimizer.scala:114)
	at miniscala.CPSOptimizer.$anonfun$shrink$4(CPSOptimizer.scala:143)
	at scala.collection.TraversableLike.$anonfun$map$1(TraversableLike.scala:238)
	at scala.collection.immutable.List.foreach(List.scala:392)
	at scala.collection.TraversableLike.map(TraversableLike.scala:238)
	at scala.collection.TraversableLike.map$(TraversableLike.scala:231)
	at scala.collection.immutable.List.map(List.scala:298)
	at miniscala.CPSOptimizer.shrinkT$1(CPSOptimizer.scala:143)
	at miniscala.CPSOptimizer.shrink(CPSOptimizer.scala:168)
	at miniscala.CPSOptimizer.$anonfun$apply$1(CPSOptimizer.scala:10)
	at scala.collection.immutable.Stream$.$anonfun$iterate$1(Stream.scala:1207)
	at scala.collection.immutable.Stream$Cons.tail(Stream.scala:1171)
	at scala.collection.immutable.Stream$Cons.tail(Stream.scala:1161)
	at scala.collection.immutable.Stream.$anonfun$take$2(Stream.scala:792)
	at scala.collection.immutable.Stream$Cons.tail(Stream.scala:1171)
	at scala.collection.immutable.Stream$Cons.tail(Stream.scala:1161)
	at miniscala.package$.fixedPoint(package.scala:4)
	at miniscala.package$.fixedPoint(package.scala:9)
	at miniscala.CPSOptimizer.apply(CPSOptimizer.scala:10)
	at miniscala.CPSOptimizerHigh$.apply(CPSOptimizer.scala:279)
	at scala.Function1.$anonfun$andThen$1(Function1.scala:57)
	at scala.Function1.$anonfun$andThen$1(Function1.scala:57)
	at scala.Function1.$anonfun$andThen$1(Function1.scala:57)
	at scala.Function1.$anonfun$andThen$1(Function1.scala:57)
	at scala.Function1.$anonfun$andThen$1(Function1.scala:57)
	at scala.Function1.$anonfun$andThen$1(Function1.scala:57)
	at miniscala.test.infrastructure.CompilerTest.compileInner(CompilerTest.scala:37)
	at miniscala.test.infrastructure.CompilerTest.$anonfun$compileUsingPipelineAndRedirect$1(CompilerTest.scala:44)
	at miniscala.test.infrastructure.SandboxedTest$$anon$1.run(SandboxedTest.scala:24)
	at java.security.AccessController.doPrivileged(Native Method)
	at miniscala.test.infrastructure.SandboxedTest.sandboxedTest(SandboxedTest.scala:34)
	at miniscala.test.infrastructure.SandboxedTest.sandboxedTestWithRedirectedIO(SandboxedTest.scala:45)
	at miniscala.test.infrastructure.CompilerTest.compileUsingPipelineAndRedirect(CompilerTest.scala:44)
	at miniscala.test.infrastructure.CompilerTest.compileUsingPipelineAndRedirect$(CompilerTest.scala:43)
	at miniscala.test.infrastructure.CPSTest.compileUsingPipelineAndRedirect(CPSTest.scala:11)
	at miniscala.test.infrastructure.CPSOptTest.testCPSLowProgramOutput(CPSOptTest.scala:91)
	at miniscala.test.CPSOptimizer_Blackbox.$anonfun$compileAndInterpret$1(CPSOptimizer_Blackbox.scala:9)
	at miniscala.test.CPSOptimizer_Blackbox.$anonfun$compileAndInterpret$1$adapted(CPSOptimizer_Blackbox.scala:9)
	at miniscala.test.ok.LibraryOKTests.$anonfun$compileAndInterpretWithLib$1(LibraryOKTests.scala:19)
	at miniscala.test.ok.LibraryOKTests.$anonfun$compileAndInterpretWithLib$1$adapted(LibraryOKTests.scala:19)
	at miniscala.test.ok.LibraryOKTests.testLibLists5(LibraryOKTests.scala:59)
	at miniscala.test.ok.LibraryOKTests.testLibLists5$(LibraryOKTests.scala:58)
	at miniscala.test.CPSOptimizer_Blackbox.testLibLists5(CPSOptimizer_Blackbox.scala:7)
	at sun.reflect.NativeMethodAccessorImpl.invoke0(Native Method)
	at sun.reflect.NativeMethodAccessorImpl.invoke(NativeMethodAccessorImpl.java:62)
	at sun.reflect.DelegatingMethodAccessorImpl.invoke(DelegatingMethodAccessorImpl.java:43)
	at java.lang.reflect.Method.invoke(Method.java:498)
	at org.junit.runners.model.FrameworkMethod$1.runReflectiveCall(FrameworkMethod.java:47)
	at org.junit.internal.runners.model.ReflectiveCallable.run(ReflectiveCallable.java:12)
	at org.junit.runners.model.FrameworkMethod.invokeExplosively(FrameworkMethod.java:44)
	at org.junit.internal.runners.statements.InvokeMethod.evaluate(InvokeMethod.java:17)
	at org.junit.runners.ParentRunner.runLeaf(ParentRunner.java:271)
	at org.junit.runners.BlockJUnit4ClassRunner.runChild(BlockJUnit4ClassRunner.java:70)
	at org.junit.runners.BlockJUnit4ClassRunner.runChild(BlockJUnit4ClassRunner.java:50)
	at org.junit.runners.ParentRunner$3.run(ParentRunner.java:238)
	at org.junit.runners.ParentRunner$1.schedule(ParentRunner.java:63)
	at org.junit.runners.ParentRunner.runChildren(ParentRunner.java:236)
	at org.junit.runners.ParentRunner.access$000(ParentRunner.java:53)
	at org.junit.runners.ParentRunner$2.evaluate(ParentRunner.java:229)
	at org.junit.runners.ParentRunner.run(ParentRunner.java:309)
	at org.junit.runners.Suite.runChild(Suite.java:127)
	at org.junit.runners.Suite.runChild(Suite.java:26)
	at org.junit.runners.ParentRunner$3.run(ParentRunner.java:238)
	at org.junit.runners.ParentRunner$1.schedule(ParentRunner.java:63)
	at org.junit.runners.ParentRunner.runChildren(ParentRunner.java:236)
	at org.junit.runners.ParentRunner.access$000(ParentRunner.java:53)
	at org.junit.runners.ParentRunner$2.evaluate(ParentRunner.java:229)
	at org.junit.runners.ParentRunner.run(ParentRunner.java:309)
	at org.junit.runner.JUnitCore.run(JUnitCore.java:160)
	at org.junit.runner.JUnitCore.run(JUnitCore.java:138)
	at com.novocode.junit.JUnitRunner$1.execute(JUnitRunner.java:132)
	at sbt.ForkMain$Run.lambda$runTest$1(ForkMain.java:304)
	at java.util.concurrent.FutureTask.run(FutureTask.java:266)
	at java.util.concurrent.ThreadPoolExecutor.runWorker(ThreadPoolExecutor.java:1149)
	at java.util.concurrent.ThreadPoolExecutor$Worker.run(ThreadPoolExecutor.java:624)
	at java.lang.Thread.run(Thread.java:748)
</failure>
                                               </testcase><testcase classname="miniscala.test.CPSOptimizer_Blackbox" name="testLibLists6" time="0.016">
                                                 <failure message="java.util.NoSuchElementException: key not found: c" type="sbt.ForkMain$ForkError">sbt.ForkMain$ForkError: java.util.NoSuchElementException: key not found: c
	at scala.collection.immutable.Map$EmptyMap$.apply(Map.scala:101)
	at scala.collection.immutable.Map$EmptyMap$.apply(Map.scala:99)
	at miniscala.CPSOptimizer.$anonfun$shrink$1(CPSOptimizer.scala:114)
	at scala.collection.TraversableLike.$anonfun$map$1(TraversableLike.scala:238)
	at scala.collection.immutable.List.foreach(List.scala:392)
	at scala.collection.TraversableLike.map(TraversableLike.scala:238)
	at scala.collection.TraversableLike.map$(TraversableLike.scala:231)
	at scala.collection.immutable.List.map(List.scala:298)
	at miniscala.CPSOptimizer.shrinkT$1(CPSOptimizer.scala:114)
	at miniscala.CPSOptimizer.$anonfun$shrink$4(CPSOptimizer.scala:143)
	at scala.collection.TraversableLike.$anonfun$map$1(TraversableLike.scala:238)
	at scala.collection.immutable.List.foreach(List.scala:392)
	at scala.collection.TraversableLike.map(TraversableLike.scala:238)
	at scala.collection.TraversableLike.map$(TraversableLike.scala:231)
	at scala.collection.immutable.List.map(List.scala:298)
	at miniscala.CPSOptimizer.shrinkT$1(CPSOptimizer.scala:143)
	at miniscala.CPSOptimizer.shrink(CPSOptimizer.scala:168)
	at miniscala.CPSOptimizer.$anonfun$apply$1(CPSOptimizer.scala:10)
	at scala.collection.immutable.Stream$.$anonfun$iterate$1(Stream.scala:1207)
	at scala.collection.immutable.Stream$Cons.tail(Stream.scala:1171)
	at scala.collection.immutable.Stream$Cons.tail(Stream.scala:1161)
	at scala.collection.immutable.Stream.$anonfun$take$2(Stream.scala:792)
	at scala.collection.immutable.Stream$Cons.tail(Stream.scala:1171)
	at scala.collection.immutable.Stream$Cons.tail(Stream.scala:1161)
	at miniscala.package$.fixedPoint(package.scala:4)
	at miniscala.package$.fixedPoint(package.scala:9)
	at miniscala.CPSOptimizer.apply(CPSOptimizer.scala:10)
	at miniscala.CPSOptimizerHigh$.apply(CPSOptimizer.scala:279)
	at scala.Function1.$anonfun$andThen$1(Function1.scala:57)
	at scala.Function1.$anonfun$andThen$1(Function1.scala:57)
	at scala.Function1.$anonfun$andThen$1(Function1.scala:57)
	at scala.Function1.$anonfun$andThen$1(Function1.scala:57)
	at scala.Function1.$anonfun$andThen$1(Function1.scala:57)
	at scala.Function1.$anonfun$andThen$1(Function1.scala:57)
	at miniscala.test.infrastructure.CompilerTest.compileInner(CompilerTest.scala:37)
	at miniscala.test.infrastructure.CompilerTest.$anonfun$compileUsingPipelineAndRedirect$1(CompilerTest.scala:44)
	at miniscala.test.infrastructure.SandboxedTest$$anon$1.run(SandboxedTest.scala:24)
	at java.security.AccessController.doPrivileged(Native Method)
	at miniscala.test.infrastructure.SandboxedTest.sandboxedTest(SandboxedTest.scala:34)
	at miniscala.test.infrastructure.SandboxedTest.sandboxedTestWithRedirectedIO(SandboxedTest.scala:45)
	at miniscala.test.infrastructure.CompilerTest.compileUsingPipelineAndRedirect(CompilerTest.scala:44)
	at miniscala.test.infrastructure.CompilerTest.compileUsingPipelineAndRedirect$(CompilerTest.scala:43)
	at miniscala.test.infrastructure.CPSTest.compileUsingPipelineAndRedirect(CPSTest.scala:11)
	at miniscala.test.infrastructure.CPSOptTest.testCPSLowProgramOutput(CPSOptTest.scala:91)
	at miniscala.test.CPSOptimizer_Blackbox.$anonfun$compileAndInterpret$1(CPSOptimizer_Blackbox.scala:9)
	at miniscala.test.CPSOptimizer_Blackbox.$anonfun$compileAndInterpret$1$adapted(CPSOptimizer_Blackbox.scala:9)
	at miniscala.test.ok.LibraryOKTests.$anonfun$compileAndInterpretWithLib$1(LibraryOKTests.scala:19)
	at miniscala.test.ok.LibraryOKTests.$anonfun$compileAndInterpretWithLib$1$adapted(LibraryOKTests.scala:19)
	at miniscala.test.ok.LibraryOKTests.testLibLists6(LibraryOKTests.scala:71)
	at miniscala.test.ok.LibraryOKTests.testLibLists6$(LibraryOKTests.scala:70)
	at miniscala.test.CPSOptimizer_Blackbox.testLibLists6(CPSOptimizer_Blackbox.scala:7)
	at sun.reflect.NativeMethodAccessorImpl.invoke0(Native Method)
	at sun.reflect.NativeMethodAccessorImpl.invoke(NativeMethodAccessorImpl.java:62)
	at sun.reflect.DelegatingMethodAccessorImpl.invoke(DelegatingMethodAccessorImpl.java:43)
	at java.lang.reflect.Method.invoke(Method.java:498)
	at org.junit.runners.model.FrameworkMethod$1.runReflectiveCall(FrameworkMethod.java:47)
	at org.junit.internal.runners.model.ReflectiveCallable.run(ReflectiveCallable.java:12)
	at org.junit.runners.model.FrameworkMethod.invokeExplosively(FrameworkMethod.java:44)
	at org.junit.internal.runners.statements.InvokeMethod.evaluate(InvokeMethod.java:17)
	at org.junit.runners.ParentRunner.runLeaf(ParentRunner.java:271)
	at org.junit.runners.BlockJUnit4ClassRunner.runChild(BlockJUnit4ClassRunner.java:70)
	at org.junit.runners.BlockJUnit4ClassRunner.runChild(BlockJUnit4ClassRunner.java:50)
	at org.junit.runners.ParentRunner$3.run(ParentRunner.java:238)
	at org.junit.runners.ParentRunner$1.schedule(ParentRunner.java:63)
	at org.junit.runners.ParentRunner.runChildren(ParentRunner.java:236)
	at org.junit.runners.ParentRunner.access$000(ParentRunner.java:53)
	at org.junit.runners.ParentRunner$2.evaluate(ParentRunner.java:229)
	at org.junit.runners.ParentRunner.run(ParentRunner.java:309)
	at org.junit.runners.Suite.runChild(Suite.java:127)
	at org.junit.runners.Suite.runChild(Suite.java:26)
	at org.junit.runners.ParentRunner$3.run(ParentRunner.java:238)
	at org.junit.runners.ParentRunner$1.schedule(ParentRunner.java:63)
	at org.junit.runners.ParentRunner.runChildren(ParentRunner.java:236)
	at org.junit.runners.ParentRunner.access$000(ParentRunner.java:53)
	at org.junit.runners.ParentRunner$2.evaluate(ParentRunner.java:229)
	at org.junit.runners.ParentRunner.run(ParentRunner.java:309)
	at org.junit.runner.JUnitCore.run(JUnitCore.java:160)
	at org.junit.runner.JUnitCore.run(JUnitCore.java:138)
	at com.novocode.junit.JUnitRunner$1.execute(JUnitRunner.java:132)
	at sbt.ForkMain$Run.lambda$runTest$1(ForkMain.java:304)
	at java.util.concurrent.FutureTask.run(FutureTask.java:266)
	at java.util.concurrent.ThreadPoolExecutor.runWorker(ThreadPoolExecutor.java:1149)
	at java.util.concurrent.ThreadPoolExecutor$Worker.run(ThreadPoolExecutor.java:624)
	at java.lang.Thread.run(Thread.java:748)
</failure>
                                               </testcase><testcase classname="miniscala.test.CPSOptimizer_Blackbox" name="testLibLists7" time="0.02">
                                                 <failure message="java.util.NoSuchElementException: key not found: c" type="sbt.ForkMain$ForkError">sbt.ForkMain$ForkError: java.util.NoSuchElementException: key not found: c
	at scala.collection.immutable.Map$EmptyMap$.apply(Map.scala:101)
	at scala.collection.immutable.Map$EmptyMap$.apply(Map.scala:99)
	at miniscala.CPSOptimizer.$anonfun$shrink$1(CPSOptimizer.scala:114)
	at scala.collection.TraversableLike.$anonfun$map$1(TraversableLike.scala:238)
	at scala.collection.immutable.List.foreach(List.scala:392)
	at scala.collection.TraversableLike.map(TraversableLike.scala:238)
	at scala.collection.TraversableLike.map$(TraversableLike.scala:231)
	at scala.collection.immutable.List.map(List.scala:298)
	at miniscala.CPSOptimizer.shrinkT$1(CPSOptimizer.scala:114)
	at miniscala.CPSOptimizer.$anonfun$shrink$4(CPSOptimizer.scala:143)
	at scala.collection.TraversableLike.$anonfun$map$1(TraversableLike.scala:238)
	at scala.collection.immutable.List.foreach(List.scala:392)
	at scala.collection.TraversableLike.map(TraversableLike.scala:238)
	at scala.collection.TraversableLike.map$(TraversableLike.scala:231)
	at scala.collection.immutable.List.map(List.scala:298)
	at miniscala.CPSOptimizer.shrinkT$1(CPSOptimizer.scala:143)
	at miniscala.CPSOptimizer.shrink(CPSOptimizer.scala:168)
	at miniscala.CPSOptimizer.$anonfun$apply$1(CPSOptimizer.scala:10)
	at scala.collection.immutable.Stream$.$anonfun$iterate$1(Stream.scala:1207)
	at scala.collection.immutable.Stream$Cons.tail(Stream.scala:1171)
	at scala.collection.immutable.Stream$Cons.tail(Stream.scala:1161)
	at scala.collection.immutable.Stream.$anonfun$take$2(Stream.scala:792)
	at scala.collection.immutable.Stream$Cons.tail(Stream.scala:1171)
	at scala.collection.immutable.Stream$Cons.tail(Stream.scala:1161)
	at miniscala.package$.fixedPoint(package.scala:4)
	at miniscala.package$.fixedPoint(package.scala:9)
	at miniscala.CPSOptimizer.apply(CPSOptimizer.scala:10)
	at miniscala.CPSOptimizerHigh$.apply(CPSOptimizer.scala:279)
	at scala.Function1.$anonfun$andThen$1(Function1.scala:57)
	at scala.Function1.$anonfun$andThen$1(Function1.scala:57)
	at scala.Function1.$anonfun$andThen$1(Function1.scala:57)
	at scala.Function1.$anonfun$andThen$1(Function1.scala:57)
	at scala.Function1.$anonfun$andThen$1(Function1.scala:57)
	at scala.Function1.$anonfun$andThen$1(Function1.scala:57)
	at miniscala.test.infrastructure.CompilerTest.compileInner(CompilerTest.scala:37)
	at miniscala.test.infrastructure.CompilerTest.$anonfun$compileUsingPipelineAndRedirect$1(CompilerTest.scala:44)
	at miniscala.test.infrastructure.SandboxedTest$$anon$1.run(SandboxedTest.scala:24)
	at java.security.AccessController.doPrivileged(Native Method)
	at miniscala.test.infrastructure.SandboxedTest.sandboxedTest(SandboxedTest.scala:34)
	at miniscala.test.infrastructure.SandboxedTest.sandboxedTestWithRedirectedIO(SandboxedTest.scala:45)
	at miniscala.test.infrastructure.CompilerTest.compileUsingPipelineAndRedirect(CompilerTest.scala:44)
	at miniscala.test.infrastructure.CompilerTest.compileUsingPipelineAndRedirect$(CompilerTest.scala:43)
	at miniscala.test.infrastructure.CPSTest.compileUsingPipelineAndRedirect(CPSTest.scala:11)
	at miniscala.test.infrastructure.CPSOptTest.testCPSLowProgramOutput(CPSOptTest.scala:91)
	at miniscala.test.CPSOptimizer_Blackbox.$anonfun$compileAndInterpret$1(CPSOptimizer_Blackbox.scala:9)
	at miniscala.test.CPSOptimizer_Blackbox.$anonfun$compileAndInterpret$1$adapted(CPSOptimizer_Blackbox.scala:9)
	at miniscala.test.ok.LibraryOKTests.$anonfun$compileAndInterpretWithLib$1(LibraryOKTests.scala:19)
	at miniscala.test.ok.LibraryOKTests.$anonfun$compileAndInterpretWithLib$1$adapted(LibraryOKTests.scala:19)
	at miniscala.test.ok.LibraryOKTests.testLibLists7(LibraryOKTests.scala:83)
	at miniscala.test.ok.LibraryOKTests.testLibLists7$(LibraryOKTests.scala:82)
	at miniscala.test.CPSOptimizer_Blackbox.testLibLists7(CPSOptimizer_Blackbox.scala:7)
	at sun.reflect.NativeMethodAccessorImpl.invoke0(Native Method)
	at sun.reflect.NativeMethodAccessorImpl.invoke(NativeMethodAccessorImpl.java:62)
	at sun.reflect.DelegatingMethodAccessorImpl.invoke(DelegatingMethodAccessorImpl.java:43)
	at java.lang.reflect.Method.invoke(Method.java:498)
	at org.junit.runners.model.FrameworkMethod$1.runReflectiveCall(FrameworkMethod.java:47)
	at org.junit.internal.runners.model.ReflectiveCallable.run(ReflectiveCallable.java:12)
	at org.junit.runners.model.FrameworkMethod.invokeExplosively(FrameworkMethod.java:44)
	at org.junit.internal.runners.statements.InvokeMethod.evaluate(InvokeMethod.java:17)
	at org.junit.runners.ParentRunner.runLeaf(ParentRunner.java:271)
	at org.junit.runners.BlockJUnit4ClassRunner.runChild(BlockJUnit4ClassRunner.java:70)
	at org.junit.runners.BlockJUnit4ClassRunner.runChild(BlockJUnit4ClassRunner.java:50)
	at org.junit.runners.ParentRunner$3.run(ParentRunner.java:238)
	at org.junit.runners.ParentRunner$1.schedule(ParentRunner.java:63)
	at org.junit.runners.ParentRunner.runChildren(ParentRunner.java:236)
	at org.junit.runners.ParentRunner.access$000(ParentRunner.java:53)
	at org.junit.runners.ParentRunner$2.evaluate(ParentRunner.java:229)
	at org.junit.runners.ParentRunner.run(ParentRunner.java:309)
	at org.junit.runners.Suite.runChild(Suite.java:127)
	at org.junit.runners.Suite.runChild(Suite.java:26)
	at org.junit.runners.ParentRunner$3.run(ParentRunner.java:238)
	at org.junit.runners.ParentRunner$1.schedule(ParentRunner.java:63)
	at org.junit.runners.ParentRunner.runChildren(ParentRunner.java:236)
	at org.junit.runners.ParentRunner.access$000(ParentRunner.java:53)
	at org.junit.runners.ParentRunner$2.evaluate(ParentRunner.java:229)
	at org.junit.runners.ParentRunner.run(ParentRunner.java:309)
	at org.junit.runner.JUnitCore.run(JUnitCore.java:160)
	at org.junit.runner.JUnitCore.run(JUnitCore.java:138)
	at com.novocode.junit.JUnitRunner$1.execute(JUnitRunner.java:132)
	at sbt.ForkMain$Run.lambda$runTest$1(ForkMain.java:304)
	at java.util.concurrent.FutureTask.run(FutureTask.java:266)
	at java.util.concurrent.ThreadPoolExecutor.runWorker(ThreadPoolExecutor.java:1149)
	at java.util.concurrent.ThreadPoolExecutor$Worker.run(ThreadPoolExecutor.java:624)
	at java.lang.Thread.run(Thread.java:748)
</failure>
                                               </testcase><testcase classname="miniscala.test.CPSOptimizer_Blackbox" name="testLibLists8" time="0.022">
                                                 <failure message="java.util.NoSuchElementException: key not found: c" type="sbt.ForkMain$ForkError">sbt.ForkMain$ForkError: java.util.NoSuchElementException: key not found: c
	at scala.collection.immutable.Map$EmptyMap$.apply(Map.scala:101)
	at scala.collection.immutable.Map$EmptyMap$.apply(Map.scala:99)
	at miniscala.CPSOptimizer.$anonfun$shrink$1(CPSOptimizer.scala:114)
	at scala.collection.TraversableLike.$anonfun$map$1(TraversableLike.scala:238)
	at scala.collection.immutable.List.foreach(List.scala:392)
	at scala.collection.TraversableLike.map(TraversableLike.scala:238)
	at scala.collection.TraversableLike.map$(TraversableLike.scala:231)
	at scala.collection.immutable.List.map(List.scala:298)
	at miniscala.CPSOptimizer.shrinkT$1(CPSOptimizer.scala:114)
	at miniscala.CPSOptimizer.$anonfun$shrink$4(CPSOptimizer.scala:143)
	at scala.collection.TraversableLike.$anonfun$map$1(TraversableLike.scala:238)
	at scala.collection.immutable.List.foreach(List.scala:392)
	at scala.collection.TraversableLike.map(TraversableLike.scala:238)
	at scala.collection.TraversableLike.map$(TraversableLike.scala:231)
	at scala.collection.immutable.List.map(List.scala:298)
	at miniscala.CPSOptimizer.shrinkT$1(CPSOptimizer.scala:143)
	at miniscala.CPSOptimizer.shrink(CPSOptimizer.scala:168)
	at miniscala.CPSOptimizer.$anonfun$apply$1(CPSOptimizer.scala:10)
	at scala.collection.immutable.Stream$.$anonfun$iterate$1(Stream.scala:1207)
	at scala.collection.immutable.Stream$Cons.tail(Stream.scala:1171)
	at scala.collection.immutable.Stream$Cons.tail(Stream.scala:1161)
	at scala.collection.immutable.Stream.$anonfun$take$2(Stream.scala:792)
	at scala.collection.immutable.Stream$Cons.tail(Stream.scala:1171)
	at scala.collection.immutable.Stream$Cons.tail(Stream.scala:1161)
	at miniscala.package$.fixedPoint(package.scala:4)
	at miniscala.package$.fixedPoint(package.scala:9)
	at miniscala.CPSOptimizer.apply(CPSOptimizer.scala:10)
	at miniscala.CPSOptimizerHigh$.apply(CPSOptimizer.scala:279)
	at scala.Function1.$anonfun$andThen$1(Function1.scala:57)
	at scala.Function1.$anonfun$andThen$1(Function1.scala:57)
	at scala.Function1.$anonfun$andThen$1(Function1.scala:57)
	at scala.Function1.$anonfun$andThen$1(Function1.scala:57)
	at scala.Function1.$anonfun$andThen$1(Function1.scala:57)
	at scala.Function1.$anonfun$andThen$1(Function1.scala:57)
	at miniscala.test.infrastructure.CompilerTest.compileInner(CompilerTest.scala:37)
	at miniscala.test.infrastructure.CompilerTest.$anonfun$compileUsingPipelineAndRedirect$1(CompilerTest.scala:44)
	at miniscala.test.infrastructure.SandboxedTest$$anon$1.run(SandboxedTest.scala:24)
	at java.security.AccessController.doPrivileged(Native Method)
	at miniscala.test.infrastructure.SandboxedTest.sandboxedTest(SandboxedTest.scala:34)
	at miniscala.test.infrastructure.SandboxedTest.sandboxedTestWithRedirectedIO(SandboxedTest.scala:45)
	at miniscala.test.infrastructure.CompilerTest.compileUsingPipelineAndRedirect(CompilerTest.scala:44)
	at miniscala.test.infrastructure.CompilerTest.compileUsingPipelineAndRedirect$(CompilerTest.scala:43)
	at miniscala.test.infrastructure.CPSTest.compileUsingPipelineAndRedirect(CPSTest.scala:11)
	at miniscala.test.infrastructure.CPSOptTest.testCPSLowProgramOutput(CPSOptTest.scala:91)
	at miniscala.test.CPSOptimizer_Blackbox.$anonfun$compileAndInterpret$1(CPSOptimizer_Blackbox.scala:9)
	at miniscala.test.CPSOptimizer_Blackbox.$anonfun$compileAndInterpret$1$adapted(CPSOptimizer_Blackbox.scala:9)
	at miniscala.test.ok.LibraryOKTests.$anonfun$compileAndInterpretWithLib$1(LibraryOKTests.scala:19)
	at miniscala.test.ok.LibraryOKTests.$anonfun$compileAndInterpretWithLib$1$adapted(LibraryOKTests.scala:19)
	at miniscala.test.ok.LibraryOKTests.testLibLists8(LibraryOKTests.scala:90)
	at miniscala.test.ok.LibraryOKTests.testLibLists8$(LibraryOKTests.scala:89)
	at miniscala.test.CPSOptimizer_Blackbox.testLibLists8(CPSOptimizer_Blackbox.scala:7)
	at sun.reflect.NativeMethodAccessorImpl.invoke0(Native Method)
	at sun.reflect.NativeMethodAccessorImpl.invoke(NativeMethodAccessorImpl.java:62)
	at sun.reflect.DelegatingMethodAccessorImpl.invoke(DelegatingMethodAccessorImpl.java:43)
	at java.lang.reflect.Method.invoke(Method.java:498)
	at org.junit.runners.model.FrameworkMethod$1.runReflectiveCall(FrameworkMethod.java:47)
	at org.junit.internal.runners.model.ReflectiveCallable.run(ReflectiveCallable.java:12)
	at org.junit.runners.model.FrameworkMethod.invokeExplosively(FrameworkMethod.java:44)
	at org.junit.internal.runners.statements.InvokeMethod.evaluate(InvokeMethod.java:17)
	at org.junit.runners.ParentRunner.runLeaf(ParentRunner.java:271)
	at org.junit.runners.BlockJUnit4ClassRunner.runChild(BlockJUnit4ClassRunner.java:70)
	at org.junit.runners.BlockJUnit4ClassRunner.runChild(BlockJUnit4ClassRunner.java:50)
	at org.junit.runners.ParentRunner$3.run(ParentRunner.java:238)
	at org.junit.runners.ParentRunner$1.schedule(ParentRunner.java:63)
	at org.junit.runners.ParentRunner.runChildren(ParentRunner.java:236)
	at org.junit.runners.ParentRunner.access$000(ParentRunner.java:53)
	at org.junit.runners.ParentRunner$2.evaluate(ParentRunner.java:229)
	at org.junit.runners.ParentRunner.run(ParentRunner.java:309)
	at org.junit.runners.Suite.runChild(Suite.java:127)
	at org.junit.runners.Suite.runChild(Suite.java:26)
	at org.junit.runners.ParentRunner$3.run(ParentRunner.java:238)
	at org.junit.runners.ParentRunner$1.schedule(ParentRunner.java:63)
	at org.junit.runners.ParentRunner.runChildren(ParentRunner.java:236)
	at org.junit.runners.ParentRunner.access$000(ParentRunner.java:53)
	at org.junit.runners.ParentRunner$2.evaluate(ParentRunner.java:229)
	at org.junit.runners.ParentRunner.run(ParentRunner.java:309)
	at org.junit.runner.JUnitCore.run(JUnitCore.java:160)
	at org.junit.runner.JUnitCore.run(JUnitCore.java:138)
	at com.novocode.junit.JUnitRunner$1.execute(JUnitRunner.java:132)
	at sbt.ForkMain$Run.lambda$runTest$1(ForkMain.java:304)
	at java.util.concurrent.FutureTask.run(FutureTask.java:266)
	at java.util.concurrent.ThreadPoolExecutor.runWorker(ThreadPoolExecutor.java:1149)
	at java.util.concurrent.ThreadPoolExecutor$Worker.run(ThreadPoolExecutor.java:624)
	at java.lang.Thread.run(Thread.java:748)
</failure>
                                               </testcase><testcase classname="miniscala.test.CPSOptimizer_Blackbox" name="testLibLists9" time="0.018">
                                                 <failure message="java.util.NoSuchElementException: key not found: c" type="sbt.ForkMain$ForkError">sbt.ForkMain$ForkError: java.util.NoSuchElementException: key not found: c
	at scala.collection.immutable.Map$EmptyMap$.apply(Map.scala:101)
	at scala.collection.immutable.Map$EmptyMap$.apply(Map.scala:99)
	at miniscala.CPSOptimizer.$anonfun$shrink$1(CPSOptimizer.scala:114)
	at scala.collection.TraversableLike.$anonfun$map$1(TraversableLike.scala:238)
	at scala.collection.immutable.List.foreach(List.scala:392)
	at scala.collection.TraversableLike.map(TraversableLike.scala:238)
	at scala.collection.TraversableLike.map$(TraversableLike.scala:231)
	at scala.collection.immutable.List.map(List.scala:298)
	at miniscala.CPSOptimizer.shrinkT$1(CPSOptimizer.scala:114)
	at miniscala.CPSOptimizer.$anonfun$shrink$4(CPSOptimizer.scala:143)
	at scala.collection.TraversableLike.$anonfun$map$1(TraversableLike.scala:238)
	at scala.collection.immutable.List.foreach(List.scala:392)
	at scala.collection.TraversableLike.map(TraversableLike.scala:238)
	at scala.collection.TraversableLike.map$(TraversableLike.scala:231)
	at scala.collection.immutable.List.map(List.scala:298)
	at miniscala.CPSOptimizer.shrinkT$1(CPSOptimizer.scala:143)
	at miniscala.CPSOptimizer.shrink(CPSOptimizer.scala:168)
	at miniscala.CPSOptimizer.$anonfun$apply$1(CPSOptimizer.scala:10)
	at scala.collection.immutable.Stream$.$anonfun$iterate$1(Stream.scala:1207)
	at scala.collection.immutable.Stream$Cons.tail(Stream.scala:1171)
	at scala.collection.immutable.Stream$Cons.tail(Stream.scala:1161)
	at scala.collection.immutable.Stream.$anonfun$take$2(Stream.scala:792)
	at scala.collection.immutable.Stream$Cons.tail(Stream.scala:1171)
	at scala.collection.immutable.Stream$Cons.tail(Stream.scala:1161)
	at miniscala.package$.fixedPoint(package.scala:4)
	at miniscala.package$.fixedPoint(package.scala:9)
	at miniscala.CPSOptimizer.apply(CPSOptimizer.scala:10)
	at miniscala.CPSOptimizerHigh$.apply(CPSOptimizer.scala:279)
	at scala.Function1.$anonfun$andThen$1(Function1.scala:57)
	at scala.Function1.$anonfun$andThen$1(Function1.scala:57)
	at scala.Function1.$anonfun$andThen$1(Function1.scala:57)
	at scala.Function1.$anonfun$andThen$1(Function1.scala:57)
	at scala.Function1.$anonfun$andThen$1(Function1.scala:57)
	at scala.Function1.$anonfun$andThen$1(Function1.scala:57)
	at miniscala.test.infrastructure.CompilerTest.compileInner(CompilerTest.scala:37)
	at miniscala.test.infrastructure.CompilerTest.$anonfun$compileUsingPipelineAndRedirect$1(CompilerTest.scala:44)
	at miniscala.test.infrastructure.SandboxedTest$$anon$1.run(SandboxedTest.scala:24)
	at java.security.AccessController.doPrivileged(Native Method)
	at miniscala.test.infrastructure.SandboxedTest.sandboxedTest(SandboxedTest.scala:34)
	at miniscala.test.infrastructure.SandboxedTest.sandboxedTestWithRedirectedIO(SandboxedTest.scala:45)
	at miniscala.test.infrastructure.CompilerTest.compileUsingPipelineAndRedirect(CompilerTest.scala:44)
	at miniscala.test.infrastructure.CompilerTest.compileUsingPipelineAndRedirect$(CompilerTest.scala:43)
	at miniscala.test.infrastructure.CPSTest.compileUsingPipelineAndRedirect(CPSTest.scala:11)
	at miniscala.test.infrastructure.CPSOptTest.testCPSLowProgramOutput(CPSOptTest.scala:91)
	at miniscala.test.CPSOptimizer_Blackbox.$anonfun$compileAndInterpret$1(CPSOptimizer_Blackbox.scala:9)
	at miniscala.test.CPSOptimizer_Blackbox.$anonfun$compileAndInterpret$1$adapted(CPSOptimizer_Blackbox.scala:9)
	at miniscala.test.ok.LibraryOKTests.$anonfun$compileAndInterpretWithLib$1(LibraryOKTests.scala:19)
	at miniscala.test.ok.LibraryOKTests.$anonfun$compileAndInterpretWithLib$1$adapted(LibraryOKTests.scala:19)
	at miniscala.test.ok.LibraryOKTests.testLibLists9(LibraryOKTests.scala:99)
	at miniscala.test.ok.LibraryOKTests.testLibLists9$(LibraryOKTests.scala:98)
	at miniscala.test.CPSOptimizer_Blackbox.testLibLists9(CPSOptimizer_Blackbox.scala:7)
	at sun.reflect.NativeMethodAccessorImpl.invoke0(Native Method)
	at sun.reflect.NativeMethodAccessorImpl.invoke(NativeMethodAccessorImpl.java:62)
	at sun.reflect.DelegatingMethodAccessorImpl.invoke(DelegatingMethodAccessorImpl.java:43)
	at java.lang.reflect.Method.invoke(Method.java:498)
	at org.junit.runners.model.FrameworkMethod$1.runReflectiveCall(FrameworkMethod.java:47)
	at org.junit.internal.runners.model.ReflectiveCallable.run(ReflectiveCallable.java:12)
	at org.junit.runners.model.FrameworkMethod.invokeExplosively(FrameworkMethod.java:44)
	at org.junit.internal.runners.statements.InvokeMethod.evaluate(InvokeMethod.java:17)
	at org.junit.runners.ParentRunner.runLeaf(ParentRunner.java:271)
	at org.junit.runners.BlockJUnit4ClassRunner.runChild(BlockJUnit4ClassRunner.java:70)
	at org.junit.runners.BlockJUnit4ClassRunner.runChild(BlockJUnit4ClassRunner.java:50)
	at org.junit.runners.ParentRunner$3.run(ParentRunner.java:238)
	at org.junit.runners.ParentRunner$1.schedule(ParentRunner.java:63)
	at org.junit.runners.ParentRunner.runChildren(ParentRunner.java:236)
	at org.junit.runners.ParentRunner.access$000(ParentRunner.java:53)
	at org.junit.runners.ParentRunner$2.evaluate(ParentRunner.java:229)
	at org.junit.runners.ParentRunner.run(ParentRunner.java:309)
	at org.junit.runners.Suite.runChild(Suite.java:127)
	at org.junit.runners.Suite.runChild(Suite.java:26)
	at org.junit.runners.ParentRunner$3.run(ParentRunner.java:238)
	at org.junit.runners.ParentRunner$1.schedule(ParentRunner.java:63)
	at org.junit.runners.ParentRunner.runChildren(ParentRunner.java:236)
	at org.junit.runners.ParentRunner.access$000(ParentRunner.java:53)
	at org.junit.runners.ParentRunner$2.evaluate(ParentRunner.java:229)
	at org.junit.runners.ParentRunner.run(ParentRunner.java:309)
	at org.junit.runner.JUnitCore.run(JUnitCore.java:160)
	at org.junit.runner.JUnitCore.run(JUnitCore.java:138)
	at com.novocode.junit.JUnitRunner$1.execute(JUnitRunner.java:132)
	at sbt.ForkMain$Run.lambda$runTest$1(ForkMain.java:304)
	at java.util.concurrent.FutureTask.run(FutureTask.java:266)
	at java.util.concurrent.ThreadPoolExecutor.runWorker(ThreadPoolExecutor.java:1149)
	at java.util.concurrent.ThreadPoolExecutor$Worker.run(ThreadPoolExecutor.java:624)
	at java.lang.Thread.run(Thread.java:748)
</failure>
                                               </testcase><testcase classname="miniscala.test.CPSOptimizer_Blackbox" name="testPrimitiveArithmetic1" time="0.001">
                                                 <failure message="scala.MatchError: Halt(c0_29) (of class miniscala.CPSTreeModule$Halt)" type="sbt.ForkMain$ForkError">sbt.ForkMain$ForkError: scala.MatchError: Halt(c0_29) (of class miniscala.CPSTreeModule$Halt)
	at miniscala.CPSOptimizer.shrinkT$1(CPSOptimizer.scala:93)
	at miniscala.CPSOptimizer.shrinkT$1(CPSOptimizer.scala:102)
	at miniscala.CPSOptimizer.shrinkT$1(CPSOptimizer.scala:127)
	at miniscala.CPSOptimizer.shrinkT$1(CPSOptimizer.scala:102)
	at miniscala.CPSOptimizer.shrinkT$1(CPSOptimizer.scala:127)
	at miniscala.CPSOptimizer.shrinkT$1(CPSOptimizer.scala:115)
	at miniscala.CPSOptimizer.shrinkT$1(CPSOptimizer.scala:102)
	at miniscala.CPSOptimizer.shrinkT$1(CPSOptimizer.scala:102)
	at miniscala.CPSOptimizer.shrinkT$1(CPSOptimizer.scala:127)
	at miniscala.CPSOptimizer.shrinkT$1(CPSOptimizer.scala:115)
	at miniscala.CPSOptimizer.shrinkT$1(CPSOptimizer.scala:102)
	at miniscala.CPSOptimizer.shrinkT$1(CPSOptimizer.scala:102)
	at miniscala.CPSOptimizer.shrink(CPSOptimizer.scala:168)
	at miniscala.CPSOptimizer.$anonfun$apply$1(CPSOptimizer.scala:10)
	at scala.collection.immutable.Stream$.$anonfun$iterate$1(Stream.scala:1207)
	at scala.collection.immutable.Stream$Cons.tail(Stream.scala:1171)
	at scala.collection.immutable.Stream$Cons.tail(Stream.scala:1161)
	at scala.collection.immutable.Stream.$anonfun$take$2(Stream.scala:792)
	at scala.collection.immutable.Stream$Cons.tail(Stream.scala:1171)
	at scala.collection.immutable.Stream$Cons.tail(Stream.scala:1161)
	at miniscala.package$.fixedPoint(package.scala:4)
	at miniscala.package$.fixedPoint(package.scala:9)
	at miniscala.CPSOptimizer.apply(CPSOptimizer.scala:10)
	at miniscala.CPSOptimizerHigh$.apply(CPSOptimizer.scala:279)
	at scala.Function1.$anonfun$andThen$1(Function1.scala:57)
	at scala.Function1.$anonfun$andThen$1(Function1.scala:57)
	at scala.Function1.$anonfun$andThen$1(Function1.scala:57)
	at scala.Function1.$anonfun$andThen$1(Function1.scala:57)
	at scala.Function1.$anonfun$andThen$1(Function1.scala:57)
	at scala.Function1.$anonfun$andThen$1(Function1.scala:57)
	at miniscala.test.infrastructure.CompilerTest.compileInner(CompilerTest.scala:37)
	at miniscala.test.infrastructure.CompilerTest.$anonfun$compileUsingPipelineAndRedirect$1(CompilerTest.scala:44)
	at miniscala.test.infrastructure.SandboxedTest$$anon$1.run(SandboxedTest.scala:24)
	at java.security.AccessController.doPrivileged(Native Method)
	at miniscala.test.infrastructure.SandboxedTest.sandboxedTest(SandboxedTest.scala:34)
	at miniscala.test.infrastructure.SandboxedTest.sandboxedTestWithRedirectedIO(SandboxedTest.scala:45)
	at miniscala.test.infrastructure.CompilerTest.compileUsingPipelineAndRedirect(CompilerTest.scala:44)
	at miniscala.test.infrastructure.CompilerTest.compileUsingPipelineAndRedirect$(CompilerTest.scala:43)
	at miniscala.test.infrastructure.CPSTest.compileUsingPipelineAndRedirect(CPSTest.scala:11)
	at miniscala.test.infrastructure.CPSOptTest.testCPSLowProgramOutput(CPSOptTest.scala:91)
	at miniscala.test.CPSOptimizer_Blackbox.$anonfun$compileAndInterpret$1(CPSOptimizer_Blackbox.scala:9)
	at miniscala.test.CPSOptimizer_Blackbox.$anonfun$compileAndInterpret$1$adapted(CPSOptimizer_Blackbox.scala:9)
	at miniscala.test.ok.PrimitivesOKTests.testPrimitiveArithmetic1(PrimitivesOKTests.scala:8)
	at miniscala.test.ok.PrimitivesOKTests.testPrimitiveArithmetic1$(PrimitivesOKTests.scala:7)
	at miniscala.test.CPSOptimizer_Blackbox.testPrimitiveArithmetic1(CPSOptimizer_Blackbox.scala:7)
	at sun.reflect.NativeMethodAccessorImpl.invoke0(Native Method)
	at sun.reflect.NativeMethodAccessorImpl.invoke(NativeMethodAccessorImpl.java:62)
	at sun.reflect.DelegatingMethodAccessorImpl.invoke(DelegatingMethodAccessorImpl.java:43)
	at java.lang.reflect.Method.invoke(Method.java:498)
	at org.junit.runners.model.FrameworkMethod$1.runReflectiveCall(FrameworkMethod.java:47)
	at org.junit.internal.runners.model.ReflectiveCallable.run(ReflectiveCallable.java:12)
	at org.junit.runners.model.FrameworkMethod.invokeExplosively(FrameworkMethod.java:44)
	at org.junit.internal.runners.statements.InvokeMethod.evaluate(InvokeMethod.java:17)
	at org.junit.runners.ParentRunner.runLeaf(ParentRunner.java:271)
	at org.junit.runners.BlockJUnit4ClassRunner.runChild(BlockJUnit4ClassRunner.java:70)
	at org.junit.runners.BlockJUnit4ClassRunner.runChild(BlockJUnit4ClassRunner.java:50)
	at org.junit.runners.ParentRunner$3.run(ParentRunner.java:238)
	at org.junit.runners.ParentRunner$1.schedule(ParentRunner.java:63)
	at org.junit.runners.ParentRunner.runChildren(ParentRunner.java:236)
	at org.junit.runners.ParentRunner.access$000(ParentRunner.java:53)
	at org.junit.runners.ParentRunner$2.evaluate(ParentRunner.java:229)
	at org.junit.runners.ParentRunner.run(ParentRunner.java:309)
	at org.junit.runners.Suite.runChild(Suite.java:127)
	at org.junit.runners.Suite.runChild(Suite.java:26)
	at org.junit.runners.ParentRunner$3.run(ParentRunner.java:238)
	at org.junit.runners.ParentRunner$1.schedule(ParentRunner.java:63)
	at org.junit.runners.ParentRunner.runChildren(ParentRunner.java:236)
	at org.junit.runners.ParentRunner.access$000(ParentRunner.java:53)
	at org.junit.runners.ParentRunner$2.evaluate(ParentRunner.java:229)
	at org.junit.runners.ParentRunner.run(ParentRunner.java:309)
	at org.junit.runner.JUnitCore.run(JUnitCore.java:160)
	at org.junit.runner.JUnitCore.run(JUnitCore.java:138)
	at com.novocode.junit.JUnitRunner$1.execute(JUnitRunner.java:132)
	at sbt.ForkMain$Run.lambda$runTest$1(ForkMain.java:304)
	at java.util.concurrent.FutureTask.run(FutureTask.java:266)
	at java.util.concurrent.ThreadPoolExecutor.runWorker(ThreadPoolExecutor.java:1149)
	at java.util.concurrent.ThreadPoolExecutor$Worker.run(ThreadPoolExecutor.java:624)
	at java.lang.Thread.run(Thread.java:748)
</failure>
                                               </testcase><testcase classname="miniscala.test.CPSOptimizer_Blackbox" name="testPrimitiveArithmetic2" time="0.001">
                                                 <failure message="scala.MatchError: Halt(c0_30) (of class miniscala.CPSTreeModule$Halt)" type="sbt.ForkMain$ForkError">sbt.ForkMain$ForkError: scala.MatchError: Halt(c0_30) (of class miniscala.CPSTreeModule$Halt)
	at miniscala.CPSOptimizer.shrinkT$1(CPSOptimizer.scala:93)
	at miniscala.CPSOptimizer.shrinkT$1(CPSOptimizer.scala:102)
	at miniscala.CPSOptimizer.shrinkT$1(CPSOptimizer.scala:127)
	at miniscala.CPSOptimizer.shrinkT$1(CPSOptimizer.scala:102)
	at miniscala.CPSOptimizer.shrinkT$1(CPSOptimizer.scala:127)
	at miniscala.CPSOptimizer.shrinkT$1(CPSOptimizer.scala:115)
	at miniscala.CPSOptimizer.shrinkT$1(CPSOptimizer.scala:102)
	at miniscala.CPSOptimizer.shrinkT$1(CPSOptimizer.scala:102)
	at miniscala.CPSOptimizer.shrinkT$1(CPSOptimizer.scala:127)
	at miniscala.CPSOptimizer.shrinkT$1(CPSOptimizer.scala:115)
	at miniscala.CPSOptimizer.shrinkT$1(CPSOptimizer.scala:102)
	at miniscala.CPSOptimizer.shrinkT$1(CPSOptimizer.scala:102)
	at miniscala.CPSOptimizer.shrink(CPSOptimizer.scala:168)
	at miniscala.CPSOptimizer.$anonfun$apply$1(CPSOptimizer.scala:10)
	at scala.collection.immutable.Stream$.$anonfun$iterate$1(Stream.scala:1207)
	at scala.collection.immutable.Stream$Cons.tail(Stream.scala:1171)
	at scala.collection.immutable.Stream$Cons.tail(Stream.scala:1161)
	at scala.collection.immutable.Stream.$anonfun$take$2(Stream.scala:792)
	at scala.collection.immutable.Stream$Cons.tail(Stream.scala:1171)
	at scala.collection.immutable.Stream$Cons.tail(Stream.scala:1161)
	at miniscala.package$.fixedPoint(package.scala:4)
	at miniscala.package$.fixedPoint(package.scala:9)
	at miniscala.CPSOptimizer.apply(CPSOptimizer.scala:10)
	at miniscala.CPSOptimizerHigh$.apply(CPSOptimizer.scala:279)
	at scala.Function1.$anonfun$andThen$1(Function1.scala:57)
	at scala.Function1.$anonfun$andThen$1(Function1.scala:57)
	at scala.Function1.$anonfun$andThen$1(Function1.scala:57)
	at scala.Function1.$anonfun$andThen$1(Function1.scala:57)
	at scala.Function1.$anonfun$andThen$1(Function1.scala:57)
	at scala.Function1.$anonfun$andThen$1(Function1.scala:57)
	at miniscala.test.infrastructure.CompilerTest.compileInner(CompilerTest.scala:37)
	at miniscala.test.infrastructure.CompilerTest.$anonfun$compileUsingPipelineAndRedirect$1(CompilerTest.scala:44)
	at miniscala.test.infrastructure.SandboxedTest$$anon$1.run(SandboxedTest.scala:24)
	at java.security.AccessController.doPrivileged(Native Method)
	at miniscala.test.infrastructure.SandboxedTest.sandboxedTest(SandboxedTest.scala:34)
	at miniscala.test.infrastructure.SandboxedTest.sandboxedTestWithRedirectedIO(SandboxedTest.scala:45)
	at miniscala.test.infrastructure.CompilerTest.compileUsingPipelineAndRedirect(CompilerTest.scala:44)
	at miniscala.test.infrastructure.CompilerTest.compileUsingPipelineAndRedirect$(CompilerTest.scala:43)
	at miniscala.test.infrastructure.CPSTest.compileUsingPipelineAndRedirect(CPSTest.scala:11)
	at miniscala.test.infrastructure.CPSOptTest.testCPSLowProgramOutput(CPSOptTest.scala:91)
	at miniscala.test.CPSOptimizer_Blackbox.$anonfun$compileAndInterpret$1(CPSOptimizer_Blackbox.scala:9)
	at miniscala.test.CPSOptimizer_Blackbox.$anonfun$compileAndInterpret$1$adapted(CPSOptimizer_Blackbox.scala:9)
	at miniscala.test.ok.PrimitivesOKTests.testPrimitiveArithmetic2(PrimitivesOKTests.scala:15)
	at miniscala.test.ok.PrimitivesOKTests.testPrimitiveArithmetic2$(PrimitivesOKTests.scala:14)
	at miniscala.test.CPSOptimizer_Blackbox.testPrimitiveArithmetic2(CPSOptimizer_Blackbox.scala:7)
	at sun.reflect.NativeMethodAccessorImpl.invoke0(Native Method)
	at sun.reflect.NativeMethodAccessorImpl.invoke(NativeMethodAccessorImpl.java:62)
	at sun.reflect.DelegatingMethodAccessorImpl.invoke(DelegatingMethodAccessorImpl.java:43)
	at java.lang.reflect.Method.invoke(Method.java:498)
	at org.junit.runners.model.FrameworkMethod$1.runReflectiveCall(FrameworkMethod.java:47)
	at org.junit.internal.runners.model.ReflectiveCallable.run(ReflectiveCallable.java:12)
	at org.junit.runners.model.FrameworkMethod.invokeExplosively(FrameworkMethod.java:44)
	at org.junit.internal.runners.statements.InvokeMethod.evaluate(InvokeMethod.java:17)
	at org.junit.runners.ParentRunner.runLeaf(ParentRunner.java:271)
	at org.junit.runners.BlockJUnit4ClassRunner.runChild(BlockJUnit4ClassRunner.java:70)
	at org.junit.runners.BlockJUnit4ClassRunner.runChild(BlockJUnit4ClassRunner.java:50)
	at org.junit.runners.ParentRunner$3.run(ParentRunner.java:238)
	at org.junit.runners.ParentRunner$1.schedule(ParentRunner.java:63)
	at org.junit.runners.ParentRunner.runChildren(ParentRunner.java:236)
	at org.junit.runners.ParentRunner.access$000(ParentRunner.java:53)
	at org.junit.runners.ParentRunner$2.evaluate(ParentRunner.java:229)
	at org.junit.runners.ParentRunner.run(ParentRunner.java:309)
	at org.junit.runners.Suite.runChild(Suite.java:127)
	at org.junit.runners.Suite.runChild(Suite.java:26)
	at org.junit.runners.ParentRunner$3.run(ParentRunner.java:238)
	at org.junit.runners.ParentRunner$1.schedule(ParentRunner.java:63)
	at org.junit.runners.ParentRunner.runChildren(ParentRunner.java:236)
	at org.junit.runners.ParentRunner.access$000(ParentRunner.java:53)
	at org.junit.runners.ParentRunner$2.evaluate(ParentRunner.java:229)
	at org.junit.runners.ParentRunner.run(ParentRunner.java:309)
	at org.junit.runner.JUnitCore.run(JUnitCore.java:160)
	at org.junit.runner.JUnitCore.run(JUnitCore.java:138)
	at com.novocode.junit.JUnitRunner$1.execute(JUnitRunner.java:132)
	at sbt.ForkMain$Run.lambda$runTest$1(ForkMain.java:304)
	at java.util.concurrent.FutureTask.run(FutureTask.java:266)
	at java.util.concurrent.ThreadPoolExecutor.runWorker(ThreadPoolExecutor.java:1149)
	at java.util.concurrent.ThreadPoolExecutor$Worker.run(ThreadPoolExecutor.java:624)
	at java.lang.Thread.run(Thread.java:748)
</failure>
                                               </testcase><testcase classname="miniscala.test.CPSOptimizer_Blackbox" name="testPrimitiveArithmetic3" time="0.002">
                                                 <failure message="scala.MatchError: Halt(c0_31) (of class miniscala.CPSTreeModule$Halt)" type="sbt.ForkMain$ForkError">sbt.ForkMain$ForkError: scala.MatchError: Halt(c0_31) (of class miniscala.CPSTreeModule$Halt)
	at miniscala.CPSOptimizer.shrinkT$1(CPSOptimizer.scala:93)
	at miniscala.CPSOptimizer.shrinkT$1(CPSOptimizer.scala:102)
	at miniscala.CPSOptimizer.shrinkT$1(CPSOptimizer.scala:127)
	at miniscala.CPSOptimizer.shrinkT$1(CPSOptimizer.scala:102)
	at miniscala.CPSOptimizer.shrinkT$1(CPSOptimizer.scala:127)
	at miniscala.CPSOptimizer.shrinkT$1(CPSOptimizer.scala:115)
	at miniscala.CPSOptimizer.shrinkT$1(CPSOptimizer.scala:102)
	at miniscala.CPSOptimizer.shrinkT$1(CPSOptimizer.scala:115)
	at miniscala.CPSOptimizer.shrinkT$1(CPSOptimizer.scala:102)
	at miniscala.CPSOptimizer.shrinkT$1(CPSOptimizer.scala:102)
	at miniscala.CPSOptimizer.shrinkT$1(CPSOptimizer.scala:127)
	at miniscala.CPSOptimizer.shrinkT$1(CPSOptimizer.scala:115)
	at miniscala.CPSOptimizer.shrinkT$1(CPSOptimizer.scala:102)
	at miniscala.CPSOptimizer.shrinkT$1(CPSOptimizer.scala:115)
	at miniscala.CPSOptimizer.shrinkT$1(CPSOptimizer.scala:102)
	at miniscala.CPSOptimizer.shrinkT$1(CPSOptimizer.scala:115)
	at miniscala.CPSOptimizer.shrinkT$1(CPSOptimizer.scala:102)
	at miniscala.CPSOptimizer.shrinkT$1(CPSOptimizer.scala:102)
	at miniscala.CPSOptimizer.shrink(CPSOptimizer.scala:168)
	at miniscala.CPSOptimizer.$anonfun$apply$1(CPSOptimizer.scala:10)
	at scala.collection.immutable.Stream$.$anonfun$iterate$1(Stream.scala:1207)
	at scala.collection.immutable.Stream$Cons.tail(Stream.scala:1171)
	at scala.collection.immutable.Stream$Cons.tail(Stream.scala:1161)
	at scala.collection.immutable.Stream.$anonfun$take$2(Stream.scala:792)
	at scala.collection.immutable.Stream$Cons.tail(Stream.scala:1171)
	at scala.collection.immutable.Stream$Cons.tail(Stream.scala:1161)
	at miniscala.package$.fixedPoint(package.scala:4)
	at miniscala.package$.fixedPoint(package.scala:9)
	at miniscala.CPSOptimizer.apply(CPSOptimizer.scala:10)
	at miniscala.CPSOptimizerHigh$.apply(CPSOptimizer.scala:279)
	at scala.Function1.$anonfun$andThen$1(Function1.scala:57)
	at scala.Function1.$anonfun$andThen$1(Function1.scala:57)
	at scala.Function1.$anonfun$andThen$1(Function1.scala:57)
	at scala.Function1.$anonfun$andThen$1(Function1.scala:57)
	at scala.Function1.$anonfun$andThen$1(Function1.scala:57)
	at scala.Function1.$anonfun$andThen$1(Function1.scala:57)
	at miniscala.test.infrastructure.CompilerTest.compileInner(CompilerTest.scala:37)
	at miniscala.test.infrastructure.CompilerTest.$anonfun$compileUsingPipelineAndRedirect$1(CompilerTest.scala:44)
	at miniscala.test.infrastructure.SandboxedTest$$anon$1.run(SandboxedTest.scala:24)
	at java.security.AccessController.doPrivileged(Native Method)
	at miniscala.test.infrastructure.SandboxedTest.sandboxedTest(SandboxedTest.scala:34)
	at miniscala.test.infrastructure.SandboxedTest.sandboxedTestWithRedirectedIO(SandboxedTest.scala:45)
	at miniscala.test.infrastructure.CompilerTest.compileUsingPipelineAndRedirect(CompilerTest.scala:44)
	at miniscala.test.infrastructure.CompilerTest.compileUsingPipelineAndRedirect$(CompilerTest.scala:43)
	at miniscala.test.infrastructure.CPSTest.compileUsingPipelineAndRedirect(CPSTest.scala:11)
	at miniscala.test.infrastructure.CPSOptTest.testCPSLowProgramOutput(CPSOptTest.scala:91)
	at miniscala.test.CPSOptimizer_Blackbox.$anonfun$compileAndInterpret$1(CPSOptimizer_Blackbox.scala:9)
	at miniscala.test.CPSOptimizer_Blackbox.$anonfun$compileAndInterpret$1$adapted(CPSOptimizer_Blackbox.scala:9)
	at miniscala.test.ok.PrimitivesOKTests.testPrimitiveArithmetic3(PrimitivesOKTests.scala:22)
	at miniscala.test.ok.PrimitivesOKTests.testPrimitiveArithmetic3$(PrimitivesOKTests.scala:21)
	at miniscala.test.CPSOptimizer_Blackbox.testPrimitiveArithmetic3(CPSOptimizer_Blackbox.scala:7)
	at sun.reflect.NativeMethodAccessorImpl.invoke0(Native Method)
	at sun.reflect.NativeMethodAccessorImpl.invoke(NativeMethodAccessorImpl.java:62)
	at sun.reflect.DelegatingMethodAccessorImpl.invoke(DelegatingMethodAccessorImpl.java:43)
	at java.lang.reflect.Method.invoke(Method.java:498)
	at org.junit.runners.model.FrameworkMethod$1.runReflectiveCall(FrameworkMethod.java:47)
	at org.junit.internal.runners.model.ReflectiveCallable.run(ReflectiveCallable.java:12)
	at org.junit.runners.model.FrameworkMethod.invokeExplosively(FrameworkMethod.java:44)
	at org.junit.internal.runners.statements.InvokeMethod.evaluate(InvokeMethod.java:17)
	at org.junit.runners.ParentRunner.runLeaf(ParentRunner.java:271)
	at org.junit.runners.BlockJUnit4ClassRunner.runChild(BlockJUnit4ClassRunner.java:70)
	at org.junit.runners.BlockJUnit4ClassRunner.runChild(BlockJUnit4ClassRunner.java:50)
	at org.junit.runners.ParentRunner$3.run(ParentRunner.java:238)
	at org.junit.runners.ParentRunner$1.schedule(ParentRunner.java:63)
	at org.junit.runners.ParentRunner.runChildren(ParentRunner.java:236)
	at org.junit.runners.ParentRunner.access$000(ParentRunner.java:53)
	at org.junit.runners.ParentRunner$2.evaluate(ParentRunner.java:229)
	at org.junit.runners.ParentRunner.run(ParentRunner.java:309)
	at org.junit.runners.Suite.runChild(Suite.java:127)
	at org.junit.runners.Suite.runChild(Suite.java:26)
	at org.junit.runners.ParentRunner$3.run(ParentRunner.java:238)
	at org.junit.runners.ParentRunner$1.schedule(ParentRunner.java:63)
	at org.junit.runners.ParentRunner.runChildren(ParentRunner.java:236)
	at org.junit.runners.ParentRunner.access$000(ParentRunner.java:53)
	at org.junit.runners.ParentRunner$2.evaluate(ParentRunner.java:229)
	at org.junit.runners.ParentRunner.run(ParentRunner.java:309)
	at org.junit.runner.JUnitCore.run(JUnitCore.java:160)
	at org.junit.runner.JUnitCore.run(JUnitCore.java:138)
	at com.novocode.junit.JUnitRunner$1.execute(JUnitRunner.java:132)
	at sbt.ForkMain$Run.lambda$runTest$1(ForkMain.java:304)
	at java.util.concurrent.FutureTask.run(FutureTask.java:266)
	at java.util.concurrent.ThreadPoolExecutor.runWorker(ThreadPoolExecutor.java:1149)
	at java.util.concurrent.ThreadPoolExecutor$Worker.run(ThreadPoolExecutor.java:624)
	at java.lang.Thread.run(Thread.java:748)
</failure>
                                               </testcase><testcase classname="miniscala.test.CPSOptimizer_Blackbox" name="testPrimitiveArithmetic4" time="0.004">
                                                 <failure message="scala.MatchError: Halt(c0_32) (of class miniscala.CPSTreeModule$Halt)" type="sbt.ForkMain$ForkError">sbt.ForkMain$ForkError: scala.MatchError: Halt(c0_32) (of class miniscala.CPSTreeModule$Halt)
	at miniscala.CPSOptimizer.shrinkT$1(CPSOptimizer.scala:93)
	at miniscala.CPSOptimizer.shrinkT$1(CPSOptimizer.scala:102)
	at miniscala.CPSOptimizer.shrinkT$1(CPSOptimizer.scala:127)
	at miniscala.CPSOptimizer.shrinkT$1(CPSOptimizer.scala:102)
	at miniscala.CPSOptimizer.shrinkT$1(CPSOptimizer.scala:127)
	at miniscala.CPSOptimizer.shrinkT$1(CPSOptimizer.scala:115)
	at miniscala.CPSOptimizer.shrinkT$1(CPSOptimizer.scala:102)
	at miniscala.CPSOptimizer.shrinkT$1(CPSOptimizer.scala:102)
	at miniscala.CPSOptimizer.shrinkT$1(CPSOptimizer.scala:127)
	at miniscala.CPSOptimizer.shrinkT$1(CPSOptimizer.scala:115)
	at miniscala.CPSOptimizer.shrinkT$1(CPSOptimizer.scala:102)
	at miniscala.CPSOptimizer.shrinkT$1(CPSOptimizer.scala:102)
	at miniscala.CPSOptimizer.shrink(CPSOptimizer.scala:168)
	at miniscala.CPSOptimizer.$anonfun$apply$1(CPSOptimizer.scala:10)
	at scala.collection.immutable.Stream$.$anonfun$iterate$1(Stream.scala:1207)
	at scala.collection.immutable.Stream$Cons.tail(Stream.scala:1171)
	at scala.collection.immutable.Stream$Cons.tail(Stream.scala:1161)
	at scala.collection.immutable.Stream.$anonfun$take$2(Stream.scala:792)
	at scala.collection.immutable.Stream$Cons.tail(Stream.scala:1171)
	at scala.collection.immutable.Stream$Cons.tail(Stream.scala:1161)
	at miniscala.package$.fixedPoint(package.scala:4)
	at miniscala.package$.fixedPoint(package.scala:9)
	at miniscala.CPSOptimizer.apply(CPSOptimizer.scala:10)
	at miniscala.CPSOptimizerHigh$.apply(CPSOptimizer.scala:279)
	at scala.Function1.$anonfun$andThen$1(Function1.scala:57)
	at scala.Function1.$anonfun$andThen$1(Function1.scala:57)
	at scala.Function1.$anonfun$andThen$1(Function1.scala:57)
	at scala.Function1.$anonfun$andThen$1(Function1.scala:57)
	at scala.Function1.$anonfun$andThen$1(Function1.scala:57)
	at scala.Function1.$anonfun$andThen$1(Function1.scala:57)
	at miniscala.test.infrastructure.CompilerTest.compileInner(CompilerTest.scala:37)
	at miniscala.test.infrastructure.CompilerTest.$anonfun$compileUsingPipelineAndRedirect$1(CompilerTest.scala:44)
	at miniscala.test.infrastructure.SandboxedTest$$anon$1.run(SandboxedTest.scala:24)
	at java.security.AccessController.doPrivileged(Native Method)
	at miniscala.test.infrastructure.SandboxedTest.sandboxedTest(SandboxedTest.scala:34)
	at miniscala.test.infrastructure.SandboxedTest.sandboxedTestWithRedirectedIO(SandboxedTest.scala:45)
	at miniscala.test.infrastructure.CompilerTest.compileUsingPipelineAndRedirect(CompilerTest.scala:44)
	at miniscala.test.infrastructure.CompilerTest.compileUsingPipelineAndRedirect$(CompilerTest.scala:43)
	at miniscala.test.infrastructure.CPSTest.compileUsingPipelineAndRedirect(CPSTest.scala:11)
	at miniscala.test.infrastructure.CPSOptTest.testCPSLowProgramOutput(CPSOptTest.scala:91)
	at miniscala.test.CPSOptimizer_Blackbox.$anonfun$compileAndInterpret$1(CPSOptimizer_Blackbox.scala:9)
	at miniscala.test.CPSOptimizer_Blackbox.$anonfun$compileAndInterpret$1$adapted(CPSOptimizer_Blackbox.scala:9)
	at miniscala.test.ok.PrimitivesOKTests.testPrimitiveArithmetic4(PrimitivesOKTests.scala:29)
	at miniscala.test.ok.PrimitivesOKTests.testPrimitiveArithmetic4$(PrimitivesOKTests.scala:28)
	at miniscala.test.CPSOptimizer_Blackbox.testPrimitiveArithmetic4(CPSOptimizer_Blackbox.scala:7)
	at sun.reflect.NativeMethodAccessorImpl.invoke0(Native Method)
	at sun.reflect.NativeMethodAccessorImpl.invoke(NativeMethodAccessorImpl.java:62)
	at sun.reflect.DelegatingMethodAccessorImpl.invoke(DelegatingMethodAccessorImpl.java:43)
	at java.lang.reflect.Method.invoke(Method.java:498)
	at org.junit.runners.model.FrameworkMethod$1.runReflectiveCall(FrameworkMethod.java:47)
	at org.junit.internal.runners.model.ReflectiveCallable.run(ReflectiveCallable.java:12)
	at org.junit.runners.model.FrameworkMethod.invokeExplosively(FrameworkMethod.java:44)
	at org.junit.internal.runners.statements.InvokeMethod.evaluate(InvokeMethod.java:17)
	at org.junit.runners.ParentRunner.runLeaf(ParentRunner.java:271)
	at org.junit.runners.BlockJUnit4ClassRunner.runChild(BlockJUnit4ClassRunner.java:70)
	at org.junit.runners.BlockJUnit4ClassRunner.runChild(BlockJUnit4ClassRunner.java:50)
	at org.junit.runners.ParentRunner$3.run(ParentRunner.java:238)
	at org.junit.runners.ParentRunner$1.schedule(ParentRunner.java:63)
	at org.junit.runners.ParentRunner.runChildren(ParentRunner.java:236)
	at org.junit.runners.ParentRunner.access$000(ParentRunner.java:53)
	at org.junit.runners.ParentRunner$2.evaluate(ParentRunner.java:229)
	at org.junit.runners.ParentRunner.run(ParentRunner.java:309)
	at org.junit.runners.Suite.runChild(Suite.java:127)
	at org.junit.runners.Suite.runChild(Suite.java:26)
	at org.junit.runners.ParentRunner$3.run(ParentRunner.java:238)
	at org.junit.runners.ParentRunner$1.schedule(ParentRunner.java:63)
	at org.junit.runners.ParentRunner.runChildren(ParentRunner.java:236)
	at org.junit.runners.ParentRunner.access$000(ParentRunner.java:53)
	at org.junit.runners.ParentRunner$2.evaluate(ParentRunner.java:229)
	at org.junit.runners.ParentRunner.run(ParentRunner.java:309)
	at org.junit.runner.JUnitCore.run(JUnitCore.java:160)
	at org.junit.runner.JUnitCore.run(JUnitCore.java:138)
	at com.novocode.junit.JUnitRunner$1.execute(JUnitRunner.java:132)
	at sbt.ForkMain$Run.lambda$runTest$1(ForkMain.java:304)
	at java.util.concurrent.FutureTask.run(FutureTask.java:266)
	at java.util.concurrent.ThreadPoolExecutor.runWorker(ThreadPoolExecutor.java:1149)
	at java.util.concurrent.ThreadPoolExecutor$Worker.run(ThreadPoolExecutor.java:624)
	at java.lang.Thread.run(Thread.java:748)
</failure>
                                               </testcase><testcase classname="miniscala.test.CPSOptimizer_Blackbox" name="testPrimitiveArithmetic5" time="0.001">
                                                 <failure message="scala.MatchError: Halt(c0_33) (of class miniscala.CPSTreeModule$Halt)" type="sbt.ForkMain$ForkError">sbt.ForkMain$ForkError: scala.MatchError: Halt(c0_33) (of class miniscala.CPSTreeModule$Halt)
	at miniscala.CPSOptimizer.shrinkT$1(CPSOptimizer.scala:93)
	at miniscala.CPSOptimizer.shrinkT$1(CPSOptimizer.scala:102)
	at miniscala.CPSOptimizer.shrinkT$1(CPSOptimizer.scala:127)
	at miniscala.CPSOptimizer.shrinkT$1(CPSOptimizer.scala:102)
	at miniscala.CPSOptimizer.shrinkT$1(CPSOptimizer.scala:127)
	at miniscala.CPSOptimizer.shrinkT$1(CPSOptimizer.scala:115)
	at miniscala.CPSOptimizer.shrinkT$1(CPSOptimizer.scala:102)
	at miniscala.CPSOptimizer.shrinkT$1(CPSOptimizer.scala:102)
	at miniscala.CPSOptimizer.shrinkT$1(CPSOptimizer.scala:127)
	at miniscala.CPSOptimizer.shrinkT$1(CPSOptimizer.scala:115)
	at miniscala.CPSOptimizer.shrinkT$1(CPSOptimizer.scala:102)
	at miniscala.CPSOptimizer.shrinkT$1(CPSOptimizer.scala:102)
	at miniscala.CPSOptimizer.shrink(CPSOptimizer.scala:168)
	at miniscala.CPSOptimizer.$anonfun$apply$1(CPSOptimizer.scala:10)
	at scala.collection.immutable.Stream$.$anonfun$iterate$1(Stream.scala:1207)
	at scala.collection.immutable.Stream$Cons.tail(Stream.scala:1171)
	at scala.collection.immutable.Stream$Cons.tail(Stream.scala:1161)
	at scala.collection.immutable.Stream.$anonfun$take$2(Stream.scala:792)
	at scala.collection.immutable.Stream$Cons.tail(Stream.scala:1171)
	at scala.collection.immutable.Stream$Cons.tail(Stream.scala:1161)
	at miniscala.package$.fixedPoint(package.scala:4)
	at miniscala.package$.fixedPoint(package.scala:9)
	at miniscala.CPSOptimizer.apply(CPSOptimizer.scala:10)
	at miniscala.CPSOptimizerHigh$.apply(CPSOptimizer.scala:279)
	at scala.Function1.$anonfun$andThen$1(Function1.scala:57)
	at scala.Function1.$anonfun$andThen$1(Function1.scala:57)
	at scala.Function1.$anonfun$andThen$1(Function1.scala:57)
	at scala.Function1.$anonfun$andThen$1(Function1.scala:57)
	at scala.Function1.$anonfun$andThen$1(Function1.scala:57)
	at scala.Function1.$anonfun$andThen$1(Function1.scala:57)
	at miniscala.test.infrastructure.CompilerTest.compileInner(CompilerTest.scala:37)
	at miniscala.test.infrastructure.CompilerTest.$anonfun$compileUsingPipelineAndRedirect$1(CompilerTest.scala:44)
	at miniscala.test.infrastructure.SandboxedTest$$anon$1.run(SandboxedTest.scala:24)
	at java.security.AccessController.doPrivileged(Native Method)
	at miniscala.test.infrastructure.SandboxedTest.sandboxedTest(SandboxedTest.scala:34)
	at miniscala.test.infrastructure.SandboxedTest.sandboxedTestWithRedirectedIO(SandboxedTest.scala:45)
	at miniscala.test.infrastructure.CompilerTest.compileUsingPipelineAndRedirect(CompilerTest.scala:44)
	at miniscala.test.infrastructure.CompilerTest.compileUsingPipelineAndRedirect$(CompilerTest.scala:43)
	at miniscala.test.infrastructure.CPSTest.compileUsingPipelineAndRedirect(CPSTest.scala:11)
	at miniscala.test.infrastructure.CPSOptTest.testCPSLowProgramOutput(CPSOptTest.scala:91)
	at miniscala.test.CPSOptimizer_Blackbox.$anonfun$compileAndInterpret$1(CPSOptimizer_Blackbox.scala:9)
	at miniscala.test.CPSOptimizer_Blackbox.$anonfun$compileAndInterpret$1$adapted(CPSOptimizer_Blackbox.scala:9)
	at miniscala.test.ok.PrimitivesOKTests.testPrimitiveArithmetic5(PrimitivesOKTests.scala:36)
	at miniscala.test.ok.PrimitivesOKTests.testPrimitiveArithmetic5$(PrimitivesOKTests.scala:35)
	at miniscala.test.CPSOptimizer_Blackbox.testPrimitiveArithmetic5(CPSOptimizer_Blackbox.scala:7)
	at sun.reflect.NativeMethodAccessorImpl.invoke0(Native Method)
	at sun.reflect.NativeMethodAccessorImpl.invoke(NativeMethodAccessorImpl.java:62)
	at sun.reflect.DelegatingMethodAccessorImpl.invoke(DelegatingMethodAccessorImpl.java:43)
	at java.lang.reflect.Method.invoke(Method.java:498)
	at org.junit.runners.model.FrameworkMethod$1.runReflectiveCall(FrameworkMethod.java:47)
	at org.junit.internal.runners.model.ReflectiveCallable.run(ReflectiveCallable.java:12)
	at org.junit.runners.model.FrameworkMethod.invokeExplosively(FrameworkMethod.java:44)
	at org.junit.internal.runners.statements.InvokeMethod.evaluate(InvokeMethod.java:17)
	at org.junit.runners.ParentRunner.runLeaf(ParentRunner.java:271)
	at org.junit.runners.BlockJUnit4ClassRunner.runChild(BlockJUnit4ClassRunner.java:70)
	at org.junit.runners.BlockJUnit4ClassRunner.runChild(BlockJUnit4ClassRunner.java:50)
	at org.junit.runners.ParentRunner$3.run(ParentRunner.java:238)
	at org.junit.runners.ParentRunner$1.schedule(ParentRunner.java:63)
	at org.junit.runners.ParentRunner.runChildren(ParentRunner.java:236)
	at org.junit.runners.ParentRunner.access$000(ParentRunner.java:53)
	at org.junit.runners.ParentRunner$2.evaluate(ParentRunner.java:229)
	at org.junit.runners.ParentRunner.run(ParentRunner.java:309)
	at org.junit.runners.Suite.runChild(Suite.java:127)
	at org.junit.runners.Suite.runChild(Suite.java:26)
	at org.junit.runners.ParentRunner$3.run(ParentRunner.java:238)
	at org.junit.runners.ParentRunner$1.schedule(ParentRunner.java:63)
	at org.junit.runners.ParentRunner.runChildren(ParentRunner.java:236)
	at org.junit.runners.ParentRunner.access$000(ParentRunner.java:53)
	at org.junit.runners.ParentRunner$2.evaluate(ParentRunner.java:229)
	at org.junit.runners.ParentRunner.run(ParentRunner.java:309)
	at org.junit.runner.JUnitCore.run(JUnitCore.java:160)
	at org.junit.runner.JUnitCore.run(JUnitCore.java:138)
	at com.novocode.junit.JUnitRunner$1.execute(JUnitRunner.java:132)
	at sbt.ForkMain$Run.lambda$runTest$1(ForkMain.java:304)
	at java.util.concurrent.FutureTask.run(FutureTask.java:266)
	at java.util.concurrent.ThreadPoolExecutor.runWorker(ThreadPoolExecutor.java:1149)
	at java.util.concurrent.ThreadPoolExecutor$Worker.run(ThreadPoolExecutor.java:624)
	at java.lang.Thread.run(Thread.java:748)
</failure>
                                               </testcase><testcase classname="miniscala.test.CPSOptimizer_Blackbox" name="testPrimitiveArithmetic6" time="0.002">
                                                 <failure message="scala.MatchError: Halt(c0_34) (of class miniscala.CPSTreeModule$Halt)" type="sbt.ForkMain$ForkError">sbt.ForkMain$ForkError: scala.MatchError: Halt(c0_34) (of class miniscala.CPSTreeModule$Halt)
	at miniscala.CPSOptimizer.shrinkT$1(CPSOptimizer.scala:93)
	at miniscala.CPSOptimizer.shrinkT$1(CPSOptimizer.scala:102)
	at miniscala.CPSOptimizer.shrinkT$1(CPSOptimizer.scala:127)
	at miniscala.CPSOptimizer.shrinkT$1(CPSOptimizer.scala:102)
	at miniscala.CPSOptimizer.shrinkT$1(CPSOptimizer.scala:127)
	at miniscala.CPSOptimizer.shrinkT$1(CPSOptimizer.scala:115)
	at miniscala.CPSOptimizer.shrinkT$1(CPSOptimizer.scala:102)
	at miniscala.CPSOptimizer.shrinkT$1(CPSOptimizer.scala:115)
	at miniscala.CPSOptimizer.shrinkT$1(CPSOptimizer.scala:102)
	at miniscala.CPSOptimizer.shrinkT$1(CPSOptimizer.scala:102)
	at miniscala.CPSOptimizer.shrinkT$1(CPSOptimizer.scala:127)
	at miniscala.CPSOptimizer.shrinkT$1(CPSOptimizer.scala:115)
	at miniscala.CPSOptimizer.shrinkT$1(CPSOptimizer.scala:102)
	at miniscala.CPSOptimizer.shrinkT$1(CPSOptimizer.scala:115)
	at miniscala.CPSOptimizer.shrinkT$1(CPSOptimizer.scala:102)
	at miniscala.CPSOptimizer.shrinkT$1(CPSOptimizer.scala:102)
	at miniscala.CPSOptimizer.shrink(CPSOptimizer.scala:168)
	at miniscala.CPSOptimizer.$anonfun$apply$1(CPSOptimizer.scala:10)
	at scala.collection.immutable.Stream$.$anonfun$iterate$1(Stream.scala:1207)
	at scala.collection.immutable.Stream$Cons.tail(Stream.scala:1171)
	at scala.collection.immutable.Stream$Cons.tail(Stream.scala:1161)
	at scala.collection.immutable.Stream.$anonfun$take$2(Stream.scala:792)
	at scala.collection.immutable.Stream$Cons.tail(Stream.scala:1171)
	at scala.collection.immutable.Stream$Cons.tail(Stream.scala:1161)
	at miniscala.package$.fixedPoint(package.scala:4)
	at miniscala.package$.fixedPoint(package.scala:9)
	at miniscala.CPSOptimizer.apply(CPSOptimizer.scala:10)
	at miniscala.CPSOptimizerHigh$.apply(CPSOptimizer.scala:279)
	at scala.Function1.$anonfun$andThen$1(Function1.scala:57)
	at scala.Function1.$anonfun$andThen$1(Function1.scala:57)
	at scala.Function1.$anonfun$andThen$1(Function1.scala:57)
	at scala.Function1.$anonfun$andThen$1(Function1.scala:57)
	at scala.Function1.$anonfun$andThen$1(Function1.scala:57)
	at scala.Function1.$anonfun$andThen$1(Function1.scala:57)
	at miniscala.test.infrastructure.CompilerTest.compileInner(CompilerTest.scala:37)
	at miniscala.test.infrastructure.CompilerTest.$anonfun$compileUsingPipelineAndRedirect$1(CompilerTest.scala:44)
	at miniscala.test.infrastructure.SandboxedTest$$anon$1.run(SandboxedTest.scala:24)
	at java.security.AccessController.doPrivileged(Native Method)
	at miniscala.test.infrastructure.SandboxedTest.sandboxedTest(SandboxedTest.scala:34)
	at miniscala.test.infrastructure.SandboxedTest.sandboxedTestWithRedirectedIO(SandboxedTest.scala:45)
	at miniscala.test.infrastructure.CompilerTest.compileUsingPipelineAndRedirect(CompilerTest.scala:44)
	at miniscala.test.infrastructure.CompilerTest.compileUsingPipelineAndRedirect$(CompilerTest.scala:43)
	at miniscala.test.infrastructure.CPSTest.compileUsingPipelineAndRedirect(CPSTest.scala:11)
	at miniscala.test.infrastructure.CPSOptTest.testCPSLowProgramOutput(CPSOptTest.scala:91)
	at miniscala.test.CPSOptimizer_Blackbox.$anonfun$compileAndInterpret$1(CPSOptimizer_Blackbox.scala:9)
	at miniscala.test.CPSOptimizer_Blackbox.$anonfun$compileAndInterpret$1$adapted(CPSOptimizer_Blackbox.scala:9)
	at miniscala.test.ok.PrimitivesOKTests.testPrimitiveArithmetic6(PrimitivesOKTests.scala:43)
	at miniscala.test.ok.PrimitivesOKTests.testPrimitiveArithmetic6$(PrimitivesOKTests.scala:42)
	at miniscala.test.CPSOptimizer_Blackbox.testPrimitiveArithmetic6(CPSOptimizer_Blackbox.scala:7)
	at sun.reflect.NativeMethodAccessorImpl.invoke0(Native Method)
	at sun.reflect.NativeMethodAccessorImpl.invoke(NativeMethodAccessorImpl.java:62)
	at sun.reflect.DelegatingMethodAccessorImpl.invoke(DelegatingMethodAccessorImpl.java:43)
	at java.lang.reflect.Method.invoke(Method.java:498)
	at org.junit.runners.model.FrameworkMethod$1.runReflectiveCall(FrameworkMethod.java:47)
	at org.junit.internal.runners.model.ReflectiveCallable.run(ReflectiveCallable.java:12)
	at org.junit.runners.model.FrameworkMethod.invokeExplosively(FrameworkMethod.java:44)
	at org.junit.internal.runners.statements.InvokeMethod.evaluate(InvokeMethod.java:17)
	at org.junit.runners.ParentRunner.runLeaf(ParentRunner.java:271)
	at org.junit.runners.BlockJUnit4ClassRunner.runChild(BlockJUnit4ClassRunner.java:70)
	at org.junit.runners.BlockJUnit4ClassRunner.runChild(BlockJUnit4ClassRunner.java:50)
	at org.junit.runners.ParentRunner$3.run(ParentRunner.java:238)
	at org.junit.runners.ParentRunner$1.schedule(ParentRunner.java:63)
	at org.junit.runners.ParentRunner.runChildren(ParentRunner.java:236)
	at org.junit.runners.ParentRunner.access$000(ParentRunner.java:53)
	at org.junit.runners.ParentRunner$2.evaluate(ParentRunner.java:229)
	at org.junit.runners.ParentRunner.run(ParentRunner.java:309)
	at org.junit.runners.Suite.runChild(Suite.java:127)
	at org.junit.runners.Suite.runChild(Suite.java:26)
	at org.junit.runners.ParentRunner$3.run(ParentRunner.java:238)
	at org.junit.runners.ParentRunner$1.schedule(ParentRunner.java:63)
	at org.junit.runners.ParentRunner.runChildren(ParentRunner.java:236)
	at org.junit.runners.ParentRunner.access$000(ParentRunner.java:53)
	at org.junit.runners.ParentRunner$2.evaluate(ParentRunner.java:229)
	at org.junit.runners.ParentRunner.run(ParentRunner.java:309)
	at org.junit.runner.JUnitCore.run(JUnitCore.java:160)
	at org.junit.runner.JUnitCore.run(JUnitCore.java:138)
	at com.novocode.junit.JUnitRunner$1.execute(JUnitRunner.java:132)
	at sbt.ForkMain$Run.lambda$runTest$1(ForkMain.java:304)
	at java.util.concurrent.FutureTask.run(FutureTask.java:266)
	at java.util.concurrent.ThreadPoolExecutor.runWorker(ThreadPoolExecutor.java:1149)
	at java.util.concurrent.ThreadPoolExecutor$Worker.run(ThreadPoolExecutor.java:624)
	at java.lang.Thread.run(Thread.java:748)
</failure>
                                               </testcase><testcase classname="miniscala.test.CPSOptimizer_Blackbox" name="testPrimitiveArithmetic7" time="0.001">
                                                 <failure message="scala.MatchError: Halt(c0_35) (of class miniscala.CPSTreeModule$Halt)" type="sbt.ForkMain$ForkError">sbt.ForkMain$ForkError: scala.MatchError: Halt(c0_35) (of class miniscala.CPSTreeModule$Halt)
	at miniscala.CPSOptimizer.shrinkT$1(CPSOptimizer.scala:93)
	at miniscala.CPSOptimizer.shrinkT$1(CPSOptimizer.scala:102)
	at miniscala.CPSOptimizer.shrinkT$1(CPSOptimizer.scala:127)
	at miniscala.CPSOptimizer.shrinkT$1(CPSOptimizer.scala:102)
	at miniscala.CPSOptimizer.shrinkT$1(CPSOptimizer.scala:127)
	at miniscala.CPSOptimizer.shrinkT$1(CPSOptimizer.scala:115)
	at miniscala.CPSOptimizer.shrinkT$1(CPSOptimizer.scala:102)
	at miniscala.CPSOptimizer.shrinkT$1(CPSOptimizer.scala:102)
	at miniscala.CPSOptimizer.shrinkT$1(CPSOptimizer.scala:127)
	at miniscala.CPSOptimizer.shrinkT$1(CPSOptimizer.scala:115)
	at miniscala.CPSOptimizer.shrinkT$1(CPSOptimizer.scala:102)
	at miniscala.CPSOptimizer.shrinkT$1(CPSOptimizer.scala:102)
	at miniscala.CPSOptimizer.shrink(CPSOptimizer.scala:168)
	at miniscala.CPSOptimizer.$anonfun$apply$1(CPSOptimizer.scala:10)
	at scala.collection.immutable.Stream$.$anonfun$iterate$1(Stream.scala:1207)
	at scala.collection.immutable.Stream$Cons.tail(Stream.scala:1171)
	at scala.collection.immutable.Stream$Cons.tail(Stream.scala:1161)
	at scala.collection.immutable.Stream.$anonfun$take$2(Stream.scala:792)
	at scala.collection.immutable.Stream$Cons.tail(Stream.scala:1171)
	at scala.collection.immutable.Stream$Cons.tail(Stream.scala:1161)
	at miniscala.package$.fixedPoint(package.scala:4)
	at miniscala.package$.fixedPoint(package.scala:9)
	at miniscala.CPSOptimizer.apply(CPSOptimizer.scala:10)
	at miniscala.CPSOptimizerHigh$.apply(CPSOptimizer.scala:279)
	at scala.Function1.$anonfun$andThen$1(Function1.scala:57)
	at scala.Function1.$anonfun$andThen$1(Function1.scala:57)
	at scala.Function1.$anonfun$andThen$1(Function1.scala:57)
	at scala.Function1.$anonfun$andThen$1(Function1.scala:57)
	at scala.Function1.$anonfun$andThen$1(Function1.scala:57)
	at scala.Function1.$anonfun$andThen$1(Function1.scala:57)
	at miniscala.test.infrastructure.CompilerTest.compileInner(CompilerTest.scala:37)
	at miniscala.test.infrastructure.CompilerTest.$anonfun$compileUsingPipelineAndRedirect$1(CompilerTest.scala:44)
	at miniscala.test.infrastructure.SandboxedTest$$anon$1.run(SandboxedTest.scala:24)
	at java.security.AccessController.doPrivileged(Native Method)
	at miniscala.test.infrastructure.SandboxedTest.sandboxedTest(SandboxedTest.scala:34)
	at miniscala.test.infrastructure.SandboxedTest.sandboxedTestWithRedirectedIO(SandboxedTest.scala:45)
	at miniscala.test.infrastructure.CompilerTest.compileUsingPipelineAndRedirect(CompilerTest.scala:44)
	at miniscala.test.infrastructure.CompilerTest.compileUsingPipelineAndRedirect$(CompilerTest.scala:43)
	at miniscala.test.infrastructure.CPSTest.compileUsingPipelineAndRedirect(CPSTest.scala:11)
	at miniscala.test.infrastructure.CPSOptTest.testCPSLowProgramOutput(CPSOptTest.scala:91)
	at miniscala.test.CPSOptimizer_Blackbox.$anonfun$compileAndInterpret$1(CPSOptimizer_Blackbox.scala:9)
	at miniscala.test.CPSOptimizer_Blackbox.$anonfun$compileAndInterpret$1$adapted(CPSOptimizer_Blackbox.scala:9)
	at miniscala.test.ok.PrimitivesOKTests.testPrimitiveArithmetic7(PrimitivesOKTests.scala:50)
	at miniscala.test.ok.PrimitivesOKTests.testPrimitiveArithmetic7$(PrimitivesOKTests.scala:49)
	at miniscala.test.CPSOptimizer_Blackbox.testPrimitiveArithmetic7(CPSOptimizer_Blackbox.scala:7)
	at sun.reflect.NativeMethodAccessorImpl.invoke0(Native Method)
	at sun.reflect.NativeMethodAccessorImpl.invoke(NativeMethodAccessorImpl.java:62)
	at sun.reflect.DelegatingMethodAccessorImpl.invoke(DelegatingMethodAccessorImpl.java:43)
	at java.lang.reflect.Method.invoke(Method.java:498)
	at org.junit.runners.model.FrameworkMethod$1.runReflectiveCall(FrameworkMethod.java:47)
	at org.junit.internal.runners.model.ReflectiveCallable.run(ReflectiveCallable.java:12)
	at org.junit.runners.model.FrameworkMethod.invokeExplosively(FrameworkMethod.java:44)
	at org.junit.internal.runners.statements.InvokeMethod.evaluate(InvokeMethod.java:17)
	at org.junit.runners.ParentRunner.runLeaf(ParentRunner.java:271)
	at org.junit.runners.BlockJUnit4ClassRunner.runChild(BlockJUnit4ClassRunner.java:70)
	at org.junit.runners.BlockJUnit4ClassRunner.runChild(BlockJUnit4ClassRunner.java:50)
	at org.junit.runners.ParentRunner$3.run(ParentRunner.java:238)
	at org.junit.runners.ParentRunner$1.schedule(ParentRunner.java:63)
	at org.junit.runners.ParentRunner.runChildren(ParentRunner.java:236)
	at org.junit.runners.ParentRunner.access$000(ParentRunner.java:53)
	at org.junit.runners.ParentRunner$2.evaluate(ParentRunner.java:229)
	at org.junit.runners.ParentRunner.run(ParentRunner.java:309)
	at org.junit.runners.Suite.runChild(Suite.java:127)
	at org.junit.runners.Suite.runChild(Suite.java:26)
	at org.junit.runners.ParentRunner$3.run(ParentRunner.java:238)
	at org.junit.runners.ParentRunner$1.schedule(ParentRunner.java:63)
	at org.junit.runners.ParentRunner.runChildren(ParentRunner.java:236)
	at org.junit.runners.ParentRunner.access$000(ParentRunner.java:53)
	at org.junit.runners.ParentRunner$2.evaluate(ParentRunner.java:229)
	at org.junit.runners.ParentRunner.run(ParentRunner.java:309)
	at org.junit.runner.JUnitCore.run(JUnitCore.java:160)
	at org.junit.runner.JUnitCore.run(JUnitCore.java:138)
	at com.novocode.junit.JUnitRunner$1.execute(JUnitRunner.java:132)
	at sbt.ForkMain$Run.lambda$runTest$1(ForkMain.java:304)
	at java.util.concurrent.FutureTask.run(FutureTask.java:266)
	at java.util.concurrent.ThreadPoolExecutor.runWorker(ThreadPoolExecutor.java:1149)
	at java.util.concurrent.ThreadPoolExecutor$Worker.run(ThreadPoolExecutor.java:624)
	at java.lang.Thread.run(Thread.java:748)
</failure>
                                               </testcase><testcase classname="miniscala.test.CPSOptimizer_Blackbox" name="testPrimitiveArithmetic8" time="0.001">
                                                 <failure message="scala.MatchError: Halt(c0_36) (of class miniscala.CPSTreeModule$Halt)" type="sbt.ForkMain$ForkError">sbt.ForkMain$ForkError: scala.MatchError: Halt(c0_36) (of class miniscala.CPSTreeModule$Halt)
	at miniscala.CPSOptimizer.shrinkT$1(CPSOptimizer.scala:93)
	at miniscala.CPSOptimizer.shrinkT$1(CPSOptimizer.scala:102)
	at miniscala.CPSOptimizer.shrinkT$1(CPSOptimizer.scala:127)
	at miniscala.CPSOptimizer.shrinkT$1(CPSOptimizer.scala:102)
	at miniscala.CPSOptimizer.shrinkT$1(CPSOptimizer.scala:127)
	at miniscala.CPSOptimizer.shrinkT$1(CPSOptimizer.scala:115)
	at miniscala.CPSOptimizer.shrinkT$1(CPSOptimizer.scala:102)
	at miniscala.CPSOptimizer.shrinkT$1(CPSOptimizer.scala:102)
	at miniscala.CPSOptimizer.shrinkT$1(CPSOptimizer.scala:127)
	at miniscala.CPSOptimizer.shrinkT$1(CPSOptimizer.scala:115)
	at miniscala.CPSOptimizer.shrinkT$1(CPSOptimizer.scala:102)
	at miniscala.CPSOptimizer.shrinkT$1(CPSOptimizer.scala:102)
	at miniscala.CPSOptimizer.shrink(CPSOptimizer.scala:168)
	at miniscala.CPSOptimizer.$anonfun$apply$1(CPSOptimizer.scala:10)
	at scala.collection.immutable.Stream$.$anonfun$iterate$1(Stream.scala:1207)
	at scala.collection.immutable.Stream$Cons.tail(Stream.scala:1171)
	at scala.collection.immutable.Stream$Cons.tail(Stream.scala:1161)
	at scala.collection.immutable.Stream.$anonfun$take$2(Stream.scala:792)
	at scala.collection.immutable.Stream$Cons.tail(Stream.scala:1171)
	at scala.collection.immutable.Stream$Cons.tail(Stream.scala:1161)
	at miniscala.package$.fixedPoint(package.scala:4)
	at miniscala.package$.fixedPoint(package.scala:9)
	at miniscala.CPSOptimizer.apply(CPSOptimizer.scala:10)
	at miniscala.CPSOptimizerHigh$.apply(CPSOptimizer.scala:279)
	at scala.Function1.$anonfun$andThen$1(Function1.scala:57)
	at scala.Function1.$anonfun$andThen$1(Function1.scala:57)
	at scala.Function1.$anonfun$andThen$1(Function1.scala:57)
	at scala.Function1.$anonfun$andThen$1(Function1.scala:57)
	at scala.Function1.$anonfun$andThen$1(Function1.scala:57)
	at scala.Function1.$anonfun$andThen$1(Function1.scala:57)
	at miniscala.test.infrastructure.CompilerTest.compileInner(CompilerTest.scala:37)
	at miniscala.test.infrastructure.CompilerTest.$anonfun$compileUsingPipelineAndRedirect$1(CompilerTest.scala:44)
	at miniscala.test.infrastructure.SandboxedTest$$anon$1.run(SandboxedTest.scala:24)
	at java.security.AccessController.doPrivileged(Native Method)
	at miniscala.test.infrastructure.SandboxedTest.sandboxedTest(SandboxedTest.scala:34)
	at miniscala.test.infrastructure.SandboxedTest.sandboxedTestWithRedirectedIO(SandboxedTest.scala:45)
	at miniscala.test.infrastructure.CompilerTest.compileUsingPipelineAndRedirect(CompilerTest.scala:44)
	at miniscala.test.infrastructure.CompilerTest.compileUsingPipelineAndRedirect$(CompilerTest.scala:43)
	at miniscala.test.infrastructure.CPSTest.compileUsingPipelineAndRedirect(CPSTest.scala:11)
	at miniscala.test.infrastructure.CPSOptTest.testCPSLowProgramOutput(CPSOptTest.scala:91)
	at miniscala.test.CPSOptimizer_Blackbox.$anonfun$compileAndInterpret$1(CPSOptimizer_Blackbox.scala:9)
	at miniscala.test.CPSOptimizer_Blackbox.$anonfun$compileAndInterpret$1$adapted(CPSOptimizer_Blackbox.scala:9)
	at miniscala.test.ok.PrimitivesOKTests.testPrimitiveArithmetic8(PrimitivesOKTests.scala:57)
	at miniscala.test.ok.PrimitivesOKTests.testPrimitiveArithmetic8$(PrimitivesOKTests.scala:56)
	at miniscala.test.CPSOptimizer_Blackbox.testPrimitiveArithmetic8(CPSOptimizer_Blackbox.scala:7)
	at sun.reflect.NativeMethodAccessorImpl.invoke0(Native Method)
	at sun.reflect.NativeMethodAccessorImpl.invoke(NativeMethodAccessorImpl.java:62)
	at sun.reflect.DelegatingMethodAccessorImpl.invoke(DelegatingMethodAccessorImpl.java:43)
	at java.lang.reflect.Method.invoke(Method.java:498)
	at org.junit.runners.model.FrameworkMethod$1.runReflectiveCall(FrameworkMethod.java:47)
	at org.junit.internal.runners.model.ReflectiveCallable.run(ReflectiveCallable.java:12)
	at org.junit.runners.model.FrameworkMethod.invokeExplosively(FrameworkMethod.java:44)
	at org.junit.internal.runners.statements.InvokeMethod.evaluate(InvokeMethod.java:17)
	at org.junit.runners.ParentRunner.runLeaf(ParentRunner.java:271)
	at org.junit.runners.BlockJUnit4ClassRunner.runChild(BlockJUnit4ClassRunner.java:70)
	at org.junit.runners.BlockJUnit4ClassRunner.runChild(BlockJUnit4ClassRunner.java:50)
	at org.junit.runners.ParentRunner$3.run(ParentRunner.java:238)
	at org.junit.runners.ParentRunner$1.schedule(ParentRunner.java:63)
	at org.junit.runners.ParentRunner.runChildren(ParentRunner.java:236)
	at org.junit.runners.ParentRunner.access$000(ParentRunner.java:53)
	at org.junit.runners.ParentRunner$2.evaluate(ParentRunner.java:229)
	at org.junit.runners.ParentRunner.run(ParentRunner.java:309)
	at org.junit.runners.Suite.runChild(Suite.java:127)
	at org.junit.runners.Suite.runChild(Suite.java:26)
	at org.junit.runners.ParentRunner$3.run(ParentRunner.java:238)
	at org.junit.runners.ParentRunner$1.schedule(ParentRunner.java:63)
	at org.junit.runners.ParentRunner.runChildren(ParentRunner.java:236)
	at org.junit.runners.ParentRunner.access$000(ParentRunner.java:53)
	at org.junit.runners.ParentRunner$2.evaluate(ParentRunner.java:229)
	at org.junit.runners.ParentRunner.run(ParentRunner.java:309)
	at org.junit.runner.JUnitCore.run(JUnitCore.java:160)
	at org.junit.runner.JUnitCore.run(JUnitCore.java:138)
	at com.novocode.junit.JUnitRunner$1.execute(JUnitRunner.java:132)
	at sbt.ForkMain$Run.lambda$runTest$1(ForkMain.java:304)
	at java.util.concurrent.FutureTask.run(FutureTask.java:266)
	at java.util.concurrent.ThreadPoolExecutor.runWorker(ThreadPoolExecutor.java:1149)
	at java.util.concurrent.ThreadPoolExecutor$Worker.run(ThreadPoolExecutor.java:624)
	at java.lang.Thread.run(Thread.java:748)
</failure>
                                               </testcase><testcase classname="miniscala.test.CPSOptimizer_Blackbox" name="testPrimitiveArithmetic9" time="0.003">
                                                 <failure message="scala.MatchError: Halt(c0_37) (of class miniscala.CPSTreeModule$Halt)" type="sbt.ForkMain$ForkError">sbt.ForkMain$ForkError: scala.MatchError: Halt(c0_37) (of class miniscala.CPSTreeModule$Halt)
	at miniscala.CPSOptimizer.shrinkT$1(CPSOptimizer.scala:93)
	at miniscala.CPSOptimizer.shrinkT$1(CPSOptimizer.scala:102)
	at miniscala.CPSOptimizer.shrinkT$1(CPSOptimizer.scala:127)
	at miniscala.CPSOptimizer.shrinkT$1(CPSOptimizer.scala:102)
	at miniscala.CPSOptimizer.shrinkT$1(CPSOptimizer.scala:127)
	at miniscala.CPSOptimizer.shrinkT$1(CPSOptimizer.scala:115)
	at miniscala.CPSOptimizer.shrinkT$1(CPSOptimizer.scala:102)
	at miniscala.CPSOptimizer.shrinkT$1(CPSOptimizer.scala:102)
	at miniscala.CPSOptimizer.shrinkT$1(CPSOptimizer.scala:127)
	at miniscala.CPSOptimizer.shrinkT$1(CPSOptimizer.scala:115)
	at miniscala.CPSOptimizer.shrinkT$1(CPSOptimizer.scala:102)
	at miniscala.CPSOptimizer.shrinkT$1(CPSOptimizer.scala:102)
	at miniscala.CPSOptimizer.shrink(CPSOptimizer.scala:168)
	at miniscala.CPSOptimizer.$anonfun$apply$1(CPSOptimizer.scala:10)
	at scala.collection.immutable.Stream$.$anonfun$iterate$1(Stream.scala:1207)
	at scala.collection.immutable.Stream$Cons.tail(Stream.scala:1171)
	at scala.collection.immutable.Stream$Cons.tail(Stream.scala:1161)
	at scala.collection.immutable.Stream.$anonfun$take$2(Stream.scala:792)
	at scala.collection.immutable.Stream$Cons.tail(Stream.scala:1171)
	at scala.collection.immutable.Stream$Cons.tail(Stream.scala:1161)
	at miniscala.package$.fixedPoint(package.scala:4)
	at miniscala.package$.fixedPoint(package.scala:9)
	at miniscala.CPSOptimizer.apply(CPSOptimizer.scala:10)
	at miniscala.CPSOptimizerHigh$.apply(CPSOptimizer.scala:279)
	at scala.Function1.$anonfun$andThen$1(Function1.scala:57)
	at scala.Function1.$anonfun$andThen$1(Function1.scala:57)
	at scala.Function1.$anonfun$andThen$1(Function1.scala:57)
	at scala.Function1.$anonfun$andThen$1(Function1.scala:57)
	at scala.Function1.$anonfun$andThen$1(Function1.scala:57)
	at scala.Function1.$anonfun$andThen$1(Function1.scala:57)
	at miniscala.test.infrastructure.CompilerTest.compileInner(CompilerTest.scala:37)
	at miniscala.test.infrastructure.CompilerTest.$anonfun$compileUsingPipelineAndRedirect$1(CompilerTest.scala:44)
	at miniscala.test.infrastructure.SandboxedTest$$anon$1.run(SandboxedTest.scala:24)
	at java.security.AccessController.doPrivileged(Native Method)
	at miniscala.test.infrastructure.SandboxedTest.sandboxedTest(SandboxedTest.scala:34)
	at miniscala.test.infrastructure.SandboxedTest.sandboxedTestWithRedirectedIO(SandboxedTest.scala:45)
	at miniscala.test.infrastructure.CompilerTest.compileUsingPipelineAndRedirect(CompilerTest.scala:44)
	at miniscala.test.infrastructure.CompilerTest.compileUsingPipelineAndRedirect$(CompilerTest.scala:43)
	at miniscala.test.infrastructure.CPSTest.compileUsingPipelineAndRedirect(CPSTest.scala:11)
	at miniscala.test.infrastructure.CPSOptTest.testCPSLowProgramOutput(CPSOptTest.scala:91)
	at miniscala.test.CPSOptimizer_Blackbox.$anonfun$compileAndInterpret$1(CPSOptimizer_Blackbox.scala:9)
	at miniscala.test.CPSOptimizer_Blackbox.$anonfun$compileAndInterpret$1$adapted(CPSOptimizer_Blackbox.scala:9)
	at miniscala.test.ok.PrimitivesOKTests.testPrimitiveArithmetic9(PrimitivesOKTests.scala:64)
	at miniscala.test.ok.PrimitivesOKTests.testPrimitiveArithmetic9$(PrimitivesOKTests.scala:63)
	at miniscala.test.CPSOptimizer_Blackbox.testPrimitiveArithmetic9(CPSOptimizer_Blackbox.scala:7)
	at sun.reflect.NativeMethodAccessorImpl.invoke0(Native Method)
	at sun.reflect.NativeMethodAccessorImpl.invoke(NativeMethodAccessorImpl.java:62)
	at sun.reflect.DelegatingMethodAccessorImpl.invoke(DelegatingMethodAccessorImpl.java:43)
	at java.lang.reflect.Method.invoke(Method.java:498)
	at org.junit.runners.model.FrameworkMethod$1.runReflectiveCall(FrameworkMethod.java:47)
	at org.junit.internal.runners.model.ReflectiveCallable.run(ReflectiveCallable.java:12)
	at org.junit.runners.model.FrameworkMethod.invokeExplosively(FrameworkMethod.java:44)
	at org.junit.internal.runners.statements.InvokeMethod.evaluate(InvokeMethod.java:17)
	at org.junit.runners.ParentRunner.runLeaf(ParentRunner.java:271)
	at org.junit.runners.BlockJUnit4ClassRunner.runChild(BlockJUnit4ClassRunner.java:70)
	at org.junit.runners.BlockJUnit4ClassRunner.runChild(BlockJUnit4ClassRunner.java:50)
	at org.junit.runners.ParentRunner$3.run(ParentRunner.java:238)
	at org.junit.runners.ParentRunner$1.schedule(ParentRunner.java:63)
	at org.junit.runners.ParentRunner.runChildren(ParentRunner.java:236)
	at org.junit.runners.ParentRunner.access$000(ParentRunner.java:53)
	at org.junit.runners.ParentRunner$2.evaluate(ParentRunner.java:229)
	at org.junit.runners.ParentRunner.run(ParentRunner.java:309)
	at org.junit.runners.Suite.runChild(Suite.java:127)
	at org.junit.runners.Suite.runChild(Suite.java:26)
	at org.junit.runners.ParentRunner$3.run(ParentRunner.java:238)
	at org.junit.runners.ParentRunner$1.schedule(ParentRunner.java:63)
	at org.junit.runners.ParentRunner.runChildren(ParentRunner.java:236)
	at org.junit.runners.ParentRunner.access$000(ParentRunner.java:53)
	at org.junit.runners.ParentRunner$2.evaluate(ParentRunner.java:229)
	at org.junit.runners.ParentRunner.run(ParentRunner.java:309)
	at org.junit.runner.JUnitCore.run(JUnitCore.java:160)
	at org.junit.runner.JUnitCore.run(JUnitCore.java:138)
	at com.novocode.junit.JUnitRunner$1.execute(JUnitRunner.java:132)
	at sbt.ForkMain$Run.lambda$runTest$1(ForkMain.java:304)
	at java.util.concurrent.FutureTask.run(FutureTask.java:266)
	at java.util.concurrent.ThreadPoolExecutor.runWorker(ThreadPoolExecutor.java:1149)
	at java.util.concurrent.ThreadPoolExecutor$Worker.run(ThreadPoolExecutor.java:624)
	at java.lang.Thread.run(Thread.java:748)
</failure>
                                               </testcase><testcase classname="miniscala.test.CPSOptimizer_Blackbox" name="testPrimitiveArithmetic10" time="0.001">
                                                 <failure message="scala.MatchError: Halt(c0_38) (of class miniscala.CPSTreeModule$Halt)" type="sbt.ForkMain$ForkError">sbt.ForkMain$ForkError: scala.MatchError: Halt(c0_38) (of class miniscala.CPSTreeModule$Halt)
	at miniscala.CPSOptimizer.shrinkT$1(CPSOptimizer.scala:93)
	at miniscala.CPSOptimizer.shrinkT$1(CPSOptimizer.scala:102)
	at miniscala.CPSOptimizer.shrinkT$1(CPSOptimizer.scala:127)
	at miniscala.CPSOptimizer.shrinkT$1(CPSOptimizer.scala:102)
	at miniscala.CPSOptimizer.shrinkT$1(CPSOptimizer.scala:127)
	at miniscala.CPSOptimizer.shrinkT$1(CPSOptimizer.scala:115)
	at miniscala.CPSOptimizer.shrinkT$1(CPSOptimizer.scala:102)
	at miniscala.CPSOptimizer.shrinkT$1(CPSOptimizer.scala:102)
	at miniscala.CPSOptimizer.shrinkT$1(CPSOptimizer.scala:127)
	at miniscala.CPSOptimizer.shrinkT$1(CPSOptimizer.scala:115)
	at miniscala.CPSOptimizer.shrinkT$1(CPSOptimizer.scala:102)
	at miniscala.CPSOptimizer.shrinkT$1(CPSOptimizer.scala:102)
	at miniscala.CPSOptimizer.shrink(CPSOptimizer.scala:168)
	at miniscala.CPSOptimizer.$anonfun$apply$1(CPSOptimizer.scala:10)
	at scala.collection.immutable.Stream$.$anonfun$iterate$1(Stream.scala:1207)
	at scala.collection.immutable.Stream$Cons.tail(Stream.scala:1171)
	at scala.collection.immutable.Stream$Cons.tail(Stream.scala:1161)
	at scala.collection.immutable.Stream.$anonfun$take$2(Stream.scala:792)
	at scala.collection.immutable.Stream$Cons.tail(Stream.scala:1171)
	at scala.collection.immutable.Stream$Cons.tail(Stream.scala:1161)
	at miniscala.package$.fixedPoint(package.scala:4)
	at miniscala.package$.fixedPoint(package.scala:9)
	at miniscala.CPSOptimizer.apply(CPSOptimizer.scala:10)
	at miniscala.CPSOptimizerHigh$.apply(CPSOptimizer.scala:279)
	at scala.Function1.$anonfun$andThen$1(Function1.scala:57)
	at scala.Function1.$anonfun$andThen$1(Function1.scala:57)
	at scala.Function1.$anonfun$andThen$1(Function1.scala:57)
	at scala.Function1.$anonfun$andThen$1(Function1.scala:57)
	at scala.Function1.$anonfun$andThen$1(Function1.scala:57)
	at scala.Function1.$anonfun$andThen$1(Function1.scala:57)
	at miniscala.test.infrastructure.CompilerTest.compileInner(CompilerTest.scala:37)
	at miniscala.test.infrastructure.CompilerTest.$anonfun$compileUsingPipelineAndRedirect$1(CompilerTest.scala:44)
	at miniscala.test.infrastructure.SandboxedTest$$anon$1.run(SandboxedTest.scala:24)
	at java.security.AccessController.doPrivileged(Native Method)
	at miniscala.test.infrastructure.SandboxedTest.sandboxedTest(SandboxedTest.scala:34)
	at miniscala.test.infrastructure.SandboxedTest.sandboxedTestWithRedirectedIO(SandboxedTest.scala:45)
	at miniscala.test.infrastructure.CompilerTest.compileUsingPipelineAndRedirect(CompilerTest.scala:44)
	at miniscala.test.infrastructure.CompilerTest.compileUsingPipelineAndRedirect$(CompilerTest.scala:43)
	at miniscala.test.infrastructure.CPSTest.compileUsingPipelineAndRedirect(CPSTest.scala:11)
	at miniscala.test.infrastructure.CPSOptTest.testCPSLowProgramOutput(CPSOptTest.scala:91)
	at miniscala.test.CPSOptimizer_Blackbox.$anonfun$compileAndInterpret$1(CPSOptimizer_Blackbox.scala:9)
	at miniscala.test.CPSOptimizer_Blackbox.$anonfun$compileAndInterpret$1$adapted(CPSOptimizer_Blackbox.scala:9)
	at miniscala.test.ok.PrimitivesOKTests.testPrimitiveArithmetic10(PrimitivesOKTests.scala:71)
	at miniscala.test.ok.PrimitivesOKTests.testPrimitiveArithmetic10$(PrimitivesOKTests.scala:70)
	at miniscala.test.CPSOptimizer_Blackbox.testPrimitiveArithmetic10(CPSOptimizer_Blackbox.scala:7)
	at sun.reflect.NativeMethodAccessorImpl.invoke0(Native Method)
	at sun.reflect.NativeMethodAccessorImpl.invoke(NativeMethodAccessorImpl.java:62)
	at sun.reflect.DelegatingMethodAccessorImpl.invoke(DelegatingMethodAccessorImpl.java:43)
	at java.lang.reflect.Method.invoke(Method.java:498)
	at org.junit.runners.model.FrameworkMethod$1.runReflectiveCall(FrameworkMethod.java:47)
	at org.junit.internal.runners.model.ReflectiveCallable.run(ReflectiveCallable.java:12)
	at org.junit.runners.model.FrameworkMethod.invokeExplosively(FrameworkMethod.java:44)
	at org.junit.internal.runners.statements.InvokeMethod.evaluate(InvokeMethod.java:17)
	at org.junit.runners.ParentRunner.runLeaf(ParentRunner.java:271)
	at org.junit.runners.BlockJUnit4ClassRunner.runChild(BlockJUnit4ClassRunner.java:70)
	at org.junit.runners.BlockJUnit4ClassRunner.runChild(BlockJUnit4ClassRunner.java:50)
	at org.junit.runners.ParentRunner$3.run(ParentRunner.java:238)
	at org.junit.runners.ParentRunner$1.schedule(ParentRunner.java:63)
	at org.junit.runners.ParentRunner.runChildren(ParentRunner.java:236)
	at org.junit.runners.ParentRunner.access$000(ParentRunner.java:53)
	at org.junit.runners.ParentRunner$2.evaluate(ParentRunner.java:229)
	at org.junit.runners.ParentRunner.run(ParentRunner.java:309)
	at org.junit.runners.Suite.runChild(Suite.java:127)
	at org.junit.runners.Suite.runChild(Suite.java:26)
	at org.junit.runners.ParentRunner$3.run(ParentRunner.java:238)
	at org.junit.runners.ParentRunner$1.schedule(ParentRunner.java:63)
	at org.junit.runners.ParentRunner.runChildren(ParentRunner.java:236)
	at org.junit.runners.ParentRunner.access$000(ParentRunner.java:53)
	at org.junit.runners.ParentRunner$2.evaluate(ParentRunner.java:229)
	at org.junit.runners.ParentRunner.run(ParentRunner.java:309)
	at org.junit.runner.JUnitCore.run(JUnitCore.java:160)
	at org.junit.runner.JUnitCore.run(JUnitCore.java:138)
	at com.novocode.junit.JUnitRunner$1.execute(JUnitRunner.java:132)
	at sbt.ForkMain$Run.lambda$runTest$1(ForkMain.java:304)
	at java.util.concurrent.FutureTask.run(FutureTask.java:266)
	at java.util.concurrent.ThreadPoolExecutor.runWorker(ThreadPoolExecutor.java:1149)
	at java.util.concurrent.ThreadPoolExecutor$Worker.run(ThreadPoolExecutor.java:624)
	at java.lang.Thread.run(Thread.java:748)
</failure>
                                               </testcase><testcase classname="miniscala.test.CPSOptimizer_Blackbox" name="testPrimitiveBlocks1" time="0.008">
                                                 <failure message="java.util.NoSuchElementException: key not found: v_5208" type="sbt.ForkMain$ForkError">sbt.ForkMain$ForkError: java.util.NoSuchElementException: key not found: v_5208
	at scala.collection.MapLike.default(MapLike.scala:235)
	at scala.collection.MapLike.default$(MapLike.scala:234)
	at scala.collection.AbstractMap.default(Map.scala:63)
	at scala.collection.MapLike.apply(MapLike.scala:144)
	at scala.collection.MapLike.apply$(MapLike.scala:143)
	at scala.collection.AbstractMap.apply(Map.scala:63)
	at miniscala.CPSOptimizer.$anonfun$shrink$1(CPSOptimizer.scala:114)
	at scala.collection.TraversableLike.$anonfun$map$1(TraversableLike.scala:238)
	at scala.collection.immutable.List.foreach(List.scala:392)
	at scala.collection.TraversableLike.map(TraversableLike.scala:238)
	at scala.collection.TraversableLike.map$(TraversableLike.scala:231)
	at scala.collection.immutable.List.map(List.scala:298)
	at miniscala.CPSOptimizer.shrinkT$1(CPSOptimizer.scala:114)
	at miniscala.CPSOptimizer.$anonfun$shrink$6(CPSOptimizer.scala:148)
	at scala.collection.TraversableLike.$anonfun$map$1(TraversableLike.scala:238)
	at scala.collection.immutable.List.foreach(List.scala:392)
	at scala.collection.TraversableLike.map(TraversableLike.scala:238)
	at scala.collection.TraversableLike.map$(TraversableLike.scala:231)
	at scala.collection.immutable.List.map(List.scala:298)
	at miniscala.CPSOptimizer.shrinkT$1(CPSOptimizer.scala:148)
	at miniscala.CPSOptimizer.shrinkT$1(CPSOptimizer.scala:127)
	at miniscala.CPSOptimizer.shrinkT$1(CPSOptimizer.scala:102)
	at miniscala.CPSOptimizer.shrinkT$1(CPSOptimizer.scala:102)
	at miniscala.CPSOptimizer.shrinkT$1(CPSOptimizer.scala:127)
	at miniscala.CPSOptimizer.shrinkT$1(CPSOptimizer.scala:102)
	at miniscala.CPSOptimizer.shrinkT$1(CPSOptimizer.scala:102)
	at miniscala.CPSOptimizer.shrinkT$1(CPSOptimizer.scala:127)
	at miniscala.CPSOptimizer.shrinkT$1(CPSOptimizer.scala:102)
	at miniscala.CPSOptimizer.shrinkT$1(CPSOptimizer.scala:115)
	at miniscala.CPSOptimizer.shrinkT$1(CPSOptimizer.scala:102)
	at miniscala.CPSOptimizer.shrink(CPSOptimizer.scala:168)
	at miniscala.CPSOptimizer.$anonfun$apply$1(CPSOptimizer.scala:10)
	at scala.collection.immutable.Stream$.$anonfun$iterate$1(Stream.scala:1207)
	at scala.collection.immutable.Stream$Cons.tail(Stream.scala:1171)
	at scala.collection.immutable.Stream$Cons.tail(Stream.scala:1161)
	at scala.collection.immutable.Stream.$anonfun$take$2(Stream.scala:792)
	at scala.collection.immutable.Stream$Cons.tail(Stream.scala:1171)
	at scala.collection.immutable.Stream$Cons.tail(Stream.scala:1161)
	at miniscala.package$.fixedPoint(package.scala:4)
	at miniscala.package$.fixedPoint(package.scala:9)
	at miniscala.CPSOptimizer.apply(CPSOptimizer.scala:10)
	at miniscala.CPSOptimizerHigh$.apply(CPSOptimizer.scala:279)
	at scala.Function1.$anonfun$andThen$1(Function1.scala:57)
	at scala.Function1.$anonfun$andThen$1(Function1.scala:57)
	at scala.Function1.$anonfun$andThen$1(Function1.scala:57)
	at scala.Function1.$anonfun$andThen$1(Function1.scala:57)
	at scala.Function1.$anonfun$andThen$1(Function1.scala:57)
	at scala.Function1.$anonfun$andThen$1(Function1.scala:57)
	at miniscala.test.infrastructure.CompilerTest.compileInner(CompilerTest.scala:37)
	at miniscala.test.infrastructure.CompilerTest.$anonfun$compileUsingPipelineAndRedirect$1(CompilerTest.scala:44)
	at miniscala.test.infrastructure.SandboxedTest$$anon$1.run(SandboxedTest.scala:24)
	at java.security.AccessController.doPrivileged(Native Method)
	at miniscala.test.infrastructure.SandboxedTest.sandboxedTest(SandboxedTest.scala:34)
	at miniscala.test.infrastructure.SandboxedTest.sandboxedTestWithRedirectedIO(SandboxedTest.scala:45)
	at miniscala.test.infrastructure.CompilerTest.compileUsingPipelineAndRedirect(CompilerTest.scala:44)
	at miniscala.test.infrastructure.CompilerTest.compileUsingPipelineAndRedirect$(CompilerTest.scala:43)
	at miniscala.test.infrastructure.CPSTest.compileUsingPipelineAndRedirect(CPSTest.scala:11)
	at miniscala.test.infrastructure.CPSOptTest.testCPSLowProgramOutput(CPSOptTest.scala:91)
	at miniscala.test.CPSOptimizer_Blackbox.$anonfun$compileAndInterpret$1(CPSOptimizer_Blackbox.scala:9)
	at miniscala.test.CPSOptimizer_Blackbox.$anonfun$compileAndInterpret$1$adapted(CPSOptimizer_Blackbox.scala:9)
	at miniscala.test.ok.PrimitivesOKTests.testPrimitiveBlocks1(PrimitivesOKTests.scala:78)
	at miniscala.test.ok.PrimitivesOKTests.testPrimitiveBlocks1$(PrimitivesOKTests.scala:77)
	at miniscala.test.CPSOptimizer_Blackbox.testPrimitiveBlocks1(CPSOptimizer_Blackbox.scala:7)
	at sun.reflect.NativeMethodAccessorImpl.invoke0(Native Method)
	at sun.reflect.NativeMethodAccessorImpl.invoke(NativeMethodAccessorImpl.java:62)
	at sun.reflect.DelegatingMethodAccessorImpl.invoke(DelegatingMethodAccessorImpl.java:43)
	at java.lang.reflect.Method.invoke(Method.java:498)
	at org.junit.runners.model.FrameworkMethod$1.runReflectiveCall(FrameworkMethod.java:47)
	at org.junit.internal.runners.model.ReflectiveCallable.run(ReflectiveCallable.java:12)
	at org.junit.runners.model.FrameworkMethod.invokeExplosively(FrameworkMethod.java:44)
	at org.junit.internal.runners.statements.InvokeMethod.evaluate(InvokeMethod.java:17)
	at org.junit.runners.ParentRunner.runLeaf(ParentRunner.java:271)
	at org.junit.runners.BlockJUnit4ClassRunner.runChild(BlockJUnit4ClassRunner.java:70)
	at org.junit.runners.BlockJUnit4ClassRunner.runChild(BlockJUnit4ClassRunner.java:50)
	at org.junit.runners.ParentRunner$3.run(ParentRunner.java:238)
	at org.junit.runners.ParentRunner$1.schedule(ParentRunner.java:63)
	at org.junit.runners.ParentRunner.runChildren(ParentRunner.java:236)
	at org.junit.runners.ParentRunner.access$000(ParentRunner.java:53)
	at org.junit.runners.ParentRunner$2.evaluate(ParentRunner.java:229)
	at org.junit.runners.ParentRunner.run(ParentRunner.java:309)
	at org.junit.runners.Suite.runChild(Suite.java:127)
	at org.junit.runners.Suite.runChild(Suite.java:26)
	at org.junit.runners.ParentRunner$3.run(ParentRunner.java:238)
	at org.junit.runners.ParentRunner$1.schedule(ParentRunner.java:63)
	at org.junit.runners.ParentRunner.runChildren(ParentRunner.java:236)
	at org.junit.runners.ParentRunner.access$000(ParentRunner.java:53)
	at org.junit.runners.ParentRunner$2.evaluate(ParentRunner.java:229)
	at org.junit.runners.ParentRunner.run(ParentRunner.java:309)
	at org.junit.runner.JUnitCore.run(JUnitCore.java:160)
	at org.junit.runner.JUnitCore.run(JUnitCore.java:138)
	at com.novocode.junit.JUnitRunner$1.execute(JUnitRunner.java:132)
	at sbt.ForkMain$Run.lambda$runTest$1(ForkMain.java:304)
	at java.util.concurrent.FutureTask.run(FutureTask.java:266)
	at java.util.concurrent.ThreadPoolExecutor.runWorker(ThreadPoolExecutor.java:1149)
	at java.util.concurrent.ThreadPoolExecutor$Worker.run(ThreadPoolExecutor.java:624)
	at java.lang.Thread.run(Thread.java:748)
</failure>
                                               </testcase><testcase classname="miniscala.test.CPSOptimizer_Blackbox" name="testPrimitiveBlocks2" time="0.002">
                                                 <failure message="java.util.NoSuchElementException: key not found: v_5220" type="sbt.ForkMain$ForkError">sbt.ForkMain$ForkError: java.util.NoSuchElementException: key not found: v_5220
	at scala.collection.MapLike.default(MapLike.scala:235)
	at scala.collection.MapLike.default$(MapLike.scala:234)
	at scala.collection.AbstractMap.default(Map.scala:63)
	at scala.collection.MapLike.apply(MapLike.scala:144)
	at scala.collection.MapLike.apply$(MapLike.scala:143)
	at scala.collection.AbstractMap.apply(Map.scala:63)
	at miniscala.CPSOptimizer.$anonfun$shrink$1(CPSOptimizer.scala:114)
	at scala.collection.TraversableLike.$anonfun$map$1(TraversableLike.scala:238)
	at scala.collection.immutable.List.foreach(List.scala:392)
	at scala.collection.TraversableLike.map(TraversableLike.scala:238)
	at scala.collection.TraversableLike.map$(TraversableLike.scala:231)
	at scala.collection.immutable.List.map(List.scala:298)
	at miniscala.CPSOptimizer.shrinkT$1(CPSOptimizer.scala:114)
	at miniscala.CPSOptimizer.shrinkT$1(CPSOptimizer.scala:127)
	at miniscala.CPSOptimizer.shrinkT$1(CPSOptimizer.scala:102)
	at miniscala.CPSOptimizer.shrinkT$1(CPSOptimizer.scala:127)
	at miniscala.CPSOptimizer.shrinkT$1(CPSOptimizer.scala:102)
	at miniscala.CPSOptimizer.shrinkT$1(CPSOptimizer.scala:102)
	at miniscala.CPSOptimizer.shrinkT$1(CPSOptimizer.scala:127)
	at miniscala.CPSOptimizer.shrinkT$1(CPSOptimizer.scala:102)
	at miniscala.CPSOptimizer.shrinkT$1(CPSOptimizer.scala:102)
	at miniscala.CPSOptimizer.shrinkT$1(CPSOptimizer.scala:127)
	at miniscala.CPSOptimizer.shrinkT$1(CPSOptimizer.scala:102)
	at miniscala.CPSOptimizer.shrinkT$1(CPSOptimizer.scala:144)
	at miniscala.CPSOptimizer.shrink(CPSOptimizer.scala:168)
	at miniscala.CPSOptimizer.$anonfun$apply$1(CPSOptimizer.scala:10)
	at scala.collection.immutable.Stream$.$anonfun$iterate$1(Stream.scala:1207)
	at scala.collection.immutable.Stream$Cons.tail(Stream.scala:1171)
	at scala.collection.immutable.Stream$Cons.tail(Stream.scala:1161)
	at scala.collection.immutable.Stream.$anonfun$take$2(Stream.scala:792)
	at scala.collection.immutable.Stream$Cons.tail(Stream.scala:1171)
	at scala.collection.immutable.Stream$Cons.tail(Stream.scala:1161)
	at miniscala.package$.fixedPoint(package.scala:4)
	at miniscala.package$.fixedPoint(package.scala:9)
	at miniscala.CPSOptimizer.apply(CPSOptimizer.scala:10)
	at miniscala.CPSOptimizerHigh$.apply(CPSOptimizer.scala:279)
	at scala.Function1.$anonfun$andThen$1(Function1.scala:57)
	at scala.Function1.$anonfun$andThen$1(Function1.scala:57)
	at scala.Function1.$anonfun$andThen$1(Function1.scala:57)
	at scala.Function1.$anonfun$andThen$1(Function1.scala:57)
	at scala.Function1.$anonfun$andThen$1(Function1.scala:57)
	at scala.Function1.$anonfun$andThen$1(Function1.scala:57)
	at miniscala.test.infrastructure.CompilerTest.compileInner(CompilerTest.scala:37)
	at miniscala.test.infrastructure.CompilerTest.$anonfun$compileUsingPipelineAndRedirect$1(CompilerTest.scala:44)
	at miniscala.test.infrastructure.SandboxedTest$$anon$1.run(SandboxedTest.scala:24)
	at java.security.AccessController.doPrivileged(Native Method)
	at miniscala.test.infrastructure.SandboxedTest.sandboxedTest(SandboxedTest.scala:34)
	at miniscala.test.infrastructure.SandboxedTest.sandboxedTestWithRedirectedIO(SandboxedTest.scala:45)
	at miniscala.test.infrastructure.CompilerTest.compileUsingPipelineAndRedirect(CompilerTest.scala:44)
	at miniscala.test.infrastructure.CompilerTest.compileUsingPipelineAndRedirect$(CompilerTest.scala:43)
	at miniscala.test.infrastructure.CPSTest.compileUsingPipelineAndRedirect(CPSTest.scala:11)
	at miniscala.test.infrastructure.CPSOptTest.testCPSLowProgramOutput(CPSOptTest.scala:91)
	at miniscala.test.CPSOptimizer_Blackbox.$anonfun$compileAndInterpret$1(CPSOptimizer_Blackbox.scala:9)
	at miniscala.test.CPSOptimizer_Blackbox.$anonfun$compileAndInterpret$1$adapted(CPSOptimizer_Blackbox.scala:9)
	at miniscala.test.ok.PrimitivesOKTests.testPrimitiveBlocks2(PrimitivesOKTests.scala:88)
	at miniscala.test.ok.PrimitivesOKTests.testPrimitiveBlocks2$(PrimitivesOKTests.scala:87)
	at miniscala.test.CPSOptimizer_Blackbox.testPrimitiveBlocks2(CPSOptimizer_Blackbox.scala:7)
	at sun.reflect.NativeMethodAccessorImpl.invoke0(Native Method)
	at sun.reflect.NativeMethodAccessorImpl.invoke(NativeMethodAccessorImpl.java:62)
	at sun.reflect.DelegatingMethodAccessorImpl.invoke(DelegatingMethodAccessorImpl.java:43)
	at java.lang.reflect.Method.invoke(Method.java:498)
	at org.junit.runners.model.FrameworkMethod$1.runReflectiveCall(FrameworkMethod.java:47)
	at org.junit.internal.runners.model.ReflectiveCallable.run(ReflectiveCallable.java:12)
	at org.junit.runners.model.FrameworkMethod.invokeExplosively(FrameworkMethod.java:44)
	at org.junit.internal.runners.statements.InvokeMethod.evaluate(InvokeMethod.java:17)
	at org.junit.runners.ParentRunner.runLeaf(ParentRunner.java:271)
	at org.junit.runners.BlockJUnit4ClassRunner.runChild(BlockJUnit4ClassRunner.java:70)
	at org.junit.runners.BlockJUnit4ClassRunner.runChild(BlockJUnit4ClassRunner.java:50)
	at org.junit.runners.ParentRunner$3.run(ParentRunner.java:238)
	at org.junit.runners.ParentRunner$1.schedule(ParentRunner.java:63)
	at org.junit.runners.ParentRunner.runChildren(ParentRunner.java:236)
	at org.junit.runners.ParentRunner.access$000(ParentRunner.java:53)
	at org.junit.runners.ParentRunner$2.evaluate(ParentRunner.java:229)
	at org.junit.runners.ParentRunner.run(ParentRunner.java:309)
	at org.junit.runners.Suite.runChild(Suite.java:127)
	at org.junit.runners.Suite.runChild(Suite.java:26)
	at org.junit.runners.ParentRunner$3.run(ParentRunner.java:238)
	at org.junit.runners.ParentRunner$1.schedule(ParentRunner.java:63)
	at org.junit.runners.ParentRunner.runChildren(ParentRunner.java:236)
	at org.junit.runners.ParentRunner.access$000(ParentRunner.java:53)
	at org.junit.runners.ParentRunner$2.evaluate(ParentRunner.java:229)
	at org.junit.runners.ParentRunner.run(ParentRunner.java:309)
	at org.junit.runner.JUnitCore.run(JUnitCore.java:160)
	at org.junit.runner.JUnitCore.run(JUnitCore.java:138)
	at com.novocode.junit.JUnitRunner$1.execute(JUnitRunner.java:132)
	at sbt.ForkMain$Run.lambda$runTest$1(ForkMain.java:304)
	at java.util.concurrent.FutureTask.run(FutureTask.java:266)
	at java.util.concurrent.ThreadPoolExecutor.runWorker(ThreadPoolExecutor.java:1149)
	at java.util.concurrent.ThreadPoolExecutor$Worker.run(ThreadPoolExecutor.java:624)
	at java.lang.Thread.run(Thread.java:748)
</failure>
                                               </testcase><testcase classname="miniscala.test.CPSOptimizer_Blackbox" name="testPrimitiveBlocks3" time="0.002">
                                                 <failure message="java.util.NoSuchElementException: key not found: v_5234" type="sbt.ForkMain$ForkError">sbt.ForkMain$ForkError: java.util.NoSuchElementException: key not found: v_5234
	at scala.collection.MapLike.default(MapLike.scala:235)
	at scala.collection.MapLike.default$(MapLike.scala:234)
	at scala.collection.AbstractMap.default(Map.scala:63)
	at scala.collection.MapLike.apply(MapLike.scala:144)
	at scala.collection.MapLike.apply$(MapLike.scala:143)
	at scala.collection.AbstractMap.apply(Map.scala:63)
	at miniscala.CPSOptimizer.$anonfun$shrink$1(CPSOptimizer.scala:114)
	at scala.collection.TraversableLike.$anonfun$map$1(TraversableLike.scala:238)
	at scala.collection.immutable.List.foreach(List.scala:392)
	at scala.collection.TraversableLike.map(TraversableLike.scala:238)
	at scala.collection.TraversableLike.map$(TraversableLike.scala:231)
	at scala.collection.immutable.List.map(List.scala:298)
	at miniscala.CPSOptimizer.shrinkT$1(CPSOptimizer.scala:114)
	at miniscala.CPSOptimizer.shrinkT$1(CPSOptimizer.scala:127)
	at miniscala.CPSOptimizer.shrinkT$1(CPSOptimizer.scala:102)
	at miniscala.CPSOptimizer.shrinkT$1(CPSOptimizer.scala:127)
	at miniscala.CPSOptimizer.shrinkT$1(CPSOptimizer.scala:102)
	at miniscala.CPSOptimizer.shrinkT$1(CPSOptimizer.scala:102)
	at miniscala.CPSOptimizer.shrinkT$1(CPSOptimizer.scala:127)
	at miniscala.CPSOptimizer.shrinkT$1(CPSOptimizer.scala:102)
	at miniscala.CPSOptimizer.shrinkT$1(CPSOptimizer.scala:102)
	at miniscala.CPSOptimizer.shrinkT$1(CPSOptimizer.scala:127)
	at miniscala.CPSOptimizer.shrinkT$1(CPSOptimizer.scala:102)
	at miniscala.CPSOptimizer.shrinkT$1(CPSOptimizer.scala:102)
	at miniscala.CPSOptimizer.shrinkT$1(CPSOptimizer.scala:127)
	at miniscala.CPSOptimizer.shrinkT$1(CPSOptimizer.scala:102)
	at miniscala.CPSOptimizer.shrinkT$1(CPSOptimizer.scala:102)
	at miniscala.CPSOptimizer.shrinkT$1(CPSOptimizer.scala:127)
	at miniscala.CPSOptimizer.shrinkT$1(CPSOptimizer.scala:102)
	at miniscala.CPSOptimizer.shrinkT$1(CPSOptimizer.scala:144)
	at miniscala.CPSOptimizer.shrink(CPSOptimizer.scala:168)
	at miniscala.CPSOptimizer.$anonfun$apply$1(CPSOptimizer.scala:10)
	at scala.collection.immutable.Stream$.$anonfun$iterate$1(Stream.scala:1207)
	at scala.collection.immutable.Stream$Cons.tail(Stream.scala:1171)
	at scala.collection.immutable.Stream$Cons.tail(Stream.scala:1161)
	at scala.collection.immutable.Stream.$anonfun$take$2(Stream.scala:792)
	at scala.collection.immutable.Stream$Cons.tail(Stream.scala:1171)
	at scala.collection.immutable.Stream$Cons.tail(Stream.scala:1161)
	at miniscala.package$.fixedPoint(package.scala:4)
	at miniscala.package$.fixedPoint(package.scala:9)
	at miniscala.CPSOptimizer.apply(CPSOptimizer.scala:10)
	at miniscala.CPSOptimizerHigh$.apply(CPSOptimizer.scala:279)
	at scala.Function1.$anonfun$andThen$1(Function1.scala:57)
	at scala.Function1.$anonfun$andThen$1(Function1.scala:57)
	at scala.Function1.$anonfun$andThen$1(Function1.scala:57)
	at scala.Function1.$anonfun$andThen$1(Function1.scala:57)
	at scala.Function1.$anonfun$andThen$1(Function1.scala:57)
	at scala.Function1.$anonfun$andThen$1(Function1.scala:57)
	at miniscala.test.infrastructure.CompilerTest.compileInner(CompilerTest.scala:37)
	at miniscala.test.infrastructure.CompilerTest.$anonfun$compileUsingPipelineAndRedirect$1(CompilerTest.scala:44)
	at miniscala.test.infrastructure.SandboxedTest$$anon$1.run(SandboxedTest.scala:24)
	at java.security.AccessController.doPrivileged(Native Method)
	at miniscala.test.infrastructure.SandboxedTest.sandboxedTest(SandboxedTest.scala:34)
	at miniscala.test.infrastructure.SandboxedTest.sandboxedTestWithRedirectedIO(SandboxedTest.scala:45)
	at miniscala.test.infrastructure.CompilerTest.compileUsingPipelineAndRedirect(CompilerTest.scala:44)
	at miniscala.test.infrastructure.CompilerTest.compileUsingPipelineAndRedirect$(CompilerTest.scala:43)
	at miniscala.test.infrastructure.CPSTest.compileUsingPipelineAndRedirect(CPSTest.scala:11)
	at miniscala.test.infrastructure.CPSOptTest.testCPSLowProgramOutput(CPSOptTest.scala:91)
	at miniscala.test.CPSOptimizer_Blackbox.$anonfun$compileAndInterpret$1(CPSOptimizer_Blackbox.scala:9)
	at miniscala.test.CPSOptimizer_Blackbox.$anonfun$compileAndInterpret$1$adapted(CPSOptimizer_Blackbox.scala:9)
	at miniscala.test.ok.PrimitivesOKTests.testPrimitiveBlocks3(PrimitivesOKTests.scala:97)
	at miniscala.test.ok.PrimitivesOKTests.testPrimitiveBlocks3$(PrimitivesOKTests.scala:96)
	at miniscala.test.CPSOptimizer_Blackbox.testPrimitiveBlocks3(CPSOptimizer_Blackbox.scala:7)
	at sun.reflect.NativeMethodAccessorImpl.invoke0(Native Method)
	at sun.reflect.NativeMethodAccessorImpl.invoke(NativeMethodAccessorImpl.java:62)
	at sun.reflect.DelegatingMethodAccessorImpl.invoke(DelegatingMethodAccessorImpl.java:43)
	at java.lang.reflect.Method.invoke(Method.java:498)
	at org.junit.runners.model.FrameworkMethod$1.runReflectiveCall(FrameworkMethod.java:47)
	at org.junit.internal.runners.model.ReflectiveCallable.run(ReflectiveCallable.java:12)
	at org.junit.runners.model.FrameworkMethod.invokeExplosively(FrameworkMethod.java:44)
	at org.junit.internal.runners.statements.InvokeMethod.evaluate(InvokeMethod.java:17)
	at org.junit.runners.ParentRunner.runLeaf(ParentRunner.java:271)
	at org.junit.runners.BlockJUnit4ClassRunner.runChild(BlockJUnit4ClassRunner.java:70)
	at org.junit.runners.BlockJUnit4ClassRunner.runChild(BlockJUnit4ClassRunner.java:50)
	at org.junit.runners.ParentRunner$3.run(ParentRunner.java:238)
	at org.junit.runners.ParentRunner$1.schedule(ParentRunner.java:63)
	at org.junit.runners.ParentRunner.runChildren(ParentRunner.java:236)
	at org.junit.runners.ParentRunner.access$000(ParentRunner.java:53)
	at org.junit.runners.ParentRunner$2.evaluate(ParentRunner.java:229)
	at org.junit.runners.ParentRunner.run(ParentRunner.java:309)
	at org.junit.runners.Suite.runChild(Suite.java:127)
	at org.junit.runners.Suite.runChild(Suite.java:26)
	at org.junit.runners.ParentRunner$3.run(ParentRunner.java:238)
	at org.junit.runners.ParentRunner$1.schedule(ParentRunner.java:63)
	at org.junit.runners.ParentRunner.runChildren(ParentRunner.java:236)
	at org.junit.runners.ParentRunner.access$000(ParentRunner.java:53)
	at org.junit.runners.ParentRunner$2.evaluate(ParentRunner.java:229)
	at org.junit.runners.ParentRunner.run(ParentRunner.java:309)
	at org.junit.runner.JUnitCore.run(JUnitCore.java:160)
	at org.junit.runner.JUnitCore.run(JUnitCore.java:138)
	at com.novocode.junit.JUnitRunner$1.execute(JUnitRunner.java:132)
	at sbt.ForkMain$Run.lambda$runTest$1(ForkMain.java:304)
	at java.util.concurrent.FutureTask.run(FutureTask.java:266)
	at java.util.concurrent.ThreadPoolExecutor.runWorker(ThreadPoolExecutor.java:1149)
	at java.util.concurrent.ThreadPoolExecutor$Worker.run(ThreadPoolExecutor.java:624)
	at java.lang.Thread.run(Thread.java:748)
</failure>
                                               </testcase><testcase classname="miniscala.test.CPSOptimizer_Blackbox" name="testPrimitiveBlocks4" time="0.002">
                                                 <failure message="java.util.NoSuchElementException: key not found: v_5241" type="sbt.ForkMain$ForkError">sbt.ForkMain$ForkError: java.util.NoSuchElementException: key not found: v_5241
	at scala.collection.MapLike.default(MapLike.scala:235)
	at scala.collection.MapLike.default$(MapLike.scala:234)
	at scala.collection.AbstractMap.default(Map.scala:63)
	at scala.collection.MapLike.apply(MapLike.scala:144)
	at scala.collection.MapLike.apply$(MapLike.scala:143)
	at scala.collection.AbstractMap.apply(Map.scala:63)
	at miniscala.CPSOptimizer.$anonfun$shrink$1(CPSOptimizer.scala:114)
	at scala.collection.TraversableLike.$anonfun$map$1(TraversableLike.scala:238)
	at scala.collection.immutable.List.foreach(List.scala:392)
	at scala.collection.TraversableLike.map(TraversableLike.scala:238)
	at scala.collection.TraversableLike.map$(TraversableLike.scala:231)
	at scala.collection.immutable.List.map(List.scala:298)
	at miniscala.CPSOptimizer.shrinkT$1(CPSOptimizer.scala:114)
	at miniscala.CPSOptimizer.shrinkT$1(CPSOptimizer.scala:127)
	at miniscala.CPSOptimizer.shrinkT$1(CPSOptimizer.scala:102)
	at miniscala.CPSOptimizer.shrinkT$1(CPSOptimizer.scala:102)
	at miniscala.CPSOptimizer.shrinkT$1(CPSOptimizer.scala:127)
	at miniscala.CPSOptimizer.shrinkT$1(CPSOptimizer.scala:102)
	at miniscala.CPSOptimizer.shrinkT$1(CPSOptimizer.scala:102)
	at miniscala.CPSOptimizer.shrinkT$1(CPSOptimizer.scala:127)
	at miniscala.CPSOptimizer.shrinkT$1(CPSOptimizer.scala:102)
	at miniscala.CPSOptimizer.shrinkT$1(CPSOptimizer.scala:144)
	at miniscala.CPSOptimizer.shrink(CPSOptimizer.scala:168)
	at miniscala.CPSOptimizer.$anonfun$apply$1(CPSOptimizer.scala:10)
	at scala.collection.immutable.Stream$.$anonfun$iterate$1(Stream.scala:1207)
	at scala.collection.immutable.Stream$Cons.tail(Stream.scala:1171)
	at scala.collection.immutable.Stream$Cons.tail(Stream.scala:1161)
	at scala.collection.immutable.Stream.$anonfun$take$2(Stream.scala:792)
	at scala.collection.immutable.Stream$Cons.tail(Stream.scala:1171)
	at scala.collection.immutable.Stream$Cons.tail(Stream.scala:1161)
	at miniscala.package$.fixedPoint(package.scala:4)
	at miniscala.package$.fixedPoint(package.scala:9)
	at miniscala.CPSOptimizer.apply(CPSOptimizer.scala:10)
	at miniscala.CPSOptimizerHigh$.apply(CPSOptimizer.scala:279)
	at scala.Function1.$anonfun$andThen$1(Function1.scala:57)
	at scala.Function1.$anonfun$andThen$1(Function1.scala:57)
	at scala.Function1.$anonfun$andThen$1(Function1.scala:57)
	at scala.Function1.$anonfun$andThen$1(Function1.scala:57)
	at scala.Function1.$anonfun$andThen$1(Function1.scala:57)
	at scala.Function1.$anonfun$andThen$1(Function1.scala:57)
	at miniscala.test.infrastructure.CompilerTest.compileInner(CompilerTest.scala:37)
	at miniscala.test.infrastructure.CompilerTest.$anonfun$compileUsingPipelineAndRedirect$1(CompilerTest.scala:44)
	at miniscala.test.infrastructure.SandboxedTest$$anon$1.run(SandboxedTest.scala:24)
	at java.security.AccessController.doPrivileged(Native Method)
	at miniscala.test.infrastructure.SandboxedTest.sandboxedTest(SandboxedTest.scala:34)
	at miniscala.test.infrastructure.SandboxedTest.sandboxedTestWithRedirectedIO(SandboxedTest.scala:45)
	at miniscala.test.infrastructure.CompilerTest.compileUsingPipelineAndRedirect(CompilerTest.scala:44)
	at miniscala.test.infrastructure.CompilerTest.compileUsingPipelineAndRedirect$(CompilerTest.scala:43)
	at miniscala.test.infrastructure.CPSTest.compileUsingPipelineAndRedirect(CPSTest.scala:11)
	at miniscala.test.infrastructure.CPSOptTest.testCPSLowProgramOutput(CPSOptTest.scala:91)
	at miniscala.test.CPSOptimizer_Blackbox.$anonfun$compileAndInterpret$1(CPSOptimizer_Blackbox.scala:9)
	at miniscala.test.CPSOptimizer_Blackbox.$anonfun$compileAndInterpret$1$adapted(CPSOptimizer_Blackbox.scala:9)
	at miniscala.test.ok.PrimitivesOKTests.testPrimitiveBlocks4(PrimitivesOKTests.scala:108)
	at miniscala.test.ok.PrimitivesOKTests.testPrimitiveBlocks4$(PrimitivesOKTests.scala:107)
	at miniscala.test.CPSOptimizer_Blackbox.testPrimitiveBlocks4(CPSOptimizer_Blackbox.scala:7)
	at sun.reflect.NativeMethodAccessorImpl.invoke0(Native Method)
	at sun.reflect.NativeMethodAccessorImpl.invoke(NativeMethodAccessorImpl.java:62)
	at sun.reflect.DelegatingMethodAccessorImpl.invoke(DelegatingMethodAccessorImpl.java:43)
	at java.lang.reflect.Method.invoke(Method.java:498)
	at org.junit.runners.model.FrameworkMethod$1.runReflectiveCall(FrameworkMethod.java:47)
	at org.junit.internal.runners.model.ReflectiveCallable.run(ReflectiveCallable.java:12)
	at org.junit.runners.model.FrameworkMethod.invokeExplosively(FrameworkMethod.java:44)
	at org.junit.internal.runners.statements.InvokeMethod.evaluate(InvokeMethod.java:17)
	at org.junit.runners.ParentRunner.runLeaf(ParentRunner.java:271)
	at org.junit.runners.BlockJUnit4ClassRunner.runChild(BlockJUnit4ClassRunner.java:70)
	at org.junit.runners.BlockJUnit4ClassRunner.runChild(BlockJUnit4ClassRunner.java:50)
	at org.junit.runners.ParentRunner$3.run(ParentRunner.java:238)
	at org.junit.runners.ParentRunner$1.schedule(ParentRunner.java:63)
	at org.junit.runners.ParentRunner.runChildren(ParentRunner.java:236)
	at org.junit.runners.ParentRunner.access$000(ParentRunner.java:53)
	at org.junit.runners.ParentRunner$2.evaluate(ParentRunner.java:229)
	at org.junit.runners.ParentRunner.run(ParentRunner.java:309)
	at org.junit.runners.Suite.runChild(Suite.java:127)
	at org.junit.runners.Suite.runChild(Suite.java:26)
	at org.junit.runners.ParentRunner$3.run(ParentRunner.java:238)
	at org.junit.runners.ParentRunner$1.schedule(ParentRunner.java:63)
	at org.junit.runners.ParentRunner.runChildren(ParentRunner.java:236)
	at org.junit.runners.ParentRunner.access$000(ParentRunner.java:53)
	at org.junit.runners.ParentRunner$2.evaluate(ParentRunner.java:229)
	at org.junit.runners.ParentRunner.run(ParentRunner.java:309)
	at org.junit.runner.JUnitCore.run(JUnitCore.java:160)
	at org.junit.runner.JUnitCore.run(JUnitCore.java:138)
	at com.novocode.junit.JUnitRunner$1.execute(JUnitRunner.java:132)
	at sbt.ForkMain$Run.lambda$runTest$1(ForkMain.java:304)
	at java.util.concurrent.FutureTask.run(FutureTask.java:266)
	at java.util.concurrent.ThreadPoolExecutor.runWorker(ThreadPoolExecutor.java:1149)
	at java.util.concurrent.ThreadPoolExecutor$Worker.run(ThreadPoolExecutor.java:624)
	at java.lang.Thread.run(Thread.java:748)
</failure>
                                               </testcase><testcase classname="miniscala.test.CPSOptimizer_Blackbox" name="testPrimitiveBlocks5" time="0.001">
                                                 <failure message="java.util.NoSuchElementException: key not found: v_5260" type="sbt.ForkMain$ForkError">sbt.ForkMain$ForkError: java.util.NoSuchElementException: key not found: v_5260
	at scala.collection.MapLike.default(MapLike.scala:235)
	at scala.collection.MapLike.default$(MapLike.scala:234)
	at scala.collection.AbstractMap.default(Map.scala:63)
	at scala.collection.MapLike.apply(MapLike.scala:144)
	at scala.collection.MapLike.apply$(MapLike.scala:143)
	at scala.collection.AbstractMap.apply(Map.scala:63)
	at miniscala.CPSOptimizer.$anonfun$shrink$1(CPSOptimizer.scala:114)
	at scala.collection.TraversableLike.$anonfun$map$1(TraversableLike.scala:238)
	at scala.collection.immutable.List.foreach(List.scala:392)
	at scala.collection.TraversableLike.map(TraversableLike.scala:238)
	at scala.collection.TraversableLike.map$(TraversableLike.scala:231)
	at scala.collection.immutable.List.map(List.scala:298)
	at miniscala.CPSOptimizer.shrinkT$1(CPSOptimizer.scala:114)
	at miniscala.CPSOptimizer.shrinkT$1(CPSOptimizer.scala:127)
	at miniscala.CPSOptimizer.shrinkT$1(CPSOptimizer.scala:102)
	at miniscala.CPSOptimizer.shrinkT$1(CPSOptimizer.scala:127)
	at miniscala.CPSOptimizer.shrinkT$1(CPSOptimizer.scala:102)
	at miniscala.CPSOptimizer.shrinkT$1(CPSOptimizer.scala:102)
	at miniscala.CPSOptimizer.shrinkT$1(CPSOptimizer.scala:127)
	at miniscala.CPSOptimizer.shrinkT$1(CPSOptimizer.scala:102)
	at miniscala.CPSOptimizer.shrinkT$1(CPSOptimizer.scala:102)
	at miniscala.CPSOptimizer.shrinkT$1(CPSOptimizer.scala:127)
	at miniscala.CPSOptimizer.shrinkT$1(CPSOptimizer.scala:102)
	at miniscala.CPSOptimizer.shrinkT$1(CPSOptimizer.scala:102)
	at miniscala.CPSOptimizer.shrinkT$1(CPSOptimizer.scala:127)
	at miniscala.CPSOptimizer.shrinkT$1(CPSOptimizer.scala:102)
	at miniscala.CPSOptimizer.shrinkT$1(CPSOptimizer.scala:102)
	at miniscala.CPSOptimizer.shrinkT$1(CPSOptimizer.scala:127)
	at miniscala.CPSOptimizer.shrinkT$1(CPSOptimizer.scala:102)
	at miniscala.CPSOptimizer.shrinkT$1(CPSOptimizer.scala:144)
	at miniscala.CPSOptimizer.shrink(CPSOptimizer.scala:168)
	at miniscala.CPSOptimizer.$anonfun$apply$1(CPSOptimizer.scala:10)
	at scala.collection.immutable.Stream$.$anonfun$iterate$1(Stream.scala:1207)
	at scala.collection.immutable.Stream$Cons.tail(Stream.scala:1171)
	at scala.collection.immutable.Stream$Cons.tail(Stream.scala:1161)
	at scala.collection.immutable.Stream.$anonfun$take$2(Stream.scala:792)
	at scala.collection.immutable.Stream$Cons.tail(Stream.scala:1171)
	at scala.collection.immutable.Stream$Cons.tail(Stream.scala:1161)
	at miniscala.package$.fixedPoint(package.scala:4)
	at miniscala.package$.fixedPoint(package.scala:9)
	at miniscala.CPSOptimizer.apply(CPSOptimizer.scala:10)
	at miniscala.CPSOptimizerHigh$.apply(CPSOptimizer.scala:279)
	at scala.Function1.$anonfun$andThen$1(Function1.scala:57)
	at scala.Function1.$anonfun$andThen$1(Function1.scala:57)
	at scala.Function1.$anonfun$andThen$1(Function1.scala:57)
	at scala.Function1.$anonfun$andThen$1(Function1.scala:57)
	at scala.Function1.$anonfun$andThen$1(Function1.scala:57)
	at scala.Function1.$anonfun$andThen$1(Function1.scala:57)
	at miniscala.test.infrastructure.CompilerTest.compileInner(CompilerTest.scala:37)
	at miniscala.test.infrastructure.CompilerTest.$anonfun$compileUsingPipelineAndRedirect$1(CompilerTest.scala:44)
	at miniscala.test.infrastructure.SandboxedTest$$anon$1.run(SandboxedTest.scala:24)
	at java.security.AccessController.doPrivileged(Native Method)
	at miniscala.test.infrastructure.SandboxedTest.sandboxedTest(SandboxedTest.scala:34)
	at miniscala.test.infrastructure.SandboxedTest.sandboxedTestWithRedirectedIO(SandboxedTest.scala:45)
	at miniscala.test.infrastructure.CompilerTest.compileUsingPipelineAndRedirect(CompilerTest.scala:44)
	at miniscala.test.infrastructure.CompilerTest.compileUsingPipelineAndRedirect$(CompilerTest.scala:43)
	at miniscala.test.infrastructure.CPSTest.compileUsingPipelineAndRedirect(CPSTest.scala:11)
	at miniscala.test.infrastructure.CPSOptTest.testCPSLowProgramOutput(CPSOptTest.scala:91)
	at miniscala.test.CPSOptimizer_Blackbox.$anonfun$compileAndInterpret$1(CPSOptimizer_Blackbox.scala:9)
	at miniscala.test.CPSOptimizer_Blackbox.$anonfun$compileAndInterpret$1$adapted(CPSOptimizer_Blackbox.scala:9)
	at miniscala.test.ok.PrimitivesOKTests.testPrimitiveBlocks5(PrimitivesOKTests.scala:117)
	at miniscala.test.ok.PrimitivesOKTests.testPrimitiveBlocks5$(PrimitivesOKTests.scala:116)
	at miniscala.test.CPSOptimizer_Blackbox.testPrimitiveBlocks5(CPSOptimizer_Blackbox.scala:7)
	at sun.reflect.NativeMethodAccessorImpl.invoke0(Native Method)
	at sun.reflect.NativeMethodAccessorImpl.invoke(NativeMethodAccessorImpl.java:62)
	at sun.reflect.DelegatingMethodAccessorImpl.invoke(DelegatingMethodAccessorImpl.java:43)
	at java.lang.reflect.Method.invoke(Method.java:498)
	at org.junit.runners.model.FrameworkMethod$1.runReflectiveCall(FrameworkMethod.java:47)
	at org.junit.internal.runners.model.ReflectiveCallable.run(ReflectiveCallable.java:12)
	at org.junit.runners.model.FrameworkMethod.invokeExplosively(FrameworkMethod.java:44)
	at org.junit.internal.runners.statements.InvokeMethod.evaluate(InvokeMethod.java:17)
	at org.junit.runners.ParentRunner.runLeaf(ParentRunner.java:271)
	at org.junit.runners.BlockJUnit4ClassRunner.runChild(BlockJUnit4ClassRunner.java:70)
	at org.junit.runners.BlockJUnit4ClassRunner.runChild(BlockJUnit4ClassRunner.java:50)
	at org.junit.runners.ParentRunner$3.run(ParentRunner.java:238)
	at org.junit.runners.ParentRunner$1.schedule(ParentRunner.java:63)
	at org.junit.runners.ParentRunner.runChildren(ParentRunner.java:236)
	at org.junit.runners.ParentRunner.access$000(ParentRunner.java:53)
	at org.junit.runners.ParentRunner$2.evaluate(ParentRunner.java:229)
	at org.junit.runners.ParentRunner.run(ParentRunner.java:309)
	at org.junit.runners.Suite.runChild(Suite.java:127)
	at org.junit.runners.Suite.runChild(Suite.java:26)
	at org.junit.runners.ParentRunner$3.run(ParentRunner.java:238)
	at org.junit.runners.ParentRunner$1.schedule(ParentRunner.java:63)
	at org.junit.runners.ParentRunner.runChildren(ParentRunner.java:236)
	at org.junit.runners.ParentRunner.access$000(ParentRunner.java:53)
	at org.junit.runners.ParentRunner$2.evaluate(ParentRunner.java:229)
	at org.junit.runners.ParentRunner.run(ParentRunner.java:309)
	at org.junit.runner.JUnitCore.run(JUnitCore.java:160)
	at org.junit.runner.JUnitCore.run(JUnitCore.java:138)
	at com.novocode.junit.JUnitRunner$1.execute(JUnitRunner.java:132)
	at sbt.ForkMain$Run.lambda$runTest$1(ForkMain.java:304)
	at java.util.concurrent.FutureTask.run(FutureTask.java:266)
	at java.util.concurrent.ThreadPoolExecutor.runWorker(ThreadPoolExecutor.java:1149)
	at java.util.concurrent.ThreadPoolExecutor$Worker.run(ThreadPoolExecutor.java:624)
	at java.lang.Thread.run(Thread.java:748)
</failure>
                                               </testcase><testcase classname="miniscala.test.CPSOptimizer_Blackbox" name="testPrimitiveBlocks7" time="0.001">
                                                 <failure message="java.util.NoSuchElementException: key not found: v_5273" type="sbt.ForkMain$ForkError">sbt.ForkMain$ForkError: java.util.NoSuchElementException: key not found: v_5273
	at scala.collection.MapLike.default(MapLike.scala:235)
	at scala.collection.MapLike.default$(MapLike.scala:234)
	at scala.collection.AbstractMap.default(Map.scala:63)
	at scala.collection.MapLike.apply(MapLike.scala:144)
	at scala.collection.MapLike.apply$(MapLike.scala:143)
	at scala.collection.AbstractMap.apply(Map.scala:63)
	at miniscala.CPSOptimizer.$anonfun$shrink$1(CPSOptimizer.scala:114)
	at scala.collection.TraversableLike.$anonfun$map$1(TraversableLike.scala:238)
	at scala.collection.immutable.List.foreach(List.scala:392)
	at scala.collection.TraversableLike.map(TraversableLike.scala:238)
	at scala.collection.TraversableLike.map$(TraversableLike.scala:231)
	at scala.collection.immutable.List.map(List.scala:298)
	at miniscala.CPSOptimizer.shrinkT$1(CPSOptimizer.scala:114)
	at miniscala.CPSOptimizer.$anonfun$shrink$6(CPSOptimizer.scala:148)
	at scala.collection.TraversableLike.$anonfun$map$1(TraversableLike.scala:238)
	at scala.collection.immutable.List.foreach(List.scala:392)
	at scala.collection.TraversableLike.map(TraversableLike.scala:238)
	at scala.collection.TraversableLike.map$(TraversableLike.scala:231)
	at scala.collection.immutable.List.map(List.scala:298)
	at miniscala.CPSOptimizer.shrinkT$1(CPSOptimizer.scala:148)
	at miniscala.CPSOptimizer.shrinkT$1(CPSOptimizer.scala:127)
	at miniscala.CPSOptimizer.shrinkT$1(CPSOptimizer.scala:102)
	at miniscala.CPSOptimizer.shrinkT$1(CPSOptimizer.scala:102)
	at miniscala.CPSOptimizer.shrinkT$1(CPSOptimizer.scala:127)
	at miniscala.CPSOptimizer.shrinkT$1(CPSOptimizer.scala:102)
	at miniscala.CPSOptimizer.shrinkT$1(CPSOptimizer.scala:127)
	at miniscala.CPSOptimizer.shrinkT$1(CPSOptimizer.scala:102)
	at miniscala.CPSOptimizer.shrinkT$1(CPSOptimizer.scala:102)
	at miniscala.CPSOptimizer.shrinkT$1(CPSOptimizer.scala:127)
	at miniscala.CPSOptimizer.shrinkT$1(CPSOptimizer.scala:102)
	at miniscala.CPSOptimizer.shrinkT$1(CPSOptimizer.scala:144)
	at miniscala.CPSOptimizer.shrink(CPSOptimizer.scala:168)
	at miniscala.CPSOptimizer.$anonfun$apply$1(CPSOptimizer.scala:10)
	at scala.collection.immutable.Stream$.$anonfun$iterate$1(Stream.scala:1207)
	at scala.collection.immutable.Stream$Cons.tail(Stream.scala:1171)
	at scala.collection.immutable.Stream$Cons.tail(Stream.scala:1161)
	at scala.collection.immutable.Stream.$anonfun$take$2(Stream.scala:792)
	at scala.collection.immutable.Stream$Cons.tail(Stream.scala:1171)
	at scala.collection.immutable.Stream$Cons.tail(Stream.scala:1161)
	at miniscala.package$.fixedPoint(package.scala:4)
	at miniscala.package$.fixedPoint(package.scala:9)
	at miniscala.CPSOptimizer.apply(CPSOptimizer.scala:10)
	at miniscala.CPSOptimizerHigh$.apply(CPSOptimizer.scala:279)
	at scala.Function1.$anonfun$andThen$1(Function1.scala:57)
	at scala.Function1.$anonfun$andThen$1(Function1.scala:57)
	at scala.Function1.$anonfun$andThen$1(Function1.scala:57)
	at scala.Function1.$anonfun$andThen$1(Function1.scala:57)
	at scala.Function1.$anonfun$andThen$1(Function1.scala:57)
	at scala.Function1.$anonfun$andThen$1(Function1.scala:57)
	at miniscala.test.infrastructure.CompilerTest.compileInner(CompilerTest.scala:37)
	at miniscala.test.infrastructure.CompilerTest.$anonfun$compileUsingPipelineAndRedirect$1(CompilerTest.scala:44)
	at miniscala.test.infrastructure.SandboxedTest$$anon$1.run(SandboxedTest.scala:24)
	at java.security.AccessController.doPrivileged(Native Method)
	at miniscala.test.infrastructure.SandboxedTest.sandboxedTest(SandboxedTest.scala:34)
	at miniscala.test.infrastructure.SandboxedTest.sandboxedTestWithRedirectedIO(SandboxedTest.scala:45)
	at miniscala.test.infrastructure.CompilerTest.compileUsingPipelineAndRedirect(CompilerTest.scala:44)
	at miniscala.test.infrastructure.CompilerTest.compileUsingPipelineAndRedirect$(CompilerTest.scala:43)
	at miniscala.test.infrastructure.CPSTest.compileUsingPipelineAndRedirect(CPSTest.scala:11)
	at miniscala.test.infrastructure.CPSOptTest.testCPSLowProgramOutput(CPSOptTest.scala:91)
	at miniscala.test.CPSOptimizer_Blackbox.$anonfun$compileAndInterpret$1(CPSOptimizer_Blackbox.scala:9)
	at miniscala.test.CPSOptimizer_Blackbox.$anonfun$compileAndInterpret$1$adapted(CPSOptimizer_Blackbox.scala:9)
	at miniscala.test.ok.PrimitivesOKTests.testPrimitiveBlocks7(PrimitivesOKTests.scala:136)
	at miniscala.test.ok.PrimitivesOKTests.testPrimitiveBlocks7$(PrimitivesOKTests.scala:135)
	at miniscala.test.CPSOptimizer_Blackbox.testPrimitiveBlocks7(CPSOptimizer_Blackbox.scala:7)
	at sun.reflect.NativeMethodAccessorImpl.invoke0(Native Method)
	at sun.reflect.NativeMethodAccessorImpl.invoke(NativeMethodAccessorImpl.java:62)
	at sun.reflect.DelegatingMethodAccessorImpl.invoke(DelegatingMethodAccessorImpl.java:43)
	at java.lang.reflect.Method.invoke(Method.java:498)
	at org.junit.runners.model.FrameworkMethod$1.runReflectiveCall(FrameworkMethod.java:47)
	at org.junit.internal.runners.model.ReflectiveCallable.run(ReflectiveCallable.java:12)
	at org.junit.runners.model.FrameworkMethod.invokeExplosively(FrameworkMethod.java:44)
	at org.junit.internal.runners.statements.InvokeMethod.evaluate(InvokeMethod.java:17)
	at org.junit.runners.ParentRunner.runLeaf(ParentRunner.java:271)
	at org.junit.runners.BlockJUnit4ClassRunner.runChild(BlockJUnit4ClassRunner.java:70)
	at org.junit.runners.BlockJUnit4ClassRunner.runChild(BlockJUnit4ClassRunner.java:50)
	at org.junit.runners.ParentRunner$3.run(ParentRunner.java:238)
	at org.junit.runners.ParentRunner$1.schedule(ParentRunner.java:63)
	at org.junit.runners.ParentRunner.runChildren(ParentRunner.java:236)
	at org.junit.runners.ParentRunner.access$000(ParentRunner.java:53)
	at org.junit.runners.ParentRunner$2.evaluate(ParentRunner.java:229)
	at org.junit.runners.ParentRunner.run(ParentRunner.java:309)
	at org.junit.runners.Suite.runChild(Suite.java:127)
	at org.junit.runners.Suite.runChild(Suite.java:26)
	at org.junit.runners.ParentRunner$3.run(ParentRunner.java:238)
	at org.junit.runners.ParentRunner$1.schedule(ParentRunner.java:63)
	at org.junit.runners.ParentRunner.runChildren(ParentRunner.java:236)
	at org.junit.runners.ParentRunner.access$000(ParentRunner.java:53)
	at org.junit.runners.ParentRunner$2.evaluate(ParentRunner.java:229)
	at org.junit.runners.ParentRunner.run(ParentRunner.java:309)
	at org.junit.runner.JUnitCore.run(JUnitCore.java:160)
	at org.junit.runner.JUnitCore.run(JUnitCore.java:138)
	at com.novocode.junit.JUnitRunner$1.execute(JUnitRunner.java:132)
	at sbt.ForkMain$Run.lambda$runTest$1(ForkMain.java:304)
	at java.util.concurrent.FutureTask.run(FutureTask.java:266)
	at java.util.concurrent.ThreadPoolExecutor.runWorker(ThreadPoolExecutor.java:1149)
	at java.util.concurrent.ThreadPoolExecutor$Worker.run(ThreadPoolExecutor.java:624)
	at java.lang.Thread.run(Thread.java:748)
</failure>
                                               </testcase><testcase classname="miniscala.test.CPSOptimizer_Blackbox" name="testPrimitiveLogic10" time="0.009">
                                                 <failure message="java.util.NoSuchElementException: key not found: v_5282" type="sbt.ForkMain$ForkError">sbt.ForkMain$ForkError: java.util.NoSuchElementException: key not found: v_5282
	at scala.collection.immutable.Map$EmptyMap$.apply(Map.scala:101)
	at scala.collection.immutable.Map$EmptyMap$.apply(Map.scala:99)
	at miniscala.CPSOptimizer.$anonfun$shrink$1(CPSOptimizer.scala:114)
	at scala.collection.TraversableLike.$anonfun$map$1(TraversableLike.scala:238)
	at scala.collection.immutable.List.foreach(List.scala:392)
	at scala.collection.TraversableLike.map(TraversableLike.scala:238)
	at scala.collection.TraversableLike.map$(TraversableLike.scala:231)
	at scala.collection.immutable.List.map(List.scala:298)
	at miniscala.CPSOptimizer.shrinkT$1(CPSOptimizer.scala:114)
	at miniscala.CPSOptimizer.$anonfun$shrink$6(CPSOptimizer.scala:148)
	at scala.collection.TraversableLike.$anonfun$map$1(TraversableLike.scala:238)
	at scala.collection.immutable.List.foreach(List.scala:392)
	at scala.collection.TraversableLike.map(TraversableLike.scala:238)
	at scala.collection.TraversableLike.map$(TraversableLike.scala:231)
	at scala.collection.immutable.List.map(List.scala:298)
	at miniscala.CPSOptimizer.shrinkT$1(CPSOptimizer.scala:148)
	at miniscala.CPSOptimizer.shrinkT$1(CPSOptimizer.scala:144)
	at miniscala.CPSOptimizer.shrink(CPSOptimizer.scala:168)
	at miniscala.CPSOptimizer.$anonfun$apply$1(CPSOptimizer.scala:10)
	at scala.collection.immutable.Stream$.$anonfun$iterate$1(Stream.scala:1207)
	at scala.collection.immutable.Stream$Cons.tail(Stream.scala:1171)
	at scala.collection.immutable.Stream$Cons.tail(Stream.scala:1161)
	at scala.collection.immutable.Stream.$anonfun$take$2(Stream.scala:792)
	at scala.collection.immutable.Stream$Cons.tail(Stream.scala:1171)
	at scala.collection.immutable.Stream$Cons.tail(Stream.scala:1161)
	at miniscala.package$.fixedPoint(package.scala:4)
	at miniscala.package$.fixedPoint(package.scala:9)
	at miniscala.CPSOptimizer.apply(CPSOptimizer.scala:10)
	at miniscala.CPSOptimizerHigh$.apply(CPSOptimizer.scala:279)
	at scala.Function1.$anonfun$andThen$1(Function1.scala:57)
	at scala.Function1.$anonfun$andThen$1(Function1.scala:57)
	at scala.Function1.$anonfun$andThen$1(Function1.scala:57)
	at scala.Function1.$anonfun$andThen$1(Function1.scala:57)
	at scala.Function1.$anonfun$andThen$1(Function1.scala:57)
	at scala.Function1.$anonfun$andThen$1(Function1.scala:57)
	at miniscala.test.infrastructure.CompilerTest.compileInner(CompilerTest.scala:37)
	at miniscala.test.infrastructure.CompilerTest.$anonfun$compileUsingPipelineAndRedirect$1(CompilerTest.scala:44)
	at miniscala.test.infrastructure.SandboxedTest$$anon$1.run(SandboxedTest.scala:24)
	at java.security.AccessController.doPrivileged(Native Method)
	at miniscala.test.infrastructure.SandboxedTest.sandboxedTest(SandboxedTest.scala:34)
	at miniscala.test.infrastructure.SandboxedTest.sandboxedTestWithRedirectedIO(SandboxedTest.scala:45)
	at miniscala.test.infrastructure.CompilerTest.compileUsingPipelineAndRedirect(CompilerTest.scala:44)
	at miniscala.test.infrastructure.CompilerTest.compileUsingPipelineAndRedirect$(CompilerTest.scala:43)
	at miniscala.test.infrastructure.CPSTest.compileUsingPipelineAndRedirect(CPSTest.scala:11)
	at miniscala.test.infrastructure.CPSOptTest.testCPSLowProgramOutput(CPSOptTest.scala:91)
	at miniscala.test.CPSOptimizer_Blackbox.$anonfun$compileAndInterpret$1(CPSOptimizer_Blackbox.scala:9)
	at miniscala.test.CPSOptimizer_Blackbox.$anonfun$compileAndInterpret$1$adapted(CPSOptimizer_Blackbox.scala:9)
	at miniscala.test.ok.PrimitivesOKTests.testPrimitiveLogic10(PrimitivesOKTests.scala:218)
	at miniscala.test.ok.PrimitivesOKTests.testPrimitiveLogic10$(PrimitivesOKTests.scala:217)
	at miniscala.test.CPSOptimizer_Blackbox.testPrimitiveLogic10(CPSOptimizer_Blackbox.scala:7)
	at sun.reflect.NativeMethodAccessorImpl.invoke0(Native Method)
	at sun.reflect.NativeMethodAccessorImpl.invoke(NativeMethodAccessorImpl.java:62)
	at sun.reflect.DelegatingMethodAccessorImpl.invoke(DelegatingMethodAccessorImpl.java:43)
	at java.lang.reflect.Method.invoke(Method.java:498)
	at org.junit.runners.model.FrameworkMethod$1.runReflectiveCall(FrameworkMethod.java:47)
	at org.junit.internal.runners.model.ReflectiveCallable.run(ReflectiveCallable.java:12)
	at org.junit.runners.model.FrameworkMethod.invokeExplosively(FrameworkMethod.java:44)
	at org.junit.internal.runners.statements.InvokeMethod.evaluate(InvokeMethod.java:17)
	at org.junit.runners.ParentRunner.runLeaf(ParentRunner.java:271)
	at org.junit.runners.BlockJUnit4ClassRunner.runChild(BlockJUnit4ClassRunner.java:70)
	at org.junit.runners.BlockJUnit4ClassRunner.runChild(BlockJUnit4ClassRunner.java:50)
	at org.junit.runners.ParentRunner$3.run(ParentRunner.java:238)
	at org.junit.runners.ParentRunner$1.schedule(ParentRunner.java:63)
	at org.junit.runners.ParentRunner.runChildren(ParentRunner.java:236)
	at org.junit.runners.ParentRunner.access$000(ParentRunner.java:53)
	at org.junit.runners.ParentRunner$2.evaluate(ParentRunner.java:229)
	at org.junit.runners.ParentRunner.run(ParentRunner.java:309)
	at org.junit.runners.Suite.runChild(Suite.java:127)
	at org.junit.runners.Suite.runChild(Suite.java:26)
	at org.junit.runners.ParentRunner$3.run(ParentRunner.java:238)
	at org.junit.runners.ParentRunner$1.schedule(ParentRunner.java:63)
	at org.junit.runners.ParentRunner.runChildren(ParentRunner.java:236)
	at org.junit.runners.ParentRunner.access$000(ParentRunner.java:53)
	at org.junit.runners.ParentRunner$2.evaluate(ParentRunner.java:229)
	at org.junit.runners.ParentRunner.run(ParentRunner.java:309)
	at org.junit.runner.JUnitCore.run(JUnitCore.java:160)
	at org.junit.runner.JUnitCore.run(JUnitCore.java:138)
	at com.novocode.junit.JUnitRunner$1.execute(JUnitRunner.java:132)
	at sbt.ForkMain$Run.lambda$runTest$1(ForkMain.java:304)
	at java.util.concurrent.FutureTask.run(FutureTask.java:266)
	at java.util.concurrent.ThreadPoolExecutor.runWorker(ThreadPoolExecutor.java:1149)
	at java.util.concurrent.ThreadPoolExecutor$Worker.run(ThreadPoolExecutor.java:624)
	at java.lang.Thread.run(Thread.java:748)
</failure>
                                               </testcase><testcase classname="miniscala.test.CPSOptimizer_Blackbox" name="testPrimitiveLogic11" time="0.002">
                                                 <failure message="java.util.NoSuchElementException: key not found: v_5290" type="sbt.ForkMain$ForkError">sbt.ForkMain$ForkError: java.util.NoSuchElementException: key not found: v_5290
	at scala.collection.immutable.Map$EmptyMap$.apply(Map.scala:101)
	at scala.collection.immutable.Map$EmptyMap$.apply(Map.scala:99)
	at miniscala.CPSOptimizer.$anonfun$shrink$1(CPSOptimizer.scala:114)
	at scala.collection.TraversableLike.$anonfun$map$1(TraversableLike.scala:238)
	at scala.collection.immutable.List.foreach(List.scala:392)
	at scala.collection.TraversableLike.map(TraversableLike.scala:238)
	at scala.collection.TraversableLike.map$(TraversableLike.scala:231)
	at scala.collection.immutable.List.map(List.scala:298)
	at miniscala.CPSOptimizer.shrinkT$1(CPSOptimizer.scala:114)
	at miniscala.CPSOptimizer.$anonfun$shrink$6(CPSOptimizer.scala:148)
	at scala.collection.TraversableLike.$anonfun$map$1(TraversableLike.scala:238)
	at scala.collection.immutable.List.foreach(List.scala:392)
	at scala.collection.TraversableLike.map(TraversableLike.scala:238)
	at scala.collection.TraversableLike.map$(TraversableLike.scala:231)
	at scala.collection.immutable.List.map(List.scala:298)
	at miniscala.CPSOptimizer.shrinkT$1(CPSOptimizer.scala:148)
	at miniscala.CPSOptimizer.$anonfun$shrink$6(CPSOptimizer.scala:148)
	at scala.collection.TraversableLike.$anonfun$map$1(TraversableLike.scala:238)
	at scala.collection.immutable.List.foreach(List.scala:392)
	at scala.collection.TraversableLike.map(TraversableLike.scala:238)
	at scala.collection.TraversableLike.map$(TraversableLike.scala:231)
	at scala.collection.immutable.List.map(List.scala:298)
	at miniscala.CPSOptimizer.shrinkT$1(CPSOptimizer.scala:148)
	at miniscala.CPSOptimizer.shrinkT$1(CPSOptimizer.scala:144)
	at miniscala.CPSOptimizer.shrink(CPSOptimizer.scala:168)
	at miniscala.CPSOptimizer.$anonfun$apply$1(CPSOptimizer.scala:10)
	at scala.collection.immutable.Stream$.$anonfun$iterate$1(Stream.scala:1207)
	at scala.collection.immutable.Stream$Cons.tail(Stream.scala:1171)
	at scala.collection.immutable.Stream$Cons.tail(Stream.scala:1161)
	at scala.collection.immutable.Stream.$anonfun$take$2(Stream.scala:792)
	at scala.collection.immutable.Stream$Cons.tail(Stream.scala:1171)
	at scala.collection.immutable.Stream$Cons.tail(Stream.scala:1161)
	at miniscala.package$.fixedPoint(package.scala:4)
	at miniscala.package$.fixedPoint(package.scala:9)
	at miniscala.CPSOptimizer.apply(CPSOptimizer.scala:10)
	at miniscala.CPSOptimizerHigh$.apply(CPSOptimizer.scala:279)
	at scala.Function1.$anonfun$andThen$1(Function1.scala:57)
	at scala.Function1.$anonfun$andThen$1(Function1.scala:57)
	at scala.Function1.$anonfun$andThen$1(Function1.scala:57)
	at scala.Function1.$anonfun$andThen$1(Function1.scala:57)
	at scala.Function1.$anonfun$andThen$1(Function1.scala:57)
	at scala.Function1.$anonfun$andThen$1(Function1.scala:57)
	at miniscala.test.infrastructure.CompilerTest.compileInner(CompilerTest.scala:37)
	at miniscala.test.infrastructure.CompilerTest.$anonfun$compileUsingPipelineAndRedirect$1(CompilerTest.scala:44)
	at miniscala.test.infrastructure.SandboxedTest$$anon$1.run(SandboxedTest.scala:24)
	at java.security.AccessController.doPrivileged(Native Method)
	at miniscala.test.infrastructure.SandboxedTest.sandboxedTest(SandboxedTest.scala:34)
	at miniscala.test.infrastructure.SandboxedTest.sandboxedTestWithRedirectedIO(SandboxedTest.scala:45)
	at miniscala.test.infrastructure.CompilerTest.compileUsingPipelineAndRedirect(CompilerTest.scala:44)
	at miniscala.test.infrastructure.CompilerTest.compileUsingPipelineAndRedirect$(CompilerTest.scala:43)
	at miniscala.test.infrastructure.CPSTest.compileUsingPipelineAndRedirect(CPSTest.scala:11)
	at miniscala.test.infrastructure.CPSOptTest.testCPSLowProgramOutput(CPSOptTest.scala:91)
	at miniscala.test.CPSOptimizer_Blackbox.$anonfun$compileAndInterpret$1(CPSOptimizer_Blackbox.scala:9)
	at miniscala.test.CPSOptimizer_Blackbox.$anonfun$compileAndInterpret$1$adapted(CPSOptimizer_Blackbox.scala:9)
	at miniscala.test.ok.PrimitivesOKTests.testPrimitiveLogic11(PrimitivesOKTests.scala:226)
	at miniscala.test.ok.PrimitivesOKTests.testPrimitiveLogic11$(PrimitivesOKTests.scala:225)
	at miniscala.test.CPSOptimizer_Blackbox.testPrimitiveLogic11(CPSOptimizer_Blackbox.scala:7)
	at sun.reflect.NativeMethodAccessorImpl.invoke0(Native Method)
	at sun.reflect.NativeMethodAccessorImpl.invoke(NativeMethodAccessorImpl.java:62)
	at sun.reflect.DelegatingMethodAccessorImpl.invoke(DelegatingMethodAccessorImpl.java:43)
	at java.lang.reflect.Method.invoke(Method.java:498)
	at org.junit.runners.model.FrameworkMethod$1.runReflectiveCall(FrameworkMethod.java:47)
	at org.junit.internal.runners.model.ReflectiveCallable.run(ReflectiveCallable.java:12)
	at org.junit.runners.model.FrameworkMethod.invokeExplosively(FrameworkMethod.java:44)
	at org.junit.internal.runners.statements.InvokeMethod.evaluate(InvokeMethod.java:17)
	at org.junit.runners.ParentRunner.runLeaf(ParentRunner.java:271)
	at org.junit.runners.BlockJUnit4ClassRunner.runChild(BlockJUnit4ClassRunner.java:70)
	at org.junit.runners.BlockJUnit4ClassRunner.runChild(BlockJUnit4ClassRunner.java:50)
	at org.junit.runners.ParentRunner$3.run(ParentRunner.java:238)
	at org.junit.runners.ParentRunner$1.schedule(ParentRunner.java:63)
	at org.junit.runners.ParentRunner.runChildren(ParentRunner.java:236)
	at org.junit.runners.ParentRunner.access$000(ParentRunner.java:53)
	at org.junit.runners.ParentRunner$2.evaluate(ParentRunner.java:229)
	at org.junit.runners.ParentRunner.run(ParentRunner.java:309)
	at org.junit.runners.Suite.runChild(Suite.java:127)
	at org.junit.runners.Suite.runChild(Suite.java:26)
	at org.junit.runners.ParentRunner$3.run(ParentRunner.java:238)
	at org.junit.runners.ParentRunner$1.schedule(ParentRunner.java:63)
	at org.junit.runners.ParentRunner.runChildren(ParentRunner.java:236)
	at org.junit.runners.ParentRunner.access$000(ParentRunner.java:53)
	at org.junit.runners.ParentRunner$2.evaluate(ParentRunner.java:229)
	at org.junit.runners.ParentRunner.run(ParentRunner.java:309)
	at org.junit.runner.JUnitCore.run(JUnitCore.java:160)
	at org.junit.runner.JUnitCore.run(JUnitCore.java:138)
	at com.novocode.junit.JUnitRunner$1.execute(JUnitRunner.java:132)
	at sbt.ForkMain$Run.lambda$runTest$1(ForkMain.java:304)
	at java.util.concurrent.FutureTask.run(FutureTask.java:266)
	at java.util.concurrent.ThreadPoolExecutor.runWorker(ThreadPoolExecutor.java:1149)
	at java.util.concurrent.ThreadPoolExecutor$Worker.run(ThreadPoolExecutor.java:624)
	at java.lang.Thread.run(Thread.java:748)
</failure>
                                               </testcase><testcase classname="miniscala.test.CPSOptimizer_Blackbox" name="testPrimitiveLogic12" time="0.002">
                                                 <failure message="java.util.NoSuchElementException: key not found: v_5298" type="sbt.ForkMain$ForkError">sbt.ForkMain$ForkError: java.util.NoSuchElementException: key not found: v_5298
	at scala.collection.immutable.Map$EmptyMap$.apply(Map.scala:101)
	at scala.collection.immutable.Map$EmptyMap$.apply(Map.scala:99)
	at miniscala.CPSOptimizer.$anonfun$shrink$1(CPSOptimizer.scala:114)
	at scala.collection.TraversableLike.$anonfun$map$1(TraversableLike.scala:238)
	at scala.collection.immutable.List.foreach(List.scala:392)
	at scala.collection.TraversableLike.map(TraversableLike.scala:238)
	at scala.collection.TraversableLike.map$(TraversableLike.scala:231)
	at scala.collection.immutable.List.map(List.scala:298)
	at miniscala.CPSOptimizer.shrinkT$1(CPSOptimizer.scala:114)
	at miniscala.CPSOptimizer.$anonfun$shrink$6(CPSOptimizer.scala:148)
	at scala.collection.TraversableLike.$anonfun$map$1(TraversableLike.scala:238)
	at scala.collection.immutable.List.foreach(List.scala:392)
	at scala.collection.TraversableLike.map(TraversableLike.scala:238)
	at scala.collection.TraversableLike.map$(TraversableLike.scala:231)
	at scala.collection.immutable.List.map(List.scala:298)
	at miniscala.CPSOptimizer.shrinkT$1(CPSOptimizer.scala:148)
	at miniscala.CPSOptimizer.shrinkT$1(CPSOptimizer.scala:144)
	at miniscala.CPSOptimizer.shrink(CPSOptimizer.scala:168)
	at miniscala.CPSOptimizer.$anonfun$apply$1(CPSOptimizer.scala:10)
	at scala.collection.immutable.Stream$.$anonfun$iterate$1(Stream.scala:1207)
	at scala.collection.immutable.Stream$Cons.tail(Stream.scala:1171)
	at scala.collection.immutable.Stream$Cons.tail(Stream.scala:1161)
	at scala.collection.immutable.Stream.$anonfun$take$2(Stream.scala:792)
	at scala.collection.immutable.Stream$Cons.tail(Stream.scala:1171)
	at scala.collection.immutable.Stream$Cons.tail(Stream.scala:1161)
	at miniscala.package$.fixedPoint(package.scala:4)
	at miniscala.package$.fixedPoint(package.scala:9)
	at miniscala.CPSOptimizer.apply(CPSOptimizer.scala:10)
	at miniscala.CPSOptimizerHigh$.apply(CPSOptimizer.scala:279)
	at scala.Function1.$anonfun$andThen$1(Function1.scala:57)
	at scala.Function1.$anonfun$andThen$1(Function1.scala:57)
	at scala.Function1.$anonfun$andThen$1(Function1.scala:57)
	at scala.Function1.$anonfun$andThen$1(Function1.scala:57)
	at scala.Function1.$anonfun$andThen$1(Function1.scala:57)
	at scala.Function1.$anonfun$andThen$1(Function1.scala:57)
	at miniscala.test.infrastructure.CompilerTest.compileInner(CompilerTest.scala:37)
	at miniscala.test.infrastructure.CompilerTest.$anonfun$compileUsingPipelineAndRedirect$1(CompilerTest.scala:44)
	at miniscala.test.infrastructure.SandboxedTest$$anon$1.run(SandboxedTest.scala:24)
	at java.security.AccessController.doPrivileged(Native Method)
	at miniscala.test.infrastructure.SandboxedTest.sandboxedTest(SandboxedTest.scala:34)
	at miniscala.test.infrastructure.SandboxedTest.sandboxedTestWithRedirectedIO(SandboxedTest.scala:45)
	at miniscala.test.infrastructure.CompilerTest.compileUsingPipelineAndRedirect(CompilerTest.scala:44)
	at miniscala.test.infrastructure.CompilerTest.compileUsingPipelineAndRedirect$(CompilerTest.scala:43)
	at miniscala.test.infrastructure.CPSTest.compileUsingPipelineAndRedirect(CPSTest.scala:11)
	at miniscala.test.infrastructure.CPSOptTest.testCPSLowProgramOutput(CPSOptTest.scala:91)
	at miniscala.test.CPSOptimizer_Blackbox.$anonfun$compileAndInterpret$1(CPSOptimizer_Blackbox.scala:9)
	at miniscala.test.CPSOptimizer_Blackbox.$anonfun$compileAndInterpret$1$adapted(CPSOptimizer_Blackbox.scala:9)
	at miniscala.test.ok.PrimitivesOKTests.testPrimitiveLogic12(PrimitivesOKTests.scala:234)
	at miniscala.test.ok.PrimitivesOKTests.testPrimitiveLogic12$(PrimitivesOKTests.scala:233)
	at miniscala.test.CPSOptimizer_Blackbox.testPrimitiveLogic12(CPSOptimizer_Blackbox.scala:7)
	at sun.reflect.NativeMethodAccessorImpl.invoke0(Native Method)
	at sun.reflect.NativeMethodAccessorImpl.invoke(NativeMethodAccessorImpl.java:62)
	at sun.reflect.DelegatingMethodAccessorImpl.invoke(DelegatingMethodAccessorImpl.java:43)
	at java.lang.reflect.Method.invoke(Method.java:498)
	at org.junit.runners.model.FrameworkMethod$1.runReflectiveCall(FrameworkMethod.java:47)
	at org.junit.internal.runners.model.ReflectiveCallable.run(ReflectiveCallable.java:12)
	at org.junit.runners.model.FrameworkMethod.invokeExplosively(FrameworkMethod.java:44)
	at org.junit.internal.runners.statements.InvokeMethod.evaluate(InvokeMethod.java:17)
	at org.junit.runners.ParentRunner.runLeaf(ParentRunner.java:271)
	at org.junit.runners.BlockJUnit4ClassRunner.runChild(BlockJUnit4ClassRunner.java:70)
	at org.junit.runners.BlockJUnit4ClassRunner.runChild(BlockJUnit4ClassRunner.java:50)
	at org.junit.runners.ParentRunner$3.run(ParentRunner.java:238)
	at org.junit.runners.ParentRunner$1.schedule(ParentRunner.java:63)
	at org.junit.runners.ParentRunner.runChildren(ParentRunner.java:236)
	at org.junit.runners.ParentRunner.access$000(ParentRunner.java:53)
	at org.junit.runners.ParentRunner$2.evaluate(ParentRunner.java:229)
	at org.junit.runners.ParentRunner.run(ParentRunner.java:309)
	at org.junit.runners.Suite.runChild(Suite.java:127)
	at org.junit.runners.Suite.runChild(Suite.java:26)
	at org.junit.runners.ParentRunner$3.run(ParentRunner.java:238)
	at org.junit.runners.ParentRunner$1.schedule(ParentRunner.java:63)
	at org.junit.runners.ParentRunner.runChildren(ParentRunner.java:236)
	at org.junit.runners.ParentRunner.access$000(ParentRunner.java:53)
	at org.junit.runners.ParentRunner$2.evaluate(ParentRunner.java:229)
	at org.junit.runners.ParentRunner.run(ParentRunner.java:309)
	at org.junit.runner.JUnitCore.run(JUnitCore.java:160)
	at org.junit.runner.JUnitCore.run(JUnitCore.java:138)
	at com.novocode.junit.JUnitRunner$1.execute(JUnitRunner.java:132)
	at sbt.ForkMain$Run.lambda$runTest$1(ForkMain.java:304)
	at java.util.concurrent.FutureTask.run(FutureTask.java:266)
	at java.util.concurrent.ThreadPoolExecutor.runWorker(ThreadPoolExecutor.java:1149)
	at java.util.concurrent.ThreadPoolExecutor$Worker.run(ThreadPoolExecutor.java:624)
	at java.lang.Thread.run(Thread.java:748)
</failure>
                                               </testcase><testcase classname="miniscala.test.CPSOptimizer_Blackbox" name="testPrimitiveLogic13" time="0.002">
                                                 <failure message="java.util.NoSuchElementException: key not found: v_5306" type="sbt.ForkMain$ForkError">sbt.ForkMain$ForkError: java.util.NoSuchElementException: key not found: v_5306
	at scala.collection.immutable.Map$EmptyMap$.apply(Map.scala:101)
	at scala.collection.immutable.Map$EmptyMap$.apply(Map.scala:99)
	at miniscala.CPSOptimizer.$anonfun$shrink$1(CPSOptimizer.scala:114)
	at scala.collection.TraversableLike.$anonfun$map$1(TraversableLike.scala:238)
	at scala.collection.immutable.List.foreach(List.scala:392)
	at scala.collection.TraversableLike.map(TraversableLike.scala:238)
	at scala.collection.TraversableLike.map$(TraversableLike.scala:231)
	at scala.collection.immutable.List.map(List.scala:298)
	at miniscala.CPSOptimizer.shrinkT$1(CPSOptimizer.scala:114)
	at miniscala.CPSOptimizer.$anonfun$shrink$6(CPSOptimizer.scala:148)
	at scala.collection.TraversableLike.$anonfun$map$1(TraversableLike.scala:238)
	at scala.collection.immutable.List.foreach(List.scala:392)
	at scala.collection.TraversableLike.map(TraversableLike.scala:238)
	at scala.collection.TraversableLike.map$(TraversableLike.scala:231)
	at scala.collection.immutable.List.map(List.scala:298)
	at miniscala.CPSOptimizer.shrinkT$1(CPSOptimizer.scala:148)
	at miniscala.CPSOptimizer.$anonfun$shrink$6(CPSOptimizer.scala:148)
	at scala.collection.TraversableLike.$anonfun$map$1(TraversableLike.scala:238)
	at scala.collection.immutable.List.foreach(List.scala:392)
	at scala.collection.TraversableLike.map(TraversableLike.scala:238)
	at scala.collection.TraversableLike.map$(TraversableLike.scala:231)
	at scala.collection.immutable.List.map(List.scala:298)
	at miniscala.CPSOptimizer.shrinkT$1(CPSOptimizer.scala:148)
	at miniscala.CPSOptimizer.shrinkT$1(CPSOptimizer.scala:144)
	at miniscala.CPSOptimizer.shrink(CPSOptimizer.scala:168)
	at miniscala.CPSOptimizer.$anonfun$apply$1(CPSOptimizer.scala:10)
	at scala.collection.immutable.Stream$.$anonfun$iterate$1(Stream.scala:1207)
	at scala.collection.immutable.Stream$Cons.tail(Stream.scala:1171)
	at scala.collection.immutable.Stream$Cons.tail(Stream.scala:1161)
	at scala.collection.immutable.Stream.$anonfun$take$2(Stream.scala:792)
	at scala.collection.immutable.Stream$Cons.tail(Stream.scala:1171)
	at scala.collection.immutable.Stream$Cons.tail(Stream.scala:1161)
	at miniscala.package$.fixedPoint(package.scala:4)
	at miniscala.package$.fixedPoint(package.scala:9)
	at miniscala.CPSOptimizer.apply(CPSOptimizer.scala:10)
	at miniscala.CPSOptimizerHigh$.apply(CPSOptimizer.scala:279)
	at scala.Function1.$anonfun$andThen$1(Function1.scala:57)
	at scala.Function1.$anonfun$andThen$1(Function1.scala:57)
	at scala.Function1.$anonfun$andThen$1(Function1.scala:57)
	at scala.Function1.$anonfun$andThen$1(Function1.scala:57)
	at scala.Function1.$anonfun$andThen$1(Function1.scala:57)
	at scala.Function1.$anonfun$andThen$1(Function1.scala:57)
	at miniscala.test.infrastructure.CompilerTest.compileInner(CompilerTest.scala:37)
	at miniscala.test.infrastructure.CompilerTest.$anonfun$compileUsingPipelineAndRedirect$1(CompilerTest.scala:44)
	at miniscala.test.infrastructure.SandboxedTest$$anon$1.run(SandboxedTest.scala:24)
	at java.security.AccessController.doPrivileged(Native Method)
	at miniscala.test.infrastructure.SandboxedTest.sandboxedTest(SandboxedTest.scala:34)
	at miniscala.test.infrastructure.SandboxedTest.sandboxedTestWithRedirectedIO(SandboxedTest.scala:45)
	at miniscala.test.infrastructure.CompilerTest.compileUsingPipelineAndRedirect(CompilerTest.scala:44)
	at miniscala.test.infrastructure.CompilerTest.compileUsingPipelineAndRedirect$(CompilerTest.scala:43)
	at miniscala.test.infrastructure.CPSTest.compileUsingPipelineAndRedirect(CPSTest.scala:11)
	at miniscala.test.infrastructure.CPSOptTest.testCPSLowProgramOutput(CPSOptTest.scala:91)
	at miniscala.test.CPSOptimizer_Blackbox.$anonfun$compileAndInterpret$1(CPSOptimizer_Blackbox.scala:9)
	at miniscala.test.CPSOptimizer_Blackbox.$anonfun$compileAndInterpret$1$adapted(CPSOptimizer_Blackbox.scala:9)
	at miniscala.test.ok.PrimitivesOKTests.testPrimitiveLogic13(PrimitivesOKTests.scala:242)
	at miniscala.test.ok.PrimitivesOKTests.testPrimitiveLogic13$(PrimitivesOKTests.scala:241)
	at miniscala.test.CPSOptimizer_Blackbox.testPrimitiveLogic13(CPSOptimizer_Blackbox.scala:7)
	at sun.reflect.NativeMethodAccessorImpl.invoke0(Native Method)
	at sun.reflect.NativeMethodAccessorImpl.invoke(NativeMethodAccessorImpl.java:62)
	at sun.reflect.DelegatingMethodAccessorImpl.invoke(DelegatingMethodAccessorImpl.java:43)
	at java.lang.reflect.Method.invoke(Method.java:498)
	at org.junit.runners.model.FrameworkMethod$1.runReflectiveCall(FrameworkMethod.java:47)
	at org.junit.internal.runners.model.ReflectiveCallable.run(ReflectiveCallable.java:12)
	at org.junit.runners.model.FrameworkMethod.invokeExplosively(FrameworkMethod.java:44)
	at org.junit.internal.runners.statements.InvokeMethod.evaluate(InvokeMethod.java:17)
	at org.junit.runners.ParentRunner.runLeaf(ParentRunner.java:271)
	at org.junit.runners.BlockJUnit4ClassRunner.runChild(BlockJUnit4ClassRunner.java:70)
	at org.junit.runners.BlockJUnit4ClassRunner.runChild(BlockJUnit4ClassRunner.java:50)
	at org.junit.runners.ParentRunner$3.run(ParentRunner.java:238)
	at org.junit.runners.ParentRunner$1.schedule(ParentRunner.java:63)
	at org.junit.runners.ParentRunner.runChildren(ParentRunner.java:236)
	at org.junit.runners.ParentRunner.access$000(ParentRunner.java:53)
	at org.junit.runners.ParentRunner$2.evaluate(ParentRunner.java:229)
	at org.junit.runners.ParentRunner.run(ParentRunner.java:309)
	at org.junit.runners.Suite.runChild(Suite.java:127)
	at org.junit.runners.Suite.runChild(Suite.java:26)
	at org.junit.runners.ParentRunner$3.run(ParentRunner.java:238)
	at org.junit.runners.ParentRunner$1.schedule(ParentRunner.java:63)
	at org.junit.runners.ParentRunner.runChildren(ParentRunner.java:236)
	at org.junit.runners.ParentRunner.access$000(ParentRunner.java:53)
	at org.junit.runners.ParentRunner$2.evaluate(ParentRunner.java:229)
	at org.junit.runners.ParentRunner.run(ParentRunner.java:309)
	at org.junit.runner.JUnitCore.run(JUnitCore.java:160)
	at org.junit.runner.JUnitCore.run(JUnitCore.java:138)
	at com.novocode.junit.JUnitRunner$1.execute(JUnitRunner.java:132)
	at sbt.ForkMain$Run.lambda$runTest$1(ForkMain.java:304)
	at java.util.concurrent.FutureTask.run(FutureTask.java:266)
	at java.util.concurrent.ThreadPoolExecutor.runWorker(ThreadPoolExecutor.java:1149)
	at java.util.concurrent.ThreadPoolExecutor$Worker.run(ThreadPoolExecutor.java:624)
	at java.lang.Thread.run(Thread.java:748)
</failure>
                                               </testcase><testcase classname="miniscala.test.CPSOptimizer_Blackbox" name="testPrimitiveLogic14" time="0.001">
                                                 <failure message="java.util.NoSuchElementException: key not found: v_5314" type="sbt.ForkMain$ForkError">sbt.ForkMain$ForkError: java.util.NoSuchElementException: key not found: v_5314
	at scala.collection.immutable.Map$EmptyMap$.apply(Map.scala:101)
	at scala.collection.immutable.Map$EmptyMap$.apply(Map.scala:99)
	at miniscala.CPSOptimizer.$anonfun$shrink$1(CPSOptimizer.scala:114)
	at scala.collection.TraversableLike.$anonfun$map$1(TraversableLike.scala:238)
	at scala.collection.immutable.List.foreach(List.scala:392)
	at scala.collection.TraversableLike.map(TraversableLike.scala:238)
	at scala.collection.TraversableLike.map$(TraversableLike.scala:231)
	at scala.collection.immutable.List.map(List.scala:298)
	at miniscala.CPSOptimizer.shrinkT$1(CPSOptimizer.scala:114)
	at miniscala.CPSOptimizer.$anonfun$shrink$6(CPSOptimizer.scala:148)
	at scala.collection.TraversableLike.$anonfun$map$1(TraversableLike.scala:238)
	at scala.collection.immutable.List.foreach(List.scala:392)
	at scala.collection.TraversableLike.map(TraversableLike.scala:238)
	at scala.collection.TraversableLike.map$(TraversableLike.scala:231)
	at scala.collection.immutable.List.map(List.scala:298)
	at miniscala.CPSOptimizer.shrinkT$1(CPSOptimizer.scala:148)
	at miniscala.CPSOptimizer.shrinkT$1(CPSOptimizer.scala:144)
	at miniscala.CPSOptimizer.shrink(CPSOptimizer.scala:168)
	at miniscala.CPSOptimizer.$anonfun$apply$1(CPSOptimizer.scala:10)
	at scala.collection.immutable.Stream$.$anonfun$iterate$1(Stream.scala:1207)
	at scala.collection.immutable.Stream$Cons.tail(Stream.scala:1171)
	at scala.collection.immutable.Stream$Cons.tail(Stream.scala:1161)
	at scala.collection.immutable.Stream.$anonfun$take$2(Stream.scala:792)
	at scala.collection.immutable.Stream$Cons.tail(Stream.scala:1171)
	at scala.collection.immutable.Stream$Cons.tail(Stream.scala:1161)
	at miniscala.package$.fixedPoint(package.scala:4)
	at miniscala.package$.fixedPoint(package.scala:9)
	at miniscala.CPSOptimizer.apply(CPSOptimizer.scala:10)
	at miniscala.CPSOptimizerHigh$.apply(CPSOptimizer.scala:279)
	at scala.Function1.$anonfun$andThen$1(Function1.scala:57)
	at scala.Function1.$anonfun$andThen$1(Function1.scala:57)
	at scala.Function1.$anonfun$andThen$1(Function1.scala:57)
	at scala.Function1.$anonfun$andThen$1(Function1.scala:57)
	at scala.Function1.$anonfun$andThen$1(Function1.scala:57)
	at scala.Function1.$anonfun$andThen$1(Function1.scala:57)
	at miniscala.test.infrastructure.CompilerTest.compileInner(CompilerTest.scala:37)
	at miniscala.test.infrastructure.CompilerTest.$anonfun$compileUsingPipelineAndRedirect$1(CompilerTest.scala:44)
	at miniscala.test.infrastructure.SandboxedTest$$anon$1.run(SandboxedTest.scala:24)
	at java.security.AccessController.doPrivileged(Native Method)
	at miniscala.test.infrastructure.SandboxedTest.sandboxedTest(SandboxedTest.scala:34)
	at miniscala.test.infrastructure.SandboxedTest.sandboxedTestWithRedirectedIO(SandboxedTest.scala:45)
	at miniscala.test.infrastructure.CompilerTest.compileUsingPipelineAndRedirect(CompilerTest.scala:44)
	at miniscala.test.infrastructure.CompilerTest.compileUsingPipelineAndRedirect$(CompilerTest.scala:43)
	at miniscala.test.infrastructure.CPSTest.compileUsingPipelineAndRedirect(CPSTest.scala:11)
	at miniscala.test.infrastructure.CPSOptTest.testCPSLowProgramOutput(CPSOptTest.scala:91)
	at miniscala.test.CPSOptimizer_Blackbox.$anonfun$compileAndInterpret$1(CPSOptimizer_Blackbox.scala:9)
	at miniscala.test.CPSOptimizer_Blackbox.$anonfun$compileAndInterpret$1$adapted(CPSOptimizer_Blackbox.scala:9)
	at miniscala.test.ok.PrimitivesOKTests.testPrimitiveLogic14(PrimitivesOKTests.scala:250)
	at miniscala.test.ok.PrimitivesOKTests.testPrimitiveLogic14$(PrimitivesOKTests.scala:249)
	at miniscala.test.CPSOptimizer_Blackbox.testPrimitiveLogic14(CPSOptimizer_Blackbox.scala:7)
	at sun.reflect.NativeMethodAccessorImpl.invoke0(Native Method)
	at sun.reflect.NativeMethodAccessorImpl.invoke(NativeMethodAccessorImpl.java:62)
	at sun.reflect.DelegatingMethodAccessorImpl.invoke(DelegatingMethodAccessorImpl.java:43)
	at java.lang.reflect.Method.invoke(Method.java:498)
	at org.junit.runners.model.FrameworkMethod$1.runReflectiveCall(FrameworkMethod.java:47)
	at org.junit.internal.runners.model.ReflectiveCallable.run(ReflectiveCallable.java:12)
	at org.junit.runners.model.FrameworkMethod.invokeExplosively(FrameworkMethod.java:44)
	at org.junit.internal.runners.statements.InvokeMethod.evaluate(InvokeMethod.java:17)
	at org.junit.runners.ParentRunner.runLeaf(ParentRunner.java:271)
	at org.junit.runners.BlockJUnit4ClassRunner.runChild(BlockJUnit4ClassRunner.java:70)
	at org.junit.runners.BlockJUnit4ClassRunner.runChild(BlockJUnit4ClassRunner.java:50)
	at org.junit.runners.ParentRunner$3.run(ParentRunner.java:238)
	at org.junit.runners.ParentRunner$1.schedule(ParentRunner.java:63)
	at org.junit.runners.ParentRunner.runChildren(ParentRunner.java:236)
	at org.junit.runners.ParentRunner.access$000(ParentRunner.java:53)
	at org.junit.runners.ParentRunner$2.evaluate(ParentRunner.java:229)
	at org.junit.runners.ParentRunner.run(ParentRunner.java:309)
	at org.junit.runners.Suite.runChild(Suite.java:127)
	at org.junit.runners.Suite.runChild(Suite.java:26)
	at org.junit.runners.ParentRunner$3.run(ParentRunner.java:238)
	at org.junit.runners.ParentRunner$1.schedule(ParentRunner.java:63)
	at org.junit.runners.ParentRunner.runChildren(ParentRunner.java:236)
	at org.junit.runners.ParentRunner.access$000(ParentRunner.java:53)
	at org.junit.runners.ParentRunner$2.evaluate(ParentRunner.java:229)
	at org.junit.runners.ParentRunner.run(ParentRunner.java:309)
	at org.junit.runner.JUnitCore.run(JUnitCore.java:160)
	at org.junit.runner.JUnitCore.run(JUnitCore.java:138)
	at com.novocode.junit.JUnitRunner$1.execute(JUnitRunner.java:132)
	at sbt.ForkMain$Run.lambda$runTest$1(ForkMain.java:304)
	at java.util.concurrent.FutureTask.run(FutureTask.java:266)
	at java.util.concurrent.ThreadPoolExecutor.runWorker(ThreadPoolExecutor.java:1149)
	at java.util.concurrent.ThreadPoolExecutor$Worker.run(ThreadPoolExecutor.java:624)
	at java.lang.Thread.run(Thread.java:748)
</failure>
                                               </testcase><testcase classname="miniscala.test.CPSOptimizer_Blackbox" name="testPrimitiveLogic15" time="0.002">
                                                 <failure message="java.util.NoSuchElementException: key not found: v_5321" type="sbt.ForkMain$ForkError">sbt.ForkMain$ForkError: java.util.NoSuchElementException: key not found: v_5321
	at scala.collection.immutable.Map$EmptyMap$.apply(Map.scala:101)
	at scala.collection.immutable.Map$EmptyMap$.apply(Map.scala:99)
	at miniscala.CPSOptimizer.$anonfun$shrink$1(CPSOptimizer.scala:114)
	at scala.collection.TraversableLike.$anonfun$map$1(TraversableLike.scala:238)
	at scala.collection.immutable.List.foreach(List.scala:392)
	at scala.collection.TraversableLike.map(TraversableLike.scala:238)
	at scala.collection.TraversableLike.map$(TraversableLike.scala:231)
	at scala.collection.immutable.List.map(List.scala:298)
	at miniscala.CPSOptimizer.shrinkT$1(CPSOptimizer.scala:114)
	at miniscala.CPSOptimizer.$anonfun$shrink$6(CPSOptimizer.scala:148)
	at scala.collection.TraversableLike.$anonfun$map$1(TraversableLike.scala:238)
	at scala.collection.immutable.List.foreach(List.scala:392)
	at scala.collection.TraversableLike.map(TraversableLike.scala:238)
	at scala.collection.TraversableLike.map$(TraversableLike.scala:231)
	at scala.collection.immutable.List.map(List.scala:298)
	at miniscala.CPSOptimizer.shrinkT$1(CPSOptimizer.scala:148)
	at miniscala.CPSOptimizer.shrinkT$1(CPSOptimizer.scala:144)
	at miniscala.CPSOptimizer.shrink(CPSOptimizer.scala:168)
	at miniscala.CPSOptimizer.$anonfun$apply$1(CPSOptimizer.scala:10)
	at scala.collection.immutable.Stream$.$anonfun$iterate$1(Stream.scala:1207)
	at scala.collection.immutable.Stream$Cons.tail(Stream.scala:1171)
	at scala.collection.immutable.Stream$Cons.tail(Stream.scala:1161)
	at scala.collection.immutable.Stream.$anonfun$take$2(Stream.scala:792)
	at scala.collection.immutable.Stream$Cons.tail(Stream.scala:1171)
	at scala.collection.immutable.Stream$Cons.tail(Stream.scala:1161)
	at miniscala.package$.fixedPoint(package.scala:4)
	at miniscala.package$.fixedPoint(package.scala:9)
	at miniscala.CPSOptimizer.apply(CPSOptimizer.scala:10)
	at miniscala.CPSOptimizerHigh$.apply(CPSOptimizer.scala:279)
	at scala.Function1.$anonfun$andThen$1(Function1.scala:57)
	at scala.Function1.$anonfun$andThen$1(Function1.scala:57)
	at scala.Function1.$anonfun$andThen$1(Function1.scala:57)
	at scala.Function1.$anonfun$andThen$1(Function1.scala:57)
	at scala.Function1.$anonfun$andThen$1(Function1.scala:57)
	at scala.Function1.$anonfun$andThen$1(Function1.scala:57)
	at miniscala.test.infrastructure.CompilerTest.compileInner(CompilerTest.scala:37)
	at miniscala.test.infrastructure.CompilerTest.$anonfun$compileUsingPipelineAndRedirect$1(CompilerTest.scala:44)
	at miniscala.test.infrastructure.SandboxedTest$$anon$1.run(SandboxedTest.scala:24)
	at java.security.AccessController.doPrivileged(Native Method)
	at miniscala.test.infrastructure.SandboxedTest.sandboxedTest(SandboxedTest.scala:34)
	at miniscala.test.infrastructure.SandboxedTest.sandboxedTestWithRedirectedIO(SandboxedTest.scala:45)
	at miniscala.test.infrastructure.CompilerTest.compileUsingPipelineAndRedirect(CompilerTest.scala:44)
	at miniscala.test.infrastructure.CompilerTest.compileUsingPipelineAndRedirect$(CompilerTest.scala:43)
	at miniscala.test.infrastructure.CPSTest.compileUsingPipelineAndRedirect(CPSTest.scala:11)
	at miniscala.test.infrastructure.CPSOptTest.testCPSLowProgramOutput(CPSOptTest.scala:91)
	at miniscala.test.CPSOptimizer_Blackbox.$anonfun$compileAndInterpret$1(CPSOptimizer_Blackbox.scala:9)
	at miniscala.test.CPSOptimizer_Blackbox.$anonfun$compileAndInterpret$1$adapted(CPSOptimizer_Blackbox.scala:9)
	at miniscala.test.ok.PrimitivesOKTests.testPrimitiveLogic15(PrimitivesOKTests.scala:259)
	at miniscala.test.ok.PrimitivesOKTests.testPrimitiveLogic15$(PrimitivesOKTests.scala:258)
	at miniscala.test.CPSOptimizer_Blackbox.testPrimitiveLogic15(CPSOptimizer_Blackbox.scala:7)
	at sun.reflect.NativeMethodAccessorImpl.invoke0(Native Method)
	at sun.reflect.NativeMethodAccessorImpl.invoke(NativeMethodAccessorImpl.java:62)
	at sun.reflect.DelegatingMethodAccessorImpl.invoke(DelegatingMethodAccessorImpl.java:43)
	at java.lang.reflect.Method.invoke(Method.java:498)
	at org.junit.runners.model.FrameworkMethod$1.runReflectiveCall(FrameworkMethod.java:47)
	at org.junit.internal.runners.model.ReflectiveCallable.run(ReflectiveCallable.java:12)
	at org.junit.runners.model.FrameworkMethod.invokeExplosively(FrameworkMethod.java:44)
	at org.junit.internal.runners.statements.InvokeMethod.evaluate(InvokeMethod.java:17)
	at org.junit.runners.ParentRunner.runLeaf(ParentRunner.java:271)
	at org.junit.runners.BlockJUnit4ClassRunner.runChild(BlockJUnit4ClassRunner.java:70)
	at org.junit.runners.BlockJUnit4ClassRunner.runChild(BlockJUnit4ClassRunner.java:50)
	at org.junit.runners.ParentRunner$3.run(ParentRunner.java:238)
	at org.junit.runners.ParentRunner$1.schedule(ParentRunner.java:63)
	at org.junit.runners.ParentRunner.runChildren(ParentRunner.java:236)
	at org.junit.runners.ParentRunner.access$000(ParentRunner.java:53)
	at org.junit.runners.ParentRunner$2.evaluate(ParentRunner.java:229)
	at org.junit.runners.ParentRunner.run(ParentRunner.java:309)
	at org.junit.runners.Suite.runChild(Suite.java:127)
	at org.junit.runners.Suite.runChild(Suite.java:26)
	at org.junit.runners.ParentRunner$3.run(ParentRunner.java:238)
	at org.junit.runners.ParentRunner$1.schedule(ParentRunner.java:63)
	at org.junit.runners.ParentRunner.runChildren(ParentRunner.java:236)
	at org.junit.runners.ParentRunner.access$000(ParentRunner.java:53)
	at org.junit.runners.ParentRunner$2.evaluate(ParentRunner.java:229)
	at org.junit.runners.ParentRunner.run(ParentRunner.java:309)
	at org.junit.runner.JUnitCore.run(JUnitCore.java:160)
	at org.junit.runner.JUnitCore.run(JUnitCore.java:138)
	at com.novocode.junit.JUnitRunner$1.execute(JUnitRunner.java:132)
	at sbt.ForkMain$Run.lambda$runTest$1(ForkMain.java:304)
	at java.util.concurrent.FutureTask.run(FutureTask.java:266)
	at java.util.concurrent.ThreadPoolExecutor.runWorker(ThreadPoolExecutor.java:1149)
	at java.util.concurrent.ThreadPoolExecutor$Worker.run(ThreadPoolExecutor.java:624)
	at java.lang.Thread.run(Thread.java:748)
</failure>
                                               </testcase><testcase classname="miniscala.test.CPSOptimizer_Blackbox" name="testPrimitiveLogic16" time="0.001">
                                                 <failure message="java.util.NoSuchElementException: key not found: v_5333" type="sbt.ForkMain$ForkError">sbt.ForkMain$ForkError: java.util.NoSuchElementException: key not found: v_5333
	at scala.collection.immutable.Map$EmptyMap$.apply(Map.scala:101)
	at scala.collection.immutable.Map$EmptyMap$.apply(Map.scala:99)
	at miniscala.CPSOptimizer.$anonfun$shrink$1(CPSOptimizer.scala:114)
	at scala.collection.TraversableLike.$anonfun$map$1(TraversableLike.scala:238)
	at scala.collection.immutable.List.foreach(List.scala:392)
	at scala.collection.TraversableLike.map(TraversableLike.scala:238)
	at scala.collection.TraversableLike.map$(TraversableLike.scala:231)
	at scala.collection.immutable.List.map(List.scala:298)
	at miniscala.CPSOptimizer.shrinkT$1(CPSOptimizer.scala:114)
	at miniscala.CPSOptimizer.$anonfun$shrink$6(CPSOptimizer.scala:148)
	at scala.collection.TraversableLike.$anonfun$map$1(TraversableLike.scala:238)
	at scala.collection.immutable.List.foreach(List.scala:392)
	at scala.collection.TraversableLike.map(TraversableLike.scala:238)
	at scala.collection.TraversableLike.map$(TraversableLike.scala:231)
	at scala.collection.immutable.List.map(List.scala:298)
	at miniscala.CPSOptimizer.shrinkT$1(CPSOptimizer.scala:148)
	at miniscala.CPSOptimizer.shrinkT$1(CPSOptimizer.scala:144)
	at miniscala.CPSOptimizer.shrink(CPSOptimizer.scala:168)
	at miniscala.CPSOptimizer.$anonfun$apply$1(CPSOptimizer.scala:10)
	at scala.collection.immutable.Stream$.$anonfun$iterate$1(Stream.scala:1207)
	at scala.collection.immutable.Stream$Cons.tail(Stream.scala:1171)
	at scala.collection.immutable.Stream$Cons.tail(Stream.scala:1161)
	at scala.collection.immutable.Stream.$anonfun$take$2(Stream.scala:792)
	at scala.collection.immutable.Stream$Cons.tail(Stream.scala:1171)
	at scala.collection.immutable.Stream$Cons.tail(Stream.scala:1161)
	at miniscala.package$.fixedPoint(package.scala:4)
	at miniscala.package$.fixedPoint(package.scala:9)
	at miniscala.CPSOptimizer.apply(CPSOptimizer.scala:10)
	at miniscala.CPSOptimizerHigh$.apply(CPSOptimizer.scala:279)
	at scala.Function1.$anonfun$andThen$1(Function1.scala:57)
	at scala.Function1.$anonfun$andThen$1(Function1.scala:57)
	at scala.Function1.$anonfun$andThen$1(Function1.scala:57)
	at scala.Function1.$anonfun$andThen$1(Function1.scala:57)
	at scala.Function1.$anonfun$andThen$1(Function1.scala:57)
	at scala.Function1.$anonfun$andThen$1(Function1.scala:57)
	at miniscala.test.infrastructure.CompilerTest.compileInner(CompilerTest.scala:37)
	at miniscala.test.infrastructure.CompilerTest.$anonfun$compileUsingPipelineAndRedirect$1(CompilerTest.scala:44)
	at miniscala.test.infrastructure.SandboxedTest$$anon$1.run(SandboxedTest.scala:24)
	at java.security.AccessController.doPrivileged(Native Method)
	at miniscala.test.infrastructure.SandboxedTest.sandboxedTest(SandboxedTest.scala:34)
	at miniscala.test.infrastructure.SandboxedTest.sandboxedTestWithRedirectedIO(SandboxedTest.scala:45)
	at miniscala.test.infrastructure.CompilerTest.compileUsingPipelineAndRedirect(CompilerTest.scala:44)
	at miniscala.test.infrastructure.CompilerTest.compileUsingPipelineAndRedirect$(CompilerTest.scala:43)
	at miniscala.test.infrastructure.CPSTest.compileUsingPipelineAndRedirect(CPSTest.scala:11)
	at miniscala.test.infrastructure.CPSOptTest.testCPSLowProgramOutput(CPSOptTest.scala:91)
	at miniscala.test.CPSOptimizer_Blackbox.$anonfun$compileAndInterpret$1(CPSOptimizer_Blackbox.scala:9)
	at miniscala.test.CPSOptimizer_Blackbox.$anonfun$compileAndInterpret$1$adapted(CPSOptimizer_Blackbox.scala:9)
	at miniscala.test.ok.PrimitivesOKTests.testPrimitiveLogic16(PrimitivesOKTests.scala:267)
	at miniscala.test.ok.PrimitivesOKTests.testPrimitiveLogic16$(PrimitivesOKTests.scala:266)
	at miniscala.test.CPSOptimizer_Blackbox.testPrimitiveLogic16(CPSOptimizer_Blackbox.scala:7)
	at sun.reflect.NativeMethodAccessorImpl.invoke0(Native Method)
	at sun.reflect.NativeMethodAccessorImpl.invoke(NativeMethodAccessorImpl.java:62)
	at sun.reflect.DelegatingMethodAccessorImpl.invoke(DelegatingMethodAccessorImpl.java:43)
	at java.lang.reflect.Method.invoke(Method.java:498)
	at org.junit.runners.model.FrameworkMethod$1.runReflectiveCall(FrameworkMethod.java:47)
	at org.junit.internal.runners.model.ReflectiveCallable.run(ReflectiveCallable.java:12)
	at org.junit.runners.model.FrameworkMethod.invokeExplosively(FrameworkMethod.java:44)
	at org.junit.internal.runners.statements.InvokeMethod.evaluate(InvokeMethod.java:17)
	at org.junit.runners.ParentRunner.runLeaf(ParentRunner.java:271)
	at org.junit.runners.BlockJUnit4ClassRunner.runChild(BlockJUnit4ClassRunner.java:70)
	at org.junit.runners.BlockJUnit4ClassRunner.runChild(BlockJUnit4ClassRunner.java:50)
	at org.junit.runners.ParentRunner$3.run(ParentRunner.java:238)
	at org.junit.runners.ParentRunner$1.schedule(ParentRunner.java:63)
	at org.junit.runners.ParentRunner.runChildren(ParentRunner.java:236)
	at org.junit.runners.ParentRunner.access$000(ParentRunner.java:53)
	at org.junit.runners.ParentRunner$2.evaluate(ParentRunner.java:229)
	at org.junit.runners.ParentRunner.run(ParentRunner.java:309)
	at org.junit.runners.Suite.runChild(Suite.java:127)
	at org.junit.runners.Suite.runChild(Suite.java:26)
	at org.junit.runners.ParentRunner$3.run(ParentRunner.java:238)
	at org.junit.runners.ParentRunner$1.schedule(ParentRunner.java:63)
	at org.junit.runners.ParentRunner.runChildren(ParentRunner.java:236)
	at org.junit.runners.ParentRunner.access$000(ParentRunner.java:53)
	at org.junit.runners.ParentRunner$2.evaluate(ParentRunner.java:229)
	at org.junit.runners.ParentRunner.run(ParentRunner.java:309)
	at org.junit.runner.JUnitCore.run(JUnitCore.java:160)
	at org.junit.runner.JUnitCore.run(JUnitCore.java:138)
	at com.novocode.junit.JUnitRunner$1.execute(JUnitRunner.java:132)
	at sbt.ForkMain$Run.lambda$runTest$1(ForkMain.java:304)
	at java.util.concurrent.FutureTask.run(FutureTask.java:266)
	at java.util.concurrent.ThreadPoolExecutor.runWorker(ThreadPoolExecutor.java:1149)
	at java.util.concurrent.ThreadPoolExecutor$Worker.run(ThreadPoolExecutor.java:624)
	at java.lang.Thread.run(Thread.java:748)
</failure>
                                               </testcase><testcase classname="miniscala.test.CPSOptimizer_Blackbox" name="testPrimitiveLogic17" time="0.001">
                                                 <failure message="java.util.NoSuchElementException: key not found: v_5340" type="sbt.ForkMain$ForkError">sbt.ForkMain$ForkError: java.util.NoSuchElementException: key not found: v_5340
	at scala.collection.immutable.Map$EmptyMap$.apply(Map.scala:101)
	at scala.collection.immutable.Map$EmptyMap$.apply(Map.scala:99)
	at miniscala.CPSOptimizer.$anonfun$shrink$1(CPSOptimizer.scala:114)
	at scala.collection.TraversableLike.$anonfun$map$1(TraversableLike.scala:238)
	at scala.collection.immutable.List.foreach(List.scala:392)
	at scala.collection.TraversableLike.map(TraversableLike.scala:238)
	at scala.collection.TraversableLike.map$(TraversableLike.scala:231)
	at scala.collection.immutable.List.map(List.scala:298)
	at miniscala.CPSOptimizer.shrinkT$1(CPSOptimizer.scala:114)
	at miniscala.CPSOptimizer.$anonfun$shrink$6(CPSOptimizer.scala:148)
	at scala.collection.TraversableLike.$anonfun$map$1(TraversableLike.scala:238)
	at scala.collection.immutable.List.foreach(List.scala:392)
	at scala.collection.TraversableLike.map(TraversableLike.scala:238)
	at scala.collection.TraversableLike.map$(TraversableLike.scala:231)
	at scala.collection.immutable.List.map(List.scala:298)
	at miniscala.CPSOptimizer.shrinkT$1(CPSOptimizer.scala:148)
	at miniscala.CPSOptimizer.shrinkT$1(CPSOptimizer.scala:144)
	at miniscala.CPSOptimizer.shrink(CPSOptimizer.scala:168)
	at miniscala.CPSOptimizer.$anonfun$apply$1(CPSOptimizer.scala:10)
	at scala.collection.immutable.Stream$.$anonfun$iterate$1(Stream.scala:1207)
	at scala.collection.immutable.Stream$Cons.tail(Stream.scala:1171)
	at scala.collection.immutable.Stream$Cons.tail(Stream.scala:1161)
	at scala.collection.immutable.Stream.$anonfun$take$2(Stream.scala:792)
	at scala.collection.immutable.Stream$Cons.tail(Stream.scala:1171)
	at scala.collection.immutable.Stream$Cons.tail(Stream.scala:1161)
	at miniscala.package$.fixedPoint(package.scala:4)
	at miniscala.package$.fixedPoint(package.scala:9)
	at miniscala.CPSOptimizer.apply(CPSOptimizer.scala:10)
	at miniscala.CPSOptimizerHigh$.apply(CPSOptimizer.scala:279)
	at scala.Function1.$anonfun$andThen$1(Function1.scala:57)
	at scala.Function1.$anonfun$andThen$1(Function1.scala:57)
	at scala.Function1.$anonfun$andThen$1(Function1.scala:57)
	at scala.Function1.$anonfun$andThen$1(Function1.scala:57)
	at scala.Function1.$anonfun$andThen$1(Function1.scala:57)
	at scala.Function1.$anonfun$andThen$1(Function1.scala:57)
	at miniscala.test.infrastructure.CompilerTest.compileInner(CompilerTest.scala:37)
	at miniscala.test.infrastructure.CompilerTest.$anonfun$compileUsingPipelineAndRedirect$1(CompilerTest.scala:44)
	at miniscala.test.infrastructure.SandboxedTest$$anon$1.run(SandboxedTest.scala:24)
	at java.security.AccessController.doPrivileged(Native Method)
	at miniscala.test.infrastructure.SandboxedTest.sandboxedTest(SandboxedTest.scala:34)
	at miniscala.test.infrastructure.SandboxedTest.sandboxedTestWithRedirectedIO(SandboxedTest.scala:45)
	at miniscala.test.infrastructure.CompilerTest.compileUsingPipelineAndRedirect(CompilerTest.scala:44)
	at miniscala.test.infrastructure.CompilerTest.compileUsingPipelineAndRedirect$(CompilerTest.scala:43)
	at miniscala.test.infrastructure.CPSTest.compileUsingPipelineAndRedirect(CPSTest.scala:11)
	at miniscala.test.infrastructure.CPSOptTest.testCPSLowProgramOutput(CPSOptTest.scala:91)
	at miniscala.test.CPSOptimizer_Blackbox.$anonfun$compileAndInterpret$1(CPSOptimizer_Blackbox.scala:9)
	at miniscala.test.CPSOptimizer_Blackbox.$anonfun$compileAndInterpret$1$adapted(CPSOptimizer_Blackbox.scala:9)
	at miniscala.test.ok.PrimitivesOKTests.testPrimitiveLogic17(PrimitivesOKTests.scala:275)
	at miniscala.test.ok.PrimitivesOKTests.testPrimitiveLogic17$(PrimitivesOKTests.scala:274)
	at miniscala.test.CPSOptimizer_Blackbox.testPrimitiveLogic17(CPSOptimizer_Blackbox.scala:7)
	at sun.reflect.NativeMethodAccessorImpl.invoke0(Native Method)
	at sun.reflect.NativeMethodAccessorImpl.invoke(NativeMethodAccessorImpl.java:62)
	at sun.reflect.DelegatingMethodAccessorImpl.invoke(DelegatingMethodAccessorImpl.java:43)
	at java.lang.reflect.Method.invoke(Method.java:498)
	at org.junit.runners.model.FrameworkMethod$1.runReflectiveCall(FrameworkMethod.java:47)
	at org.junit.internal.runners.model.ReflectiveCallable.run(ReflectiveCallable.java:12)
	at org.junit.runners.model.FrameworkMethod.invokeExplosively(FrameworkMethod.java:44)
	at org.junit.internal.runners.statements.InvokeMethod.evaluate(InvokeMethod.java:17)
	at org.junit.runners.ParentRunner.runLeaf(ParentRunner.java:271)
	at org.junit.runners.BlockJUnit4ClassRunner.runChild(BlockJUnit4ClassRunner.java:70)
	at org.junit.runners.BlockJUnit4ClassRunner.runChild(BlockJUnit4ClassRunner.java:50)
	at org.junit.runners.ParentRunner$3.run(ParentRunner.java:238)
	at org.junit.runners.ParentRunner$1.schedule(ParentRunner.java:63)
	at org.junit.runners.ParentRunner.runChildren(ParentRunner.java:236)
	at org.junit.runners.ParentRunner.access$000(ParentRunner.java:53)
	at org.junit.runners.ParentRunner$2.evaluate(ParentRunner.java:229)
	at org.junit.runners.ParentRunner.run(ParentRunner.java:309)
	at org.junit.runners.Suite.runChild(Suite.java:127)
	at org.junit.runners.Suite.runChild(Suite.java:26)
	at org.junit.runners.ParentRunner$3.run(ParentRunner.java:238)
	at org.junit.runners.ParentRunner$1.schedule(ParentRunner.java:63)
	at org.junit.runners.ParentRunner.runChildren(ParentRunner.java:236)
	at org.junit.runners.ParentRunner.access$000(ParentRunner.java:53)
	at org.junit.runners.ParentRunner$2.evaluate(ParentRunner.java:229)
	at org.junit.runners.ParentRunner.run(ParentRunner.java:309)
	at org.junit.runner.JUnitCore.run(JUnitCore.java:160)
	at org.junit.runner.JUnitCore.run(JUnitCore.java:138)
	at com.novocode.junit.JUnitRunner$1.execute(JUnitRunner.java:132)
	at sbt.ForkMain$Run.lambda$runTest$1(ForkMain.java:304)
	at java.util.concurrent.FutureTask.run(FutureTask.java:266)
	at java.util.concurrent.ThreadPoolExecutor.runWorker(ThreadPoolExecutor.java:1149)
	at java.util.concurrent.ThreadPoolExecutor$Worker.run(ThreadPoolExecutor.java:624)
	at java.lang.Thread.run(Thread.java:748)
</failure>
                                               </testcase><testcase classname="miniscala.test.CPSOptimizer_Blackbox" name="testPrimitiveLogic18" time="0.002">
                                                 <failure message="java.util.NoSuchElementException: key not found: v_5348" type="sbt.ForkMain$ForkError">sbt.ForkMain$ForkError: java.util.NoSuchElementException: key not found: v_5348
	at scala.collection.immutable.Map$EmptyMap$.apply(Map.scala:101)
	at scala.collection.immutable.Map$EmptyMap$.apply(Map.scala:99)
	at miniscala.CPSOptimizer.$anonfun$shrink$1(CPSOptimizer.scala:114)
	at scala.collection.TraversableLike.$anonfun$map$1(TraversableLike.scala:238)
	at scala.collection.immutable.List.foreach(List.scala:392)
	at scala.collection.TraversableLike.map(TraversableLike.scala:238)
	at scala.collection.TraversableLike.map$(TraversableLike.scala:231)
	at scala.collection.immutable.List.map(List.scala:298)
	at miniscala.CPSOptimizer.shrinkT$1(CPSOptimizer.scala:114)
	at miniscala.CPSOptimizer.$anonfun$shrink$6(CPSOptimizer.scala:148)
	at scala.collection.TraversableLike.$anonfun$map$1(TraversableLike.scala:238)
	at scala.collection.immutable.List.foreach(List.scala:392)
	at scala.collection.TraversableLike.map(TraversableLike.scala:238)
	at scala.collection.TraversableLike.map$(TraversableLike.scala:231)
	at scala.collection.immutable.List.map(List.scala:298)
	at miniscala.CPSOptimizer.shrinkT$1(CPSOptimizer.scala:148)
	at miniscala.CPSOptimizer.$anonfun$shrink$6(CPSOptimizer.scala:148)
	at scala.collection.TraversableLike.$anonfun$map$1(TraversableLike.scala:238)
	at scala.collection.immutable.List.foreach(List.scala:392)
	at scala.collection.TraversableLike.map(TraversableLike.scala:238)
	at scala.collection.TraversableLike.map$(TraversableLike.scala:231)
	at scala.collection.immutable.List.map(List.scala:298)
	at miniscala.CPSOptimizer.shrinkT$1(CPSOptimizer.scala:148)
	at miniscala.CPSOptimizer.shrinkT$1(CPSOptimizer.scala:144)
	at miniscala.CPSOptimizer.shrink(CPSOptimizer.scala:168)
	at miniscala.CPSOptimizer.$anonfun$apply$1(CPSOptimizer.scala:10)
	at scala.collection.immutable.Stream$.$anonfun$iterate$1(Stream.scala:1207)
	at scala.collection.immutable.Stream$Cons.tail(Stream.scala:1171)
	at scala.collection.immutable.Stream$Cons.tail(Stream.scala:1161)
	at scala.collection.immutable.Stream.$anonfun$take$2(Stream.scala:792)
	at scala.collection.immutable.Stream$Cons.tail(Stream.scala:1171)
	at scala.collection.immutable.Stream$Cons.tail(Stream.scala:1161)
	at miniscala.package$.fixedPoint(package.scala:4)
	at miniscala.package$.fixedPoint(package.scala:9)
	at miniscala.CPSOptimizer.apply(CPSOptimizer.scala:10)
	at miniscala.CPSOptimizerHigh$.apply(CPSOptimizer.scala:279)
	at scala.Function1.$anonfun$andThen$1(Function1.scala:57)
	at scala.Function1.$anonfun$andThen$1(Function1.scala:57)
	at scala.Function1.$anonfun$andThen$1(Function1.scala:57)
	at scala.Function1.$anonfun$andThen$1(Function1.scala:57)
	at scala.Function1.$anonfun$andThen$1(Function1.scala:57)
	at scala.Function1.$anonfun$andThen$1(Function1.scala:57)
	at miniscala.test.infrastructure.CompilerTest.compileInner(CompilerTest.scala:37)
	at miniscala.test.infrastructure.CompilerTest.$anonfun$compileUsingPipelineAndRedirect$1(CompilerTest.scala:44)
	at miniscala.test.infrastructure.SandboxedTest$$anon$1.run(SandboxedTest.scala:24)
	at java.security.AccessController.doPrivileged(Native Method)
	at miniscala.test.infrastructure.SandboxedTest.sandboxedTest(SandboxedTest.scala:34)
	at miniscala.test.infrastructure.SandboxedTest.sandboxedTestWithRedirectedIO(SandboxedTest.scala:45)
	at miniscala.test.infrastructure.CompilerTest.compileUsingPipelineAndRedirect(CompilerTest.scala:44)
	at miniscala.test.infrastructure.CompilerTest.compileUsingPipelineAndRedirect$(CompilerTest.scala:43)
	at miniscala.test.infrastructure.CPSTest.compileUsingPipelineAndRedirect(CPSTest.scala:11)
	at miniscala.test.infrastructure.CPSOptTest.testCPSLowProgramOutput(CPSOptTest.scala:91)
	at miniscala.test.CPSOptimizer_Blackbox.$anonfun$compileAndInterpret$1(CPSOptimizer_Blackbox.scala:9)
	at miniscala.test.CPSOptimizer_Blackbox.$anonfun$compileAndInterpret$1$adapted(CPSOptimizer_Blackbox.scala:9)
	at miniscala.test.ok.PrimitivesOKTests.testPrimitiveLogic18(PrimitivesOKTests.scala:283)
	at miniscala.test.ok.PrimitivesOKTests.testPrimitiveLogic18$(PrimitivesOKTests.scala:282)
	at miniscala.test.CPSOptimizer_Blackbox.testPrimitiveLogic18(CPSOptimizer_Blackbox.scala:7)
	at sun.reflect.NativeMethodAccessorImpl.invoke0(Native Method)
	at sun.reflect.NativeMethodAccessorImpl.invoke(NativeMethodAccessorImpl.java:62)
	at sun.reflect.DelegatingMethodAccessorImpl.invoke(DelegatingMethodAccessorImpl.java:43)
	at java.lang.reflect.Method.invoke(Method.java:498)
	at org.junit.runners.model.FrameworkMethod$1.runReflectiveCall(FrameworkMethod.java:47)
	at org.junit.internal.runners.model.ReflectiveCallable.run(ReflectiveCallable.java:12)
	at org.junit.runners.model.FrameworkMethod.invokeExplosively(FrameworkMethod.java:44)
	at org.junit.internal.runners.statements.InvokeMethod.evaluate(InvokeMethod.java:17)
	at org.junit.runners.ParentRunner.runLeaf(ParentRunner.java:271)
	at org.junit.runners.BlockJUnit4ClassRunner.runChild(BlockJUnit4ClassRunner.java:70)
	at org.junit.runners.BlockJUnit4ClassRunner.runChild(BlockJUnit4ClassRunner.java:50)
	at org.junit.runners.ParentRunner$3.run(ParentRunner.java:238)
	at org.junit.runners.ParentRunner$1.schedule(ParentRunner.java:63)
	at org.junit.runners.ParentRunner.runChildren(ParentRunner.java:236)
	at org.junit.runners.ParentRunner.access$000(ParentRunner.java:53)
	at org.junit.runners.ParentRunner$2.evaluate(ParentRunner.java:229)
	at org.junit.runners.ParentRunner.run(ParentRunner.java:309)
	at org.junit.runners.Suite.runChild(Suite.java:127)
	at org.junit.runners.Suite.runChild(Suite.java:26)
	at org.junit.runners.ParentRunner$3.run(ParentRunner.java:238)
	at org.junit.runners.ParentRunner$1.schedule(ParentRunner.java:63)
	at org.junit.runners.ParentRunner.runChildren(ParentRunner.java:236)
	at org.junit.runners.ParentRunner.access$000(ParentRunner.java:53)
	at org.junit.runners.ParentRunner$2.evaluate(ParentRunner.java:229)
	at org.junit.runners.ParentRunner.run(ParentRunner.java:309)
	at org.junit.runner.JUnitCore.run(JUnitCore.java:160)
	at org.junit.runner.JUnitCore.run(JUnitCore.java:138)
	at com.novocode.junit.JUnitRunner$1.execute(JUnitRunner.java:132)
	at sbt.ForkMain$Run.lambda$runTest$1(ForkMain.java:304)
	at java.util.concurrent.FutureTask.run(FutureTask.java:266)
	at java.util.concurrent.ThreadPoolExecutor.runWorker(ThreadPoolExecutor.java:1149)
	at java.util.concurrent.ThreadPoolExecutor$Worker.run(ThreadPoolExecutor.java:624)
	at java.lang.Thread.run(Thread.java:748)
</failure>
                                               </testcase><testcase classname="miniscala.test.CPSOptimizer_Blackbox" name="testPrimitiveLogic19" time="0.001">
                                                 <failure message="java.util.NoSuchElementException: key not found: v_5363" type="sbt.ForkMain$ForkError">sbt.ForkMain$ForkError: java.util.NoSuchElementException: key not found: v_5363
	at scala.collection.immutable.Map$EmptyMap$.apply(Map.scala:101)
	at scala.collection.immutable.Map$EmptyMap$.apply(Map.scala:99)
	at miniscala.CPSOptimizer.$anonfun$shrink$1(CPSOptimizer.scala:114)
	at scala.collection.TraversableLike.$anonfun$map$1(TraversableLike.scala:238)
	at scala.collection.immutable.List.foreach(List.scala:392)
	at scala.collection.TraversableLike.map(TraversableLike.scala:238)
	at scala.collection.TraversableLike.map$(TraversableLike.scala:231)
	at scala.collection.immutable.List.map(List.scala:298)
	at miniscala.CPSOptimizer.shrinkT$1(CPSOptimizer.scala:114)
	at miniscala.CPSOptimizer.$anonfun$shrink$6(CPSOptimizer.scala:148)
	at scala.collection.TraversableLike.$anonfun$map$1(TraversableLike.scala:238)
	at scala.collection.immutable.List.foreach(List.scala:392)
	at scala.collection.TraversableLike.map(TraversableLike.scala:238)
	at scala.collection.TraversableLike.map$(TraversableLike.scala:231)
	at scala.collection.immutable.List.map(List.scala:298)
	at miniscala.CPSOptimizer.shrinkT$1(CPSOptimizer.scala:148)
	at miniscala.CPSOptimizer.$anonfun$shrink$6(CPSOptimizer.scala:148)
	at scala.collection.TraversableLike.$anonfun$map$1(TraversableLike.scala:238)
	at scala.collection.immutable.List.foreach(List.scala:392)
	at scala.collection.TraversableLike.map(TraversableLike.scala:238)
	at scala.collection.TraversableLike.map$(TraversableLike.scala:231)
	at scala.collection.immutable.List.map(List.scala:298)
	at miniscala.CPSOptimizer.shrinkT$1(CPSOptimizer.scala:148)
	at miniscala.CPSOptimizer.shrinkT$1(CPSOptimizer.scala:144)
	at miniscala.CPSOptimizer.shrink(CPSOptimizer.scala:168)
	at miniscala.CPSOptimizer.$anonfun$apply$1(CPSOptimizer.scala:10)
	at scala.collection.immutable.Stream$.$anonfun$iterate$1(Stream.scala:1207)
	at scala.collection.immutable.Stream$Cons.tail(Stream.scala:1171)
	at scala.collection.immutable.Stream$Cons.tail(Stream.scala:1161)
	at scala.collection.immutable.Stream.$anonfun$take$2(Stream.scala:792)
	at scala.collection.immutable.Stream$Cons.tail(Stream.scala:1171)
	at scala.collection.immutable.Stream$Cons.tail(Stream.scala:1161)
	at miniscala.package$.fixedPoint(package.scala:4)
	at miniscala.package$.fixedPoint(package.scala:9)
	at miniscala.CPSOptimizer.apply(CPSOptimizer.scala:10)
	at miniscala.CPSOptimizerHigh$.apply(CPSOptimizer.scala:279)
	at scala.Function1.$anonfun$andThen$1(Function1.scala:57)
	at scala.Function1.$anonfun$andThen$1(Function1.scala:57)
	at scala.Function1.$anonfun$andThen$1(Function1.scala:57)
	at scala.Function1.$anonfun$andThen$1(Function1.scala:57)
	at scala.Function1.$anonfun$andThen$1(Function1.scala:57)
	at scala.Function1.$anonfun$andThen$1(Function1.scala:57)
	at miniscala.test.infrastructure.CompilerTest.compileInner(CompilerTest.scala:37)
	at miniscala.test.infrastructure.CompilerTest.$anonfun$compileUsingPipelineAndRedirect$1(CompilerTest.scala:44)
	at miniscala.test.infrastructure.SandboxedTest$$anon$1.run(SandboxedTest.scala:24)
	at java.security.AccessController.doPrivileged(Native Method)
	at miniscala.test.infrastructure.SandboxedTest.sandboxedTest(SandboxedTest.scala:34)
	at miniscala.test.infrastructure.SandboxedTest.sandboxedTestWithRedirectedIO(SandboxedTest.scala:45)
	at miniscala.test.infrastructure.CompilerTest.compileUsingPipelineAndRedirect(CompilerTest.scala:44)
	at miniscala.test.infrastructure.CompilerTest.compileUsingPipelineAndRedirect$(CompilerTest.scala:43)
	at miniscala.test.infrastructure.CPSTest.compileUsingPipelineAndRedirect(CPSTest.scala:11)
	at miniscala.test.infrastructure.CPSOptTest.testCPSLowProgramOutput(CPSOptTest.scala:91)
	at miniscala.test.CPSOptimizer_Blackbox.$anonfun$compileAndInterpret$1(CPSOptimizer_Blackbox.scala:9)
	at miniscala.test.CPSOptimizer_Blackbox.$anonfun$compileAndInterpret$1$adapted(CPSOptimizer_Blackbox.scala:9)
	at miniscala.test.ok.PrimitivesOKTests.testPrimitiveLogic19(PrimitivesOKTests.scala:291)
	at miniscala.test.ok.PrimitivesOKTests.testPrimitiveLogic19$(PrimitivesOKTests.scala:290)
	at miniscala.test.CPSOptimizer_Blackbox.testPrimitiveLogic19(CPSOptimizer_Blackbox.scala:7)
	at sun.reflect.NativeMethodAccessorImpl.invoke0(Native Method)
	at sun.reflect.NativeMethodAccessorImpl.invoke(NativeMethodAccessorImpl.java:62)
	at sun.reflect.DelegatingMethodAccessorImpl.invoke(DelegatingMethodAccessorImpl.java:43)
	at java.lang.reflect.Method.invoke(Method.java:498)
	at org.junit.runners.model.FrameworkMethod$1.runReflectiveCall(FrameworkMethod.java:47)
	at org.junit.internal.runners.model.ReflectiveCallable.run(ReflectiveCallable.java:12)
	at org.junit.runners.model.FrameworkMethod.invokeExplosively(FrameworkMethod.java:44)
	at org.junit.internal.runners.statements.InvokeMethod.evaluate(InvokeMethod.java:17)
	at org.junit.runners.ParentRunner.runLeaf(ParentRunner.java:271)
	at org.junit.runners.BlockJUnit4ClassRunner.runChild(BlockJUnit4ClassRunner.java:70)
	at org.junit.runners.BlockJUnit4ClassRunner.runChild(BlockJUnit4ClassRunner.java:50)
	at org.junit.runners.ParentRunner$3.run(ParentRunner.java:238)
	at org.junit.runners.ParentRunner$1.schedule(ParentRunner.java:63)
	at org.junit.runners.ParentRunner.runChildren(ParentRunner.java:236)
	at org.junit.runners.ParentRunner.access$000(ParentRunner.java:53)
	at org.junit.runners.ParentRunner$2.evaluate(ParentRunner.java:229)
	at org.junit.runners.ParentRunner.run(ParentRunner.java:309)
	at org.junit.runners.Suite.runChild(Suite.java:127)
	at org.junit.runners.Suite.runChild(Suite.java:26)
	at org.junit.runners.ParentRunner$3.run(ParentRunner.java:238)
	at org.junit.runners.ParentRunner$1.schedule(ParentRunner.java:63)
	at org.junit.runners.ParentRunner.runChildren(ParentRunner.java:236)
	at org.junit.runners.ParentRunner.access$000(ParentRunner.java:53)
	at org.junit.runners.ParentRunner$2.evaluate(ParentRunner.java:229)
	at org.junit.runners.ParentRunner.run(ParentRunner.java:309)
	at org.junit.runner.JUnitCore.run(JUnitCore.java:160)
	at org.junit.runner.JUnitCore.run(JUnitCore.java:138)
	at com.novocode.junit.JUnitRunner$1.execute(JUnitRunner.java:132)
	at sbt.ForkMain$Run.lambda$runTest$1(ForkMain.java:304)
	at java.util.concurrent.FutureTask.run(FutureTask.java:266)
	at java.util.concurrent.ThreadPoolExecutor.runWorker(ThreadPoolExecutor.java:1149)
	at java.util.concurrent.ThreadPoolExecutor$Worker.run(ThreadPoolExecutor.java:624)
	at java.lang.Thread.run(Thread.java:748)
</failure>
                                               </testcase><testcase classname="miniscala.test.CPSOptimizer_Blackbox" name="testPrimitiveLogic22" time="0.001">
                                                 <failure message="java.util.NoSuchElementException: key not found: v_5372" type="sbt.ForkMain$ForkError">sbt.ForkMain$ForkError: java.util.NoSuchElementException: key not found: v_5372
	at scala.collection.immutable.Map$EmptyMap$.apply(Map.scala:101)
	at scala.collection.immutable.Map$EmptyMap$.apply(Map.scala:99)
	at miniscala.CPSOptimizer.$anonfun$shrink$1(CPSOptimizer.scala:114)
	at scala.collection.TraversableLike.$anonfun$map$1(TraversableLike.scala:238)
	at scala.collection.immutable.List.foreach(List.scala:392)
	at scala.collection.TraversableLike.map(TraversableLike.scala:238)
	at scala.collection.TraversableLike.map$(TraversableLike.scala:231)
	at scala.collection.immutable.List.map(List.scala:298)
	at miniscala.CPSOptimizer.shrinkT$1(CPSOptimizer.scala:114)
	at miniscala.CPSOptimizer.$anonfun$shrink$6(CPSOptimizer.scala:148)
	at scala.collection.TraversableLike.$anonfun$map$1(TraversableLike.scala:238)
	at scala.collection.immutable.List.foreach(List.scala:392)
	at scala.collection.TraversableLike.map(TraversableLike.scala:238)
	at scala.collection.TraversableLike.map$(TraversableLike.scala:231)
	at scala.collection.immutable.List.map(List.scala:298)
	at miniscala.CPSOptimizer.shrinkT$1(CPSOptimizer.scala:148)
	at miniscala.CPSOptimizer.$anonfun$shrink$6(CPSOptimizer.scala:148)
	at scala.collection.TraversableLike.$anonfun$map$1(TraversableLike.scala:238)
	at scala.collection.immutable.List.foreach(List.scala:392)
	at scala.collection.TraversableLike.map(TraversableLike.scala:238)
	at scala.collection.TraversableLike.map$(TraversableLike.scala:231)
	at scala.collection.immutable.List.map(List.scala:298)
	at miniscala.CPSOptimizer.shrinkT$1(CPSOptimizer.scala:148)
	at miniscala.CPSOptimizer.shrinkT$1(CPSOptimizer.scala:144)
	at miniscala.CPSOptimizer.shrink(CPSOptimizer.scala:168)
	at miniscala.CPSOptimizer.$anonfun$apply$1(CPSOptimizer.scala:10)
	at scala.collection.immutable.Stream$.$anonfun$iterate$1(Stream.scala:1207)
	at scala.collection.immutable.Stream$Cons.tail(Stream.scala:1171)
	at scala.collection.immutable.Stream$Cons.tail(Stream.scala:1161)
	at scala.collection.immutable.Stream.$anonfun$take$2(Stream.scala:792)
	at scala.collection.immutable.Stream$Cons.tail(Stream.scala:1171)
	at scala.collection.immutable.Stream$Cons.tail(Stream.scala:1161)
	at miniscala.package$.fixedPoint(package.scala:4)
	at miniscala.package$.fixedPoint(package.scala:9)
	at miniscala.CPSOptimizer.apply(CPSOptimizer.scala:10)
	at miniscala.CPSOptimizerHigh$.apply(CPSOptimizer.scala:279)
	at scala.Function1.$anonfun$andThen$1(Function1.scala:57)
	at scala.Function1.$anonfun$andThen$1(Function1.scala:57)
	at scala.Function1.$anonfun$andThen$1(Function1.scala:57)
	at scala.Function1.$anonfun$andThen$1(Function1.scala:57)
	at scala.Function1.$anonfun$andThen$1(Function1.scala:57)
	at scala.Function1.$anonfun$andThen$1(Function1.scala:57)
	at miniscala.test.infrastructure.CompilerTest.compileInner(CompilerTest.scala:37)
	at miniscala.test.infrastructure.CompilerTest.$anonfun$compileUsingPipelineAndRedirect$1(CompilerTest.scala:44)
	at miniscala.test.infrastructure.SandboxedTest$$anon$1.run(SandboxedTest.scala:24)
	at java.security.AccessController.doPrivileged(Native Method)
	at miniscala.test.infrastructure.SandboxedTest.sandboxedTest(SandboxedTest.scala:34)
	at miniscala.test.infrastructure.SandboxedTest.sandboxedTestWithRedirectedIO(SandboxedTest.scala:45)
	at miniscala.test.infrastructure.CompilerTest.compileUsingPipelineAndRedirect(CompilerTest.scala:44)
	at miniscala.test.infrastructure.CompilerTest.compileUsingPipelineAndRedirect$(CompilerTest.scala:43)
	at miniscala.test.infrastructure.CPSTest.compileUsingPipelineAndRedirect(CPSTest.scala:11)
	at miniscala.test.infrastructure.CPSOptTest.testCPSLowProgramOutput(CPSOptTest.scala:91)
	at miniscala.test.CPSOptimizer_Blackbox.$anonfun$compileAndInterpret$1(CPSOptimizer_Blackbox.scala:9)
	at miniscala.test.CPSOptimizer_Blackbox.$anonfun$compileAndInterpret$1$adapted(CPSOptimizer_Blackbox.scala:9)
	at miniscala.test.ok.PrimitivesOKTests.testPrimitiveLogic22(PrimitivesOKTests.scala:315)
	at miniscala.test.ok.PrimitivesOKTests.testPrimitiveLogic22$(PrimitivesOKTests.scala:314)
	at miniscala.test.CPSOptimizer_Blackbox.testPrimitiveLogic22(CPSOptimizer_Blackbox.scala:7)
	at sun.reflect.NativeMethodAccessorImpl.invoke0(Native Method)
	at sun.reflect.NativeMethodAccessorImpl.invoke(NativeMethodAccessorImpl.java:62)
	at sun.reflect.DelegatingMethodAccessorImpl.invoke(DelegatingMethodAccessorImpl.java:43)
	at java.lang.reflect.Method.invoke(Method.java:498)
	at org.junit.runners.model.FrameworkMethod$1.runReflectiveCall(FrameworkMethod.java:47)
	at org.junit.internal.runners.model.ReflectiveCallable.run(ReflectiveCallable.java:12)
	at org.junit.runners.model.FrameworkMethod.invokeExplosively(FrameworkMethod.java:44)
	at org.junit.internal.runners.statements.InvokeMethod.evaluate(InvokeMethod.java:17)
	at org.junit.runners.ParentRunner.runLeaf(ParentRunner.java:271)
	at org.junit.runners.BlockJUnit4ClassRunner.runChild(BlockJUnit4ClassRunner.java:70)
	at org.junit.runners.BlockJUnit4ClassRunner.runChild(BlockJUnit4ClassRunner.java:50)
	at org.junit.runners.ParentRunner$3.run(ParentRunner.java:238)
	at org.junit.runners.ParentRunner$1.schedule(ParentRunner.java:63)
	at org.junit.runners.ParentRunner.runChildren(ParentRunner.java:236)
	at org.junit.runners.ParentRunner.access$000(ParentRunner.java:53)
	at org.junit.runners.ParentRunner$2.evaluate(ParentRunner.java:229)
	at org.junit.runners.ParentRunner.run(ParentRunner.java:309)
	at org.junit.runners.Suite.runChild(Suite.java:127)
	at org.junit.runners.Suite.runChild(Suite.java:26)
	at org.junit.runners.ParentRunner$3.run(ParentRunner.java:238)
	at org.junit.runners.ParentRunner$1.schedule(ParentRunner.java:63)
	at org.junit.runners.ParentRunner.runChildren(ParentRunner.java:236)
	at org.junit.runners.ParentRunner.access$000(ParentRunner.java:53)
	at org.junit.runners.ParentRunner$2.evaluate(ParentRunner.java:229)
	at org.junit.runners.ParentRunner.run(ParentRunner.java:309)
	at org.junit.runner.JUnitCore.run(JUnitCore.java:160)
	at org.junit.runner.JUnitCore.run(JUnitCore.java:138)
	at com.novocode.junit.JUnitRunner$1.execute(JUnitRunner.java:132)
	at sbt.ForkMain$Run.lambda$runTest$1(ForkMain.java:304)
	at java.util.concurrent.FutureTask.run(FutureTask.java:266)
	at java.util.concurrent.ThreadPoolExecutor.runWorker(ThreadPoolExecutor.java:1149)
	at java.util.concurrent.ThreadPoolExecutor$Worker.run(ThreadPoolExecutor.java:624)
	at java.lang.Thread.run(Thread.java:748)
</failure>
                                               </testcase><testcase classname="miniscala.test.CPSOptimizer_Blackbox" name="testPrimitiveLogic23" time="0.002">
                                                 <failure message="java.util.NoSuchElementException: key not found: v_5381" type="sbt.ForkMain$ForkError">sbt.ForkMain$ForkError: java.util.NoSuchElementException: key not found: v_5381
	at scala.collection.immutable.Map$Map3.apply(Map.scala:170)
	at miniscala.CPSOptimizer.$anonfun$shrink$1(CPSOptimizer.scala:114)
	at scala.collection.TraversableLike.$anonfun$map$1(TraversableLike.scala:238)
	at scala.collection.immutable.List.foreach(List.scala:392)
	at scala.collection.TraversableLike.map(TraversableLike.scala:238)
	at scala.collection.TraversableLike.map$(TraversableLike.scala:231)
	at scala.collection.immutable.List.map(List.scala:298)
	at miniscala.CPSOptimizer.shrinkT$1(CPSOptimizer.scala:114)
	at miniscala.CPSOptimizer.$anonfun$shrink$6(CPSOptimizer.scala:148)
	at scala.collection.TraversableLike.$anonfun$map$1(TraversableLike.scala:238)
	at scala.collection.immutable.List.foreach(List.scala:392)
	at scala.collection.TraversableLike.map(TraversableLike.scala:238)
	at scala.collection.TraversableLike.map$(TraversableLike.scala:231)
	at scala.collection.immutable.List.map(List.scala:298)
	at miniscala.CPSOptimizer.shrinkT$1(CPSOptimizer.scala:148)
	at miniscala.CPSOptimizer.$anonfun$shrink$6(CPSOptimizer.scala:148)
	at scala.collection.TraversableLike.$anonfun$map$1(TraversableLike.scala:238)
	at scala.collection.immutable.List.foreach(List.scala:392)
	at scala.collection.TraversableLike.map(TraversableLike.scala:238)
	at scala.collection.TraversableLike.map$(TraversableLike.scala:231)
	at scala.collection.immutable.List.map(List.scala:298)
	at miniscala.CPSOptimizer.shrinkT$1(CPSOptimizer.scala:148)
	at miniscala.CPSOptimizer.shrinkT$1(CPSOptimizer.scala:127)
	at miniscala.CPSOptimizer.shrinkT$1(CPSOptimizer.scala:102)
	at miniscala.CPSOptimizer.shrinkT$1(CPSOptimizer.scala:102)
	at miniscala.CPSOptimizer.shrinkT$1(CPSOptimizer.scala:127)
	at miniscala.CPSOptimizer.shrinkT$1(CPSOptimizer.scala:102)
	at miniscala.CPSOptimizer.shrinkT$1(CPSOptimizer.scala:144)
	at miniscala.CPSOptimizer.shrink(CPSOptimizer.scala:168)
	at miniscala.CPSOptimizer.$anonfun$apply$1(CPSOptimizer.scala:10)
	at scala.collection.immutable.Stream$.$anonfun$iterate$1(Stream.scala:1207)
	at scala.collection.immutable.Stream$Cons.tail(Stream.scala:1171)
	at scala.collection.immutable.Stream$Cons.tail(Stream.scala:1161)
	at scala.collection.immutable.Stream.$anonfun$take$2(Stream.scala:792)
	at scala.collection.immutable.Stream$Cons.tail(Stream.scala:1171)
	at scala.collection.immutable.Stream$Cons.tail(Stream.scala:1161)
	at miniscala.package$.fixedPoint(package.scala:4)
	at miniscala.package$.fixedPoint(package.scala:9)
	at miniscala.CPSOptimizer.apply(CPSOptimizer.scala:10)
	at miniscala.CPSOptimizerHigh$.apply(CPSOptimizer.scala:279)
	at scala.Function1.$anonfun$andThen$1(Function1.scala:57)
	at scala.Function1.$anonfun$andThen$1(Function1.scala:57)
	at scala.Function1.$anonfun$andThen$1(Function1.scala:57)
	at scala.Function1.$anonfun$andThen$1(Function1.scala:57)
	at scala.Function1.$anonfun$andThen$1(Function1.scala:57)
	at scala.Function1.$anonfun$andThen$1(Function1.scala:57)
	at miniscala.test.infrastructure.CompilerTest.compileInner(CompilerTest.scala:37)
	at miniscala.test.infrastructure.CompilerTest.$anonfun$compileUsingPipelineAndRedirect$1(CompilerTest.scala:44)
	at miniscala.test.infrastructure.SandboxedTest$$anon$1.run(SandboxedTest.scala:24)
	at java.security.AccessController.doPrivileged(Native Method)
	at miniscala.test.infrastructure.SandboxedTest.sandboxedTest(SandboxedTest.scala:34)
	at miniscala.test.infrastructure.SandboxedTest.sandboxedTestWithRedirectedIO(SandboxedTest.scala:45)
	at miniscala.test.infrastructure.CompilerTest.compileUsingPipelineAndRedirect(CompilerTest.scala:44)
	at miniscala.test.infrastructure.CompilerTest.compileUsingPipelineAndRedirect$(CompilerTest.scala:43)
	at miniscala.test.infrastructure.CPSTest.compileUsingPipelineAndRedirect(CPSTest.scala:11)
	at miniscala.test.infrastructure.CPSOptTest.testCPSLowProgramOutput(CPSOptTest.scala:91)
	at miniscala.test.CPSOptimizer_Blackbox.$anonfun$compileAndInterpret$1(CPSOptimizer_Blackbox.scala:9)
	at miniscala.test.CPSOptimizer_Blackbox.$anonfun$compileAndInterpret$1$adapted(CPSOptimizer_Blackbox.scala:9)
	at miniscala.test.ok.PrimitivesOKTests.testPrimitiveLogic23(PrimitivesOKTests.scala:322)
	at miniscala.test.ok.PrimitivesOKTests.testPrimitiveLogic23$(PrimitivesOKTests.scala:321)
	at miniscala.test.CPSOptimizer_Blackbox.testPrimitiveLogic23(CPSOptimizer_Blackbox.scala:7)
	at sun.reflect.NativeMethodAccessorImpl.invoke0(Native Method)
	at sun.reflect.NativeMethodAccessorImpl.invoke(NativeMethodAccessorImpl.java:62)
	at sun.reflect.DelegatingMethodAccessorImpl.invoke(DelegatingMethodAccessorImpl.java:43)
	at java.lang.reflect.Method.invoke(Method.java:498)
	at org.junit.runners.model.FrameworkMethod$1.runReflectiveCall(FrameworkMethod.java:47)
	at org.junit.internal.runners.model.ReflectiveCallable.run(ReflectiveCallable.java:12)
	at org.junit.runners.model.FrameworkMethod.invokeExplosively(FrameworkMethod.java:44)
	at org.junit.internal.runners.statements.InvokeMethod.evaluate(InvokeMethod.java:17)
	at org.junit.runners.ParentRunner.runLeaf(ParentRunner.java:271)
	at org.junit.runners.BlockJUnit4ClassRunner.runChild(BlockJUnit4ClassRunner.java:70)
	at org.junit.runners.BlockJUnit4ClassRunner.runChild(BlockJUnit4ClassRunner.java:50)
	at org.junit.runners.ParentRunner$3.run(ParentRunner.java:238)
	at org.junit.runners.ParentRunner$1.schedule(ParentRunner.java:63)
	at org.junit.runners.ParentRunner.runChildren(ParentRunner.java:236)
	at org.junit.runners.ParentRunner.access$000(ParentRunner.java:53)
	at org.junit.runners.ParentRunner$2.evaluate(ParentRunner.java:229)
	at org.junit.runners.ParentRunner.run(ParentRunner.java:309)
	at org.junit.runners.Suite.runChild(Suite.java:127)
	at org.junit.runners.Suite.runChild(Suite.java:26)
	at org.junit.runners.ParentRunner$3.run(ParentRunner.java:238)
	at org.junit.runners.ParentRunner$1.schedule(ParentRunner.java:63)
	at org.junit.runners.ParentRunner.runChildren(ParentRunner.java:236)
	at org.junit.runners.ParentRunner.access$000(ParentRunner.java:53)
	at org.junit.runners.ParentRunner$2.evaluate(ParentRunner.java:229)
	at org.junit.runners.ParentRunner.run(ParentRunner.java:309)
	at org.junit.runner.JUnitCore.run(JUnitCore.java:160)
	at org.junit.runner.JUnitCore.run(JUnitCore.java:138)
	at com.novocode.junit.JUnitRunner$1.execute(JUnitRunner.java:132)
	at sbt.ForkMain$Run.lambda$runTest$1(ForkMain.java:304)
	at java.util.concurrent.FutureTask.run(FutureTask.java:266)
	at java.util.concurrent.ThreadPoolExecutor.runWorker(ThreadPoolExecutor.java:1149)
	at java.util.concurrent.ThreadPoolExecutor$Worker.run(ThreadPoolExecutor.java:624)
	at java.lang.Thread.run(Thread.java:748)
</failure>
                                               </testcase><testcase classname="miniscala.test.CPSOptimizer_Blackbox" name="testPrimitiveLogic24" time="0.002">
                                                 <failure message="java.util.NoSuchElementException: key not found: v_5392" type="sbt.ForkMain$ForkError">sbt.ForkMain$ForkError: java.util.NoSuchElementException: key not found: v_5392
	at scala.collection.immutable.Map$Map3.apply(Map.scala:170)
	at miniscala.CPSOptimizer.$anonfun$shrink$1(CPSOptimizer.scala:114)
	at scala.collection.TraversableLike.$anonfun$map$1(TraversableLike.scala:238)
	at scala.collection.immutable.List.foreach(List.scala:392)
	at scala.collection.TraversableLike.map(TraversableLike.scala:238)
	at scala.collection.TraversableLike.map$(TraversableLike.scala:231)
	at scala.collection.immutable.List.map(List.scala:298)
	at miniscala.CPSOptimizer.shrinkT$1(CPSOptimizer.scala:114)
	at miniscala.CPSOptimizer.$anonfun$shrink$6(CPSOptimizer.scala:148)
	at scala.collection.TraversableLike.$anonfun$map$1(TraversableLike.scala:238)
	at scala.collection.immutable.List.foreach(List.scala:392)
	at scala.collection.TraversableLike.map(TraversableLike.scala:238)
	at scala.collection.TraversableLike.map$(TraversableLike.scala:231)
	at scala.collection.immutable.List.map(List.scala:298)
	at miniscala.CPSOptimizer.shrinkT$1(CPSOptimizer.scala:148)
	at miniscala.CPSOptimizer.$anonfun$shrink$6(CPSOptimizer.scala:148)
	at scala.collection.TraversableLike.$anonfun$map$1(TraversableLike.scala:238)
	at scala.collection.immutable.List.foreach(List.scala:392)
	at scala.collection.TraversableLike.map(TraversableLike.scala:238)
	at scala.collection.TraversableLike.map$(TraversableLike.scala:231)
	at scala.collection.immutable.List.map(List.scala:298)
	at miniscala.CPSOptimizer.shrinkT$1(CPSOptimizer.scala:148)
	at miniscala.CPSOptimizer.shrinkT$1(CPSOptimizer.scala:127)
	at miniscala.CPSOptimizer.shrinkT$1(CPSOptimizer.scala:102)
	at miniscala.CPSOptimizer.shrinkT$1(CPSOptimizer.scala:102)
	at miniscala.CPSOptimizer.shrinkT$1(CPSOptimizer.scala:127)
	at miniscala.CPSOptimizer.shrinkT$1(CPSOptimizer.scala:102)
	at miniscala.CPSOptimizer.shrinkT$1(CPSOptimizer.scala:144)
	at miniscala.CPSOptimizer.shrink(CPSOptimizer.scala:168)
	at miniscala.CPSOptimizer.$anonfun$apply$1(CPSOptimizer.scala:10)
	at scala.collection.immutable.Stream$.$anonfun$iterate$1(Stream.scala:1207)
	at scala.collection.immutable.Stream$Cons.tail(Stream.scala:1171)
	at scala.collection.immutable.Stream$Cons.tail(Stream.scala:1161)
	at scala.collection.immutable.Stream.$anonfun$take$2(Stream.scala:792)
	at scala.collection.immutable.Stream$Cons.tail(Stream.scala:1171)
	at scala.collection.immutable.Stream$Cons.tail(Stream.scala:1161)
	at miniscala.package$.fixedPoint(package.scala:4)
	at miniscala.package$.fixedPoint(package.scala:9)
	at miniscala.CPSOptimizer.apply(CPSOptimizer.scala:10)
	at miniscala.CPSOptimizerHigh$.apply(CPSOptimizer.scala:279)
	at scala.Function1.$anonfun$andThen$1(Function1.scala:57)
	at scala.Function1.$anonfun$andThen$1(Function1.scala:57)
	at scala.Function1.$anonfun$andThen$1(Function1.scala:57)
	at scala.Function1.$anonfun$andThen$1(Function1.scala:57)
	at scala.Function1.$anonfun$andThen$1(Function1.scala:57)
	at scala.Function1.$anonfun$andThen$1(Function1.scala:57)
	at miniscala.test.infrastructure.CompilerTest.compileInner(CompilerTest.scala:37)
	at miniscala.test.infrastructure.CompilerTest.$anonfun$compileUsingPipelineAndRedirect$1(CompilerTest.scala:44)
	at miniscala.test.infrastructure.SandboxedTest$$anon$1.run(SandboxedTest.scala:24)
	at java.security.AccessController.doPrivileged(Native Method)
	at miniscala.test.infrastructure.SandboxedTest.sandboxedTest(SandboxedTest.scala:34)
	at miniscala.test.infrastructure.SandboxedTest.sandboxedTestWithRedirectedIO(SandboxedTest.scala:45)
	at miniscala.test.infrastructure.CompilerTest.compileUsingPipelineAndRedirect(CompilerTest.scala:44)
	at miniscala.test.infrastructure.CompilerTest.compileUsingPipelineAndRedirect$(CompilerTest.scala:43)
	at miniscala.test.infrastructure.CPSTest.compileUsingPipelineAndRedirect(CPSTest.scala:11)
	at miniscala.test.infrastructure.CPSOptTest.testCPSLowProgramOutput(CPSOptTest.scala:91)
	at miniscala.test.CPSOptimizer_Blackbox.$anonfun$compileAndInterpret$1(CPSOptimizer_Blackbox.scala:9)
	at miniscala.test.CPSOptimizer_Blackbox.$anonfun$compileAndInterpret$1$adapted(CPSOptimizer_Blackbox.scala:9)
	at miniscala.test.ok.PrimitivesOKTests.testPrimitiveLogic24(PrimitivesOKTests.scala:330)
	at miniscala.test.ok.PrimitivesOKTests.testPrimitiveLogic24$(PrimitivesOKTests.scala:329)
	at miniscala.test.CPSOptimizer_Blackbox.testPrimitiveLogic24(CPSOptimizer_Blackbox.scala:7)
	at sun.reflect.NativeMethodAccessorImpl.invoke0(Native Method)
	at sun.reflect.NativeMethodAccessorImpl.invoke(NativeMethodAccessorImpl.java:62)
	at sun.reflect.DelegatingMethodAccessorImpl.invoke(DelegatingMethodAccessorImpl.java:43)
	at java.lang.reflect.Method.invoke(Method.java:498)
	at org.junit.runners.model.FrameworkMethod$1.runReflectiveCall(FrameworkMethod.java:47)
	at org.junit.internal.runners.model.ReflectiveCallable.run(ReflectiveCallable.java:12)
	at org.junit.runners.model.FrameworkMethod.invokeExplosively(FrameworkMethod.java:44)
	at org.junit.internal.runners.statements.InvokeMethod.evaluate(InvokeMethod.java:17)
	at org.junit.runners.ParentRunner.runLeaf(ParentRunner.java:271)
	at org.junit.runners.BlockJUnit4ClassRunner.runChild(BlockJUnit4ClassRunner.java:70)
	at org.junit.runners.BlockJUnit4ClassRunner.runChild(BlockJUnit4ClassRunner.java:50)
	at org.junit.runners.ParentRunner$3.run(ParentRunner.java:238)
	at org.junit.runners.ParentRunner$1.schedule(ParentRunner.java:63)
	at org.junit.runners.ParentRunner.runChildren(ParentRunner.java:236)
	at org.junit.runners.ParentRunner.access$000(ParentRunner.java:53)
	at org.junit.runners.ParentRunner$2.evaluate(ParentRunner.java:229)
	at org.junit.runners.ParentRunner.run(ParentRunner.java:309)
	at org.junit.runners.Suite.runChild(Suite.java:127)
	at org.junit.runners.Suite.runChild(Suite.java:26)
	at org.junit.runners.ParentRunner$3.run(ParentRunner.java:238)
	at org.junit.runners.ParentRunner$1.schedule(ParentRunner.java:63)
	at org.junit.runners.ParentRunner.runChildren(ParentRunner.java:236)
	at org.junit.runners.ParentRunner.access$000(ParentRunner.java:53)
	at org.junit.runners.ParentRunner$2.evaluate(ParentRunner.java:229)
	at org.junit.runners.ParentRunner.run(ParentRunner.java:309)
	at org.junit.runner.JUnitCore.run(JUnitCore.java:160)
	at org.junit.runner.JUnitCore.run(JUnitCore.java:138)
	at com.novocode.junit.JUnitRunner$1.execute(JUnitRunner.java:132)
	at sbt.ForkMain$Run.lambda$runTest$1(ForkMain.java:304)
	at java.util.concurrent.FutureTask.run(FutureTask.java:266)
	at java.util.concurrent.ThreadPoolExecutor.runWorker(ThreadPoolExecutor.java:1149)
	at java.util.concurrent.ThreadPoolExecutor$Worker.run(ThreadPoolExecutor.java:624)
	at java.lang.Thread.run(Thread.java:748)
</failure>
                                               </testcase><testcase classname="miniscala.test.CPSOptimizer_Blackbox" name="testPrimitiveLogic25" time="0.005">
                                                 <failure message="java.util.NoSuchElementException: key not found: v_5405" type="sbt.ForkMain$ForkError">sbt.ForkMain$ForkError: java.util.NoSuchElementException: key not found: v_5405
	at scala.collection.immutable.Map$Map3.apply(Map.scala:170)
	at miniscala.CPSOptimizer.$anonfun$shrink$1(CPSOptimizer.scala:114)
	at scala.collection.TraversableLike.$anonfun$map$1(TraversableLike.scala:238)
	at scala.collection.immutable.List.foreach(List.scala:392)
	at scala.collection.TraversableLike.map(TraversableLike.scala:238)
	at scala.collection.TraversableLike.map$(TraversableLike.scala:231)
	at scala.collection.immutable.List.map(List.scala:298)
	at miniscala.CPSOptimizer.shrinkT$1(CPSOptimizer.scala:114)
	at miniscala.CPSOptimizer.$anonfun$shrink$6(CPSOptimizer.scala:148)
	at scala.collection.TraversableLike.$anonfun$map$1(TraversableLike.scala:238)
	at scala.collection.immutable.List.foreach(List.scala:392)
	at scala.collection.TraversableLike.map(TraversableLike.scala:238)
	at scala.collection.TraversableLike.map$(TraversableLike.scala:231)
	at scala.collection.immutable.List.map(List.scala:298)
	at miniscala.CPSOptimizer.shrinkT$1(CPSOptimizer.scala:148)
	at miniscala.CPSOptimizer.$anonfun$shrink$6(CPSOptimizer.scala:148)
	at scala.collection.TraversableLike.$anonfun$map$1(TraversableLike.scala:238)
	at scala.collection.immutable.List.foreach(List.scala:392)
	at scala.collection.TraversableLike.map(TraversableLike.scala:238)
	at scala.collection.TraversableLike.map$(TraversableLike.scala:231)
	at scala.collection.immutable.List.map(List.scala:298)
	at miniscala.CPSOptimizer.shrinkT$1(CPSOptimizer.scala:148)
	at miniscala.CPSOptimizer.$anonfun$shrink$6(CPSOptimizer.scala:148)
	at scala.collection.TraversableLike.$anonfun$map$1(TraversableLike.scala:238)
	at scala.collection.immutable.List.foreach(List.scala:392)
	at scala.collection.TraversableLike.map(TraversableLike.scala:238)
	at scala.collection.TraversableLike.map$(TraversableLike.scala:231)
	at scala.collection.immutable.List.map(List.scala:298)
	at miniscala.CPSOptimizer.shrinkT$1(CPSOptimizer.scala:148)
	at miniscala.CPSOptimizer.$anonfun$shrink$6(CPSOptimizer.scala:148)
	at scala.collection.TraversableLike.$anonfun$map$1(TraversableLike.scala:238)
	at scala.collection.immutable.List.foreach(List.scala:392)
	at scala.collection.TraversableLike.map(TraversableLike.scala:238)
	at scala.collection.TraversableLike.map$(TraversableLike.scala:231)
	at scala.collection.immutable.List.map(List.scala:298)
	at miniscala.CPSOptimizer.shrinkT$1(CPSOptimizer.scala:148)
	at miniscala.CPSOptimizer.shrinkT$1(CPSOptimizer.scala:127)
	at miniscala.CPSOptimizer.shrinkT$1(CPSOptimizer.scala:102)
	at miniscala.CPSOptimizer.shrinkT$1(CPSOptimizer.scala:102)
	at miniscala.CPSOptimizer.shrinkT$1(CPSOptimizer.scala:127)
	at miniscala.CPSOptimizer.shrinkT$1(CPSOptimizer.scala:102)
	at miniscala.CPSOptimizer.shrinkT$1(CPSOptimizer.scala:144)
	at miniscala.CPSOptimizer.shrink(CPSOptimizer.scala:168)
	at miniscala.CPSOptimizer.$anonfun$apply$1(CPSOptimizer.scala:10)
	at scala.collection.immutable.Stream$.$anonfun$iterate$1(Stream.scala:1207)
	at scala.collection.immutable.Stream$Cons.tail(Stream.scala:1171)
	at scala.collection.immutable.Stream$Cons.tail(Stream.scala:1161)
	at scala.collection.immutable.Stream.$anonfun$take$2(Stream.scala:792)
	at scala.collection.immutable.Stream$Cons.tail(Stream.scala:1171)
	at scala.collection.immutable.Stream$Cons.tail(Stream.scala:1161)
	at miniscala.package$.fixedPoint(package.scala:4)
	at miniscala.package$.fixedPoint(package.scala:9)
	at miniscala.CPSOptimizer.apply(CPSOptimizer.scala:10)
	at miniscala.CPSOptimizerHigh$.apply(CPSOptimizer.scala:279)
	at scala.Function1.$anonfun$andThen$1(Function1.scala:57)
	at scala.Function1.$anonfun$andThen$1(Function1.scala:57)
	at scala.Function1.$anonfun$andThen$1(Function1.scala:57)
	at scala.Function1.$anonfun$andThen$1(Function1.scala:57)
	at scala.Function1.$anonfun$andThen$1(Function1.scala:57)
	at scala.Function1.$anonfun$andThen$1(Function1.scala:57)
	at miniscala.test.infrastructure.CompilerTest.compileInner(CompilerTest.scala:37)
	at miniscala.test.infrastructure.CompilerTest.$anonfun$compileUsingPipelineAndRedirect$1(CompilerTest.scala:44)
	at miniscala.test.infrastructure.SandboxedTest$$anon$1.run(SandboxedTest.scala:24)
	at java.security.AccessController.doPrivileged(Native Method)
	at miniscala.test.infrastructure.SandboxedTest.sandboxedTest(SandboxedTest.scala:34)
	at miniscala.test.infrastructure.SandboxedTest.sandboxedTestWithRedirectedIO(SandboxedTest.scala:45)
	at miniscala.test.infrastructure.CompilerTest.compileUsingPipelineAndRedirect(CompilerTest.scala:44)
	at miniscala.test.infrastructure.CompilerTest.compileUsingPipelineAndRedirect$(CompilerTest.scala:43)
	at miniscala.test.infrastructure.CPSTest.compileUsingPipelineAndRedirect(CPSTest.scala:11)
	at miniscala.test.infrastructure.CPSOptTest.testCPSLowProgramOutput(CPSOptTest.scala:91)
	at miniscala.test.CPSOptimizer_Blackbox.$anonfun$compileAndInterpret$1(CPSOptimizer_Blackbox.scala:9)
	at miniscala.test.CPSOptimizer_Blackbox.$anonfun$compileAndInterpret$1$adapted(CPSOptimizer_Blackbox.scala:9)
	at miniscala.test.ok.PrimitivesOKTests.testPrimitiveLogic25(PrimitivesOKTests.scala:339)
	at miniscala.test.ok.PrimitivesOKTests.testPrimitiveLogic25$(PrimitivesOKTests.scala:338)
	at miniscala.test.CPSOptimizer_Blackbox.testPrimitiveLogic25(CPSOptimizer_Blackbox.scala:7)
	at sun.reflect.NativeMethodAccessorImpl.invoke0(Native Method)
	at sun.reflect.NativeMethodAccessorImpl.invoke(NativeMethodAccessorImpl.java:62)
	at sun.reflect.DelegatingMethodAccessorImpl.invoke(DelegatingMethodAccessorImpl.java:43)
	at java.lang.reflect.Method.invoke(Method.java:498)
	at org.junit.runners.model.FrameworkMethod$1.runReflectiveCall(FrameworkMethod.java:47)
	at org.junit.internal.runners.model.ReflectiveCallable.run(ReflectiveCallable.java:12)
	at org.junit.runners.model.FrameworkMethod.invokeExplosively(FrameworkMethod.java:44)
	at org.junit.internal.runners.statements.InvokeMethod.evaluate(InvokeMethod.java:17)
	at org.junit.runners.ParentRunner.runLeaf(ParentRunner.java:271)
	at org.junit.runners.BlockJUnit4ClassRunner.runChild(BlockJUnit4ClassRunner.java:70)
	at org.junit.runners.BlockJUnit4ClassRunner.runChild(BlockJUnit4ClassRunner.java:50)
	at org.junit.runners.ParentRunner$3.run(ParentRunner.java:238)
	at org.junit.runners.ParentRunner$1.schedule(ParentRunner.java:63)
	at org.junit.runners.ParentRunner.runChildren(ParentRunner.java:236)
	at org.junit.runners.ParentRunner.access$000(ParentRunner.java:53)
	at org.junit.runners.ParentRunner$2.evaluate(ParentRunner.java:229)
	at org.junit.runners.ParentRunner.run(ParentRunner.java:309)
	at org.junit.runners.Suite.runChild(Suite.java:127)
	at org.junit.runners.Suite.runChild(Suite.java:26)
	at org.junit.runners.ParentRunner$3.run(ParentRunner.java:238)
	at org.junit.runners.ParentRunner$1.schedule(ParentRunner.java:63)
	at org.junit.runners.ParentRunner.runChildren(ParentRunner.java:236)
	at org.junit.runners.ParentRunner.access$000(ParentRunner.java:53)
	at org.junit.runners.ParentRunner$2.evaluate(ParentRunner.java:229)
	at org.junit.runners.ParentRunner.run(ParentRunner.java:309)
	at org.junit.runner.JUnitCore.run(JUnitCore.java:160)
	at org.junit.runner.JUnitCore.run(JUnitCore.java:138)
	at com.novocode.junit.JUnitRunner$1.execute(JUnitRunner.java:132)
	at sbt.ForkMain$Run.lambda$runTest$1(ForkMain.java:304)
	at java.util.concurrent.FutureTask.run(FutureTask.java:266)
	at java.util.concurrent.ThreadPoolExecutor.runWorker(ThreadPoolExecutor.java:1149)
	at java.util.concurrent.ThreadPoolExecutor$Worker.run(ThreadPoolExecutor.java:624)
	at java.lang.Thread.run(Thread.java:748)
</failure>
                                               </testcase><testcase classname="miniscala.test.CPSOptimizer_Blackbox" name="testPrimitiveLog20" time="0.001">
                                                 <failure message="java.util.NoSuchElementException: key not found: v_5422" type="sbt.ForkMain$ForkError">sbt.ForkMain$ForkError: java.util.NoSuchElementException: key not found: v_5422
	at scala.collection.immutable.Map$EmptyMap$.apply(Map.scala:101)
	at scala.collection.immutable.Map$EmptyMap$.apply(Map.scala:99)
	at miniscala.CPSOptimizer.$anonfun$shrink$1(CPSOptimizer.scala:114)
	at scala.collection.TraversableLike.$anonfun$map$1(TraversableLike.scala:238)
	at scala.collection.immutable.List.foreach(List.scala:392)
	at scala.collection.TraversableLike.map(TraversableLike.scala:238)
	at scala.collection.TraversableLike.map$(TraversableLike.scala:231)
	at scala.collection.immutable.List.map(List.scala:298)
	at miniscala.CPSOptimizer.shrinkT$1(CPSOptimizer.scala:114)
	at miniscala.CPSOptimizer.$anonfun$shrink$6(CPSOptimizer.scala:148)
	at scala.collection.TraversableLike.$anonfun$map$1(TraversableLike.scala:238)
	at scala.collection.immutable.List.foreach(List.scala:392)
	at scala.collection.TraversableLike.map(TraversableLike.scala:238)
	at scala.collection.TraversableLike.map$(TraversableLike.scala:231)
	at scala.collection.immutable.List.map(List.scala:298)
	at miniscala.CPSOptimizer.shrinkT$1(CPSOptimizer.scala:148)
	at miniscala.CPSOptimizer.$anonfun$shrink$6(CPSOptimizer.scala:148)
	at scala.collection.TraversableLike.$anonfun$map$1(TraversableLike.scala:238)
	at scala.collection.immutable.List.foreach(List.scala:392)
	at scala.collection.TraversableLike.map(TraversableLike.scala:238)
	at scala.collection.TraversableLike.map$(TraversableLike.scala:231)
	at scala.collection.immutable.List.map(List.scala:298)
	at miniscala.CPSOptimizer.shrinkT$1(CPSOptimizer.scala:148)
	at miniscala.CPSOptimizer.shrinkT$1(CPSOptimizer.scala:144)
	at miniscala.CPSOptimizer.shrink(CPSOptimizer.scala:168)
	at miniscala.CPSOptimizer.$anonfun$apply$1(CPSOptimizer.scala:10)
	at scala.collection.immutable.Stream$.$anonfun$iterate$1(Stream.scala:1207)
	at scala.collection.immutable.Stream$Cons.tail(Stream.scala:1171)
	at scala.collection.immutable.Stream$Cons.tail(Stream.scala:1161)
	at scala.collection.immutable.Stream.$anonfun$take$2(Stream.scala:792)
	at scala.collection.immutable.Stream$Cons.tail(Stream.scala:1171)
	at scala.collection.immutable.Stream$Cons.tail(Stream.scala:1161)
	at miniscala.package$.fixedPoint(package.scala:4)
	at miniscala.package$.fixedPoint(package.scala:9)
	at miniscala.CPSOptimizer.apply(CPSOptimizer.scala:10)
	at miniscala.CPSOptimizerHigh$.apply(CPSOptimizer.scala:279)
	at scala.Function1.$anonfun$andThen$1(Function1.scala:57)
	at scala.Function1.$anonfun$andThen$1(Function1.scala:57)
	at scala.Function1.$anonfun$andThen$1(Function1.scala:57)
	at scala.Function1.$anonfun$andThen$1(Function1.scala:57)
	at scala.Function1.$anonfun$andThen$1(Function1.scala:57)
	at scala.Function1.$anonfun$andThen$1(Function1.scala:57)
	at miniscala.test.infrastructure.CompilerTest.compileInner(CompilerTest.scala:37)
	at miniscala.test.infrastructure.CompilerTest.$anonfun$compileUsingPipelineAndRedirect$1(CompilerTest.scala:44)
	at miniscala.test.infrastructure.SandboxedTest$$anon$1.run(SandboxedTest.scala:24)
	at java.security.AccessController.doPrivileged(Native Method)
	at miniscala.test.infrastructure.SandboxedTest.sandboxedTest(SandboxedTest.scala:34)
	at miniscala.test.infrastructure.SandboxedTest.sandboxedTestWithRedirectedIO(SandboxedTest.scala:45)
	at miniscala.test.infrastructure.CompilerTest.compileUsingPipelineAndRedirect(CompilerTest.scala:44)
	at miniscala.test.infrastructure.CompilerTest.compileUsingPipelineAndRedirect$(CompilerTest.scala:43)
	at miniscala.test.infrastructure.CPSTest.compileUsingPipelineAndRedirect(CPSTest.scala:11)
	at miniscala.test.infrastructure.CPSOptTest.testCPSLowProgramOutput(CPSOptTest.scala:91)
	at miniscala.test.CPSOptimizer_Blackbox.$anonfun$compileAndInterpret$1(CPSOptimizer_Blackbox.scala:9)
	at miniscala.test.CPSOptimizer_Blackbox.$anonfun$compileAndInterpret$1$adapted(CPSOptimizer_Blackbox.scala:9)
	at miniscala.test.ok.PrimitivesOKTests.testPrimitiveLog20(PrimitivesOKTests.scala:299)
	at miniscala.test.ok.PrimitivesOKTests.testPrimitiveLog20$(PrimitivesOKTests.scala:298)
	at miniscala.test.CPSOptimizer_Blackbox.testPrimitiveLog20(CPSOptimizer_Blackbox.scala:7)
	at sun.reflect.NativeMethodAccessorImpl.invoke0(Native Method)
	at sun.reflect.NativeMethodAccessorImpl.invoke(NativeMethodAccessorImpl.java:62)
	at sun.reflect.DelegatingMethodAccessorImpl.invoke(DelegatingMethodAccessorImpl.java:43)
	at java.lang.reflect.Method.invoke(Method.java:498)
	at org.junit.runners.model.FrameworkMethod$1.runReflectiveCall(FrameworkMethod.java:47)
	at org.junit.internal.runners.model.ReflectiveCallable.run(ReflectiveCallable.java:12)
	at org.junit.runners.model.FrameworkMethod.invokeExplosively(FrameworkMethod.java:44)
	at org.junit.internal.runners.statements.InvokeMethod.evaluate(InvokeMethod.java:17)
	at org.junit.runners.ParentRunner.runLeaf(ParentRunner.java:271)
	at org.junit.runners.BlockJUnit4ClassRunner.runChild(BlockJUnit4ClassRunner.java:70)
	at org.junit.runners.BlockJUnit4ClassRunner.runChild(BlockJUnit4ClassRunner.java:50)
	at org.junit.runners.ParentRunner$3.run(ParentRunner.java:238)
	at org.junit.runners.ParentRunner$1.schedule(ParentRunner.java:63)
	at org.junit.runners.ParentRunner.runChildren(ParentRunner.java:236)
	at org.junit.runners.ParentRunner.access$000(ParentRunner.java:53)
	at org.junit.runners.ParentRunner$2.evaluate(ParentRunner.java:229)
	at org.junit.runners.ParentRunner.run(ParentRunner.java:309)
	at org.junit.runners.Suite.runChild(Suite.java:127)
	at org.junit.runners.Suite.runChild(Suite.java:26)
	at org.junit.runners.ParentRunner$3.run(ParentRunner.java:238)
	at org.junit.runners.ParentRunner$1.schedule(ParentRunner.java:63)
	at org.junit.runners.ParentRunner.runChildren(ParentRunner.java:236)
	at org.junit.runners.ParentRunner.access$000(ParentRunner.java:53)
	at org.junit.runners.ParentRunner$2.evaluate(ParentRunner.java:229)
	at org.junit.runners.ParentRunner.run(ParentRunner.java:309)
	at org.junit.runner.JUnitCore.run(JUnitCore.java:160)
	at org.junit.runner.JUnitCore.run(JUnitCore.java:138)
	at com.novocode.junit.JUnitRunner$1.execute(JUnitRunner.java:132)
	at sbt.ForkMain$Run.lambda$runTest$1(ForkMain.java:304)
	at java.util.concurrent.FutureTask.run(FutureTask.java:266)
	at java.util.concurrent.ThreadPoolExecutor.runWorker(ThreadPoolExecutor.java:1149)
	at java.util.concurrent.ThreadPoolExecutor$Worker.run(ThreadPoolExecutor.java:624)
	at java.lang.Thread.run(Thread.java:748)
</failure>
                                               </testcase><testcase classname="miniscala.test.CPSOptimizer_Blackbox" name="testPrimitiveLog21" time="0.01">
                                                 <failure message="java.util.NoSuchElementException: key not found: v_5431" type="sbt.ForkMain$ForkError">sbt.ForkMain$ForkError: java.util.NoSuchElementException: key not found: v_5431
	at scala.collection.immutable.Map$EmptyMap$.apply(Map.scala:101)
	at scala.collection.immutable.Map$EmptyMap$.apply(Map.scala:99)
	at miniscala.CPSOptimizer.$anonfun$shrink$1(CPSOptimizer.scala:114)
	at scala.collection.TraversableLike.$anonfun$map$1(TraversableLike.scala:238)
	at scala.collection.immutable.List.foreach(List.scala:392)
	at scala.collection.TraversableLike.map(TraversableLike.scala:238)
	at scala.collection.TraversableLike.map$(TraversableLike.scala:231)
	at scala.collection.immutable.List.map(List.scala:298)
	at miniscala.CPSOptimizer.shrinkT$1(CPSOptimizer.scala:114)
	at miniscala.CPSOptimizer.$anonfun$shrink$6(CPSOptimizer.scala:148)
	at scala.collection.TraversableLike.$anonfun$map$1(TraversableLike.scala:238)
	at scala.collection.immutable.List.foreach(List.scala:392)
	at scala.collection.TraversableLike.map(TraversableLike.scala:238)
	at scala.collection.TraversableLike.map$(TraversableLike.scala:231)
	at scala.collection.immutable.List.map(List.scala:298)
	at miniscala.CPSOptimizer.shrinkT$1(CPSOptimizer.scala:148)
	at miniscala.CPSOptimizer.$anonfun$shrink$6(CPSOptimizer.scala:148)
	at scala.collection.TraversableLike.$anonfun$map$1(TraversableLike.scala:238)
	at scala.collection.immutable.List.foreach(List.scala:392)
	at scala.collection.TraversableLike.map(TraversableLike.scala:238)
	at scala.collection.TraversableLike.map$(TraversableLike.scala:231)
	at scala.collection.immutable.List.map(List.scala:298)
	at miniscala.CPSOptimizer.shrinkT$1(CPSOptimizer.scala:148)
	at miniscala.CPSOptimizer.shrinkT$1(CPSOptimizer.scala:144)
	at miniscala.CPSOptimizer.shrink(CPSOptimizer.scala:168)
	at miniscala.CPSOptimizer.$anonfun$apply$1(CPSOptimizer.scala:10)
	at scala.collection.immutable.Stream$.$anonfun$iterate$1(Stream.scala:1207)
	at scala.collection.immutable.Stream$Cons.tail(Stream.scala:1171)
	at scala.collection.immutable.Stream$Cons.tail(Stream.scala:1161)
	at scala.collection.immutable.Stream.$anonfun$take$2(Stream.scala:792)
	at scala.collection.immutable.Stream$Cons.tail(Stream.scala:1171)
	at scala.collection.immutable.Stream$Cons.tail(Stream.scala:1161)
	at miniscala.package$.fixedPoint(package.scala:4)
	at miniscala.package$.fixedPoint(package.scala:9)
	at miniscala.CPSOptimizer.apply(CPSOptimizer.scala:10)
	at miniscala.CPSOptimizerHigh$.apply(CPSOptimizer.scala:279)
	at scala.Function1.$anonfun$andThen$1(Function1.scala:57)
	at scala.Function1.$anonfun$andThen$1(Function1.scala:57)
	at scala.Function1.$anonfun$andThen$1(Function1.scala:57)
	at scala.Function1.$anonfun$andThen$1(Function1.scala:57)
	at scala.Function1.$anonfun$andThen$1(Function1.scala:57)
	at scala.Function1.$anonfun$andThen$1(Function1.scala:57)
	at miniscala.test.infrastructure.CompilerTest.compileInner(CompilerTest.scala:37)
	at miniscala.test.infrastructure.CompilerTest.$anonfun$compileUsingPipelineAndRedirect$1(CompilerTest.scala:44)
	at miniscala.test.infrastructure.SandboxedTest$$anon$1.run(SandboxedTest.scala:24)
	at java.security.AccessController.doPrivileged(Native Method)
	at miniscala.test.infrastructure.SandboxedTest.sandboxedTest(SandboxedTest.scala:34)
	at miniscala.test.infrastructure.SandboxedTest.sandboxedTestWithRedirectedIO(SandboxedTest.scala:45)
	at miniscala.test.infrastructure.CompilerTest.compileUsingPipelineAndRedirect(CompilerTest.scala:44)
	at miniscala.test.infrastructure.CompilerTest.compileUsingPipelineAndRedirect$(CompilerTest.scala:43)
	at miniscala.test.infrastructure.CPSTest.compileUsingPipelineAndRedirect(CPSTest.scala:11)
	at miniscala.test.infrastructure.CPSOptTest.testCPSLowProgramOutput(CPSOptTest.scala:91)
	at miniscala.test.CPSOptimizer_Blackbox.$anonfun$compileAndInterpret$1(CPSOptimizer_Blackbox.scala:9)
	at miniscala.test.CPSOptimizer_Blackbox.$anonfun$compileAndInterpret$1$adapted(CPSOptimizer_Blackbox.scala:9)
	at miniscala.test.ok.PrimitivesOKTests.testPrimitiveLog21(PrimitivesOKTests.scala:307)
	at miniscala.test.ok.PrimitivesOKTests.testPrimitiveLog21$(PrimitivesOKTests.scala:306)
	at miniscala.test.CPSOptimizer_Blackbox.testPrimitiveLog21(CPSOptimizer_Blackbox.scala:7)
	at sun.reflect.NativeMethodAccessorImpl.invoke0(Native Method)
	at sun.reflect.NativeMethodAccessorImpl.invoke(NativeMethodAccessorImpl.java:62)
	at sun.reflect.DelegatingMethodAccessorImpl.invoke(DelegatingMethodAccessorImpl.java:43)
	at java.lang.reflect.Method.invoke(Method.java:498)
	at org.junit.runners.model.FrameworkMethod$1.runReflectiveCall(FrameworkMethod.java:47)
	at org.junit.internal.runners.model.ReflectiveCallable.run(ReflectiveCallable.java:12)
	at org.junit.runners.model.FrameworkMethod.invokeExplosively(FrameworkMethod.java:44)
	at org.junit.internal.runners.statements.InvokeMethod.evaluate(InvokeMethod.java:17)
	at org.junit.runners.ParentRunner.runLeaf(ParentRunner.java:271)
	at org.junit.runners.BlockJUnit4ClassRunner.runChild(BlockJUnit4ClassRunner.java:70)
	at org.junit.runners.BlockJUnit4ClassRunner.runChild(BlockJUnit4ClassRunner.java:50)
	at org.junit.runners.ParentRunner$3.run(ParentRunner.java:238)
	at org.junit.runners.ParentRunner$1.schedule(ParentRunner.java:63)
	at org.junit.runners.ParentRunner.runChildren(ParentRunner.java:236)
	at org.junit.runners.ParentRunner.access$000(ParentRunner.java:53)
	at org.junit.runners.ParentRunner$2.evaluate(ParentRunner.java:229)
	at org.junit.runners.ParentRunner.run(ParentRunner.java:309)
	at org.junit.runners.Suite.runChild(Suite.java:127)
	at org.junit.runners.Suite.runChild(Suite.java:26)
	at org.junit.runners.ParentRunner$3.run(ParentRunner.java:238)
	at org.junit.runners.ParentRunner$1.schedule(ParentRunner.java:63)
	at org.junit.runners.ParentRunner.runChildren(ParentRunner.java:236)
	at org.junit.runners.ParentRunner.access$000(ParentRunner.java:53)
	at org.junit.runners.ParentRunner$2.evaluate(ParentRunner.java:229)
	at org.junit.runners.ParentRunner.run(ParentRunner.java:309)
	at org.junit.runner.JUnitCore.run(JUnitCore.java:160)
	at org.junit.runner.JUnitCore.run(JUnitCore.java:138)
	at com.novocode.junit.JUnitRunner$1.execute(JUnitRunner.java:132)
	at sbt.ForkMain$Run.lambda$runTest$1(ForkMain.java:304)
	at java.util.concurrent.FutureTask.run(FutureTask.java:266)
	at java.util.concurrent.ThreadPoolExecutor.runWorker(ThreadPoolExecutor.java:1149)
	at java.util.concurrent.ThreadPoolExecutor$Worker.run(ThreadPoolExecutor.java:624)
	at java.lang.Thread.run(Thread.java:748)
</failure>
                                               </testcase><testcase classname="miniscala.test.CPSOptimizer_Blackbox" name="testLetrec" time="0.022">
                                                 <failure message="java.util.NoSuchElementException: key not found: x" type="sbt.ForkMain$ForkError">sbt.ForkMain$ForkError: java.util.NoSuchElementException: key not found: x
	at scala.collection.MapLike.default(MapLike.scala:235)
	at scala.collection.MapLike.default$(MapLike.scala:234)
	at scala.collection.AbstractMap.default(Map.scala:63)
	at scala.collection.MapLike.apply(MapLike.scala:144)
	at scala.collection.MapLike.apply$(MapLike.scala:143)
	at scala.collection.AbstractMap.apply(Map.scala:63)
	at miniscala.CPSOptimizer.$anonfun$shrink$2(CPSOptimizer.scala:136)
	at scala.collection.TraversableLike.$anonfun$map$1(TraversableLike.scala:238)
	at scala.collection.immutable.List.foreach(List.scala:392)
	at scala.collection.TraversableLike.map(TraversableLike.scala:238)
	at scala.collection.TraversableLike.map$(TraversableLike.scala:231)
	at scala.collection.immutable.List.map(List.scala:298)
	at miniscala.CPSOptimizer.shrinkT$1(CPSOptimizer.scala:136)
	at miniscala.CPSOptimizer.shrinkT$1(CPSOptimizer.scala:102)
	at miniscala.CPSOptimizer.shrinkT$1(CPSOptimizer.scala:149)
	at miniscala.CPSOptimizer.shrinkT$1(CPSOptimizer.scala:149)
	at miniscala.CPSOptimizer.$anonfun$shrink$4(CPSOptimizer.scala:143)
	at scala.collection.TraversableLike.$anonfun$map$1(TraversableLike.scala:238)
	at scala.collection.immutable.List.foreach(List.scala:392)
	at scala.collection.TraversableLike.map(TraversableLike.scala:238)
	at scala.collection.TraversableLike.map$(TraversableLike.scala:231)
	at scala.collection.immutable.List.map(List.scala:298)
	at miniscala.CPSOptimizer.shrinkT$1(CPSOptimizer.scala:143)
	at miniscala.CPSOptimizer.shrinkT$1(CPSOptimizer.scala:115)
	at miniscala.CPSOptimizer.shrinkT$1(CPSOptimizer.scala:102)
	at miniscala.CPSOptimizer.shrinkT$1(CPSOptimizer.scala:115)
	at miniscala.CPSOptimizer.shrinkT$1(CPSOptimizer.scala:102)
	at miniscala.CPSOptimizer.shrinkT$1(CPSOptimizer.scala:144)
	at miniscala.CPSOptimizer.shrink(CPSOptimizer.scala:168)
	at miniscala.CPSOptimizer.$anonfun$apply$1(CPSOptimizer.scala:10)
	at scala.collection.immutable.Stream$.$anonfun$iterate$1(Stream.scala:1207)
	at scala.collection.immutable.Stream$Cons.tail(Stream.scala:1171)
	at scala.collection.immutable.Stream$Cons.tail(Stream.scala:1161)
	at scala.collection.immutable.Stream.$anonfun$take$2(Stream.scala:792)
	at scala.collection.immutable.Stream$Cons.tail(Stream.scala:1171)
	at scala.collection.immutable.Stream$Cons.tail(Stream.scala:1161)
	at miniscala.package$.fixedPoint(package.scala:4)
	at miniscala.package$.fixedPoint(package.scala:9)
	at miniscala.CPSOptimizer.apply(CPSOptimizer.scala:10)
	at miniscala.CPSOptimizerHigh$.apply(CPSOptimizer.scala:279)
	at scala.Function1.$anonfun$andThen$1(Function1.scala:57)
	at scala.Function1.$anonfun$andThen$1(Function1.scala:57)
	at scala.Function1.$anonfun$andThen$1(Function1.scala:57)
	at scala.Function1.$anonfun$andThen$1(Function1.scala:57)
	at scala.Function1.$anonfun$andThen$1(Function1.scala:57)
	at scala.Function1.$anonfun$andThen$1(Function1.scala:57)
	at miniscala.test.infrastructure.CompilerTest.compileInner(CompilerTest.scala:37)
	at miniscala.test.infrastructure.CompilerTest.$anonfun$compileUsingPipelineAndRedirect$1(CompilerTest.scala:44)
	at miniscala.test.infrastructure.SandboxedTest$$anon$1.run(SandboxedTest.scala:24)
	at java.security.AccessController.doPrivileged(Native Method)
	at miniscala.test.infrastructure.SandboxedTest.sandboxedTest(SandboxedTest.scala:34)
	at miniscala.test.infrastructure.SandboxedTest.sandboxedTestWithRedirectedIO(SandboxedTest.scala:45)
	at miniscala.test.infrastructure.CompilerTest.compileUsingPipelineAndRedirect(CompilerTest.scala:44)
	at miniscala.test.infrastructure.CompilerTest.compileUsingPipelineAndRedirect$(CompilerTest.scala:43)
	at miniscala.test.infrastructure.CPSTest.compileUsingPipelineAndRedirect(CPSTest.scala:11)
	at miniscala.test.infrastructure.CPSOptTest.testCPSLowProgramOutput(CPSOptTest.scala:91)
	at miniscala.test.CPSOptimizer_Blackbox.$anonfun$compileAndInterpret$1(CPSOptimizer_Blackbox.scala:9)
	at miniscala.test.CPSOptimizer_Blackbox.$anonfun$compileAndInterpret$1$adapted(CPSOptimizer_Blackbox.scala:9)
	at miniscala.test.ok.LibraryOKTests.$anonfun$compileAndInterpretWithLib$1(LibraryOKTests.scala:19)
	at miniscala.test.ok.LibraryOKTests.$anonfun$compileAndInterpretWithLib$1$adapted(LibraryOKTests.scala:19)
	at miniscala.test.ok.ConstructsOKTests.testLetrec(ConstructsOKTests.scala:20)
	at miniscala.test.ok.ConstructsOKTests.testLetrec$(ConstructsOKTests.scala:19)
	at miniscala.test.CPSOptimizer_Blackbox.testLetrec(CPSOptimizer_Blackbox.scala:7)
	at sun.reflect.NativeMethodAccessorImpl.invoke0(Native Method)
	at sun.reflect.NativeMethodAccessorImpl.invoke(NativeMethodAccessorImpl.java:62)
	at sun.reflect.DelegatingMethodAccessorImpl.invoke(DelegatingMethodAccessorImpl.java:43)
	at java.lang.reflect.Method.invoke(Method.java:498)
	at org.junit.runners.model.FrameworkMethod$1.runReflectiveCall(FrameworkMethod.java:47)
	at org.junit.internal.runners.model.ReflectiveCallable.run(ReflectiveCallable.java:12)
	at org.junit.runners.model.FrameworkMethod.invokeExplosively(FrameworkMethod.java:44)
	at org.junit.internal.runners.statements.InvokeMethod.evaluate(InvokeMethod.java:17)
	at org.junit.runners.ParentRunner.runLeaf(ParentRunner.java:271)
	at org.junit.runners.BlockJUnit4ClassRunner.runChild(BlockJUnit4ClassRunner.java:70)
	at org.junit.runners.BlockJUnit4ClassRunner.runChild(BlockJUnit4ClassRunner.java:50)
	at org.junit.runners.ParentRunner$3.run(ParentRunner.java:238)
	at org.junit.runners.ParentRunner$1.schedule(ParentRunner.java:63)
	at org.junit.runners.ParentRunner.runChildren(ParentRunner.java:236)
	at org.junit.runners.ParentRunner.access$000(ParentRunner.java:53)
	at org.junit.runners.ParentRunner$2.evaluate(ParentRunner.java:229)
	at org.junit.runners.ParentRunner.run(ParentRunner.java:309)
	at org.junit.runners.Suite.runChild(Suite.java:127)
	at org.junit.runners.Suite.runChild(Suite.java:26)
	at org.junit.runners.ParentRunner$3.run(ParentRunner.java:238)
	at org.junit.runners.ParentRunner$1.schedule(ParentRunner.java:63)
	at org.junit.runners.ParentRunner.runChildren(ParentRunner.java:236)
	at org.junit.runners.ParentRunner.access$000(ParentRunner.java:53)
	at org.junit.runners.ParentRunner$2.evaluate(ParentRunner.java:229)
	at org.junit.runners.ParentRunner.run(ParentRunner.java:309)
	at org.junit.runner.JUnitCore.run(JUnitCore.java:160)
	at org.junit.runner.JUnitCore.run(JUnitCore.java:138)
	at com.novocode.junit.JUnitRunner$1.execute(JUnitRunner.java:132)
	at sbt.ForkMain$Run.lambda$runTest$1(ForkMain.java:304)
	at java.util.concurrent.FutureTask.run(FutureTask.java:266)
	at java.util.concurrent.ThreadPoolExecutor.runWorker(ThreadPoolExecutor.java:1149)
	at java.util.concurrent.ThreadPoolExecutor$Worker.run(ThreadPoolExecutor.java:624)
	at java.lang.Thread.run(Thread.java:748)
</failure>
                                               </testcase><testcase classname="miniscala.test.CPSOptimizer_Blackbox" name="testAppOrder" time="0.023">
                                                 <failure message="java.util.NoSuchElementException: key not found: i" type="sbt.ForkMain$ForkError">sbt.ForkMain$ForkError: java.util.NoSuchElementException: key not found: i
	at scala.collection.MapLike.default(MapLike.scala:235)
	at scala.collection.MapLike.default$(MapLike.scala:234)
	at scala.collection.AbstractMap.default(Map.scala:63)
	at scala.collection.MapLike.apply(MapLike.scala:144)
	at scala.collection.MapLike.apply$(MapLike.scala:143)
	at scala.collection.AbstractMap.apply(Map.scala:63)
	at miniscala.CPSOptimizer.$anonfun$shrink$1(CPSOptimizer.scala:114)
	at scala.collection.TraversableLike.$anonfun$map$1(TraversableLike.scala:238)
	at scala.collection.immutable.List.foreach(List.scala:392)
	at scala.collection.TraversableLike.map(TraversableLike.scala:238)
	at scala.collection.TraversableLike.map$(TraversableLike.scala:231)
	at scala.collection.immutable.List.map(List.scala:298)
	at miniscala.CPSOptimizer.shrinkT$1(CPSOptimizer.scala:114)
	at miniscala.CPSOptimizer.shrinkT$1(CPSOptimizer.scala:102)
	at miniscala.CPSOptimizer.$anonfun$shrink$4(CPSOptimizer.scala:143)
	at scala.collection.TraversableLike.$anonfun$map$1(TraversableLike.scala:238)
	at scala.collection.immutable.List.foreach(List.scala:392)
	at scala.collection.TraversableLike.map(TraversableLike.scala:238)
	at scala.collection.TraversableLike.map$(TraversableLike.scala:231)
	at scala.collection.immutable.List.map(List.scala:298)
	at miniscala.CPSOptimizer.shrinkT$1(CPSOptimizer.scala:143)
	at miniscala.CPSOptimizer.shrinkT$1(CPSOptimizer.scala:127)
	at miniscala.CPSOptimizer.shrinkT$1(CPSOptimizer.scala:115)
	at miniscala.CPSOptimizer.shrinkT$1(CPSOptimizer.scala:102)
	at miniscala.CPSOptimizer.$anonfun$shrink$4(CPSOptimizer.scala:143)
	at scala.collection.TraversableLike.$anonfun$map$1(TraversableLike.scala:238)
	at scala.collection.immutable.List.foreach(List.scala:392)
	at scala.collection.TraversableLike.map(TraversableLike.scala:238)
	at scala.collection.TraversableLike.map$(TraversableLike.scala:231)
	at scala.collection.immutable.List.map(List.scala:298)
	at miniscala.CPSOptimizer.shrinkT$1(CPSOptimizer.scala:143)
	at miniscala.CPSOptimizer.shrinkT$1(CPSOptimizer.scala:115)
	at miniscala.CPSOptimizer.shrinkT$1(CPSOptimizer.scala:102)
	at miniscala.CPSOptimizer.shrinkT$1(CPSOptimizer.scala:115)
	at miniscala.CPSOptimizer.shrinkT$1(CPSOptimizer.scala:102)
	at miniscala.CPSOptimizer.shrinkT$1(CPSOptimizer.scala:144)
	at miniscala.CPSOptimizer.shrink(CPSOptimizer.scala:168)
	at miniscala.CPSOptimizer.$anonfun$apply$1(CPSOptimizer.scala:10)
	at scala.collection.immutable.Stream$.$anonfun$iterate$1(Stream.scala:1207)
	at scala.collection.immutable.Stream$Cons.tail(Stream.scala:1171)
	at scala.collection.immutable.Stream$Cons.tail(Stream.scala:1161)
	at scala.collection.immutable.Stream.$anonfun$take$2(Stream.scala:792)
	at scala.collection.immutable.Stream$Cons.tail(Stream.scala:1171)
	at scala.collection.immutable.Stream$Cons.tail(Stream.scala:1161)
	at miniscala.package$.fixedPoint(package.scala:4)
	at miniscala.package$.fixedPoint(package.scala:9)
	at miniscala.CPSOptimizer.apply(CPSOptimizer.scala:10)
	at miniscala.CPSOptimizerHigh$.apply(CPSOptimizer.scala:279)
	at scala.Function1.$anonfun$andThen$1(Function1.scala:57)
	at scala.Function1.$anonfun$andThen$1(Function1.scala:57)
	at scala.Function1.$anonfun$andThen$1(Function1.scala:57)
	at scala.Function1.$anonfun$andThen$1(Function1.scala:57)
	at scala.Function1.$anonfun$andThen$1(Function1.scala:57)
	at scala.Function1.$anonfun$andThen$1(Function1.scala:57)
	at miniscala.test.infrastructure.CompilerTest.compileInner(CompilerTest.scala:37)
	at miniscala.test.infrastructure.CompilerTest.$anonfun$compileUsingPipelineAndRedirect$1(CompilerTest.scala:44)
	at miniscala.test.infrastructure.SandboxedTest$$anon$1.run(SandboxedTest.scala:24)
	at java.security.AccessController.doPrivileged(Native Method)
	at miniscala.test.infrastructure.SandboxedTest.sandboxedTest(SandboxedTest.scala:34)
	at miniscala.test.infrastructure.SandboxedTest.sandboxedTestWithRedirectedIO(SandboxedTest.scala:45)
	at miniscala.test.infrastructure.CompilerTest.compileUsingPipelineAndRedirect(CompilerTest.scala:44)
	at miniscala.test.infrastructure.CompilerTest.compileUsingPipelineAndRedirect$(CompilerTest.scala:43)
	at miniscala.test.infrastructure.CPSTest.compileUsingPipelineAndRedirect(CPSTest.scala:11)
	at miniscala.test.infrastructure.CPSOptTest.testCPSLowProgramOutput(CPSOptTest.scala:91)
	at miniscala.test.CPSOptimizer_Blackbox.$anonfun$compileAndInterpret$1(CPSOptimizer_Blackbox.scala:9)
	at miniscala.test.CPSOptimizer_Blackbox.$anonfun$compileAndInterpret$1$adapted(CPSOptimizer_Blackbox.scala:9)
	at miniscala.test.ok.LibraryOKTests.$anonfun$compileAndInterpretWithLib$1(LibraryOKTests.scala:19)
	at miniscala.test.ok.LibraryOKTests.$anonfun$compileAndInterpretWithLib$1$adapted(LibraryOKTests.scala:19)
	at miniscala.test.ok.ConstructsOKTests.testAppOrder(ConstructsOKTests.scala:9)
	at miniscala.test.ok.ConstructsOKTests.testAppOrder$(ConstructsOKTests.scala:8)
	at miniscala.test.CPSOptimizer_Blackbox.testAppOrder(CPSOptimizer_Blackbox.scala:7)
	at sun.reflect.NativeMethodAccessorImpl.invoke0(Native Method)
	at sun.reflect.NativeMethodAccessorImpl.invoke(NativeMethodAccessorImpl.java:62)
	at sun.reflect.DelegatingMethodAccessorImpl.invoke(DelegatingMethodAccessorImpl.java:43)
	at java.lang.reflect.Method.invoke(Method.java:498)
	at org.junit.runners.model.FrameworkMethod$1.runReflectiveCall(FrameworkMethod.java:47)
	at org.junit.internal.runners.model.ReflectiveCallable.run(ReflectiveCallable.java:12)
	at org.junit.runners.model.FrameworkMethod.invokeExplosively(FrameworkMethod.java:44)
	at org.junit.internal.runners.statements.InvokeMethod.evaluate(InvokeMethod.java:17)
	at org.junit.runners.ParentRunner.runLeaf(ParentRunner.java:271)
	at org.junit.runners.BlockJUnit4ClassRunner.runChild(BlockJUnit4ClassRunner.java:70)
	at org.junit.runners.BlockJUnit4ClassRunner.runChild(BlockJUnit4ClassRunner.java:50)
	at org.junit.runners.ParentRunner$3.run(ParentRunner.java:238)
	at org.junit.runners.ParentRunner$1.schedule(ParentRunner.java:63)
	at org.junit.runners.ParentRunner.runChildren(ParentRunner.java:236)
	at org.junit.runners.ParentRunner.access$000(ParentRunner.java:53)
	at org.junit.runners.ParentRunner$2.evaluate(ParentRunner.java:229)
	at org.junit.runners.ParentRunner.run(ParentRunner.java:309)
	at org.junit.runners.Suite.runChild(Suite.java:127)
	at org.junit.runners.Suite.runChild(Suite.java:26)
	at org.junit.runners.ParentRunner$3.run(ParentRunner.java:238)
	at org.junit.runners.ParentRunner$1.schedule(ParentRunner.java:63)
	at org.junit.runners.ParentRunner.runChildren(ParentRunner.java:236)
	at org.junit.runners.ParentRunner.access$000(ParentRunner.java:53)
	at org.junit.runners.ParentRunner$2.evaluate(ParentRunner.java:229)
	at org.junit.runners.ParentRunner.run(ParentRunner.java:309)
	at org.junit.runner.JUnitCore.run(JUnitCore.java:160)
	at org.junit.runner.JUnitCore.run(JUnitCore.java:138)
	at com.novocode.junit.JUnitRunner$1.execute(JUnitRunner.java:132)
	at sbt.ForkMain$Run.lambda$runTest$1(ForkMain.java:304)
	at java.util.concurrent.FutureTask.run(FutureTask.java:266)
	at java.util.concurrent.ThreadPoolExecutor.runWorker(ThreadPoolExecutor.java:1149)
	at java.util.concurrent.ThreadPoolExecutor$Worker.run(ThreadPoolExecutor.java:624)
	at java.lang.Thread.run(Thread.java:748)
</failure>
                                               </testcase>
                     <system-out><![CDATA[]]></system-out>
                     <system-err><![CDATA[]]></system-err>
                   </testsuite>